

================================================================
== Vivado HLS Report for 'dense_wrapper_ap_fixed_ap_fixed_27_9_5_3_0_config13_s'
================================================================
* Date:           Sat Aug  8 08:23:14 2020

* Version:        2020.1 (Build 2897737 on Wed May 27 20:21:37 MDT 2020)
* Project:        myproject_prj
* Solution:       solution1
* Product family: virtexuplus
* Target device:  xcu250-figd2104-2L-e


================================================================
== Performance Estimates
================================================================
+ Timing: 
    * Summary: 
    +--------+---------+----------+------------+
    |  Clock |  Target | Estimated| Uncertainty|
    +--------+---------+----------+------------+
    |ap_clk  | 5.00 ns | 3.157 ns |   0.62 ns  |
    +--------+---------+----------+------------+

+ Latency: 
    * Summary: 
    +---------+---------+----------+----------+-----+-----+---------+
    |  Latency (cycles) |  Latency (absolute) |  Interval | Pipeline|
    |   min   |   max   |    min   |    max   | min | max |   Type  |
    +---------+---------+----------+----------+-----+-----+---------+
    |        0|        0|   0 ns   |   0 ns   |    0|    0|   none  |
    +---------+---------+----------+----------+-----+-----+---------+

    + Detail: 
        * Instance: 
        N/A

        * Loop: 
        N/A



================================================================
== Utilization Estimates
================================================================
* Summary: 
+---------------------+---------+-------+---------+---------+------+
|         Name        | BRAM_18K| DSP48E|    FF   |   LUT   | URAM |
+---------------------+---------+-------+---------+---------+------+
|DSP                  |        -|      -|        -|        -|     -|
|Expression           |        -|      -|        0|      966|     -|
|FIFO                 |        -|      -|        -|        -|     -|
|Instance             |        -|      -|        -|        -|     -|
|Memory               |        -|      -|        -|        -|     -|
|Multiplexer          |        -|      -|        -|        -|     -|
|Register             |        -|      -|        -|        -|     -|
+---------------------+---------+-------+---------+---------+------+
|Total                |        0|      0|        0|      966|     0|
+---------------------+---------+-------+---------+---------+------+
|Available SLR        |     1344|   3072|   864000|   432000|   320|
+---------------------+---------+-------+---------+---------+------+
|Utilization SLR (%)  |        0|      0|        0|    ~0   |     0|
+---------------------+---------+-------+---------+---------+------+
|Available            |     5376|  12288|  3456000|  1728000|  1280|
+---------------------+---------+-------+---------+---------+------+
|Utilization (%)      |        0|      0|        0|    ~0   |     0|
+---------------------+---------+-------+---------+---------+------+

+ Detail: 
    * Instance: 
    N/A

    * DSP48E: 
    N/A

    * Memory: 
    N/A

    * FIFO: 
    N/A

    * Expression: 
    +-------------------------+----------+-------+---+----+------------+------------+
    |      Variable Name      | Operation| DSP48E| FF| LUT| Bitwidth P0| Bitwidth P1|
    +-------------------------+----------+-------+---+----+------------+------------+
    |acc_1_V_fu_462_p2        |     +    |      0|  0|  27|          27|          27|
    |add_ln703_10_fu_444_p2   |     +    |      0|  0|  34|          27|          27|
    |add_ln703_11_fu_450_p2   |     +    |      0|  0|  34|          27|          17|
    |add_ln703_12_fu_456_p2   |     +    |      0|  0|  27|          27|          27|
    |add_ln703_1_fu_278_p2    |     +    |      0|  0|  27|          27|          27|
    |add_ln703_2_fu_284_p2    |     +    |      0|  0|  27|          27|          27|
    |add_ln703_3_fu_290_p2    |     +    |      0|  0|  34|          27|          27|
    |add_ln703_4_fu_296_p2    |     +    |      0|  0|  34|          27|          16|
    |add_ln703_5_fu_302_p2    |     +    |      0|  0|  27|          27|          27|
    |add_ln703_6_fu_308_p2    |     +    |      0|  0|  27|          27|          27|
    |add_ln703_7_fu_426_p2    |     +    |      0|  0|  34|          27|          27|
    |add_ln703_8_fu_432_p2    |     +    |      0|  0|  27|          27|          27|
    |add_ln703_9_fu_438_p2    |     +    |      0|  0|  27|          27|          27|
    |add_ln703_fu_272_p2      |     +    |      0|  0|  34|          27|          27|
    |sub_ln1118_10_fu_362_p2  |     -    |      0|  0|  39|           1|          32|
    |sub_ln1118_11_fu_378_p2  |     -    |      0|  0|  39|           1|          32|
    |sub_ln1118_12_fu_394_p2  |     -    |      0|  0|  39|           1|          32|
    |sub_ln1118_13_fu_410_p2  |     -    |      0|  0|  39|           1|          32|
    |sub_ln1118_1_fu_116_p2   |     -    |      0|  0|  39|          32|          32|
    |sub_ln1118_2_fu_144_p2   |     -    |      0|  0|  39|           1|          32|
    |sub_ln1118_3_fu_172_p2   |     -    |      0|  0|  39|          32|          32|
    |sub_ln1118_4_fu_200_p2   |     -    |      0|  0|  39|          32|          32|
    |sub_ln1118_5_fu_228_p2   |     -    |      0|  0|  39|          32|          32|
    |sub_ln1118_6_fu_256_p2   |     -    |      0|  0|  39|          32|          32|
    |sub_ln1118_7_fu_314_p2   |     -    |      0|  0|  39|          32|          32|
    |sub_ln1118_8_fu_330_p2   |     -    |      0|  0|  39|           1|          32|
    |sub_ln1118_9_fu_346_p2   |     -    |      0|  0|  39|          32|          32|
    |sub_ln1118_fu_88_p2      |     -    |      0|  0|  39|           1|          32|
    +-------------------------+----------+-------+---+----+------------+------------+
    |Total                    |          |      0|  0| 966|         609|         805|
    +-------------------------+----------+-------+---+----+------------+------------+

    * Multiplexer: 
    N/A

    * Register: 
    N/A



================================================================
== Interface
================================================================
* Summary: 
+----------------+-----+-----+------------+-------------------------------------------------------+--------------+
|    RTL Ports   | Dir | Bits|  Protocol  |                     Source Object                     |    C Type    |
+----------------+-----+-----+------------+-------------------------------------------------------+--------------+
|ap_ready        | out |    1| ap_ctrl_hs | dense_wrapper<ap_fixed,ap_fixed<27,9,5,3,0>,config13> | return value |
|ap_return_0     | out |   27| ap_ctrl_hs | dense_wrapper<ap_fixed,ap_fixed<27,9,5,3,0>,config13> | return value |
|ap_return_1     | out |   27| ap_ctrl_hs | dense_wrapper<ap_fixed,ap_fixed<27,9,5,3,0>,config13> | return value |
|data_2_V_read   |  in |   27|   ap_none  |                     data_2_V_read                     |    scalar    |
|data_4_V_read   |  in |   27|   ap_none  |                     data_4_V_read                     |    scalar    |
|data_6_V_read   |  in |   27|   ap_none  |                     data_6_V_read                     |    scalar    |
|data_7_V_read   |  in |   27|   ap_none  |                     data_7_V_read                     |    scalar    |
|data_8_V_read   |  in |   27|   ap_none  |                     data_8_V_read                     |    scalar    |
|data_9_V_read   |  in |   27|   ap_none  |                     data_9_V_read                     |    scalar    |
|data_10_V_read  |  in |   27|   ap_none  |                     data_10_V_read                    |    scalar    |
+----------------+-----+-----+------------+-------------------------------------------------------+--------------+

