

================================================================
== Vivado HLS Report for 'reduce_ap_fixed_8_Op_max_ap_fixed_27_9_4_0_0_s'
================================================================
* Date:           Sat Aug  8 08:22:34 2020

* Version:        2020.1 (Build 2897737 on Wed May 27 20:21:37 MDT 2020)
* Project:        myproject_prj
* Solution:       solution1
* Product family: virtexuplus
* Target device:  xcu250-figd2104-2L-e


================================================================
== Performance Estimates
================================================================
+ Timing: 
    * Summary: 
    +--------+---------+----------+------------+
    |  Clock |  Target | Estimated| Uncertainty|
    +--------+---------+----------+------------+
    |ap_clk  | 5.00 ns | 3.406 ns |   0.62 ns  |
    +--------+---------+----------+------------+

+ Latency: 
    * Summary: 
    +---------+---------+----------+----------+-----+-----+----------+
    |  Latency (cycles) |  Latency (absolute) |  Interval | Pipeline |
    |   min   |   max   |    min   |    max   | min | max |   Type   |
    +---------+---------+----------+----------+-----+-----+----------+
    |        0|        0|   0 ns   |   0 ns   |    1|    1| function |
    +---------+---------+----------+----------+-----+-----+----------+

    + Detail: 
        * Instance: 
        N/A

        * Loop: 
        N/A



================================================================
== Utilization Estimates
================================================================
* Summary: 
+---------------------+---------+-------+---------+---------+------+
|         Name        | BRAM_18K| DSP48E|    FF   |   LUT   | URAM |
+---------------------+---------+-------+---------+---------+------+
|DSP                  |        -|      -|        -|        -|     -|
|Expression           |        -|      -|        0|      329|     -|
|FIFO                 |        -|      -|        -|        -|     -|
|Instance             |        -|      -|        -|        -|     -|
|Memory               |        -|      -|        -|        -|     -|
|Multiplexer          |        -|      -|        -|        -|     -|
|Register             |        -|      -|        -|        -|     -|
+---------------------+---------+-------+---------+---------+------+
|Total                |        0|      0|        0|      329|     0|
+---------------------+---------+-------+---------+---------+------+
|Available SLR        |     1344|   3072|   864000|   432000|   320|
+---------------------+---------+-------+---------+---------+------+
|Utilization SLR (%)  |        0|      0|        0|    ~0   |     0|
+---------------------+---------+-------+---------+---------+------+
|Available            |     5376|  12288|  3456000|  1728000|  1280|
+---------------------+---------+-------+---------+---------+------+
|Utilization (%)      |        0|      0|        0|    ~0   |     0|
+---------------------+---------+-------+---------+---------+------+

+ Detail: 
    * Instance: 
    N/A

    * DSP48E: 
    N/A

    * Memory: 
    N/A

    * FIFO: 
    N/A

    * Expression: 
    +-------------------------+----------+-------+---+----+------------+------------+
    |      Variable Name      | Operation| DSP48E| FF| LUT| Bitwidth P0| Bitwidth P1|
    +-------------------------+----------+-------+---+----+------------+------------+
    |icmp_ln1496_1_fu_80_p2   |   icmp   |      0|  0|  20|          27|          27|
    |icmp_ln1496_2_fu_94_p2   |   icmp   |      0|  0|  20|          27|          27|
    |icmp_ln1496_3_fu_108_p2  |   icmp   |      0|  0|  20|          27|          27|
    |icmp_ln1496_4_fu_122_p2  |   icmp   |      0|  0|  20|          27|          27|
    |icmp_ln1496_5_fu_136_p2  |   icmp   |      0|  0|  20|          27|          27|
    |icmp_ln1496_6_fu_150_p2  |   icmp   |      0|  0|  20|          27|          27|
    |icmp_ln1496_fu_66_p2     |   icmp   |      0|  0|  20|          27|          27|
    |ap_return                |  select  |      0|  0|  27|           1|          27|
    |select_ln86_1_fu_86_p3   |  select  |      0|  0|  27|           1|          27|
    |select_ln86_2_fu_100_p3  |  select  |      0|  0|  27|           1|          27|
    |select_ln86_3_fu_114_p3  |  select  |      0|  0|  27|           1|          27|
    |select_ln86_4_fu_128_p3  |  select  |      0|  0|  27|           1|          27|
    |select_ln86_5_fu_142_p3  |  select  |      0|  0|  27|           1|          27|
    |select_ln86_fu_72_p3     |  select  |      0|  0|  27|           1|          27|
    +-------------------------+----------+-------+---+----+------------+------------+
    |Total                    |          |      0|  0| 329|         196|         378|
    +-------------------------+----------+-------+---+----+------------+------------+

    * Multiplexer: 
    N/A

    * Register: 
    N/A



================================================================
== Interface
================================================================
* Summary: 
+------------+-----+-----+------------+-------------------------------------------------+--------------+
|  RTL Ports | Dir | Bits|  Protocol  |                  Source Object                  |    C Type    |
+------------+-----+-----+------------+-------------------------------------------------+--------------+
|ap_ready    | out |    1| ap_ctrl_hs | reduce<ap_fixed,8,Op_max<ap_fixed<27,9,4,0,0>>> | return value |
|ap_return   | out |   27| ap_ctrl_hs | reduce<ap_fixed,8,Op_max<ap_fixed<27,9,4,0,0>>> | return value |
|x_0_V_read  |  in |   27|   ap_none  |                    x_0_V_read                   |    scalar    |
|x_1_V_read  |  in |   27|   ap_none  |                    x_1_V_read                   |    scalar    |
|x_2_V_read  |  in |   27|   ap_none  |                    x_2_V_read                   |    scalar    |
|x_3_V_read  |  in |   27|   ap_none  |                    x_3_V_read                   |    scalar    |
|x_4_V_read  |  in |   27|   ap_none  |                    x_4_V_read                   |    scalar    |
|x_5_V_read  |  in |   27|   ap_none  |                    x_5_V_read                   |    scalar    |
|x_6_V_read  |  in |   27|   ap_none  |                    x_6_V_read                   |    scalar    |
|x_7_V_read  |  in |   27|   ap_none  |                    x_7_V_read                   |    scalar    |
+------------+-----+-----+------------+-------------------------------------------------+--------------+

