

================================================================
== Vivado HLS Report for 'shift_line_buffer_array_ap_fixed_16u_config9_s'
================================================================
* Date:           Sat Aug  8 08:22:49 2020

* Version:        2020.1 (Build 2897737 on Wed May 27 20:21:37 MDT 2020)
* Project:        myproject_prj
* Solution:       solution1
* Product family: virtexuplus
* Target device:  xcu250-figd2104-2L-e


================================================================
== Performance Estimates
================================================================
+ Timing: 
    * Summary: 
    +--------+---------+----------+------------+
    |  Clock |  Target | Estimated| Uncertainty|
    +--------+---------+----------+------------+
    |ap_clk  | 5.00 ns | 1.833 ns |   0.62 ns  |
    +--------+---------+----------+------------+

+ Latency: 
    * Summary: 
    +---------+---------+----------+----------+-----+-----+----------+
    |  Latency (cycles) |  Latency (absolute) |  Interval | Pipeline |
    |   min   |   max   |    min   |    max   | min | max |   Type   |
    +---------+---------+----------+----------+-----+-----+----------+
    |        0|        0|   0 ns   |   0 ns   |    1|    1| function |
    +---------+---------+----------+----------+-----+-----+----------+

    + Detail: 
        * Instance: 
        N/A

        * Loop: 
        N/A



================================================================
== Utilization Estimates
================================================================
* Summary: 
+---------------------+---------+-------+---------+---------+------+
|         Name        | BRAM_18K| DSP48E|    FF   |   LUT   | URAM |
+---------------------+---------+-------+---------+---------+------+
|DSP                  |        -|      -|        -|        -|     -|
|Expression           |        -|      -|        -|        -|     -|
|FIFO                 |        -|      -|        -|        -|     -|
|Instance             |        -|      -|        -|        -|     -|
|Memory               |        0|      -|     3072|     1536|     -|
|Multiplexer          |        -|      -|        -|        -|     -|
|Register             |        -|      -|        1|        -|     -|
+---------------------+---------+-------+---------+---------+------+
|Total                |        0|      0|     3073|     1536|     0|
+---------------------+---------+-------+---------+---------+------+
|Available SLR        |     1344|   3072|   864000|   432000|   320|
+---------------------+---------+-------+---------+---------+------+
|Utilization SLR (%)  |        0|      0|    ~0   |    ~0   |     0|
+---------------------+---------+-------+---------+---------+------+
|Available            |     5376|  12288|  3456000|  1728000|  1280|
+---------------------+---------+-------+---------+---------+------+
|Utilization (%)      |        0|      0|    ~0   |    ~0   |     0|
+---------------------+---------+-------+---------+---------+------+

+ Detail: 
    * Instance: 
    N/A

    * DSP48E: 
    N/A

    * Memory: 
    +------------------------------+--------------------------------------------------------------+---------+----+----+-----+------+-----+------+-------------+
    |            Memory            |                            Module                            | BRAM_18K| FF | LUT| URAM| Words| Bits| Banks| W*Bits*Banks|
    +------------------------------+--------------------------------------------------------------+---------+----+----+-----+------+-----+------+-------------+
    |line_buffer_Array_V_2_0_0_U   |shift_line_buffer_array_ap_fixed_16u_config9_s_line_buffeBew  |        0|  64|  32|    0|    16|   27|     1|          432|
    |line_buffer_Array_V_2_1_0_U   |shift_line_buffer_array_ap_fixed_16u_config9_s_line_buffeBew  |        0|  64|  32|    0|    16|   27|     1|          432|
    |line_buffer_Array_V_2_2_0_U   |shift_line_buffer_array_ap_fixed_16u_config9_s_line_buffeBew  |        0|  64|  32|    0|    16|   27|     1|          432|
    |line_buffer_Array_V_2_0_1_U   |shift_line_buffer_array_ap_fixed_16u_config9_s_line_buffeBew  |        0|  64|  32|    0|    16|   27|     1|          432|
    |line_buffer_Array_V_2_1_1_U   |shift_line_buffer_array_ap_fixed_16u_config9_s_line_buffeBew  |        0|  64|  32|    0|    16|   27|     1|          432|
    |line_buffer_Array_V_2_2_1_U   |shift_line_buffer_array_ap_fixed_16u_config9_s_line_buffeBew  |        0|  64|  32|    0|    16|   27|     1|          432|
    |line_buffer_Array_V_2_0_2_U   |shift_line_buffer_array_ap_fixed_16u_config9_s_line_buffeBew  |        0|  64|  32|    0|    16|   27|     1|          432|
    |line_buffer_Array_V_2_1_2_U   |shift_line_buffer_array_ap_fixed_16u_config9_s_line_buffeBew  |        0|  64|  32|    0|    16|   27|     1|          432|
    |line_buffer_Array_V_2_2_2_U   |shift_line_buffer_array_ap_fixed_16u_config9_s_line_buffeBew  |        0|  64|  32|    0|    16|   27|     1|          432|
    |line_buffer_Array_V_2_0_3_U   |shift_line_buffer_array_ap_fixed_16u_config9_s_line_buffeBew  |        0|  64|  32|    0|    16|   27|     1|          432|
    |line_buffer_Array_V_2_1_3_U   |shift_line_buffer_array_ap_fixed_16u_config9_s_line_buffeBew  |        0|  64|  32|    0|    16|   27|     1|          432|
    |line_buffer_Array_V_2_2_3_U   |shift_line_buffer_array_ap_fixed_16u_config9_s_line_buffeBew  |        0|  64|  32|    0|    16|   27|     1|          432|
    |line_buffer_Array_V_2_0_4_U   |shift_line_buffer_array_ap_fixed_16u_config9_s_line_buffeBew  |        0|  64|  32|    0|    16|   27|     1|          432|
    |line_buffer_Array_V_2_1_4_U   |shift_line_buffer_array_ap_fixed_16u_config9_s_line_buffeBew  |        0|  64|  32|    0|    16|   27|     1|          432|
    |line_buffer_Array_V_2_2_4_U   |shift_line_buffer_array_ap_fixed_16u_config9_s_line_buffeBew  |        0|  64|  32|    0|    16|   27|     1|          432|
    |line_buffer_Array_V_2_0_5_U   |shift_line_buffer_array_ap_fixed_16u_config9_s_line_buffeBew  |        0|  64|  32|    0|    16|   27|     1|          432|
    |line_buffer_Array_V_2_1_5_U   |shift_line_buffer_array_ap_fixed_16u_config9_s_line_buffeBew  |        0|  64|  32|    0|    16|   27|     1|          432|
    |line_buffer_Array_V_2_2_5_U   |shift_line_buffer_array_ap_fixed_16u_config9_s_line_buffeBew  |        0|  64|  32|    0|    16|   27|     1|          432|
    |line_buffer_Array_V_2_0_6_U   |shift_line_buffer_array_ap_fixed_16u_config9_s_line_buffeBew  |        0|  64|  32|    0|    16|   27|     1|          432|
    |line_buffer_Array_V_2_1_6_U   |shift_line_buffer_array_ap_fixed_16u_config9_s_line_buffeBew  |        0|  64|  32|    0|    16|   27|     1|          432|
    |line_buffer_Array_V_2_2_6_U   |shift_line_buffer_array_ap_fixed_16u_config9_s_line_buffeBew  |        0|  64|  32|    0|    16|   27|     1|          432|
    |line_buffer_Array_V_2_0_7_U   |shift_line_buffer_array_ap_fixed_16u_config9_s_line_buffeBew  |        0|  64|  32|    0|    16|   27|     1|          432|
    |line_buffer_Array_V_2_1_7_U   |shift_line_buffer_array_ap_fixed_16u_config9_s_line_buffeBew  |        0|  64|  32|    0|    16|   27|     1|          432|
    |line_buffer_Array_V_2_2_7_U   |shift_line_buffer_array_ap_fixed_16u_config9_s_line_buffeBew  |        0|  64|  32|    0|    16|   27|     1|          432|
    |line_buffer_Array_V_2_0_8_U   |shift_line_buffer_array_ap_fixed_16u_config9_s_line_buffeBew  |        0|  64|  32|    0|    16|   27|     1|          432|
    |line_buffer_Array_V_2_1_8_U   |shift_line_buffer_array_ap_fixed_16u_config9_s_line_buffeBew  |        0|  64|  32|    0|    16|   27|     1|          432|
    |line_buffer_Array_V_2_2_8_U   |shift_line_buffer_array_ap_fixed_16u_config9_s_line_buffeBew  |        0|  64|  32|    0|    16|   27|     1|          432|
    |line_buffer_Array_V_2_0_9_U   |shift_line_buffer_array_ap_fixed_16u_config9_s_line_buffeBew  |        0|  64|  32|    0|    16|   27|     1|          432|
    |line_buffer_Array_V_2_1_9_U   |shift_line_buffer_array_ap_fixed_16u_config9_s_line_buffeBew  |        0|  64|  32|    0|    16|   27|     1|          432|
    |line_buffer_Array_V_2_2_9_U   |shift_line_buffer_array_ap_fixed_16u_config9_s_line_buffeBew  |        0|  64|  32|    0|    16|   27|     1|          432|
    |line_buffer_Array_V_2_0_10_U  |shift_line_buffer_array_ap_fixed_16u_config9_s_line_buffeBew  |        0|  64|  32|    0|    16|   27|     1|          432|
    |line_buffer_Array_V_2_1_10_U  |shift_line_buffer_array_ap_fixed_16u_config9_s_line_buffeBew  |        0|  64|  32|    0|    16|   27|     1|          432|
    |line_buffer_Array_V_2_2_10_U  |shift_line_buffer_array_ap_fixed_16u_config9_s_line_buffeBew  |        0|  64|  32|    0|    16|   27|     1|          432|
    |line_buffer_Array_V_2_0_11_U  |shift_line_buffer_array_ap_fixed_16u_config9_s_line_buffeBew  |        0|  64|  32|    0|    16|   27|     1|          432|
    |line_buffer_Array_V_2_1_11_U  |shift_line_buffer_array_ap_fixed_16u_config9_s_line_buffeBew  |        0|  64|  32|    0|    16|   27|     1|          432|
    |line_buffer_Array_V_2_2_11_U  |shift_line_buffer_array_ap_fixed_16u_config9_s_line_buffeBew  |        0|  64|  32|    0|    16|   27|     1|          432|
    |line_buffer_Array_V_2_0_12_U  |shift_line_buffer_array_ap_fixed_16u_config9_s_line_buffeBew  |        0|  64|  32|    0|    16|   27|     1|          432|
    |line_buffer_Array_V_2_1_12_U  |shift_line_buffer_array_ap_fixed_16u_config9_s_line_buffeBew  |        0|  64|  32|    0|    16|   27|     1|          432|
    |line_buffer_Array_V_2_2_12_U  |shift_line_buffer_array_ap_fixed_16u_config9_s_line_buffeBew  |        0|  64|  32|    0|    16|   27|     1|          432|
    |line_buffer_Array_V_2_0_13_U  |shift_line_buffer_array_ap_fixed_16u_config9_s_line_buffeBew  |        0|  64|  32|    0|    16|   27|     1|          432|
    |line_buffer_Array_V_2_1_13_U  |shift_line_buffer_array_ap_fixed_16u_config9_s_line_buffeBew  |        0|  64|  32|    0|    16|   27|     1|          432|
    |line_buffer_Array_V_2_2_13_U  |shift_line_buffer_array_ap_fixed_16u_config9_s_line_buffeBew  |        0|  64|  32|    0|    16|   27|     1|          432|
    |line_buffer_Array_V_2_0_14_U  |shift_line_buffer_array_ap_fixed_16u_config9_s_line_buffeBew  |        0|  64|  32|    0|    16|   27|     1|          432|
    |line_buffer_Array_V_2_1_14_U  |shift_line_buffer_array_ap_fixed_16u_config9_s_line_buffeBew  |        0|  64|  32|    0|    16|   27|     1|          432|
    |line_buffer_Array_V_2_2_14_U  |shift_line_buffer_array_ap_fixed_16u_config9_s_line_buffeBew  |        0|  64|  32|    0|    16|   27|     1|          432|
    |line_buffer_Array_V_2_0_15_U  |shift_line_buffer_array_ap_fixed_16u_config9_s_line_buffeBew  |        0|  64|  32|    0|    16|   27|     1|          432|
    |line_buffer_Array_V_2_1_15_U  |shift_line_buffer_array_ap_fixed_16u_config9_s_line_buffeBew  |        0|  64|  32|    0|    16|   27|     1|          432|
    |line_buffer_Array_V_2_2_15_U  |shift_line_buffer_array_ap_fixed_16u_config9_s_line_buffeBew  |        0|  64|  32|    0|    16|   27|     1|          432|
    +------------------------------+--------------------------------------------------------------+---------+----+----+-----+------+-----+------+-------------+
    |Total                         |                                                              |        0|3072|1536|    0|   768| 1296|    48|        20736|
    +------------------------------+--------------------------------------------------------------+---------+----+----+-----+------+-----+------+-------------+

    * FIFO: 
    N/A

    * Expression: 
    N/A

    * Multiplexer: 
    N/A

    * Register: 
    +-----------+---+----+-----+-----------+
    |    Name   | FF| LUT| Bits| Const Bits|
    +-----------+---+----+-----+-----------+
    |ap_CS_fsm  |  1|   0|    1|          0|
    +-----------+---+----+-----+-----------+
    |Total      |  1|   0|    1|          0|
    +-----------+---+----+-----+-----------+



================================================================
== Interface
================================================================
* Summary: 
+--------------------------+-----+-----+------------+------------------------------------------------+--------------+
|         RTL Ports        | Dir | Bits|  Protocol  |                  Source Object                 |    C Type    |
+--------------------------+-----+-----+------------+------------------------------------------------+--------------+
|ap_clk                    |  in |    1| ap_ctrl_hs | shift_line_buffer<array<ap_fixed,16u>,config9> | return value |
|ap_rst                    |  in |    1| ap_ctrl_hs | shift_line_buffer<array<ap_fixed,16u>,config9> | return value |
|ap_start                  |  in |    1| ap_ctrl_hs | shift_line_buffer<array<ap_fixed,16u>,config9> | return value |
|ap_done                   | out |    1| ap_ctrl_hs | shift_line_buffer<array<ap_fixed,16u>,config9> | return value |
|ap_idle                   | out |    1| ap_ctrl_hs | shift_line_buffer<array<ap_fixed,16u>,config9> | return value |
|ap_ready                  | out |    1| ap_ctrl_hs | shift_line_buffer<array<ap_fixed,16u>,config9> | return value |
|ap_return_0               | out |   27| ap_ctrl_hs | shift_line_buffer<array<ap_fixed,16u>,config9> | return value |
|ap_return_1               | out |   27| ap_ctrl_hs | shift_line_buffer<array<ap_fixed,16u>,config9> | return value |
|ap_return_2               | out |   27| ap_ctrl_hs | shift_line_buffer<array<ap_fixed,16u>,config9> | return value |
|ap_return_3               | out |   27| ap_ctrl_hs | shift_line_buffer<array<ap_fixed,16u>,config9> | return value |
|ap_return_4               | out |   27| ap_ctrl_hs | shift_line_buffer<array<ap_fixed,16u>,config9> | return value |
|ap_return_5               | out |   27| ap_ctrl_hs | shift_line_buffer<array<ap_fixed,16u>,config9> | return value |
|ap_return_6               | out |   27| ap_ctrl_hs | shift_line_buffer<array<ap_fixed,16u>,config9> | return value |
|ap_return_7               | out |   27| ap_ctrl_hs | shift_line_buffer<array<ap_fixed,16u>,config9> | return value |
|ap_return_8               | out |   27| ap_ctrl_hs | shift_line_buffer<array<ap_fixed,16u>,config9> | return value |
|ap_return_9               | out |   27| ap_ctrl_hs | shift_line_buffer<array<ap_fixed,16u>,config9> | return value |
|ap_return_10              | out |   27| ap_ctrl_hs | shift_line_buffer<array<ap_fixed,16u>,config9> | return value |
|ap_return_11              | out |   27| ap_ctrl_hs | shift_line_buffer<array<ap_fixed,16u>,config9> | return value |
|ap_return_12              | out |   27| ap_ctrl_hs | shift_line_buffer<array<ap_fixed,16u>,config9> | return value |
|ap_return_13              | out |   27| ap_ctrl_hs | shift_line_buffer<array<ap_fixed,16u>,config9> | return value |
|ap_return_14              | out |   27| ap_ctrl_hs | shift_line_buffer<array<ap_fixed,16u>,config9> | return value |
|ap_return_15              | out |   27| ap_ctrl_hs | shift_line_buffer<array<ap_fixed,16u>,config9> | return value |
|ap_return_16              | out |   27| ap_ctrl_hs | shift_line_buffer<array<ap_fixed,16u>,config9> | return value |
|ap_return_17              | out |   27| ap_ctrl_hs | shift_line_buffer<array<ap_fixed,16u>,config9> | return value |
|ap_return_18              | out |   27| ap_ctrl_hs | shift_line_buffer<array<ap_fixed,16u>,config9> | return value |
|ap_return_19              | out |   27| ap_ctrl_hs | shift_line_buffer<array<ap_fixed,16u>,config9> | return value |
|ap_return_20              | out |   27| ap_ctrl_hs | shift_line_buffer<array<ap_fixed,16u>,config9> | return value |
|ap_return_21              | out |   27| ap_ctrl_hs | shift_line_buffer<array<ap_fixed,16u>,config9> | return value |
|ap_return_22              | out |   27| ap_ctrl_hs | shift_line_buffer<array<ap_fixed,16u>,config9> | return value |
|ap_return_23              | out |   27| ap_ctrl_hs | shift_line_buffer<array<ap_fixed,16u>,config9> | return value |
|ap_return_24              | out |   27| ap_ctrl_hs | shift_line_buffer<array<ap_fixed,16u>,config9> | return value |
|ap_return_25              | out |   27| ap_ctrl_hs | shift_line_buffer<array<ap_fixed,16u>,config9> | return value |
|ap_return_26              | out |   27| ap_ctrl_hs | shift_line_buffer<array<ap_fixed,16u>,config9> | return value |
|ap_return_27              | out |   27| ap_ctrl_hs | shift_line_buffer<array<ap_fixed,16u>,config9> | return value |
|ap_return_28              | out |   27| ap_ctrl_hs | shift_line_buffer<array<ap_fixed,16u>,config9> | return value |
|ap_return_29              | out |   27| ap_ctrl_hs | shift_line_buffer<array<ap_fixed,16u>,config9> | return value |
|ap_return_30              | out |   27| ap_ctrl_hs | shift_line_buffer<array<ap_fixed,16u>,config9> | return value |
|ap_return_31              | out |   27| ap_ctrl_hs | shift_line_buffer<array<ap_fixed,16u>,config9> | return value |
|ap_return_32              | out |   27| ap_ctrl_hs | shift_line_buffer<array<ap_fixed,16u>,config9> | return value |
|ap_return_33              | out |   27| ap_ctrl_hs | shift_line_buffer<array<ap_fixed,16u>,config9> | return value |
|ap_return_34              | out |   27| ap_ctrl_hs | shift_line_buffer<array<ap_fixed,16u>,config9> | return value |
|ap_return_35              | out |   27| ap_ctrl_hs | shift_line_buffer<array<ap_fixed,16u>,config9> | return value |
|ap_return_36              | out |   27| ap_ctrl_hs | shift_line_buffer<array<ap_fixed,16u>,config9> | return value |
|ap_return_37              | out |   27| ap_ctrl_hs | shift_line_buffer<array<ap_fixed,16u>,config9> | return value |
|ap_return_38              | out |   27| ap_ctrl_hs | shift_line_buffer<array<ap_fixed,16u>,config9> | return value |
|ap_return_39              | out |   27| ap_ctrl_hs | shift_line_buffer<array<ap_fixed,16u>,config9> | return value |
|ap_return_40              | out |   27| ap_ctrl_hs | shift_line_buffer<array<ap_fixed,16u>,config9> | return value |
|ap_return_41              | out |   27| ap_ctrl_hs | shift_line_buffer<array<ap_fixed,16u>,config9> | return value |
|ap_return_42              | out |   27| ap_ctrl_hs | shift_line_buffer<array<ap_fixed,16u>,config9> | return value |
|ap_return_43              | out |   27| ap_ctrl_hs | shift_line_buffer<array<ap_fixed,16u>,config9> | return value |
|ap_return_44              | out |   27| ap_ctrl_hs | shift_line_buffer<array<ap_fixed,16u>,config9> | return value |
|ap_return_45              | out |   27| ap_ctrl_hs | shift_line_buffer<array<ap_fixed,16u>,config9> | return value |
|ap_return_46              | out |   27| ap_ctrl_hs | shift_line_buffer<array<ap_fixed,16u>,config9> | return value |
|ap_return_47              | out |   27| ap_ctrl_hs | shift_line_buffer<array<ap_fixed,16u>,config9> | return value |
|ap_return_48              | out |   27| ap_ctrl_hs | shift_line_buffer<array<ap_fixed,16u>,config9> | return value |
|ap_return_49              | out |   27| ap_ctrl_hs | shift_line_buffer<array<ap_fixed,16u>,config9> | return value |
|ap_return_50              | out |   27| ap_ctrl_hs | shift_line_buffer<array<ap_fixed,16u>,config9> | return value |
|ap_return_51              | out |   27| ap_ctrl_hs | shift_line_buffer<array<ap_fixed,16u>,config9> | return value |
|ap_return_52              | out |   27| ap_ctrl_hs | shift_line_buffer<array<ap_fixed,16u>,config9> | return value |
|ap_return_53              | out |   27| ap_ctrl_hs | shift_line_buffer<array<ap_fixed,16u>,config9> | return value |
|ap_return_54              | out |   27| ap_ctrl_hs | shift_line_buffer<array<ap_fixed,16u>,config9> | return value |
|ap_return_55              | out |   27| ap_ctrl_hs | shift_line_buffer<array<ap_fixed,16u>,config9> | return value |
|ap_return_56              | out |   27| ap_ctrl_hs | shift_line_buffer<array<ap_fixed,16u>,config9> | return value |
|ap_return_57              | out |   27| ap_ctrl_hs | shift_line_buffer<array<ap_fixed,16u>,config9> | return value |
|ap_return_58              | out |   27| ap_ctrl_hs | shift_line_buffer<array<ap_fixed,16u>,config9> | return value |
|ap_return_59              | out |   27| ap_ctrl_hs | shift_line_buffer<array<ap_fixed,16u>,config9> | return value |
|ap_return_60              | out |   27| ap_ctrl_hs | shift_line_buffer<array<ap_fixed,16u>,config9> | return value |
|ap_return_61              | out |   27| ap_ctrl_hs | shift_line_buffer<array<ap_fixed,16u>,config9> | return value |
|ap_return_62              | out |   27| ap_ctrl_hs | shift_line_buffer<array<ap_fixed,16u>,config9> | return value |
|ap_return_63              | out |   27| ap_ctrl_hs | shift_line_buffer<array<ap_fixed,16u>,config9> | return value |
|ap_return_64              | out |   27| ap_ctrl_hs | shift_line_buffer<array<ap_fixed,16u>,config9> | return value |
|ap_return_65              | out |   27| ap_ctrl_hs | shift_line_buffer<array<ap_fixed,16u>,config9> | return value |
|ap_return_66              | out |   27| ap_ctrl_hs | shift_line_buffer<array<ap_fixed,16u>,config9> | return value |
|ap_return_67              | out |   27| ap_ctrl_hs | shift_line_buffer<array<ap_fixed,16u>,config9> | return value |
|ap_return_68              | out |   27| ap_ctrl_hs | shift_line_buffer<array<ap_fixed,16u>,config9> | return value |
|ap_return_69              | out |   27| ap_ctrl_hs | shift_line_buffer<array<ap_fixed,16u>,config9> | return value |
|ap_return_70              | out |   27| ap_ctrl_hs | shift_line_buffer<array<ap_fixed,16u>,config9> | return value |
|ap_return_71              | out |   27| ap_ctrl_hs | shift_line_buffer<array<ap_fixed,16u>,config9> | return value |
|ap_return_72              | out |   27| ap_ctrl_hs | shift_line_buffer<array<ap_fixed,16u>,config9> | return value |
|ap_return_73              | out |   27| ap_ctrl_hs | shift_line_buffer<array<ap_fixed,16u>,config9> | return value |
|ap_return_74              | out |   27| ap_ctrl_hs | shift_line_buffer<array<ap_fixed,16u>,config9> | return value |
|ap_return_75              | out |   27| ap_ctrl_hs | shift_line_buffer<array<ap_fixed,16u>,config9> | return value |
|ap_return_76              | out |   27| ap_ctrl_hs | shift_line_buffer<array<ap_fixed,16u>,config9> | return value |
|ap_return_77              | out |   27| ap_ctrl_hs | shift_line_buffer<array<ap_fixed,16u>,config9> | return value |
|ap_return_78              | out |   27| ap_ctrl_hs | shift_line_buffer<array<ap_fixed,16u>,config9> | return value |
|ap_return_79              | out |   27| ap_ctrl_hs | shift_line_buffer<array<ap_fixed,16u>,config9> | return value |
|ap_return_80              | out |   27| ap_ctrl_hs | shift_line_buffer<array<ap_fixed,16u>,config9> | return value |
|ap_return_81              | out |   27| ap_ctrl_hs | shift_line_buffer<array<ap_fixed,16u>,config9> | return value |
|ap_return_82              | out |   27| ap_ctrl_hs | shift_line_buffer<array<ap_fixed,16u>,config9> | return value |
|ap_return_83              | out |   27| ap_ctrl_hs | shift_line_buffer<array<ap_fixed,16u>,config9> | return value |
|ap_return_84              | out |   27| ap_ctrl_hs | shift_line_buffer<array<ap_fixed,16u>,config9> | return value |
|ap_return_85              | out |   27| ap_ctrl_hs | shift_line_buffer<array<ap_fixed,16u>,config9> | return value |
|ap_return_86              | out |   27| ap_ctrl_hs | shift_line_buffer<array<ap_fixed,16u>,config9> | return value |
|ap_return_87              | out |   27| ap_ctrl_hs | shift_line_buffer<array<ap_fixed,16u>,config9> | return value |
|ap_return_88              | out |   27| ap_ctrl_hs | shift_line_buffer<array<ap_fixed,16u>,config9> | return value |
|ap_return_89              | out |   27| ap_ctrl_hs | shift_line_buffer<array<ap_fixed,16u>,config9> | return value |
|ap_return_90              | out |   27| ap_ctrl_hs | shift_line_buffer<array<ap_fixed,16u>,config9> | return value |
|ap_return_91              | out |   27| ap_ctrl_hs | shift_line_buffer<array<ap_fixed,16u>,config9> | return value |
|ap_return_92              | out |   27| ap_ctrl_hs | shift_line_buffer<array<ap_fixed,16u>,config9> | return value |
|ap_return_93              | out |   27| ap_ctrl_hs | shift_line_buffer<array<ap_fixed,16u>,config9> | return value |
|ap_return_94              | out |   27| ap_ctrl_hs | shift_line_buffer<array<ap_fixed,16u>,config9> | return value |
|ap_return_95              | out |   27| ap_ctrl_hs | shift_line_buffer<array<ap_fixed,16u>,config9> | return value |
|ap_return_96              | out |   27| ap_ctrl_hs | shift_line_buffer<array<ap_fixed,16u>,config9> | return value |
|ap_return_97              | out |   27| ap_ctrl_hs | shift_line_buffer<array<ap_fixed,16u>,config9> | return value |
|ap_return_98              | out |   27| ap_ctrl_hs | shift_line_buffer<array<ap_fixed,16u>,config9> | return value |
|ap_return_99              | out |   27| ap_ctrl_hs | shift_line_buffer<array<ap_fixed,16u>,config9> | return value |
|ap_return_100             | out |   27| ap_ctrl_hs | shift_line_buffer<array<ap_fixed,16u>,config9> | return value |
|ap_return_101             | out |   27| ap_ctrl_hs | shift_line_buffer<array<ap_fixed,16u>,config9> | return value |
|ap_return_102             | out |   27| ap_ctrl_hs | shift_line_buffer<array<ap_fixed,16u>,config9> | return value |
|ap_return_103             | out |   27| ap_ctrl_hs | shift_line_buffer<array<ap_fixed,16u>,config9> | return value |
|ap_return_104             | out |   27| ap_ctrl_hs | shift_line_buffer<array<ap_fixed,16u>,config9> | return value |
|ap_return_105             | out |   27| ap_ctrl_hs | shift_line_buffer<array<ap_fixed,16u>,config9> | return value |
|ap_return_106             | out |   27| ap_ctrl_hs | shift_line_buffer<array<ap_fixed,16u>,config9> | return value |
|ap_return_107             | out |   27| ap_ctrl_hs | shift_line_buffer<array<ap_fixed,16u>,config9> | return value |
|ap_return_108             | out |   27| ap_ctrl_hs | shift_line_buffer<array<ap_fixed,16u>,config9> | return value |
|ap_return_109             | out |   27| ap_ctrl_hs | shift_line_buffer<array<ap_fixed,16u>,config9> | return value |
|ap_return_110             | out |   27| ap_ctrl_hs | shift_line_buffer<array<ap_fixed,16u>,config9> | return value |
|ap_return_111             | out |   27| ap_ctrl_hs | shift_line_buffer<array<ap_fixed,16u>,config9> | return value |
|ap_return_112             | out |   27| ap_ctrl_hs | shift_line_buffer<array<ap_fixed,16u>,config9> | return value |
|ap_return_113             | out |   27| ap_ctrl_hs | shift_line_buffer<array<ap_fixed,16u>,config9> | return value |
|ap_return_114             | out |   27| ap_ctrl_hs | shift_line_buffer<array<ap_fixed,16u>,config9> | return value |
|ap_return_115             | out |   27| ap_ctrl_hs | shift_line_buffer<array<ap_fixed,16u>,config9> | return value |
|ap_return_116             | out |   27| ap_ctrl_hs | shift_line_buffer<array<ap_fixed,16u>,config9> | return value |
|ap_return_117             | out |   27| ap_ctrl_hs | shift_line_buffer<array<ap_fixed,16u>,config9> | return value |
|ap_return_118             | out |   27| ap_ctrl_hs | shift_line_buffer<array<ap_fixed,16u>,config9> | return value |
|ap_return_119             | out |   27| ap_ctrl_hs | shift_line_buffer<array<ap_fixed,16u>,config9> | return value |
|ap_return_120             | out |   27| ap_ctrl_hs | shift_line_buffer<array<ap_fixed,16u>,config9> | return value |
|ap_return_121             | out |   27| ap_ctrl_hs | shift_line_buffer<array<ap_fixed,16u>,config9> | return value |
|ap_return_122             | out |   27| ap_ctrl_hs | shift_line_buffer<array<ap_fixed,16u>,config9> | return value |
|ap_return_123             | out |   27| ap_ctrl_hs | shift_line_buffer<array<ap_fixed,16u>,config9> | return value |
|ap_return_124             | out |   27| ap_ctrl_hs | shift_line_buffer<array<ap_fixed,16u>,config9> | return value |
|ap_return_125             | out |   27| ap_ctrl_hs | shift_line_buffer<array<ap_fixed,16u>,config9> | return value |
|ap_return_126             | out |   27| ap_ctrl_hs | shift_line_buffer<array<ap_fixed,16u>,config9> | return value |
|ap_return_127             | out |   27| ap_ctrl_hs | shift_line_buffer<array<ap_fixed,16u>,config9> | return value |
|ap_return_128             | out |   27| ap_ctrl_hs | shift_line_buffer<array<ap_fixed,16u>,config9> | return value |
|ap_return_129             | out |   27| ap_ctrl_hs | shift_line_buffer<array<ap_fixed,16u>,config9> | return value |
|ap_return_130             | out |   27| ap_ctrl_hs | shift_line_buffer<array<ap_fixed,16u>,config9> | return value |
|ap_return_131             | out |   27| ap_ctrl_hs | shift_line_buffer<array<ap_fixed,16u>,config9> | return value |
|ap_return_132             | out |   27| ap_ctrl_hs | shift_line_buffer<array<ap_fixed,16u>,config9> | return value |
|ap_return_133             | out |   27| ap_ctrl_hs | shift_line_buffer<array<ap_fixed,16u>,config9> | return value |
|ap_return_134             | out |   27| ap_ctrl_hs | shift_line_buffer<array<ap_fixed,16u>,config9> | return value |
|ap_return_135             | out |   27| ap_ctrl_hs | shift_line_buffer<array<ap_fixed,16u>,config9> | return value |
|ap_return_136             | out |   27| ap_ctrl_hs | shift_line_buffer<array<ap_fixed,16u>,config9> | return value |
|ap_return_137             | out |   27| ap_ctrl_hs | shift_line_buffer<array<ap_fixed,16u>,config9> | return value |
|ap_return_138             | out |   27| ap_ctrl_hs | shift_line_buffer<array<ap_fixed,16u>,config9> | return value |
|ap_return_139             | out |   27| ap_ctrl_hs | shift_line_buffer<array<ap_fixed,16u>,config9> | return value |
|ap_return_140             | out |   27| ap_ctrl_hs | shift_line_buffer<array<ap_fixed,16u>,config9> | return value |
|ap_return_141             | out |   27| ap_ctrl_hs | shift_line_buffer<array<ap_fixed,16u>,config9> | return value |
|ap_return_142             | out |   27| ap_ctrl_hs | shift_line_buffer<array<ap_fixed,16u>,config9> | return value |
|ap_return_143             | out |   27| ap_ctrl_hs | shift_line_buffer<array<ap_fixed,16u>,config9> | return value |
|ap_return_144             | out |   27| ap_ctrl_hs | shift_line_buffer<array<ap_fixed,16u>,config9> | return value |
|ap_return_145             | out |   27| ap_ctrl_hs | shift_line_buffer<array<ap_fixed,16u>,config9> | return value |
|ap_return_146             | out |   27| ap_ctrl_hs | shift_line_buffer<array<ap_fixed,16u>,config9> | return value |
|ap_return_147             | out |   27| ap_ctrl_hs | shift_line_buffer<array<ap_fixed,16u>,config9> | return value |
|ap_return_148             | out |   27| ap_ctrl_hs | shift_line_buffer<array<ap_fixed,16u>,config9> | return value |
|ap_return_149             | out |   27| ap_ctrl_hs | shift_line_buffer<array<ap_fixed,16u>,config9> | return value |
|ap_return_150             | out |   27| ap_ctrl_hs | shift_line_buffer<array<ap_fixed,16u>,config9> | return value |
|ap_return_151             | out |   27| ap_ctrl_hs | shift_line_buffer<array<ap_fixed,16u>,config9> | return value |
|ap_return_152             | out |   27| ap_ctrl_hs | shift_line_buffer<array<ap_fixed,16u>,config9> | return value |
|ap_return_153             | out |   27| ap_ctrl_hs | shift_line_buffer<array<ap_fixed,16u>,config9> | return value |
|ap_return_154             | out |   27| ap_ctrl_hs | shift_line_buffer<array<ap_fixed,16u>,config9> | return value |
|ap_return_155             | out |   27| ap_ctrl_hs | shift_line_buffer<array<ap_fixed,16u>,config9> | return value |
|ap_return_156             | out |   27| ap_ctrl_hs | shift_line_buffer<array<ap_fixed,16u>,config9> | return value |
|ap_return_157             | out |   27| ap_ctrl_hs | shift_line_buffer<array<ap_fixed,16u>,config9> | return value |
|ap_return_158             | out |   27| ap_ctrl_hs | shift_line_buffer<array<ap_fixed,16u>,config9> | return value |
|ap_return_159             | out |   27| ap_ctrl_hs | shift_line_buffer<array<ap_fixed,16u>,config9> | return value |
|ap_return_160             | out |   27| ap_ctrl_hs | shift_line_buffer<array<ap_fixed,16u>,config9> | return value |
|ap_return_161             | out |   27| ap_ctrl_hs | shift_line_buffer<array<ap_fixed,16u>,config9> | return value |
|ap_return_162             | out |   27| ap_ctrl_hs | shift_line_buffer<array<ap_fixed,16u>,config9> | return value |
|ap_return_163             | out |   27| ap_ctrl_hs | shift_line_buffer<array<ap_fixed,16u>,config9> | return value |
|ap_return_164             | out |   27| ap_ctrl_hs | shift_line_buffer<array<ap_fixed,16u>,config9> | return value |
|ap_return_165             | out |   27| ap_ctrl_hs | shift_line_buffer<array<ap_fixed,16u>,config9> | return value |
|ap_return_166             | out |   27| ap_ctrl_hs | shift_line_buffer<array<ap_fixed,16u>,config9> | return value |
|ap_return_167             | out |   27| ap_ctrl_hs | shift_line_buffer<array<ap_fixed,16u>,config9> | return value |
|ap_return_168             | out |   27| ap_ctrl_hs | shift_line_buffer<array<ap_fixed,16u>,config9> | return value |
|ap_return_169             | out |   27| ap_ctrl_hs | shift_line_buffer<array<ap_fixed,16u>,config9> | return value |
|ap_return_170             | out |   27| ap_ctrl_hs | shift_line_buffer<array<ap_fixed,16u>,config9> | return value |
|ap_return_171             | out |   27| ap_ctrl_hs | shift_line_buffer<array<ap_fixed,16u>,config9> | return value |
|ap_return_172             | out |   27| ap_ctrl_hs | shift_line_buffer<array<ap_fixed,16u>,config9> | return value |
|ap_return_173             | out |   27| ap_ctrl_hs | shift_line_buffer<array<ap_fixed,16u>,config9> | return value |
|ap_return_174             | out |   27| ap_ctrl_hs | shift_line_buffer<array<ap_fixed,16u>,config9> | return value |
|ap_return_175             | out |   27| ap_ctrl_hs | shift_line_buffer<array<ap_fixed,16u>,config9> | return value |
|ap_return_176             | out |   27| ap_ctrl_hs | shift_line_buffer<array<ap_fixed,16u>,config9> | return value |
|ap_return_177             | out |   27| ap_ctrl_hs | shift_line_buffer<array<ap_fixed,16u>,config9> | return value |
|ap_return_178             | out |   27| ap_ctrl_hs | shift_line_buffer<array<ap_fixed,16u>,config9> | return value |
|ap_return_179             | out |   27| ap_ctrl_hs | shift_line_buffer<array<ap_fixed,16u>,config9> | return value |
|ap_return_180             | out |   27| ap_ctrl_hs | shift_line_buffer<array<ap_fixed,16u>,config9> | return value |
|ap_return_181             | out |   27| ap_ctrl_hs | shift_line_buffer<array<ap_fixed,16u>,config9> | return value |
|ap_return_182             | out |   27| ap_ctrl_hs | shift_line_buffer<array<ap_fixed,16u>,config9> | return value |
|ap_return_183             | out |   27| ap_ctrl_hs | shift_line_buffer<array<ap_fixed,16u>,config9> | return value |
|ap_return_184             | out |   27| ap_ctrl_hs | shift_line_buffer<array<ap_fixed,16u>,config9> | return value |
|ap_return_185             | out |   27| ap_ctrl_hs | shift_line_buffer<array<ap_fixed,16u>,config9> | return value |
|ap_return_186             | out |   27| ap_ctrl_hs | shift_line_buffer<array<ap_fixed,16u>,config9> | return value |
|ap_return_187             | out |   27| ap_ctrl_hs | shift_line_buffer<array<ap_fixed,16u>,config9> | return value |
|ap_return_188             | out |   27| ap_ctrl_hs | shift_line_buffer<array<ap_fixed,16u>,config9> | return value |
|ap_return_189             | out |   27| ap_ctrl_hs | shift_line_buffer<array<ap_fixed,16u>,config9> | return value |
|ap_return_190             | out |   27| ap_ctrl_hs | shift_line_buffer<array<ap_fixed,16u>,config9> | return value |
|ap_return_191             | out |   27| ap_ctrl_hs | shift_line_buffer<array<ap_fixed,16u>,config9> | return value |
|ap_return_192             | out |   27| ap_ctrl_hs | shift_line_buffer<array<ap_fixed,16u>,config9> | return value |
|ap_return_193             | out |   27| ap_ctrl_hs | shift_line_buffer<array<ap_fixed,16u>,config9> | return value |
|ap_return_194             | out |   27| ap_ctrl_hs | shift_line_buffer<array<ap_fixed,16u>,config9> | return value |
|ap_return_195             | out |   27| ap_ctrl_hs | shift_line_buffer<array<ap_fixed,16u>,config9> | return value |
|ap_return_196             | out |   27| ap_ctrl_hs | shift_line_buffer<array<ap_fixed,16u>,config9> | return value |
|ap_return_197             | out |   27| ap_ctrl_hs | shift_line_buffer<array<ap_fixed,16u>,config9> | return value |
|ap_return_198             | out |   27| ap_ctrl_hs | shift_line_buffer<array<ap_fixed,16u>,config9> | return value |
|ap_return_199             | out |   27| ap_ctrl_hs | shift_line_buffer<array<ap_fixed,16u>,config9> | return value |
|ap_return_200             | out |   27| ap_ctrl_hs | shift_line_buffer<array<ap_fixed,16u>,config9> | return value |
|ap_return_201             | out |   27| ap_ctrl_hs | shift_line_buffer<array<ap_fixed,16u>,config9> | return value |
|ap_return_202             | out |   27| ap_ctrl_hs | shift_line_buffer<array<ap_fixed,16u>,config9> | return value |
|ap_return_203             | out |   27| ap_ctrl_hs | shift_line_buffer<array<ap_fixed,16u>,config9> | return value |
|ap_return_204             | out |   27| ap_ctrl_hs | shift_line_buffer<array<ap_fixed,16u>,config9> | return value |
|ap_return_205             | out |   27| ap_ctrl_hs | shift_line_buffer<array<ap_fixed,16u>,config9> | return value |
|ap_return_206             | out |   27| ap_ctrl_hs | shift_line_buffer<array<ap_fixed,16u>,config9> | return value |
|ap_return_207             | out |   27| ap_ctrl_hs | shift_line_buffer<array<ap_fixed,16u>,config9> | return value |
|ap_return_208             | out |   27| ap_ctrl_hs | shift_line_buffer<array<ap_fixed,16u>,config9> | return value |
|ap_return_209             | out |   27| ap_ctrl_hs | shift_line_buffer<array<ap_fixed,16u>,config9> | return value |
|ap_return_210             | out |   27| ap_ctrl_hs | shift_line_buffer<array<ap_fixed,16u>,config9> | return value |
|ap_return_211             | out |   27| ap_ctrl_hs | shift_line_buffer<array<ap_fixed,16u>,config9> | return value |
|ap_return_212             | out |   27| ap_ctrl_hs | shift_line_buffer<array<ap_fixed,16u>,config9> | return value |
|ap_return_213             | out |   27| ap_ctrl_hs | shift_line_buffer<array<ap_fixed,16u>,config9> | return value |
|ap_return_214             | out |   27| ap_ctrl_hs | shift_line_buffer<array<ap_fixed,16u>,config9> | return value |
|ap_return_215             | out |   27| ap_ctrl_hs | shift_line_buffer<array<ap_fixed,16u>,config9> | return value |
|ap_return_216             | out |   27| ap_ctrl_hs | shift_line_buffer<array<ap_fixed,16u>,config9> | return value |
|ap_return_217             | out |   27| ap_ctrl_hs | shift_line_buffer<array<ap_fixed,16u>,config9> | return value |
|ap_return_218             | out |   27| ap_ctrl_hs | shift_line_buffer<array<ap_fixed,16u>,config9> | return value |
|ap_return_219             | out |   27| ap_ctrl_hs | shift_line_buffer<array<ap_fixed,16u>,config9> | return value |
|ap_return_220             | out |   27| ap_ctrl_hs | shift_line_buffer<array<ap_fixed,16u>,config9> | return value |
|ap_return_221             | out |   27| ap_ctrl_hs | shift_line_buffer<array<ap_fixed,16u>,config9> | return value |
|ap_return_222             | out |   27| ap_ctrl_hs | shift_line_buffer<array<ap_fixed,16u>,config9> | return value |
|ap_return_223             | out |   27| ap_ctrl_hs | shift_line_buffer<array<ap_fixed,16u>,config9> | return value |
|ap_return_224             | out |   27| ap_ctrl_hs | shift_line_buffer<array<ap_fixed,16u>,config9> | return value |
|ap_return_225             | out |   27| ap_ctrl_hs | shift_line_buffer<array<ap_fixed,16u>,config9> | return value |
|ap_return_226             | out |   27| ap_ctrl_hs | shift_line_buffer<array<ap_fixed,16u>,config9> | return value |
|ap_return_227             | out |   27| ap_ctrl_hs | shift_line_buffer<array<ap_fixed,16u>,config9> | return value |
|ap_return_228             | out |   27| ap_ctrl_hs | shift_line_buffer<array<ap_fixed,16u>,config9> | return value |
|ap_return_229             | out |   27| ap_ctrl_hs | shift_line_buffer<array<ap_fixed,16u>,config9> | return value |
|ap_return_230             | out |   27| ap_ctrl_hs | shift_line_buffer<array<ap_fixed,16u>,config9> | return value |
|ap_return_231             | out |   27| ap_ctrl_hs | shift_line_buffer<array<ap_fixed,16u>,config9> | return value |
|ap_return_232             | out |   27| ap_ctrl_hs | shift_line_buffer<array<ap_fixed,16u>,config9> | return value |
|ap_return_233             | out |   27| ap_ctrl_hs | shift_line_buffer<array<ap_fixed,16u>,config9> | return value |
|ap_return_234             | out |   27| ap_ctrl_hs | shift_line_buffer<array<ap_fixed,16u>,config9> | return value |
|ap_return_235             | out |   27| ap_ctrl_hs | shift_line_buffer<array<ap_fixed,16u>,config9> | return value |
|ap_return_236             | out |   27| ap_ctrl_hs | shift_line_buffer<array<ap_fixed,16u>,config9> | return value |
|ap_return_237             | out |   27| ap_ctrl_hs | shift_line_buffer<array<ap_fixed,16u>,config9> | return value |
|ap_return_238             | out |   27| ap_ctrl_hs | shift_line_buffer<array<ap_fixed,16u>,config9> | return value |
|ap_return_239             | out |   27| ap_ctrl_hs | shift_line_buffer<array<ap_fixed,16u>,config9> | return value |
|ap_return_240             | out |   27| ap_ctrl_hs | shift_line_buffer<array<ap_fixed,16u>,config9> | return value |
|ap_return_241             | out |   27| ap_ctrl_hs | shift_line_buffer<array<ap_fixed,16u>,config9> | return value |
|ap_return_242             | out |   27| ap_ctrl_hs | shift_line_buffer<array<ap_fixed,16u>,config9> | return value |
|ap_return_243             | out |   27| ap_ctrl_hs | shift_line_buffer<array<ap_fixed,16u>,config9> | return value |
|ap_return_244             | out |   27| ap_ctrl_hs | shift_line_buffer<array<ap_fixed,16u>,config9> | return value |
|ap_return_245             | out |   27| ap_ctrl_hs | shift_line_buffer<array<ap_fixed,16u>,config9> | return value |
|ap_return_246             | out |   27| ap_ctrl_hs | shift_line_buffer<array<ap_fixed,16u>,config9> | return value |
|ap_return_247             | out |   27| ap_ctrl_hs | shift_line_buffer<array<ap_fixed,16u>,config9> | return value |
|ap_return_248             | out |   27| ap_ctrl_hs | shift_line_buffer<array<ap_fixed,16u>,config9> | return value |
|ap_return_249             | out |   27| ap_ctrl_hs | shift_line_buffer<array<ap_fixed,16u>,config9> | return value |
|ap_return_250             | out |   27| ap_ctrl_hs | shift_line_buffer<array<ap_fixed,16u>,config9> | return value |
|ap_return_251             | out |   27| ap_ctrl_hs | shift_line_buffer<array<ap_fixed,16u>,config9> | return value |
|ap_return_252             | out |   27| ap_ctrl_hs | shift_line_buffer<array<ap_fixed,16u>,config9> | return value |
|ap_return_253             | out |   27| ap_ctrl_hs | shift_line_buffer<array<ap_fixed,16u>,config9> | return value |
|ap_return_254             | out |   27| ap_ctrl_hs | shift_line_buffer<array<ap_fixed,16u>,config9> | return value |
|ap_return_255             | out |   27| ap_ctrl_hs | shift_line_buffer<array<ap_fixed,16u>,config9> | return value |
|ap_ce                     |  in |    1| ap_ctrl_hs | shift_line_buffer<array<ap_fixed,16u>,config9> | return value |
|in_elem_data_0_V_read     |  in |   27|   ap_none  |              in_elem_data_0_V_read             |    scalar    |
|in_elem_data_1_V_read     |  in |   27|   ap_none  |              in_elem_data_1_V_read             |    scalar    |
|in_elem_data_2_V_read     |  in |   27|   ap_none  |              in_elem_data_2_V_read             |    scalar    |
|in_elem_data_3_V_read     |  in |   27|   ap_none  |              in_elem_data_3_V_read             |    scalar    |
|in_elem_data_4_V_read     |  in |   27|   ap_none  |              in_elem_data_4_V_read             |    scalar    |
|in_elem_data_5_V_read     |  in |   27|   ap_none  |              in_elem_data_5_V_read             |    scalar    |
|in_elem_data_6_V_read     |  in |   27|   ap_none  |              in_elem_data_6_V_read             |    scalar    |
|in_elem_data_7_V_read     |  in |   27|   ap_none  |              in_elem_data_7_V_read             |    scalar    |
|in_elem_data_8_V_read     |  in |   27|   ap_none  |              in_elem_data_8_V_read             |    scalar    |
|in_elem_data_9_V_read     |  in |   27|   ap_none  |              in_elem_data_9_V_read             |    scalar    |
|in_elem_data_10_V_read    |  in |   27|   ap_none  |             in_elem_data_10_V_read             |    scalar    |
|in_elem_data_11_V_read    |  in |   27|   ap_none  |             in_elem_data_11_V_read             |    scalar    |
|in_elem_data_12_V_read    |  in |   27|   ap_none  |             in_elem_data_12_V_read             |    scalar    |
|in_elem_data_13_V_read    |  in |   27|   ap_none  |             in_elem_data_13_V_read             |    scalar    |
|in_elem_data_14_V_read    |  in |   27|   ap_none  |             in_elem_data_14_V_read             |    scalar    |
|in_elem_data_15_V_read    |  in |   27|   ap_none  |             in_elem_data_15_V_read             |    scalar    |
|kernel_window_16_V_read   |  in |   27|   ap_none  |             kernel_window_16_V_read            |    scalar    |
|kernel_window_17_V_read   |  in |   27|   ap_none  |             kernel_window_17_V_read            |    scalar    |
|kernel_window_18_V_read   |  in |   27|   ap_none  |             kernel_window_18_V_read            |    scalar    |
|kernel_window_19_V_read   |  in |   27|   ap_none  |             kernel_window_19_V_read            |    scalar    |
|kernel_window_20_V_read   |  in |   27|   ap_none  |             kernel_window_20_V_read            |    scalar    |
|kernel_window_21_V_read   |  in |   27|   ap_none  |             kernel_window_21_V_read            |    scalar    |
|kernel_window_22_V_read   |  in |   27|   ap_none  |             kernel_window_22_V_read            |    scalar    |
|kernel_window_23_V_read   |  in |   27|   ap_none  |             kernel_window_23_V_read            |    scalar    |
|kernel_window_24_V_read   |  in |   27|   ap_none  |             kernel_window_24_V_read            |    scalar    |
|kernel_window_25_V_read   |  in |   27|   ap_none  |             kernel_window_25_V_read            |    scalar    |
|kernel_window_26_V_read   |  in |   27|   ap_none  |             kernel_window_26_V_read            |    scalar    |
|kernel_window_27_V_read   |  in |   27|   ap_none  |             kernel_window_27_V_read            |    scalar    |
|kernel_window_28_V_read   |  in |   27|   ap_none  |             kernel_window_28_V_read            |    scalar    |
|kernel_window_29_V_read   |  in |   27|   ap_none  |             kernel_window_29_V_read            |    scalar    |
|kernel_window_30_V_read   |  in |   27|   ap_none  |             kernel_window_30_V_read            |    scalar    |
|kernel_window_31_V_read   |  in |   27|   ap_none  |             kernel_window_31_V_read            |    scalar    |
|kernel_window_32_V_read   |  in |   27|   ap_none  |             kernel_window_32_V_read            |    scalar    |
|kernel_window_33_V_read   |  in |   27|   ap_none  |             kernel_window_33_V_read            |    scalar    |
|kernel_window_34_V_read   |  in |   27|   ap_none  |             kernel_window_34_V_read            |    scalar    |
|kernel_window_35_V_read   |  in |   27|   ap_none  |             kernel_window_35_V_read            |    scalar    |
|kernel_window_36_V_read   |  in |   27|   ap_none  |             kernel_window_36_V_read            |    scalar    |
|kernel_window_37_V_read   |  in |   27|   ap_none  |             kernel_window_37_V_read            |    scalar    |
|kernel_window_38_V_read   |  in |   27|   ap_none  |             kernel_window_38_V_read            |    scalar    |
|kernel_window_39_V_read   |  in |   27|   ap_none  |             kernel_window_39_V_read            |    scalar    |
|kernel_window_40_V_read   |  in |   27|   ap_none  |             kernel_window_40_V_read            |    scalar    |
|kernel_window_41_V_read   |  in |   27|   ap_none  |             kernel_window_41_V_read            |    scalar    |
|kernel_window_42_V_read   |  in |   27|   ap_none  |             kernel_window_42_V_read            |    scalar    |
|kernel_window_43_V_read   |  in |   27|   ap_none  |             kernel_window_43_V_read            |    scalar    |
|kernel_window_44_V_read   |  in |   27|   ap_none  |             kernel_window_44_V_read            |    scalar    |
|kernel_window_45_V_read   |  in |   27|   ap_none  |             kernel_window_45_V_read            |    scalar    |
|kernel_window_46_V_read   |  in |   27|   ap_none  |             kernel_window_46_V_read            |    scalar    |
|kernel_window_47_V_read   |  in |   27|   ap_none  |             kernel_window_47_V_read            |    scalar    |
|kernel_window_48_V_read   |  in |   27|   ap_none  |             kernel_window_48_V_read            |    scalar    |
|kernel_window_49_V_read   |  in |   27|   ap_none  |             kernel_window_49_V_read            |    scalar    |
|kernel_window_50_V_read   |  in |   27|   ap_none  |             kernel_window_50_V_read            |    scalar    |
|kernel_window_51_V_read   |  in |   27|   ap_none  |             kernel_window_51_V_read            |    scalar    |
|kernel_window_52_V_read   |  in |   27|   ap_none  |             kernel_window_52_V_read            |    scalar    |
|kernel_window_53_V_read   |  in |   27|   ap_none  |             kernel_window_53_V_read            |    scalar    |
|kernel_window_54_V_read   |  in |   27|   ap_none  |             kernel_window_54_V_read            |    scalar    |
|kernel_window_55_V_read   |  in |   27|   ap_none  |             kernel_window_55_V_read            |    scalar    |
|kernel_window_56_V_read   |  in |   27|   ap_none  |             kernel_window_56_V_read            |    scalar    |
|kernel_window_57_V_read   |  in |   27|   ap_none  |             kernel_window_57_V_read            |    scalar    |
|kernel_window_58_V_read   |  in |   27|   ap_none  |             kernel_window_58_V_read            |    scalar    |
|kernel_window_59_V_read   |  in |   27|   ap_none  |             kernel_window_59_V_read            |    scalar    |
|kernel_window_60_V_read   |  in |   27|   ap_none  |             kernel_window_60_V_read            |    scalar    |
|kernel_window_61_V_read   |  in |   27|   ap_none  |             kernel_window_61_V_read            |    scalar    |
|kernel_window_62_V_read   |  in |   27|   ap_none  |             kernel_window_62_V_read            |    scalar    |
|kernel_window_63_V_read   |  in |   27|   ap_none  |             kernel_window_63_V_read            |    scalar    |
|kernel_window_80_V_read   |  in |   27|   ap_none  |             kernel_window_80_V_read            |    scalar    |
|kernel_window_81_V_read   |  in |   27|   ap_none  |             kernel_window_81_V_read            |    scalar    |
|kernel_window_82_V_read   |  in |   27|   ap_none  |             kernel_window_82_V_read            |    scalar    |
|kernel_window_83_V_read   |  in |   27|   ap_none  |             kernel_window_83_V_read            |    scalar    |
|kernel_window_84_V_read   |  in |   27|   ap_none  |             kernel_window_84_V_read            |    scalar    |
|kernel_window_85_V_read   |  in |   27|   ap_none  |             kernel_window_85_V_read            |    scalar    |
|kernel_window_86_V_read   |  in |   27|   ap_none  |             kernel_window_86_V_read            |    scalar    |
|kernel_window_87_V_read   |  in |   27|   ap_none  |             kernel_window_87_V_read            |    scalar    |
|kernel_window_88_V_read   |  in |   27|   ap_none  |             kernel_window_88_V_read            |    scalar    |
|kernel_window_89_V_read   |  in |   27|   ap_none  |             kernel_window_89_V_read            |    scalar    |
|kernel_window_90_V_read   |  in |   27|   ap_none  |             kernel_window_90_V_read            |    scalar    |
|kernel_window_91_V_read   |  in |   27|   ap_none  |             kernel_window_91_V_read            |    scalar    |
|kernel_window_92_V_read   |  in |   27|   ap_none  |             kernel_window_92_V_read            |    scalar    |
|kernel_window_93_V_read   |  in |   27|   ap_none  |             kernel_window_93_V_read            |    scalar    |
|kernel_window_94_V_read   |  in |   27|   ap_none  |             kernel_window_94_V_read            |    scalar    |
|kernel_window_95_V_read   |  in |   27|   ap_none  |             kernel_window_95_V_read            |    scalar    |
|kernel_window_96_V_read   |  in |   27|   ap_none  |             kernel_window_96_V_read            |    scalar    |
|kernel_window_97_V_read   |  in |   27|   ap_none  |             kernel_window_97_V_read            |    scalar    |
|kernel_window_98_V_read   |  in |   27|   ap_none  |             kernel_window_98_V_read            |    scalar    |
|kernel_window_99_V_read   |  in |   27|   ap_none  |             kernel_window_99_V_read            |    scalar    |
|kernel_window_100_V_read  |  in |   27|   ap_none  |            kernel_window_100_V_read            |    scalar    |
|kernel_window_101_V_read  |  in |   27|   ap_none  |            kernel_window_101_V_read            |    scalar    |
|kernel_window_102_V_read  |  in |   27|   ap_none  |            kernel_window_102_V_read            |    scalar    |
|kernel_window_103_V_read  |  in |   27|   ap_none  |            kernel_window_103_V_read            |    scalar    |
|kernel_window_104_V_read  |  in |   27|   ap_none  |            kernel_window_104_V_read            |    scalar    |
|kernel_window_105_V_read  |  in |   27|   ap_none  |            kernel_window_105_V_read            |    scalar    |
|kernel_window_106_V_read  |  in |   27|   ap_none  |            kernel_window_106_V_read            |    scalar    |
|kernel_window_107_V_read  |  in |   27|   ap_none  |            kernel_window_107_V_read            |    scalar    |
|kernel_window_108_V_read  |  in |   27|   ap_none  |            kernel_window_108_V_read            |    scalar    |
|kernel_window_109_V_read  |  in |   27|   ap_none  |            kernel_window_109_V_read            |    scalar    |
|kernel_window_110_V_read  |  in |   27|   ap_none  |            kernel_window_110_V_read            |    scalar    |
|kernel_window_111_V_read  |  in |   27|   ap_none  |            kernel_window_111_V_read            |    scalar    |
|kernel_window_112_V_read  |  in |   27|   ap_none  |            kernel_window_112_V_read            |    scalar    |
|kernel_window_113_V_read  |  in |   27|   ap_none  |            kernel_window_113_V_read            |    scalar    |
|kernel_window_114_V_read  |  in |   27|   ap_none  |            kernel_window_114_V_read            |    scalar    |
|kernel_window_115_V_read  |  in |   27|   ap_none  |            kernel_window_115_V_read            |    scalar    |
|kernel_window_116_V_read  |  in |   27|   ap_none  |            kernel_window_116_V_read            |    scalar    |
|kernel_window_117_V_read  |  in |   27|   ap_none  |            kernel_window_117_V_read            |    scalar    |
|kernel_window_118_V_read  |  in |   27|   ap_none  |            kernel_window_118_V_read            |    scalar    |
|kernel_window_119_V_read  |  in |   27|   ap_none  |            kernel_window_119_V_read            |    scalar    |
|kernel_window_120_V_read  |  in |   27|   ap_none  |            kernel_window_120_V_read            |    scalar    |
|kernel_window_121_V_read  |  in |   27|   ap_none  |            kernel_window_121_V_read            |    scalar    |
|kernel_window_122_V_read  |  in |   27|   ap_none  |            kernel_window_122_V_read            |    scalar    |
|kernel_window_123_V_read  |  in |   27|   ap_none  |            kernel_window_123_V_read            |    scalar    |
|kernel_window_124_V_read  |  in |   27|   ap_none  |            kernel_window_124_V_read            |    scalar    |
|kernel_window_125_V_read  |  in |   27|   ap_none  |            kernel_window_125_V_read            |    scalar    |
|kernel_window_126_V_read  |  in |   27|   ap_none  |            kernel_window_126_V_read            |    scalar    |
|kernel_window_127_V_read  |  in |   27|   ap_none  |            kernel_window_127_V_read            |    scalar    |
|kernel_window_144_V_read  |  in |   27|   ap_none  |            kernel_window_144_V_read            |    scalar    |
|kernel_window_145_V_read  |  in |   27|   ap_none  |            kernel_window_145_V_read            |    scalar    |
|kernel_window_146_V_read  |  in |   27|   ap_none  |            kernel_window_146_V_read            |    scalar    |
|kernel_window_147_V_read  |  in |   27|   ap_none  |            kernel_window_147_V_read            |    scalar    |
|kernel_window_148_V_read  |  in |   27|   ap_none  |            kernel_window_148_V_read            |    scalar    |
|kernel_window_149_V_read  |  in |   27|   ap_none  |            kernel_window_149_V_read            |    scalar    |
|kernel_window_150_V_read  |  in |   27|   ap_none  |            kernel_window_150_V_read            |    scalar    |
|kernel_window_151_V_read  |  in |   27|   ap_none  |            kernel_window_151_V_read            |    scalar    |
|kernel_window_152_V_read  |  in |   27|   ap_none  |            kernel_window_152_V_read            |    scalar    |
|kernel_window_153_V_read  |  in |   27|   ap_none  |            kernel_window_153_V_read            |    scalar    |
|kernel_window_154_V_read  |  in |   27|   ap_none  |            kernel_window_154_V_read            |    scalar    |
|kernel_window_155_V_read  |  in |   27|   ap_none  |            kernel_window_155_V_read            |    scalar    |
|kernel_window_156_V_read  |  in |   27|   ap_none  |            kernel_window_156_V_read            |    scalar    |
|kernel_window_157_V_read  |  in |   27|   ap_none  |            kernel_window_157_V_read            |    scalar    |
|kernel_window_158_V_read  |  in |   27|   ap_none  |            kernel_window_158_V_read            |    scalar    |
|kernel_window_159_V_read  |  in |   27|   ap_none  |            kernel_window_159_V_read            |    scalar    |
|kernel_window_160_V_read  |  in |   27|   ap_none  |            kernel_window_160_V_read            |    scalar    |
|kernel_window_161_V_read  |  in |   27|   ap_none  |            kernel_window_161_V_read            |    scalar    |
|kernel_window_162_V_read  |  in |   27|   ap_none  |            kernel_window_162_V_read            |    scalar    |
|kernel_window_163_V_read  |  in |   27|   ap_none  |            kernel_window_163_V_read            |    scalar    |
|kernel_window_164_V_read  |  in |   27|   ap_none  |            kernel_window_164_V_read            |    scalar    |
|kernel_window_165_V_read  |  in |   27|   ap_none  |            kernel_window_165_V_read            |    scalar    |
|kernel_window_166_V_read  |  in |   27|   ap_none  |            kernel_window_166_V_read            |    scalar    |
|kernel_window_167_V_read  |  in |   27|   ap_none  |            kernel_window_167_V_read            |    scalar    |
|kernel_window_168_V_read  |  in |   27|   ap_none  |            kernel_window_168_V_read            |    scalar    |
|kernel_window_169_V_read  |  in |   27|   ap_none  |            kernel_window_169_V_read            |    scalar    |
|kernel_window_170_V_read  |  in |   27|   ap_none  |            kernel_window_170_V_read            |    scalar    |
|kernel_window_171_V_read  |  in |   27|   ap_none  |            kernel_window_171_V_read            |    scalar    |
|kernel_window_172_V_read  |  in |   27|   ap_none  |            kernel_window_172_V_read            |    scalar    |
|kernel_window_173_V_read  |  in |   27|   ap_none  |            kernel_window_173_V_read            |    scalar    |
|kernel_window_174_V_read  |  in |   27|   ap_none  |            kernel_window_174_V_read            |    scalar    |
|kernel_window_175_V_read  |  in |   27|   ap_none  |            kernel_window_175_V_read            |    scalar    |
|kernel_window_176_V_read  |  in |   27|   ap_none  |            kernel_window_176_V_read            |    scalar    |
|kernel_window_177_V_read  |  in |   27|   ap_none  |            kernel_window_177_V_read            |    scalar    |
|kernel_window_178_V_read  |  in |   27|   ap_none  |            kernel_window_178_V_read            |    scalar    |
|kernel_window_179_V_read  |  in |   27|   ap_none  |            kernel_window_179_V_read            |    scalar    |
|kernel_window_180_V_read  |  in |   27|   ap_none  |            kernel_window_180_V_read            |    scalar    |
|kernel_window_181_V_read  |  in |   27|   ap_none  |            kernel_window_181_V_read            |    scalar    |
|kernel_window_182_V_read  |  in |   27|   ap_none  |            kernel_window_182_V_read            |    scalar    |
|kernel_window_183_V_read  |  in |   27|   ap_none  |            kernel_window_183_V_read            |    scalar    |
|kernel_window_184_V_read  |  in |   27|   ap_none  |            kernel_window_184_V_read            |    scalar    |
|kernel_window_185_V_read  |  in |   27|   ap_none  |            kernel_window_185_V_read            |    scalar    |
|kernel_window_186_V_read  |  in |   27|   ap_none  |            kernel_window_186_V_read            |    scalar    |
|kernel_window_187_V_read  |  in |   27|   ap_none  |            kernel_window_187_V_read            |    scalar    |
|kernel_window_188_V_read  |  in |   27|   ap_none  |            kernel_window_188_V_read            |    scalar    |
|kernel_window_189_V_read  |  in |   27|   ap_none  |            kernel_window_189_V_read            |    scalar    |
|kernel_window_190_V_read  |  in |   27|   ap_none  |            kernel_window_190_V_read            |    scalar    |
|kernel_window_191_V_read  |  in |   27|   ap_none  |            kernel_window_191_V_read            |    scalar    |
|kernel_window_208_V_read  |  in |   27|   ap_none  |            kernel_window_208_V_read            |    scalar    |
|kernel_window_209_V_read  |  in |   27|   ap_none  |            kernel_window_209_V_read            |    scalar    |
|kernel_window_210_V_read  |  in |   27|   ap_none  |            kernel_window_210_V_read            |    scalar    |
|kernel_window_211_V_read  |  in |   27|   ap_none  |            kernel_window_211_V_read            |    scalar    |
|kernel_window_212_V_read  |  in |   27|   ap_none  |            kernel_window_212_V_read            |    scalar    |
|kernel_window_213_V_read  |  in |   27|   ap_none  |            kernel_window_213_V_read            |    scalar    |
|kernel_window_214_V_read  |  in |   27|   ap_none  |            kernel_window_214_V_read            |    scalar    |
|kernel_window_215_V_read  |  in |   27|   ap_none  |            kernel_window_215_V_read            |    scalar    |
|kernel_window_216_V_read  |  in |   27|   ap_none  |            kernel_window_216_V_read            |    scalar    |
|kernel_window_217_V_read  |  in |   27|   ap_none  |            kernel_window_217_V_read            |    scalar    |
|kernel_window_218_V_read  |  in |   27|   ap_none  |            kernel_window_218_V_read            |    scalar    |
|kernel_window_219_V_read  |  in |   27|   ap_none  |            kernel_window_219_V_read            |    scalar    |
|kernel_window_220_V_read  |  in |   27|   ap_none  |            kernel_window_220_V_read            |    scalar    |
|kernel_window_221_V_read  |  in |   27|   ap_none  |            kernel_window_221_V_read            |    scalar    |
|kernel_window_222_V_read  |  in |   27|   ap_none  |            kernel_window_222_V_read            |    scalar    |
|kernel_window_223_V_read  |  in |   27|   ap_none  |            kernel_window_223_V_read            |    scalar    |
|kernel_window_224_V_read  |  in |   27|   ap_none  |            kernel_window_224_V_read            |    scalar    |
|kernel_window_225_V_read  |  in |   27|   ap_none  |            kernel_window_225_V_read            |    scalar    |
|kernel_window_226_V_read  |  in |   27|   ap_none  |            kernel_window_226_V_read            |    scalar    |
|kernel_window_227_V_read  |  in |   27|   ap_none  |            kernel_window_227_V_read            |    scalar    |
|kernel_window_228_V_read  |  in |   27|   ap_none  |            kernel_window_228_V_read            |    scalar    |
|kernel_window_229_V_read  |  in |   27|   ap_none  |            kernel_window_229_V_read            |    scalar    |
|kernel_window_230_V_read  |  in |   27|   ap_none  |            kernel_window_230_V_read            |    scalar    |
|kernel_window_231_V_read  |  in |   27|   ap_none  |            kernel_window_231_V_read            |    scalar    |
|kernel_window_232_V_read  |  in |   27|   ap_none  |            kernel_window_232_V_read            |    scalar    |
|kernel_window_233_V_read  |  in |   27|   ap_none  |            kernel_window_233_V_read            |    scalar    |
|kernel_window_234_V_read  |  in |   27|   ap_none  |            kernel_window_234_V_read            |    scalar    |
|kernel_window_235_V_read  |  in |   27|   ap_none  |            kernel_window_235_V_read            |    scalar    |
|kernel_window_236_V_read  |  in |   27|   ap_none  |            kernel_window_236_V_read            |    scalar    |
|kernel_window_237_V_read  |  in |   27|   ap_none  |            kernel_window_237_V_read            |    scalar    |
|kernel_window_238_V_read  |  in |   27|   ap_none  |            kernel_window_238_V_read            |    scalar    |
|kernel_window_239_V_read  |  in |   27|   ap_none  |            kernel_window_239_V_read            |    scalar    |
|kernel_window_240_V_read  |  in |   27|   ap_none  |            kernel_window_240_V_read            |    scalar    |
|kernel_window_241_V_read  |  in |   27|   ap_none  |            kernel_window_241_V_read            |    scalar    |
|kernel_window_242_V_read  |  in |   27|   ap_none  |            kernel_window_242_V_read            |    scalar    |
|kernel_window_243_V_read  |  in |   27|   ap_none  |            kernel_window_243_V_read            |    scalar    |
|kernel_window_244_V_read  |  in |   27|   ap_none  |            kernel_window_244_V_read            |    scalar    |
|kernel_window_245_V_read  |  in |   27|   ap_none  |            kernel_window_245_V_read            |    scalar    |
|kernel_window_246_V_read  |  in |   27|   ap_none  |            kernel_window_246_V_read            |    scalar    |
|kernel_window_247_V_read  |  in |   27|   ap_none  |            kernel_window_247_V_read            |    scalar    |
|kernel_window_248_V_read  |  in |   27|   ap_none  |            kernel_window_248_V_read            |    scalar    |
|kernel_window_249_V_read  |  in |   27|   ap_none  |            kernel_window_249_V_read            |    scalar    |
|kernel_window_250_V_read  |  in |   27|   ap_none  |            kernel_window_250_V_read            |    scalar    |
|kernel_window_251_V_read  |  in |   27|   ap_none  |            kernel_window_251_V_read            |    scalar    |
|kernel_window_252_V_read  |  in |   27|   ap_none  |            kernel_window_252_V_read            |    scalar    |
|kernel_window_253_V_read  |  in |   27|   ap_none  |            kernel_window_253_V_read            |    scalar    |
|kernel_window_254_V_read  |  in |   27|   ap_none  |            kernel_window_254_V_read            |    scalar    |
|kernel_window_255_V_read  |  in |   27|   ap_none  |            kernel_window_255_V_read            |    scalar    |
+--------------------------+-----+-----+------------+------------------------------------------------+--------------+

