Copyright 1986-2020 Xilinx, Inc. All Rights Reserved.
-------------------------------------------------------------------------------------------------------------------------------------------------------------------------------------------------------
| Tool Version : Vivado v.2020.1 (lin64) Build 2902540 Wed May 27 19:54:35 MDT 2020
| Date         : Sat Aug  8 09:26:38 2020
| Host         : cleopatra.nevis.columbia.edu running 64-bit CentOS Linux release 7.9.2009 (Core)
| Command      : report_accelerator_utilization -kernels { krnl_rtl:pfm_top_i/dynamic_region/krnl_rtl_1/inst:krnl_rtl_1} -file ../../../output/kernel_util_synthed.rpt -name kernel_util_synthed -json
| Design       : pfm_top_wrapper
| Device       : xcu250
| Design State : Synthesized
-------------------------------------------------------------------------------------------------------------------------------------------------------------------------------------------------------

Accelerator Utilization Design Information

Table of Contents
-----------------
1. System Utilization

1. System Utilization
---------------------

+---------------------+-------------------+------------------+-------------------+----------------+----------------+-----------------+
| Name                | LUT               | LUTAsMem         | REG               | BRAM           | URAM           | DSP             |
+---------------------+-------------------+------------------+-------------------+----------------+----------------+-----------------+
| Platform            |  167981 [  9.73%] |  18537 [  2.34%] |  242327 [  7.02%] |  257 [  9.56%] |    0 [  0.00%] |     7 [  0.06%] |
| User Budget         | 1559059 [100.00%] | 772023 [100.00%] | 3211753 [100.00%] | 2431 [100.00%] | 1280 [100.00%] | 12281 [100.00%] |
|    Used Resources   |   40134 [  2.57%] |   1487 [  0.19%] |   29098 [  0.91%] |   70 [  2.88%] |    0 [  0.00%] |    11 [  0.09%] |
|    Unused Resources | 1518925 [ 97.43%] | 770536 [ 99.81%] | 3182655 [ 99.09%] | 2361 [ 97.12%] | 1280 [100.00%] | 12270 [ 99.91%] |
| krnl_rtl            |   40134 [  2.57%] |   1487 [  0.19%] |   29098 [  0.91%] |   70 [  2.88%] |    0 [  0.00%] |    11 [  0.09%] |
|    krnl_rtl_1       |   40134 [  2.57%] |   1487 [  0.19%] |   29098 [  0.91%] |   70 [  2.88%] |    0 [  0.00%] |    11 [  0.09%] |
+---------------------+-------------------+------------------+-------------------+----------------+----------------+-----------------+


