

================================================================
== Vivado HLS Report for 'dense_array_array_ap_fixed_27_9_5_3_0_12u_config11_s'
================================================================
* Date:           Sat Aug  8 08:21:48 2020

* Version:        2020.1 (Build 2897737 on Wed May 27 20:21:37 MDT 2020)
* Project:        myproject_prj
* Solution:       solution1
* Product family: virtexuplus
* Target device:  xcu250-figd2104-2L-e


================================================================
== Performance Estimates
================================================================
+ Timing: 
    * Summary: 
    +--------+---------+----------+------------+
    |  Clock |  Target | Estimated| Uncertainty|
    +--------+---------+----------+------------+
    |ap_clk  | 5.00 ns | 4.370 ns |   0.62 ns  |
    +--------+---------+----------+------------+

+ Latency: 
    * Summary: 
    +---------+---------+----------+----------+-----+-----+---------+
    |  Latency (cycles) |  Latency (absolute) |  Interval | Pipeline|
    |   min   |   max   |    min   |    max   | min | max |   Type  |
    +---------+---------+----------+----------+-----+-----+---------+
    |       20|       20| 0.100 us | 0.100 us |   20|   20|   none  |
    +---------+---------+----------+----------+-----+-----+---------+

    + Detail: 
        * Instance: 
        N/A

        * Loop: 
        +---------------+---------+---------+----------+-----------+-----------+------+----------+
        |               |  Latency (cycles) | Iteration|  Initiation Interval  | Trip |          |
        |   Loop Name   |   min   |   max   |  Latency |  achieved |   target  | Count| Pipelined|
        +---------------+---------+---------+----------+-----------+-----------+------+----------+
        |- DataPrepare  |       16|       16|         2|          1|          1|    16|    yes   |
        +---------------+---------+---------+----------+-----------+-----------+------+----------+

============================================================
+ Verbose Summary: Synthesis Manager
============================================================
InlineROM: 1
ExposeGlobal: 0
============================================================
+ Verbose Summary: CDFG Model
============================================================
IsTopModel: 0
ResetActiveHigh: 1
IsCombinational: 2
IsDatapathOnly: 0
HasWiredReturn: 1
HasMFsm: 0
HasVarLatency: 1
IsPipeline: 0
IsRtlPipelined: 0
IsInstanceOverlapped: 0
IsDontTouch: 0
HasImplIP: 0
IsGatedGlobalClock: 0

+ Individual pipeline summary: 
  * Pipeline-0: initiation interval (II) = 1, depth = 2


============================================================
+ Verbose Summary: Schedule
============================================================
* Number of FSM states : 5
* Pipeline : 1
  Pipeline-0 : II = 1, D = 2, States = { 2 3 }
* Dataflow Pipeline: 0

* FSM state transitions: 
1 --> 2 
2 --> 4 3 
3 --> 2 
4 --> 5 
5 --> 

* FSM state operations: 

State 1 <SV = 0> <Delay = 0.60>
ST_1 : Operation 6 [1/1] (0.00ns)   --->   "%data_243_V = alloca i27"   --->   Operation 6 'alloca' 'data_243_V' <Predicate = true> <Delay = 0.00>
ST_1 : Operation 7 [1/1] (0.00ns)   --->   "%data_250_V = alloca i27"   --->   Operation 7 'alloca' 'data_250_V' <Predicate = true> <Delay = 0.00>
ST_1 : Operation 8 [1/1] (0.00ns)   --->   "%data_243_V_1 = alloca i27"   --->   Operation 8 'alloca' 'data_243_V_1' <Predicate = true> <Delay = 0.00>
ST_1 : Operation 9 [1/1] (0.00ns)   --->   "%data_249_V = alloca i27"   --->   Operation 9 'alloca' 'data_249_V' <Predicate = true> <Delay = 0.00>
ST_1 : Operation 10 [1/1] (0.00ns)   --->   "%data_247_V = alloca i27"   --->   Operation 10 'alloca' 'data_247_V' <Predicate = true> <Delay = 0.00>
ST_1 : Operation 11 [1/1] (0.00ns)   --->   "%data_243_V_2 = alloca i27"   --->   Operation 11 'alloca' 'data_243_V_2' <Predicate = true> <Delay = 0.00>
ST_1 : Operation 12 [1/1] (0.00ns)   --->   "%data_247_V_1 = alloca i27"   --->   Operation 12 'alloca' 'data_247_V_1' <Predicate = true> <Delay = 0.00>
ST_1 : Operation 13 [1/1] (0.00ns)   --->   "%data_250_V_1 = alloca i27"   --->   Operation 13 'alloca' 'data_250_V_1' <Predicate = true> <Delay = 0.00>
ST_1 : Operation 14 [1/1] (0.00ns)   --->   "%data_249_V_1 = alloca i27"   --->   Operation 14 'alloca' 'data_249_V_1' <Predicate = true> <Delay = 0.00>
ST_1 : Operation 15 [1/1] (0.00ns)   --->   "%data_250_V_2 = alloca i27"   --->   Operation 15 'alloca' 'data_250_V_2' <Predicate = true> <Delay = 0.00>
ST_1 : Operation 16 [1/1] (0.00ns)   --->   "%data_249_V_2 = alloca i27"   --->   Operation 16 'alloca' 'data_249_V_2' <Predicate = true> <Delay = 0.00>
ST_1 : Operation 17 [1/1] (0.00ns)   --->   "%data_247_V_2 = alloca i27"   --->   Operation 17 'alloca' 'data_247_V_2' <Predicate = true> <Delay = 0.00>
ST_1 : Operation 18 [1/1] (0.00ns)   --->   "%data_243_V_3 = alloca i27"   --->   Operation 18 'alloca' 'data_243_V_3' <Predicate = true> <Delay = 0.00>
ST_1 : Operation 19 [1/1] (0.00ns)   --->   "%data_250_V_3 = alloca i27"   --->   Operation 19 'alloca' 'data_250_V_3' <Predicate = true> <Delay = 0.00>
ST_1 : Operation 20 [1/1] (0.00ns)   --->   "%data_249_V_3 = alloca i27"   --->   Operation 20 'alloca' 'data_249_V_3' <Predicate = true> <Delay = 0.00>
ST_1 : Operation 21 [1/1] (0.00ns)   --->   "%data_247_V_3 = alloca i27"   --->   Operation 21 'alloca' 'data_247_V_3' <Predicate = true> <Delay = 0.00>
ST_1 : Operation 22 [1/1] (0.00ns)   --->   "%data_243_V_4 = alloca i27"   --->   Operation 22 'alloca' 'data_243_V_4' <Predicate = true> <Delay = 0.00>
ST_1 : Operation 23 [1/1] (0.00ns)   --->   "%data_250_V_4 = alloca i27"   --->   Operation 23 'alloca' 'data_250_V_4' <Predicate = true> <Delay = 0.00>
ST_1 : Operation 24 [1/1] (0.00ns)   --->   "%data_249_V_4 = alloca i27"   --->   Operation 24 'alloca' 'data_249_V_4' <Predicate = true> <Delay = 0.00>
ST_1 : Operation 25 [1/1] (0.00ns)   --->   "%data_247_V_4 = alloca i27"   --->   Operation 25 'alloca' 'data_247_V_4' <Predicate = true> <Delay = 0.00>
ST_1 : Operation 26 [1/1] (0.00ns)   --->   "%data_250_V_5 = alloca i27"   --->   Operation 26 'alloca' 'data_250_V_5' <Predicate = true> <Delay = 0.00>
ST_1 : Operation 27 [1/1] (0.00ns)   --->   "%data_247_V_5 = alloca i27"   --->   Operation 27 'alloca' 'data_247_V_5' <Predicate = true> <Delay = 0.00>
ST_1 : Operation 28 [1/1] (0.00ns)   --->   "%data_249_V_5 = alloca i27"   --->   Operation 28 'alloca' 'data_249_V_5' <Predicate = true> <Delay = 0.00>
ST_1 : Operation 29 [1/1] (0.00ns)   --->   "%data_247_V_6 = alloca i27"   --->   Operation 29 'alloca' 'data_247_V_6' <Predicate = true> <Delay = 0.00>
ST_1 : Operation 30 [1/1] (0.00ns)   --->   "%data_243_V_5 = alloca i27"   --->   Operation 30 'alloca' 'data_243_V_5' <Predicate = true> <Delay = 0.00>
ST_1 : Operation 31 [1/1] (0.00ns)   --->   "%data_247_V_7 = alloca i27"   --->   Operation 31 'alloca' 'data_247_V_7' <Predicate = true> <Delay = 0.00>
ST_1 : Operation 32 [1/1] (0.00ns)   --->   "%data_249_V_6 = alloca i27"   --->   Operation 32 'alloca' 'data_249_V_6' <Predicate = true> <Delay = 0.00>
ST_1 : Operation 33 [1/1] (0.00ns)   --->   "%data_250_V_6 = alloca i27"   --->   Operation 33 'alloca' 'data_250_V_6' <Predicate = true> <Delay = 0.00>
ST_1 : Operation 34 [1/1] (0.00ns)   --->   "%data_249_V_7 = alloca i27"   --->   Operation 34 'alloca' 'data_249_V_7' <Predicate = true> <Delay = 0.00>
ST_1 : Operation 35 [1/1] (0.00ns)   --->   "%data_247_V_8 = alloca i27"   --->   Operation 35 'alloca' 'data_247_V_8' <Predicate = true> <Delay = 0.00>
ST_1 : Operation 36 [1/1] (0.00ns)   --->   "%data_250_V_7 = alloca i27"   --->   Operation 36 'alloca' 'data_250_V_7' <Predicate = true> <Delay = 0.00>
ST_1 : Operation 37 [1/1] (0.00ns)   --->   "%data_249_V_8 = alloca i27"   --->   Operation 37 'alloca' 'data_249_V_8' <Predicate = true> <Delay = 0.00>
ST_1 : Operation 38 [1/1] (0.00ns)   --->   "%data_247_V_9 = alloca i27"   --->   Operation 38 'alloca' 'data_247_V_9' <Predicate = true> <Delay = 0.00>
ST_1 : Operation 39 [1/1] (0.00ns)   --->   "%data_243_V_6 = alloca i27"   --->   Operation 39 'alloca' 'data_243_V_6' <Predicate = true> <Delay = 0.00>
ST_1 : Operation 40 [1/1] (0.00ns)   --->   "%data_243_V_7 = alloca i27"   --->   Operation 40 'alloca' 'data_243_V_7' <Predicate = true> <Delay = 0.00>
ST_1 : Operation 41 [1/1] (0.00ns)   --->   "%data_250_V_8 = alloca i27"   --->   Operation 41 'alloca' 'data_250_V_8' <Predicate = true> <Delay = 0.00>
ST_1 : Operation 42 [1/1] (0.00ns)   --->   "%data_249_V_9 = alloca i27"   --->   Operation 42 'alloca' 'data_249_V_9' <Predicate = true> <Delay = 0.00>
ST_1 : Operation 43 [1/1] (0.00ns)   --->   "%data_247_V_10 = alloca i27"   --->   Operation 43 'alloca' 'data_247_V_10' <Predicate = true> <Delay = 0.00>
ST_1 : Operation 44 [1/1] (0.00ns)   --->   "%data_247_V_11 = alloca i27"   --->   Operation 44 'alloca' 'data_247_V_11' <Predicate = true> <Delay = 0.00>
ST_1 : Operation 45 [1/1] (0.00ns)   --->   "%data_243_V_8 = alloca i27"   --->   Operation 45 'alloca' 'data_243_V_8' <Predicate = true> <Delay = 0.00>
ST_1 : Operation 46 [1/1] (0.00ns)   --->   "%data_249_V_10 = alloca i27"   --->   Operation 46 'alloca' 'data_249_V_10' <Predicate = true> <Delay = 0.00>
ST_1 : Operation 47 [1/1] (0.00ns)   --->   "%data_250_V_9 = alloca i27"   --->   Operation 47 'alloca' 'data_250_V_9' <Predicate = true> <Delay = 0.00>
ST_1 : Operation 48 [1/1] (0.00ns)   --->   "%data_249_V_11 = alloca i27"   --->   Operation 48 'alloca' 'data_249_V_11' <Predicate = true> <Delay = 0.00>
ST_1 : Operation 49 [1/1] (0.00ns)   --->   "%data_247_V_12 = alloca i27"   --->   Operation 49 'alloca' 'data_247_V_12' <Predicate = true> <Delay = 0.00>
ST_1 : Operation 50 [1/1] (0.00ns)   --->   "%data_243_V_9 = alloca i27"   --->   Operation 50 'alloca' 'data_243_V_9' <Predicate = true> <Delay = 0.00>
ST_1 : Operation 51 [1/1] (0.00ns)   --->   "%data_243_V_10 = alloca i27"   --->   Operation 51 'alloca' 'data_243_V_10' <Predicate = true> <Delay = 0.00>
ST_1 : Operation 52 [1/1] (0.00ns)   --->   "%data_247_V_13 = alloca i27"   --->   Operation 52 'alloca' 'data_247_V_13' <Predicate = true> <Delay = 0.00>
ST_1 : Operation 53 [1/1] (0.00ns)   --->   "%data_249_V_12 = alloca i27"   --->   Operation 53 'alloca' 'data_249_V_12' <Predicate = true> <Delay = 0.00>
ST_1 : Operation 54 [1/1] (0.00ns)   --->   "%data_247_V_14 = alloca i27"   --->   Operation 54 'alloca' 'data_247_V_14' <Predicate = true> <Delay = 0.00>
ST_1 : Operation 55 [1/1] (0.00ns)   --->   "%data_243_V_11 = alloca i27"   --->   Operation 55 'alloca' 'data_243_V_11' <Predicate = true> <Delay = 0.00>
ST_1 : Operation 56 [1/1] (0.00ns)   --->   "%data_247_V_15 = alloca i27"   --->   Operation 56 'alloca' 'data_247_V_15' <Predicate = true> <Delay = 0.00>
ST_1 : Operation 57 [1/1] (0.00ns)   --->   "%data_243_V_12 = alloca i27"   --->   Operation 57 'alloca' 'data_243_V_12' <Predicate = true> <Delay = 0.00>
ST_1 : Operation 58 [1/1] (0.00ns)   --->   "%data_240_V = alloca i27"   --->   Operation 58 'alloca' 'data_240_V' <Predicate = true> <Delay = 0.00>
ST_1 : Operation 59 [1/1] (0.00ns)   --->   "%data_240_V_1 = alloca i27"   --->   Operation 59 'alloca' 'data_240_V_1' <Predicate = true> <Delay = 0.00>
ST_1 : Operation 60 [1/1] (0.00ns)   --->   "%data_240_V_2 = alloca i27"   --->   Operation 60 'alloca' 'data_240_V_2' <Predicate = true> <Delay = 0.00>
ST_1 : Operation 61 [1/1] (0.00ns)   --->   "%data_240_V_3 = alloca i27"   --->   Operation 61 'alloca' 'data_240_V_3' <Predicate = true> <Delay = 0.00>
ST_1 : Operation 62 [1/1] (0.00ns)   --->   "%data_240_V_4 = alloca i27"   --->   Operation 62 'alloca' 'data_240_V_4' <Predicate = true> <Delay = 0.00>
ST_1 : Operation 63 [1/1] (0.00ns)   --->   "%data_240_V_5 = alloca i27"   --->   Operation 63 'alloca' 'data_240_V_5' <Predicate = true> <Delay = 0.00>
ST_1 : Operation 64 [1/1] (0.00ns)   --->   "%data_240_V_6 = alloca i27"   --->   Operation 64 'alloca' 'data_240_V_6' <Predicate = true> <Delay = 0.00>
ST_1 : Operation 65 [1/1] (0.00ns)   --->   "%data_240_V_7 = alloca i27"   --->   Operation 65 'alloca' 'data_240_V_7' <Predicate = true> <Delay = 0.00>
ST_1 : Operation 66 [1/1] (0.00ns)   --->   "%data_240_V_8 = alloca i27"   --->   Operation 66 'alloca' 'data_240_V_8' <Predicate = true> <Delay = 0.00>
ST_1 : Operation 67 [1/1] (0.00ns)   --->   "%data_240_V_9 = alloca i27"   --->   Operation 67 'alloca' 'data_240_V_9' <Predicate = true> <Delay = 0.00>
ST_1 : Operation 68 [1/1] (0.00ns)   --->   "call void (...)* @_ssdm_op_SpecInterface(i27* %res_stream_V_data_11_V, [8 x i8]* @ap_fifo_str, i32 0, i32 0, [1 x i8]* @p_str, i32 0, i32 0, [1 x i8]* @p_str, [1 x i8]* @p_str, [1 x i8]* @p_str, i32 2, i32 2, i32 16, i32 16, [1 x i8]* @p_str, [1 x i8]* @p_str)"   --->   Operation 68 'specinterface' <Predicate = true> <Delay = 0.00>
ST_1 : Operation 69 [1/1] (0.00ns)   --->   "call void (...)* @_ssdm_op_SpecInterface(i27* %res_stream_V_data_10_V, [8 x i8]* @ap_fifo_str, i32 0, i32 0, [1 x i8]* @p_str, i32 0, i32 0, [1 x i8]* @p_str, [1 x i8]* @p_str, [1 x i8]* @p_str, i32 2, i32 2, i32 16, i32 16, [1 x i8]* @p_str, [1 x i8]* @p_str)"   --->   Operation 69 'specinterface' <Predicate = true> <Delay = 0.00>
ST_1 : Operation 70 [1/1] (0.00ns)   --->   "call void (...)* @_ssdm_op_SpecInterface(i27* %res_stream_V_data_9_V, [8 x i8]* @ap_fifo_str, i32 0, i32 0, [1 x i8]* @p_str, i32 0, i32 0, [1 x i8]* @p_str, [1 x i8]* @p_str, [1 x i8]* @p_str, i32 2, i32 2, i32 16, i32 16, [1 x i8]* @p_str, [1 x i8]* @p_str)"   --->   Operation 70 'specinterface' <Predicate = true> <Delay = 0.00>
ST_1 : Operation 71 [1/1] (0.00ns)   --->   "call void (...)* @_ssdm_op_SpecInterface(i27* %res_stream_V_data_8_V, [8 x i8]* @ap_fifo_str, i32 0, i32 0, [1 x i8]* @p_str, i32 0, i32 0, [1 x i8]* @p_str, [1 x i8]* @p_str, [1 x i8]* @p_str, i32 2, i32 2, i32 16, i32 16, [1 x i8]* @p_str, [1 x i8]* @p_str)"   --->   Operation 71 'specinterface' <Predicate = true> <Delay = 0.00>
ST_1 : Operation 72 [1/1] (0.00ns)   --->   "call void (...)* @_ssdm_op_SpecInterface(i27* %res_stream_V_data_7_V, [8 x i8]* @ap_fifo_str, i32 0, i32 0, [1 x i8]* @p_str, i32 0, i32 0, [1 x i8]* @p_str, [1 x i8]* @p_str, [1 x i8]* @p_str, i32 2, i32 2, i32 16, i32 16, [1 x i8]* @p_str, [1 x i8]* @p_str)"   --->   Operation 72 'specinterface' <Predicate = true> <Delay = 0.00>
ST_1 : Operation 73 [1/1] (0.00ns)   --->   "call void (...)* @_ssdm_op_SpecInterface(i27* %res_stream_V_data_6_V, [8 x i8]* @ap_fifo_str, i32 0, i32 0, [1 x i8]* @p_str, i32 0, i32 0, [1 x i8]* @p_str, [1 x i8]* @p_str, [1 x i8]* @p_str, i32 2, i32 2, i32 16, i32 16, [1 x i8]* @p_str, [1 x i8]* @p_str)"   --->   Operation 73 'specinterface' <Predicate = true> <Delay = 0.00>
ST_1 : Operation 74 [1/1] (0.00ns)   --->   "call void (...)* @_ssdm_op_SpecInterface(i27* %res_stream_V_data_5_V, [8 x i8]* @ap_fifo_str, i32 0, i32 0, [1 x i8]* @p_str, i32 0, i32 0, [1 x i8]* @p_str, [1 x i8]* @p_str, [1 x i8]* @p_str, i32 2, i32 2, i32 16, i32 16, [1 x i8]* @p_str, [1 x i8]* @p_str)"   --->   Operation 74 'specinterface' <Predicate = true> <Delay = 0.00>
ST_1 : Operation 75 [1/1] (0.00ns)   --->   "call void (...)* @_ssdm_op_SpecInterface(i27* %res_stream_V_data_4_V, [8 x i8]* @ap_fifo_str, i32 0, i32 0, [1 x i8]* @p_str, i32 0, i32 0, [1 x i8]* @p_str, [1 x i8]* @p_str, [1 x i8]* @p_str, i32 2, i32 2, i32 16, i32 16, [1 x i8]* @p_str, [1 x i8]* @p_str)"   --->   Operation 75 'specinterface' <Predicate = true> <Delay = 0.00>
ST_1 : Operation 76 [1/1] (0.00ns)   --->   "call void (...)* @_ssdm_op_SpecInterface(i27* %res_stream_V_data_3_V, [8 x i8]* @ap_fifo_str, i32 0, i32 0, [1 x i8]* @p_str, i32 0, i32 0, [1 x i8]* @p_str, [1 x i8]* @p_str, [1 x i8]* @p_str, i32 2, i32 2, i32 16, i32 16, [1 x i8]* @p_str, [1 x i8]* @p_str)"   --->   Operation 76 'specinterface' <Predicate = true> <Delay = 0.00>
ST_1 : Operation 77 [1/1] (0.00ns)   --->   "call void (...)* @_ssdm_op_SpecInterface(i27* %res_stream_V_data_2_V, [8 x i8]* @ap_fifo_str, i32 0, i32 0, [1 x i8]* @p_str, i32 0, i32 0, [1 x i8]* @p_str, [1 x i8]* @p_str, [1 x i8]* @p_str, i32 2, i32 2, i32 16, i32 16, [1 x i8]* @p_str, [1 x i8]* @p_str)"   --->   Operation 77 'specinterface' <Predicate = true> <Delay = 0.00>
ST_1 : Operation 78 [1/1] (0.00ns)   --->   "call void (...)* @_ssdm_op_SpecInterface(i27* %res_stream_V_data_1_V, [8 x i8]* @ap_fifo_str, i32 0, i32 0, [1 x i8]* @p_str, i32 0, i32 0, [1 x i8]* @p_str, [1 x i8]* @p_str, [1 x i8]* @p_str, i32 2, i32 2, i32 16, i32 16, [1 x i8]* @p_str, [1 x i8]* @p_str)"   --->   Operation 78 'specinterface' <Predicate = true> <Delay = 0.00>
ST_1 : Operation 79 [1/1] (0.00ns)   --->   "call void (...)* @_ssdm_op_SpecInterface(i27* %res_stream_V_data_0_V, [8 x i8]* @ap_fifo_str, i32 0, i32 0, [1 x i8]* @p_str, i32 0, i32 0, [1 x i8]* @p_str, [1 x i8]* @p_str, [1 x i8]* @p_str, i32 2, i32 2, i32 16, i32 16, [1 x i8]* @p_str, [1 x i8]* @p_str)"   --->   Operation 79 'specinterface' <Predicate = true> <Delay = 0.00>
ST_1 : Operation 80 [1/1] (0.00ns)   --->   "call void (...)* @_ssdm_op_SpecInterface(i27* %data_stream_V_data_15_V, [8 x i8]* @ap_fifo_str, i32 0, i32 0, [1 x i8]* @p_str, i32 0, i32 0, [1 x i8]* @p_str, [1 x i8]* @p_str, [1 x i8]* @p_str, i32 2, i32 2, i32 16, i32 16, [1 x i8]* @p_str, [1 x i8]* @p_str)"   --->   Operation 80 'specinterface' <Predicate = true> <Delay = 0.00>
ST_1 : Operation 81 [1/1] (0.00ns)   --->   "call void (...)* @_ssdm_op_SpecInterface(i27* %data_stream_V_data_14_V, [8 x i8]* @ap_fifo_str, i32 0, i32 0, [1 x i8]* @p_str, i32 0, i32 0, [1 x i8]* @p_str, [1 x i8]* @p_str, [1 x i8]* @p_str, i32 2, i32 2, i32 16, i32 16, [1 x i8]* @p_str, [1 x i8]* @p_str)"   --->   Operation 81 'specinterface' <Predicate = true> <Delay = 0.00>
ST_1 : Operation 82 [1/1] (0.00ns)   --->   "call void (...)* @_ssdm_op_SpecInterface(i27* %data_stream_V_data_13_V, [8 x i8]* @ap_fifo_str, i32 0, i32 0, [1 x i8]* @p_str, i32 0, i32 0, [1 x i8]* @p_str, [1 x i8]* @p_str, [1 x i8]* @p_str, i32 2, i32 2, i32 16, i32 16, [1 x i8]* @p_str, [1 x i8]* @p_str)"   --->   Operation 82 'specinterface' <Predicate = true> <Delay = 0.00>
ST_1 : Operation 83 [1/1] (0.00ns)   --->   "call void (...)* @_ssdm_op_SpecInterface(i27* %data_stream_V_data_12_V, [8 x i8]* @ap_fifo_str, i32 0, i32 0, [1 x i8]* @p_str, i32 0, i32 0, [1 x i8]* @p_str, [1 x i8]* @p_str, [1 x i8]* @p_str, i32 2, i32 2, i32 16, i32 16, [1 x i8]* @p_str, [1 x i8]* @p_str)"   --->   Operation 83 'specinterface' <Predicate = true> <Delay = 0.00>
ST_1 : Operation 84 [1/1] (0.00ns)   --->   "call void (...)* @_ssdm_op_SpecInterface(i27* %data_stream_V_data_11_V, [8 x i8]* @ap_fifo_str, i32 0, i32 0, [1 x i8]* @p_str, i32 0, i32 0, [1 x i8]* @p_str, [1 x i8]* @p_str, [1 x i8]* @p_str, i32 2, i32 2, i32 16, i32 16, [1 x i8]* @p_str, [1 x i8]* @p_str)"   --->   Operation 84 'specinterface' <Predicate = true> <Delay = 0.00>
ST_1 : Operation 85 [1/1] (0.00ns)   --->   "call void (...)* @_ssdm_op_SpecInterface(i27* %data_stream_V_data_10_V, [8 x i8]* @ap_fifo_str, i32 0, i32 0, [1 x i8]* @p_str, i32 0, i32 0, [1 x i8]* @p_str, [1 x i8]* @p_str, [1 x i8]* @p_str, i32 2, i32 2, i32 16, i32 16, [1 x i8]* @p_str, [1 x i8]* @p_str)"   --->   Operation 85 'specinterface' <Predicate = true> <Delay = 0.00>
ST_1 : Operation 86 [1/1] (0.00ns)   --->   "call void (...)* @_ssdm_op_SpecInterface(i27* %data_stream_V_data_9_V, [8 x i8]* @ap_fifo_str, i32 0, i32 0, [1 x i8]* @p_str, i32 0, i32 0, [1 x i8]* @p_str, [1 x i8]* @p_str, [1 x i8]* @p_str, i32 2, i32 2, i32 16, i32 16, [1 x i8]* @p_str, [1 x i8]* @p_str)"   --->   Operation 86 'specinterface' <Predicate = true> <Delay = 0.00>
ST_1 : Operation 87 [1/1] (0.00ns)   --->   "call void (...)* @_ssdm_op_SpecInterface(i27* %data_stream_V_data_8_V, [8 x i8]* @ap_fifo_str, i32 0, i32 0, [1 x i8]* @p_str, i32 0, i32 0, [1 x i8]* @p_str, [1 x i8]* @p_str, [1 x i8]* @p_str, i32 2, i32 2, i32 16, i32 16, [1 x i8]* @p_str, [1 x i8]* @p_str)"   --->   Operation 87 'specinterface' <Predicate = true> <Delay = 0.00>
ST_1 : Operation 88 [1/1] (0.00ns)   --->   "call void (...)* @_ssdm_op_SpecInterface(i27* %data_stream_V_data_7_V, [8 x i8]* @ap_fifo_str, i32 0, i32 0, [1 x i8]* @p_str, i32 0, i32 0, [1 x i8]* @p_str, [1 x i8]* @p_str, [1 x i8]* @p_str, i32 2, i32 2, i32 16, i32 16, [1 x i8]* @p_str, [1 x i8]* @p_str)"   --->   Operation 88 'specinterface' <Predicate = true> <Delay = 0.00>
ST_1 : Operation 89 [1/1] (0.00ns)   --->   "call void (...)* @_ssdm_op_SpecInterface(i27* %data_stream_V_data_6_V, [8 x i8]* @ap_fifo_str, i32 0, i32 0, [1 x i8]* @p_str, i32 0, i32 0, [1 x i8]* @p_str, [1 x i8]* @p_str, [1 x i8]* @p_str, i32 2, i32 2, i32 16, i32 16, [1 x i8]* @p_str, [1 x i8]* @p_str)"   --->   Operation 89 'specinterface' <Predicate = true> <Delay = 0.00>
ST_1 : Operation 90 [1/1] (0.00ns)   --->   "call void (...)* @_ssdm_op_SpecInterface(i27* %data_stream_V_data_5_V, [8 x i8]* @ap_fifo_str, i32 0, i32 0, [1 x i8]* @p_str, i32 0, i32 0, [1 x i8]* @p_str, [1 x i8]* @p_str, [1 x i8]* @p_str, i32 2, i32 2, i32 16, i32 16, [1 x i8]* @p_str, [1 x i8]* @p_str)"   --->   Operation 90 'specinterface' <Predicate = true> <Delay = 0.00>
ST_1 : Operation 91 [1/1] (0.00ns)   --->   "call void (...)* @_ssdm_op_SpecInterface(i27* %data_stream_V_data_4_V, [8 x i8]* @ap_fifo_str, i32 0, i32 0, [1 x i8]* @p_str, i32 0, i32 0, [1 x i8]* @p_str, [1 x i8]* @p_str, [1 x i8]* @p_str, i32 2, i32 2, i32 16, i32 16, [1 x i8]* @p_str, [1 x i8]* @p_str)"   --->   Operation 91 'specinterface' <Predicate = true> <Delay = 0.00>
ST_1 : Operation 92 [1/1] (0.00ns)   --->   "call void (...)* @_ssdm_op_SpecInterface(i27* %data_stream_V_data_3_V, [8 x i8]* @ap_fifo_str, i32 0, i32 0, [1 x i8]* @p_str, i32 0, i32 0, [1 x i8]* @p_str, [1 x i8]* @p_str, [1 x i8]* @p_str, i32 2, i32 2, i32 16, i32 16, [1 x i8]* @p_str, [1 x i8]* @p_str)"   --->   Operation 92 'specinterface' <Predicate = true> <Delay = 0.00>
ST_1 : Operation 93 [1/1] (0.00ns)   --->   "call void (...)* @_ssdm_op_SpecInterface(i27* %data_stream_V_data_2_V, [8 x i8]* @ap_fifo_str, i32 0, i32 0, [1 x i8]* @p_str, i32 0, i32 0, [1 x i8]* @p_str, [1 x i8]* @p_str, [1 x i8]* @p_str, i32 2, i32 2, i32 16, i32 16, [1 x i8]* @p_str, [1 x i8]* @p_str)"   --->   Operation 93 'specinterface' <Predicate = true> <Delay = 0.00>
ST_1 : Operation 94 [1/1] (0.00ns)   --->   "call void (...)* @_ssdm_op_SpecInterface(i27* %data_stream_V_data_1_V, [8 x i8]* @ap_fifo_str, i32 0, i32 0, [1 x i8]* @p_str, i32 0, i32 0, [1 x i8]* @p_str, [1 x i8]* @p_str, [1 x i8]* @p_str, i32 2, i32 2, i32 16, i32 16, [1 x i8]* @p_str, [1 x i8]* @p_str)"   --->   Operation 94 'specinterface' <Predicate = true> <Delay = 0.00>
ST_1 : Operation 95 [1/1] (0.00ns)   --->   "call void (...)* @_ssdm_op_SpecInterface(i27* %data_stream_V_data_0_V, [8 x i8]* @ap_fifo_str, i32 0, i32 0, [1 x i8]* @p_str, i32 0, i32 0, [1 x i8]* @p_str, [1 x i8]* @p_str, [1 x i8]* @p_str, i32 2, i32 2, i32 16, i32 16, [1 x i8]* @p_str, [1 x i8]* @p_str)"   --->   Operation 95 'specinterface' <Predicate = true> <Delay = 0.00>
ST_1 : Operation 96 [1/1] (0.60ns)   --->   "br label %branch15" [firmware/nnet_utils/nnet_dense_stream.h:41]   --->   Operation 96 'br' <Predicate = true> <Delay = 0.60>

State 2 <SV = 1> <Delay = 0.70>
ST_2 : Operation 97 [1/1] (0.00ns)   --->   "%i_in_0 = phi i5 [ 0, %0 ], [ %i_in, %branch15.backedge ]"   --->   Operation 97 'phi' 'i_in_0' <Predicate = true> <Delay = 0.00>
ST_2 : Operation 98 [1/1] (0.63ns)   --->   "%icmp_ln41 = icmp eq i5 %i_in_0, -16" [firmware/nnet_utils/nnet_dense_stream.h:41]   --->   Operation 98 'icmp' 'icmp_ln41' <Predicate = true> <Delay = 0.63> <Core = "Cmp">   --->   Core 25 'Cmp' <Latency = 0> <II = 1> <Delay = 0.63> <FuncUnit> <Opcode : 'icmp'> <InPorts = 2> <OutPorts = 1>
ST_2 : Operation 99 [1/1] (0.00ns)   --->   "%empty = call i32 (...)* @_ssdm_op_SpecLoopTripCount(i64 16, i64 16, i64 16)"   --->   Operation 99 'speclooptripcount' 'empty' <Predicate = true> <Delay = 0.00>
ST_2 : Operation 100 [1/1] (0.70ns)   --->   "%i_in = add i5 %i_in_0, 1" [firmware/nnet_utils/nnet_dense_stream.h:41]   --->   Operation 100 'add' 'i_in' <Predicate = true> <Delay = 0.70> <Core = "AddSub">   --->   Core 14 'AddSub' <Latency = 0> <II = 1> <Delay = 0.70> <FuncUnit> <Opcode : 'add' 'sub'> <InPorts = 2> <OutPorts = 1>
ST_2 : Operation 101 [1/1] (0.00ns)   --->   "br i1 %icmp_ln41, label %.critedge, label %hls_label_18" [firmware/nnet_utils/nnet_dense_stream.h:41]   --->   Operation 101 'br' <Predicate = true> <Delay = 0.00>
ST_2 : Operation 102 [1/1] (0.00ns)   --->   "%trunc_ln203 = trunc i5 %i_in_0 to i4" [firmware/nnet_utils/nnet_dense_stream.h:48]   --->   Operation 102 'trunc' 'trunc_ln203' <Predicate = (!icmp_ln41)> <Delay = 0.00>
ST_2 : Operation 103 [1/1] (0.61ns)   --->   "switch i4 %trunc_ln203, label %branch4080 [
    i4 0, label %branch3330
    i4 1, label %branch3330
    i4 2, label %branch3330
    i4 3, label %branch3330
    i4 4, label %branch3904
    i4 5, label %branch3330
    i4 6, label %branch3936
    i4 7, label %branch3952
    i4 -8, label %branch3968
    i4 -7, label %branch3984
    i4 -6, label %branch4000
    i4 -5, label %branch3330
    i4 -4, label %branch4032
    i4 -3, label %branch4048
    i4 -2, label %branch4064
  ]" [firmware/nnet_utils/nnet_dense_stream.h:48]   --->   Operation 103 'switch' <Predicate = (!icmp_ln41)> <Delay = 0.61>
ST_2 : Operation 104 [1/1] (0.00ns)   --->   "br label %branch3330" [firmware/nnet_utils/nnet_dense_stream.h:48]   --->   Operation 104 'br' <Predicate = (!icmp_ln41 & trunc_ln203 == 14)> <Delay = 0.00>
ST_2 : Operation 105 [1/1] (0.00ns)   --->   "br label %branch3330" [firmware/nnet_utils/nnet_dense_stream.h:48]   --->   Operation 105 'br' <Predicate = (!icmp_ln41 & trunc_ln203 == 13)> <Delay = 0.00>
ST_2 : Operation 106 [1/1] (0.00ns)   --->   "br label %branch3330" [firmware/nnet_utils/nnet_dense_stream.h:48]   --->   Operation 106 'br' <Predicate = (!icmp_ln41 & trunc_ln203 == 12)> <Delay = 0.00>
ST_2 : Operation 107 [1/1] (0.00ns)   --->   "br label %branch3330" [firmware/nnet_utils/nnet_dense_stream.h:48]   --->   Operation 107 'br' <Predicate = (!icmp_ln41 & trunc_ln203 == 10)> <Delay = 0.00>
ST_2 : Operation 108 [1/1] (0.00ns)   --->   "br label %branch3330" [firmware/nnet_utils/nnet_dense_stream.h:48]   --->   Operation 108 'br' <Predicate = (!icmp_ln41 & trunc_ln203 == 9)> <Delay = 0.00>
ST_2 : Operation 109 [1/1] (0.00ns)   --->   "br label %branch3330" [firmware/nnet_utils/nnet_dense_stream.h:48]   --->   Operation 109 'br' <Predicate = (!icmp_ln41 & trunc_ln203 == 8)> <Delay = 0.00>
ST_2 : Operation 110 [1/1] (0.00ns)   --->   "br label %branch3330" [firmware/nnet_utils/nnet_dense_stream.h:48]   --->   Operation 110 'br' <Predicate = (!icmp_ln41 & trunc_ln203 == 7)> <Delay = 0.00>
ST_2 : Operation 111 [1/1] (0.00ns)   --->   "br label %branch3330" [firmware/nnet_utils/nnet_dense_stream.h:48]   --->   Operation 111 'br' <Predicate = (!icmp_ln41 & trunc_ln203 == 6)> <Delay = 0.00>
ST_2 : Operation 112 [1/1] (0.00ns)   --->   "br label %branch3330" [firmware/nnet_utils/nnet_dense_stream.h:48]   --->   Operation 112 'br' <Predicate = (!icmp_ln41 & trunc_ln203 == 4)> <Delay = 0.00>
ST_2 : Operation 113 [1/1] (0.00ns)   --->   "br label %branch3330" [firmware/nnet_utils/nnet_dense_stream.h:48]   --->   Operation 113 'br' <Predicate = (!icmp_ln41 & trunc_ln203 == 15)> <Delay = 0.00>
ST_2 : Operation 114 [1/1] (0.00ns)   --->   "br label %branch2310" [firmware/nnet_utils/nnet_dense_stream.h:48]   --->   Operation 114 'br' <Predicate = (!icmp_ln41 & trunc_ln203 == 14)> <Delay = 0.00>
ST_2 : Operation 115 [1/1] (0.00ns)   --->   "br label %branch2310" [firmware/nnet_utils/nnet_dense_stream.h:48]   --->   Operation 115 'br' <Predicate = (!icmp_ln41 & trunc_ln203 == 13)> <Delay = 0.00>
ST_2 : Operation 116 [1/1] (0.00ns)   --->   "br label %branch2310" [firmware/nnet_utils/nnet_dense_stream.h:48]   --->   Operation 116 'br' <Predicate = (!icmp_ln41 & trunc_ln203 == 12)> <Delay = 0.00>
ST_2 : Operation 117 [1/1] (0.00ns)   --->   "br label %branch2310" [firmware/nnet_utils/nnet_dense_stream.h:48]   --->   Operation 117 'br' <Predicate = (!icmp_ln41 & trunc_ln203 == 10)> <Delay = 0.00>
ST_2 : Operation 118 [1/1] (0.00ns)   --->   "br label %branch2310" [firmware/nnet_utils/nnet_dense_stream.h:48]   --->   Operation 118 'br' <Predicate = (!icmp_ln41 & trunc_ln203 == 9)> <Delay = 0.00>
ST_2 : Operation 119 [1/1] (0.00ns)   --->   "br label %branch2310" [firmware/nnet_utils/nnet_dense_stream.h:48]   --->   Operation 119 'br' <Predicate = (!icmp_ln41 & trunc_ln203 == 8)> <Delay = 0.00>
ST_2 : Operation 120 [1/1] (0.00ns)   --->   "br label %branch2310" [firmware/nnet_utils/nnet_dense_stream.h:48]   --->   Operation 120 'br' <Predicate = (!icmp_ln41 & trunc_ln203 == 7)> <Delay = 0.00>
ST_2 : Operation 121 [1/1] (0.00ns)   --->   "br label %branch2310" [firmware/nnet_utils/nnet_dense_stream.h:48]   --->   Operation 121 'br' <Predicate = (!icmp_ln41 & trunc_ln203 == 6)> <Delay = 0.00>
ST_2 : Operation 122 [1/1] (0.00ns)   --->   "br label %branch2310" [firmware/nnet_utils/nnet_dense_stream.h:48]   --->   Operation 122 'br' <Predicate = (!icmp_ln41 & trunc_ln203 == 5)> <Delay = 0.00>
ST_2 : Operation 123 [1/1] (0.00ns)   --->   "br label %branch2310" [firmware/nnet_utils/nnet_dense_stream.h:48]   --->   Operation 123 'br' <Predicate = (!icmp_ln41 & trunc_ln203 == 4)> <Delay = 0.00>
ST_2 : Operation 124 [1/1] (0.00ns)   --->   "br label %branch2310" [firmware/nnet_utils/nnet_dense_stream.h:48]   --->   Operation 124 'br' <Predicate = (!icmp_ln41 & trunc_ln203 == 3)> <Delay = 0.00>
ST_2 : Operation 125 [1/1] (0.00ns)   --->   "br label %branch2310" [firmware/nnet_utils/nnet_dense_stream.h:48]   --->   Operation 125 'br' <Predicate = (!icmp_ln41 & trunc_ln203 == 0)> <Delay = 0.00>
ST_2 : Operation 126 [1/1] (0.00ns)   --->   "br label %branch2310" [firmware/nnet_utils/nnet_dense_stream.h:48]   --->   Operation 126 'br' <Predicate = (!icmp_ln41 & trunc_ln203 == 15)> <Delay = 0.00>
ST_2 : Operation 127 [1/1] (0.00ns)   --->   "br label %branch1800" [firmware/nnet_utils/nnet_dense_stream.h:48]   --->   Operation 127 'br' <Predicate = (!icmp_ln41 & trunc_ln203 == 14)> <Delay = 0.00>
ST_2 : Operation 128 [1/1] (0.00ns)   --->   "br label %branch1800" [firmware/nnet_utils/nnet_dense_stream.h:48]   --->   Operation 128 'br' <Predicate = (!icmp_ln41 & trunc_ln203 == 13)> <Delay = 0.00>
ST_2 : Operation 129 [1/1] (0.00ns)   --->   "br label %branch1800" [firmware/nnet_utils/nnet_dense_stream.h:48]   --->   Operation 129 'br' <Predicate = (!icmp_ln41 & trunc_ln203 == 12)> <Delay = 0.00>
ST_2 : Operation 130 [1/1] (0.00ns)   --->   "br label %branch1800" [firmware/nnet_utils/nnet_dense_stream.h:48]   --->   Operation 130 'br' <Predicate = (!icmp_ln41 & trunc_ln203 == 11)> <Delay = 0.00>
ST_2 : Operation 131 [1/1] (0.00ns)   --->   "br label %branch1800" [firmware/nnet_utils/nnet_dense_stream.h:48]   --->   Operation 131 'br' <Predicate = (!icmp_ln41 & trunc_ln203 == 10)> <Delay = 0.00>
ST_2 : Operation 132 [1/1] (0.00ns)   --->   "br label %branch1800" [firmware/nnet_utils/nnet_dense_stream.h:48]   --->   Operation 132 'br' <Predicate = (!icmp_ln41 & trunc_ln203 == 9)> <Delay = 0.00>
ST_2 : Operation 133 [1/1] (0.00ns)   --->   "br label %branch1800" [firmware/nnet_utils/nnet_dense_stream.h:48]   --->   Operation 133 'br' <Predicate = (!icmp_ln41 & trunc_ln203 == 8)> <Delay = 0.00>
ST_2 : Operation 134 [1/1] (0.00ns)   --->   "br label %branch1800" [firmware/nnet_utils/nnet_dense_stream.h:48]   --->   Operation 134 'br' <Predicate = (!icmp_ln41 & trunc_ln203 == 7)> <Delay = 0.00>
ST_2 : Operation 135 [1/1] (0.00ns)   --->   "br label %branch1800" [firmware/nnet_utils/nnet_dense_stream.h:48]   --->   Operation 135 'br' <Predicate = (!icmp_ln41 & trunc_ln203 == 6)> <Delay = 0.00>
ST_2 : Operation 136 [1/1] (0.00ns)   --->   "br label %branch1800" [firmware/nnet_utils/nnet_dense_stream.h:48]   --->   Operation 136 'br' <Predicate = (!icmp_ln41 & trunc_ln203 == 5)> <Delay = 0.00>
ST_2 : Operation 137 [1/1] (0.00ns)   --->   "br label %branch1800" [firmware/nnet_utils/nnet_dense_stream.h:48]   --->   Operation 137 'br' <Predicate = (!icmp_ln41 & trunc_ln203 == 4)> <Delay = 0.00>
ST_2 : Operation 138 [1/1] (0.00ns)   --->   "br label %branch1800" [firmware/nnet_utils/nnet_dense_stream.h:48]   --->   Operation 138 'br' <Predicate = (!icmp_ln41 & trunc_ln203 == 3)> <Delay = 0.00>
ST_2 : Operation 139 [1/1] (0.00ns)   --->   "br label %branch1800" [firmware/nnet_utils/nnet_dense_stream.h:48]   --->   Operation 139 'br' <Predicate = (!icmp_ln41 & trunc_ln203 == 2)> <Delay = 0.00>
ST_2 : Operation 140 [1/1] (0.00ns)   --->   "br label %branch1800" [firmware/nnet_utils/nnet_dense_stream.h:48]   --->   Operation 140 'br' <Predicate = (!icmp_ln41 & trunc_ln203 == 1)> <Delay = 0.00>
ST_2 : Operation 141 [1/1] (0.00ns)   --->   "br label %branch1800" [firmware/nnet_utils/nnet_dense_stream.h:48]   --->   Operation 141 'br' <Predicate = (!icmp_ln41 & trunc_ln203 == 0)> <Delay = 0.00>
ST_2 : Operation 142 [1/1] (0.00ns)   --->   "br label %branch1800" [firmware/nnet_utils/nnet_dense_stream.h:48]   --->   Operation 142 'br' <Predicate = (!icmp_ln41 & trunc_ln203 == 15)> <Delay = 0.00>
ST_2 : Operation 143 [1/1] (0.00ns)   --->   "br label %branch1545" [firmware/nnet_utils/nnet_dense_stream.h:48]   --->   Operation 143 'br' <Predicate = (!icmp_ln41 & trunc_ln203 == 11)> <Delay = 0.00>
ST_2 : Operation 144 [1/1] (0.00ns)   --->   "br label %branch1545" [firmware/nnet_utils/nnet_dense_stream.h:48]   --->   Operation 144 'br' <Predicate = (!icmp_ln41 & trunc_ln203 == 10)> <Delay = 0.00>
ST_2 : Operation 145 [1/1] (0.00ns)   --->   "br label %branch1545" [firmware/nnet_utils/nnet_dense_stream.h:48]   --->   Operation 145 'br' <Predicate = (!icmp_ln41 & trunc_ln203 == 9)> <Delay = 0.00>
ST_2 : Operation 146 [1/1] (0.00ns)   --->   "br label %branch1545" [firmware/nnet_utils/nnet_dense_stream.h:48]   --->   Operation 146 'br' <Predicate = (!icmp_ln41 & trunc_ln203 == 8)> <Delay = 0.00>
ST_2 : Operation 147 [1/1] (0.00ns)   --->   "br label %branch1545" [firmware/nnet_utils/nnet_dense_stream.h:48]   --->   Operation 147 'br' <Predicate = (!icmp_ln41 & trunc_ln203 == 7)> <Delay = 0.00>
ST_2 : Operation 148 [1/1] (0.00ns)   --->   "br label %branch1545" [firmware/nnet_utils/nnet_dense_stream.h:48]   --->   Operation 148 'br' <Predicate = (!icmp_ln41 & trunc_ln203 == 6)> <Delay = 0.00>
ST_2 : Operation 149 [1/1] (0.00ns)   --->   "br label %branch1545" [firmware/nnet_utils/nnet_dense_stream.h:48]   --->   Operation 149 'br' <Predicate = (!icmp_ln41 & trunc_ln203 == 5)> <Delay = 0.00>
ST_2 : Operation 150 [1/1] (0.00ns)   --->   "br label %branch1545" [firmware/nnet_utils/nnet_dense_stream.h:48]   --->   Operation 150 'br' <Predicate = (!icmp_ln41 & trunc_ln203 == 4)> <Delay = 0.00>
ST_2 : Operation 151 [1/1] (0.00ns)   --->   "br label %branch1545" [firmware/nnet_utils/nnet_dense_stream.h:48]   --->   Operation 151 'br' <Predicate = (!icmp_ln41 & trunc_ln203 == 3)> <Delay = 0.00>
ST_2 : Operation 152 [1/1] (0.00ns)   --->   "br label %branch1545" [firmware/nnet_utils/nnet_dense_stream.h:48]   --->   Operation 152 'br' <Predicate = (!icmp_ln41 & trunc_ln203 == 2)> <Delay = 0.00>
ST_2 : Operation 153 [1/1] (0.00ns)   --->   "br label %branch1545" [firmware/nnet_utils/nnet_dense_stream.h:48]   --->   Operation 153 'br' <Predicate = (!icmp_ln41 & trunc_ln203 == 1)> <Delay = 0.00>
ST_2 : Operation 154 [1/1] (0.00ns)   --->   "br label %branch1545" [firmware/nnet_utils/nnet_dense_stream.h:48]   --->   Operation 154 'br' <Predicate = (!icmp_ln41 & trunc_ln203 == 0)> <Delay = 0.00>
ST_2 : Operation 155 [1/1] (0.00ns)   --->   "br label %branch1545" [firmware/nnet_utils/nnet_dense_stream.h:48]   --->   Operation 155 'br' <Predicate = (!icmp_ln41 & trunc_ln203 == 15)> <Delay = 0.00>
ST_2 : Operation 156 [1/1] (0.00ns)   --->   "br label %branch15.backedge" [firmware/nnet_utils/nnet_dense_stream.h:48]   --->   Operation 156 'br' <Predicate = (!icmp_ln41 & trunc_ln203 == 9)> <Delay = 0.00>
ST_2 : Operation 157 [1/1] (0.00ns)   --->   "br label %branch15.backedge" [firmware/nnet_utils/nnet_dense_stream.h:48]   --->   Operation 157 'br' <Predicate = (!icmp_ln41 & trunc_ln203 == 8)> <Delay = 0.00>
ST_2 : Operation 158 [1/1] (0.00ns)   --->   "br label %branch15.backedge" [firmware/nnet_utils/nnet_dense_stream.h:48]   --->   Operation 158 'br' <Predicate = (!icmp_ln41 & trunc_ln203 == 10)> <Delay = 0.00>
ST_2 : Operation 159 [1/1] (0.00ns)   --->   "br label %branch15.backedge" [firmware/nnet_utils/nnet_dense_stream.h:48]   --->   Operation 159 'br' <Predicate = (!icmp_ln41 & trunc_ln203 == 11)> <Delay = 0.00>
ST_2 : Operation 160 [1/1] (0.00ns)   --->   "br label %branch15.backedge" [firmware/nnet_utils/nnet_dense_stream.h:48]   --->   Operation 160 'br' <Predicate = (!icmp_ln41 & trunc_ln203 == 5)> <Delay = 0.00>
ST_2 : Operation 161 [1/1] (0.00ns)   --->   "br label %branch15.backedge" [firmware/nnet_utils/nnet_dense_stream.h:48]   --->   Operation 161 'br' <Predicate = (!icmp_ln41 & trunc_ln203 == 4)> <Delay = 0.00>
ST_2 : Operation 162 [1/1] (0.00ns)   --->   "br label %branch15.backedge" [firmware/nnet_utils/nnet_dense_stream.h:48]   --->   Operation 162 'br' <Predicate = (!icmp_ln41 & trunc_ln203 == 3)> <Delay = 0.00>
ST_2 : Operation 163 [1/1] (0.00ns)   --->   "br label %branch15.backedge" [firmware/nnet_utils/nnet_dense_stream.h:48]   --->   Operation 163 'br' <Predicate = (!icmp_ln41 & trunc_ln203 == 2)> <Delay = 0.00>
ST_2 : Operation 164 [1/1] (0.00ns)   --->   "br label %branch15.backedge" [firmware/nnet_utils/nnet_dense_stream.h:48]   --->   Operation 164 'br' <Predicate = (!icmp_ln41 & trunc_ln203 == 1)> <Delay = 0.00>
ST_2 : Operation 165 [1/1] (0.00ns)   --->   "br label %branch15.backedge" [firmware/nnet_utils/nnet_dense_stream.h:48]   --->   Operation 165 'br' <Predicate = (!icmp_ln41 & trunc_ln203 == 0)> <Delay = 0.00>

State 3 <SV = 2> <Delay = 1.45>
ST_3 : Operation 166 [1/1] (0.00ns)   --->   "call void (...)* @_ssdm_op_SpecLoopName([12 x i8]* @p_str26) nounwind" [firmware/nnet_utils/nnet_dense_stream.h:41]   --->   Operation 166 'specloopname' <Predicate = true> <Delay = 0.00>
ST_3 : Operation 167 [1/1] (0.00ns)   --->   "%tmp = call i32 (...)* @_ssdm_op_SpecRegionBegin([13 x i8]* @p_str35)" [firmware/nnet_utils/nnet_dense_stream.h:42]   --->   Operation 167 'specregionbegin' 'tmp' <Predicate = true> <Delay = 0.00>
ST_3 : Operation 168 [1/1] (0.00ns)   --->   "call void (...)* @_ssdm_op_SpecPipeline(i32 -1, i32 1, i32 1, i32 0, [1 x i8]* @p_str12) nounwind" [firmware/nnet_utils/nnet_dense_stream.h:43]   --->   Operation 168 'specpipeline' <Predicate = true> <Delay = 0.00>
ST_3 : Operation 169 [1/1] (0.00ns)   --->   "%empty_148 = call i32 (...)* @_ssdm_op_SpecRegionEnd([13 x i8]* @p_str35, i32 %tmp)" [firmware/nnet_utils/nnet_dense_stream.h:44]   --->   Operation 169 'specregionend' 'empty_148' <Predicate = true> <Delay = 0.00>
ST_3 : Operation 170 [1/1] (1.45ns)   --->   "%empty_149 = call { i27, i27, i27, i27, i27, i27, i27, i27, i27, i27, i27, i27, i27, i27, i27, i27 } @_ssdm_op_Read.ap_fifo.volatile.i27P.i27P.i27P.i27P.i27P.i27P.i27P.i27P.i27P.i27P.i27P.i27P.i27P.i27P.i27P.i27P(i27* %data_stream_V_data_0_V, i27* %data_stream_V_data_1_V, i27* %data_stream_V_data_2_V, i27* %data_stream_V_data_3_V, i27* %data_stream_V_data_4_V, i27* %data_stream_V_data_5_V, i27* %data_stream_V_data_6_V, i27* %data_stream_V_data_7_V, i27* %data_stream_V_data_8_V, i27* %data_stream_V_data_9_V, i27* %data_stream_V_data_10_V, i27* %data_stream_V_data_11_V, i27* %data_stream_V_data_12_V, i27* %data_stream_V_data_13_V, i27* %data_stream_V_data_14_V, i27* %data_stream_V_data_15_V)" [firmware/nnet_utils/nnet_dense_stream.h:45]   --->   Operation 170 'read' 'empty_149' <Predicate = true> <Delay = 1.45> <Core = "FIFO">   --->   Core 32 'FIFO' <Latency = 0> <II = 1> <Delay = 1.45> <Storage> <Opcode : 'read' 'write' 'nbread' 'nbwrite'> <Ports = 0> <Width = 27> <Depth = 4> <FIFO>
ST_3 : Operation 171 [1/1] (0.00ns)   --->   "%data_176_V = extractvalue { i27, i27, i27, i27, i27, i27, i27, i27, i27, i27, i27, i27, i27, i27, i27, i27 } %empty_149, 0" [firmware/nnet_utils/nnet_dense_stream.h:45]   --->   Operation 171 'extractvalue' 'data_176_V' <Predicate = true> <Delay = 0.00>
ST_3 : Operation 172 [1/1] (0.00ns)   --->   "%data_179_V = extractvalue { i27, i27, i27, i27, i27, i27, i27, i27, i27, i27, i27, i27, i27, i27, i27, i27 } %empty_149, 3" [firmware/nnet_utils/nnet_dense_stream.h:45]   --->   Operation 172 'extractvalue' 'data_179_V' <Predicate = true> <Delay = 0.00>
ST_3 : Operation 173 [1/1] (0.00ns)   --->   "%data_7_V = extractvalue { i27, i27, i27, i27, i27, i27, i27, i27, i27, i27, i27, i27, i27, i27, i27, i27 } %empty_149, 7" [firmware/nnet_utils/nnet_dense_stream.h:45]   --->   Operation 173 'extractvalue' 'data_7_V' <Predicate = true> <Delay = 0.00>
ST_3 : Operation 174 [1/1] (0.00ns)   --->   "%data_233_V = extractvalue { i27, i27, i27, i27, i27, i27, i27, i27, i27, i27, i27, i27, i27, i27, i27, i27 } %empty_149, 9" [firmware/nnet_utils/nnet_dense_stream.h:45]   --->   Operation 174 'extractvalue' 'data_233_V' <Predicate = true> <Delay = 0.00>
ST_3 : Operation 175 [1/1] (0.00ns)   --->   "%data_250_V_11 = extractvalue { i27, i27, i27, i27, i27, i27, i27, i27, i27, i27, i27, i27, i27, i27, i27, i27 } %empty_149, 10" [firmware/nnet_utils/nnet_dense_stream.h:45]   --->   Operation 175 'extractvalue' 'data_250_V_11' <Predicate = true> <Delay = 0.00>
ST_3 : Operation 176 [1/1] (0.00ns)   --->   "store i27 %data_176_V, i27* %data_240_V_9" [firmware/nnet_utils/nnet_dense_stream.h:48]   --->   Operation 176 'store' <Predicate = (trunc_ln203 == 14)> <Delay = 0.00>
ST_3 : Operation 177 [1/1] (0.00ns)   --->   "store i27 %data_176_V, i27* %data_240_V_7" [firmware/nnet_utils/nnet_dense_stream.h:48]   --->   Operation 177 'store' <Predicate = (trunc_ln203 == 13)> <Delay = 0.00>
ST_3 : Operation 178 [1/1] (0.00ns)   --->   "store i27 %data_176_V, i27* %data_240_V_2" [firmware/nnet_utils/nnet_dense_stream.h:48]   --->   Operation 178 'store' <Predicate = (trunc_ln203 == 12)> <Delay = 0.00>
ST_3 : Operation 179 [1/1] (0.00ns)   --->   "store i27 %data_176_V, i27* %data_240_V_4" [firmware/nnet_utils/nnet_dense_stream.h:48]   --->   Operation 179 'store' <Predicate = (trunc_ln203 == 10)> <Delay = 0.00>
ST_3 : Operation 180 [1/1] (0.00ns)   --->   "store i27 %data_176_V, i27* %data_240_V_5" [firmware/nnet_utils/nnet_dense_stream.h:48]   --->   Operation 180 'store' <Predicate = (trunc_ln203 == 9)> <Delay = 0.00>
ST_3 : Operation 181 [1/1] (0.00ns)   --->   "store i27 %data_176_V, i27* %data_240_V_6" [firmware/nnet_utils/nnet_dense_stream.h:48]   --->   Operation 181 'store' <Predicate = (trunc_ln203 == 8)> <Delay = 0.00>
ST_3 : Operation 182 [1/1] (0.00ns)   --->   "store i27 %data_176_V, i27* %data_240_V_3" [firmware/nnet_utils/nnet_dense_stream.h:48]   --->   Operation 182 'store' <Predicate = (trunc_ln203 == 7)> <Delay = 0.00>
ST_3 : Operation 183 [1/1] (0.00ns)   --->   "store i27 %data_176_V, i27* %data_240_V" [firmware/nnet_utils/nnet_dense_stream.h:48]   --->   Operation 183 'store' <Predicate = (trunc_ln203 == 6)> <Delay = 0.00>
ST_3 : Operation 184 [1/1] (0.00ns)   --->   "store i27 %data_176_V, i27* %data_240_V_1" [firmware/nnet_utils/nnet_dense_stream.h:48]   --->   Operation 184 'store' <Predicate = (trunc_ln203 == 4)> <Delay = 0.00>
ST_3 : Operation 185 [1/1] (0.00ns)   --->   "store i27 %data_176_V, i27* %data_240_V_8" [firmware/nnet_utils/nnet_dense_stream.h:48]   --->   Operation 185 'store' <Predicate = (trunc_ln203 == 15)> <Delay = 0.00>
ST_3 : Operation 186 [1/1] (0.61ns)   --->   "switch i4 %trunc_ln203, label %branch3315 [
    i4 0, label %branch3330.branch2310_crit_edge
    i4 1, label %branch2310
    i4 2, label %branch2310
    i4 3, label %branch3123
    i4 4, label %branch3139
    i4 5, label %branch3155
    i4 6, label %branch3171
    i4 7, label %branch3187
    i4 -8, label %branch3203
    i4 -7, label %branch3219
    i4 -6, label %branch3235
    i4 -5, label %branch2310
    i4 -4, label %branch3267
    i4 -3, label %branch3283
    i4 -2, label %branch3299
  ]" [firmware/nnet_utils/nnet_dense_stream.h:48]   --->   Operation 186 'switch' <Predicate = true> <Delay = 0.61>
ST_3 : Operation 187 [1/1] (0.00ns)   --->   "store i27 %data_179_V, i27* %data_243_V_12" [firmware/nnet_utils/nnet_dense_stream.h:48]   --->   Operation 187 'store' <Predicate = (trunc_ln203 == 14)> <Delay = 0.00>
ST_3 : Operation 188 [1/1] (0.00ns)   --->   "store i27 %data_179_V, i27* %data_243_V_10" [firmware/nnet_utils/nnet_dense_stream.h:48]   --->   Operation 188 'store' <Predicate = (trunc_ln203 == 13)> <Delay = 0.00>
ST_3 : Operation 189 [1/1] (0.00ns)   --->   "store i27 %data_179_V, i27* %data_243_V_5" [firmware/nnet_utils/nnet_dense_stream.h:48]   --->   Operation 189 'store' <Predicate = (trunc_ln203 == 12)> <Delay = 0.00>
ST_3 : Operation 190 [1/1] (0.00ns)   --->   "store i27 %data_179_V, i27* %data_243_V_6" [firmware/nnet_utils/nnet_dense_stream.h:48]   --->   Operation 190 'store' <Predicate = (trunc_ln203 == 10)> <Delay = 0.00>
ST_3 : Operation 191 [1/1] (0.00ns)   --->   "store i27 %data_179_V, i27* %data_243_V_8" [firmware/nnet_utils/nnet_dense_stream.h:48]   --->   Operation 191 'store' <Predicate = (trunc_ln203 == 9)> <Delay = 0.00>
ST_3 : Operation 192 [1/1] (0.00ns)   --->   "store i27 %data_179_V, i27* %data_243_V_9" [firmware/nnet_utils/nnet_dense_stream.h:48]   --->   Operation 192 'store' <Predicate = (trunc_ln203 == 8)> <Delay = 0.00>
ST_3 : Operation 193 [1/1] (0.00ns)   --->   "store i27 %data_179_V, i27* %data_243_V_7" [firmware/nnet_utils/nnet_dense_stream.h:48]   --->   Operation 193 'store' <Predicate = (trunc_ln203 == 7)> <Delay = 0.00>
ST_3 : Operation 194 [1/1] (0.00ns)   --->   "store i27 %data_179_V, i27* %data_243_V" [firmware/nnet_utils/nnet_dense_stream.h:48]   --->   Operation 194 'store' <Predicate = (trunc_ln203 == 6)> <Delay = 0.00>
ST_3 : Operation 195 [1/1] (0.00ns)   --->   "store i27 %data_179_V, i27* %data_243_V_2" [firmware/nnet_utils/nnet_dense_stream.h:48]   --->   Operation 195 'store' <Predicate = (trunc_ln203 == 5)> <Delay = 0.00>
ST_3 : Operation 196 [1/1] (0.00ns)   --->   "store i27 %data_179_V, i27* %data_243_V_3" [firmware/nnet_utils/nnet_dense_stream.h:48]   --->   Operation 196 'store' <Predicate = (trunc_ln203 == 4)> <Delay = 0.00>
ST_3 : Operation 197 [1/1] (0.00ns)   --->   "store i27 %data_179_V, i27* %data_243_V_4" [firmware/nnet_utils/nnet_dense_stream.h:48]   --->   Operation 197 'store' <Predicate = (trunc_ln203 == 3)> <Delay = 0.00>
ST_3 : Operation 198 [1/1] (0.00ns)   --->   "store i27 %data_179_V, i27* %data_243_V_1" [firmware/nnet_utils/nnet_dense_stream.h:48]   --->   Operation 198 'store' <Predicate = (trunc_ln203 == 0)> <Delay = 0.00>
ST_3 : Operation 199 [1/1] (0.00ns)   --->   "store i27 %data_179_V, i27* %data_243_V_11" [firmware/nnet_utils/nnet_dense_stream.h:48]   --->   Operation 199 'store' <Predicate = (trunc_ln203 == 15)> <Delay = 0.00>
ST_3 : Operation 200 [1/1] (0.61ns)   --->   "switch i4 %trunc_ln203, label %branch2295 [
    i4 0, label %branch2310.branch1800_crit_edge
    i4 1, label %branch2071
    i4 2, label %branch2087
    i4 3, label %branch2103
    i4 4, label %branch2119
    i4 5, label %branch2135
    i4 6, label %branch2151
    i4 7, label %branch2167
    i4 -8, label %branch2183
    i4 -7, label %branch2199
    i4 -6, label %branch2215
    i4 -5, label %branch2231
    i4 -4, label %branch2247
    i4 -3, label %branch2263
    i4 -2, label %branch2279
  ]" [firmware/nnet_utils/nnet_dense_stream.h:48]   --->   Operation 200 'switch' <Predicate = true> <Delay = 0.61>
ST_3 : Operation 201 [1/1] (0.00ns)   --->   "store i27 %data_7_V, i27* %data_247_V_15" [firmware/nnet_utils/nnet_dense_stream.h:48]   --->   Operation 201 'store' <Predicate = (trunc_ln203 == 14)> <Delay = 0.00>
ST_3 : Operation 202 [1/1] (0.00ns)   --->   "store i27 %data_7_V, i27* %data_247_V_13" [firmware/nnet_utils/nnet_dense_stream.h:48]   --->   Operation 202 'store' <Predicate = (trunc_ln203 == 13)> <Delay = 0.00>
ST_3 : Operation 203 [1/1] (0.00ns)   --->   "store i27 %data_7_V, i27* %data_247_V_6" [firmware/nnet_utils/nnet_dense_stream.h:48]   --->   Operation 203 'store' <Predicate = (trunc_ln203 == 12)> <Delay = 0.00>
ST_3 : Operation 204 [1/1] (0.00ns)   --->   "store i27 %data_7_V, i27* %data_247_V_8" [firmware/nnet_utils/nnet_dense_stream.h:48]   --->   Operation 204 'store' <Predicate = (trunc_ln203 == 11)> <Delay = 0.00>
ST_3 : Operation 205 [1/1] (0.00ns)   --->   "store i27 %data_7_V, i27* %data_247_V_9" [firmware/nnet_utils/nnet_dense_stream.h:48]   --->   Operation 205 'store' <Predicate = (trunc_ln203 == 10)> <Delay = 0.00>
ST_3 : Operation 206 [1/1] (0.00ns)   --->   "store i27 %data_7_V, i27* %data_247_V_10" [firmware/nnet_utils/nnet_dense_stream.h:48]   --->   Operation 206 'store' <Predicate = (trunc_ln203 == 9)> <Delay = 0.00>
ST_3 : Operation 207 [1/1] (0.00ns)   --->   "store i27 %data_7_V, i27* %data_247_V_12" [firmware/nnet_utils/nnet_dense_stream.h:48]   --->   Operation 207 'store' <Predicate = (trunc_ln203 == 8)> <Delay = 0.00>
ST_3 : Operation 208 [1/1] (0.00ns)   --->   "store i27 %data_7_V, i27* %data_247_V_11" [firmware/nnet_utils/nnet_dense_stream.h:48]   --->   Operation 208 'store' <Predicate = (trunc_ln203 == 7)> <Delay = 0.00>
ST_3 : Operation 209 [1/1] (0.00ns)   --->   "store i27 %data_7_V, i27* %data_247_V_7" [firmware/nnet_utils/nnet_dense_stream.h:48]   --->   Operation 209 'store' <Predicate = (trunc_ln203 == 6)> <Delay = 0.00>
ST_3 : Operation 210 [1/1] (0.00ns)   --->   "store i27 %data_7_V, i27* %data_247_V" [firmware/nnet_utils/nnet_dense_stream.h:48]   --->   Operation 210 'store' <Predicate = (trunc_ln203 == 5)> <Delay = 0.00>
ST_3 : Operation 211 [1/1] (0.00ns)   --->   "store i27 %data_7_V, i27* %data_247_V_2" [firmware/nnet_utils/nnet_dense_stream.h:48]   --->   Operation 211 'store' <Predicate = (trunc_ln203 == 4)> <Delay = 0.00>
ST_3 : Operation 212 [1/1] (0.00ns)   --->   "store i27 %data_7_V, i27* %data_247_V_3" [firmware/nnet_utils/nnet_dense_stream.h:48]   --->   Operation 212 'store' <Predicate = (trunc_ln203 == 3)> <Delay = 0.00>
ST_3 : Operation 213 [1/1] (0.00ns)   --->   "store i27 %data_7_V, i27* %data_247_V_4" [firmware/nnet_utils/nnet_dense_stream.h:48]   --->   Operation 213 'store' <Predicate = (trunc_ln203 == 2)> <Delay = 0.00>
ST_3 : Operation 214 [1/1] (0.00ns)   --->   "store i27 %data_7_V, i27* %data_247_V_5" [firmware/nnet_utils/nnet_dense_stream.h:48]   --->   Operation 214 'store' <Predicate = (trunc_ln203 == 1)> <Delay = 0.00>
ST_3 : Operation 215 [1/1] (0.00ns)   --->   "store i27 %data_7_V, i27* %data_247_V_1" [firmware/nnet_utils/nnet_dense_stream.h:48]   --->   Operation 215 'store' <Predicate = (trunc_ln203 == 0)> <Delay = 0.00>
ST_3 : Operation 216 [1/1] (0.00ns)   --->   "store i27 %data_7_V, i27* %data_247_V_14" [firmware/nnet_utils/nnet_dense_stream.h:48]   --->   Operation 216 'store' <Predicate = (trunc_ln203 == 15)> <Delay = 0.00>
ST_3 : Operation 217 [1/1] (0.61ns)   --->   "switch i4 %trunc_ln203, label %branch1785 [
    i4 0, label %branch1800.branch1545_crit_edge
    i4 1, label %branch1561
    i4 2, label %branch1577
    i4 3, label %branch1593
    i4 4, label %branch1609
    i4 5, label %branch1625
    i4 6, label %branch1641
    i4 7, label %branch1657
    i4 -8, label %branch1673
    i4 -7, label %branch1689
    i4 -6, label %branch1705
    i4 -5, label %branch1721
    i4 -4, label %branch1545
    i4 -3, label %branch1545
    i4 -2, label %branch1545
  ]" [firmware/nnet_utils/nnet_dense_stream.h:48]   --->   Operation 217 'switch' <Predicate = true> <Delay = 0.61>
ST_3 : Operation 218 [1/1] (0.00ns)   --->   "store i27 %data_233_V, i27* %data_249_V_7" [firmware/nnet_utils/nnet_dense_stream.h:48]   --->   Operation 218 'store' <Predicate = (trunc_ln203 == 11)> <Delay = 0.00>
ST_3 : Operation 219 [1/1] (0.00ns)   --->   "store i27 %data_233_V, i27* %data_249_V_8" [firmware/nnet_utils/nnet_dense_stream.h:48]   --->   Operation 219 'store' <Predicate = (trunc_ln203 == 10)> <Delay = 0.00>
ST_3 : Operation 220 [1/1] (0.00ns)   --->   "store i27 %data_233_V, i27* %data_249_V_9" [firmware/nnet_utils/nnet_dense_stream.h:48]   --->   Operation 220 'store' <Predicate = (trunc_ln203 == 9)> <Delay = 0.00>
ST_3 : Operation 221 [1/1] (0.00ns)   --->   "store i27 %data_233_V, i27* %data_249_V_11" [firmware/nnet_utils/nnet_dense_stream.h:48]   --->   Operation 221 'store' <Predicate = (trunc_ln203 == 8)> <Delay = 0.00>
ST_3 : Operation 222 [1/1] (0.00ns)   --->   "store i27 %data_233_V, i27* %data_249_V_10" [firmware/nnet_utils/nnet_dense_stream.h:48]   --->   Operation 222 'store' <Predicate = (trunc_ln203 == 7)> <Delay = 0.00>
ST_3 : Operation 223 [1/1] (0.00ns)   --->   "store i27 %data_233_V, i27* %data_249_V_6" [firmware/nnet_utils/nnet_dense_stream.h:48]   --->   Operation 223 'store' <Predicate = (trunc_ln203 == 6)> <Delay = 0.00>
ST_3 : Operation 224 [1/1] (0.00ns)   --->   "store i27 %data_233_V, i27* %data_249_V" [firmware/nnet_utils/nnet_dense_stream.h:48]   --->   Operation 224 'store' <Predicate = (trunc_ln203 == 5)> <Delay = 0.00>
ST_3 : Operation 225 [1/1] (0.00ns)   --->   "store i27 %data_233_V, i27* %data_249_V_2" [firmware/nnet_utils/nnet_dense_stream.h:48]   --->   Operation 225 'store' <Predicate = (trunc_ln203 == 4)> <Delay = 0.00>
ST_3 : Operation 226 [1/1] (0.00ns)   --->   "store i27 %data_233_V, i27* %data_249_V_3" [firmware/nnet_utils/nnet_dense_stream.h:48]   --->   Operation 226 'store' <Predicate = (trunc_ln203 == 3)> <Delay = 0.00>
ST_3 : Operation 227 [1/1] (0.00ns)   --->   "store i27 %data_233_V, i27* %data_249_V_4" [firmware/nnet_utils/nnet_dense_stream.h:48]   --->   Operation 227 'store' <Predicate = (trunc_ln203 == 2)> <Delay = 0.00>
ST_3 : Operation 228 [1/1] (0.00ns)   --->   "store i27 %data_233_V, i27* %data_249_V_5" [firmware/nnet_utils/nnet_dense_stream.h:48]   --->   Operation 228 'store' <Predicate = (trunc_ln203 == 1)> <Delay = 0.00>
ST_3 : Operation 229 [1/1] (0.00ns)   --->   "store i27 %data_233_V, i27* %data_249_V_1" [firmware/nnet_utils/nnet_dense_stream.h:48]   --->   Operation 229 'store' <Predicate = (trunc_ln203 == 0)> <Delay = 0.00>
ST_3 : Operation 230 [1/1] (0.00ns)   --->   "store i27 %data_233_V, i27* %data_249_V_12" [firmware/nnet_utils/nnet_dense_stream.h:48]   --->   Operation 230 'store' <Predicate = (trunc_ln203 == 15)> <Delay = 0.00>
ST_3 : Operation 231 [1/1] (0.63ns)   --->   "switch i4 %trunc_ln203, label %branch15.backedge [
    i4 0, label %branch1545.branch15.backedge_crit_edge
    i4 1, label %branch1306
    i4 2, label %branch1322
    i4 3, label %branch1338
    i4 4, label %branch1354
    i4 5, label %branch1370
    i4 -5, label %branch1466
    i4 -6, label %branch1450
    i4 -8, label %branch1418
    i4 -7, label %branch1434
  ]" [firmware/nnet_utils/nnet_dense_stream.h:48]   --->   Operation 231 'switch' <Predicate = true> <Delay = 0.63>
ST_3 : Operation 232 [1/1] (0.00ns)   --->   "store i27 %data_250_V_11, i27* %data_250_V_8" [firmware/nnet_utils/nnet_dense_stream.h:48]   --->   Operation 232 'store' <Predicate = (trunc_ln203 == 9)> <Delay = 0.00>
ST_3 : Operation 233 [1/1] (0.00ns)   --->   "store i27 %data_250_V_11, i27* %data_250_V_9" [firmware/nnet_utils/nnet_dense_stream.h:48]   --->   Operation 233 'store' <Predicate = (trunc_ln203 == 8)> <Delay = 0.00>
ST_3 : Operation 234 [1/1] (0.00ns)   --->   "store i27 %data_250_V_11, i27* %data_250_V_7" [firmware/nnet_utils/nnet_dense_stream.h:48]   --->   Operation 234 'store' <Predicate = (trunc_ln203 == 10)> <Delay = 0.00>
ST_3 : Operation 235 [1/1] (0.00ns)   --->   "store i27 %data_250_V_11, i27* %data_250_V_6" [firmware/nnet_utils/nnet_dense_stream.h:48]   --->   Operation 235 'store' <Predicate = (trunc_ln203 == 11)> <Delay = 0.00>
ST_3 : Operation 236 [1/1] (0.00ns)   --->   "store i27 %data_250_V_11, i27* %data_250_V" [firmware/nnet_utils/nnet_dense_stream.h:48]   --->   Operation 236 'store' <Predicate = (trunc_ln203 == 5)> <Delay = 0.00>
ST_3 : Operation 237 [1/1] (0.00ns)   --->   "store i27 %data_250_V_11, i27* %data_250_V_1" [firmware/nnet_utils/nnet_dense_stream.h:48]   --->   Operation 237 'store' <Predicate = (trunc_ln203 == 4)> <Delay = 0.00>
ST_3 : Operation 238 [1/1] (0.00ns)   --->   "store i27 %data_250_V_11, i27* %data_250_V_3" [firmware/nnet_utils/nnet_dense_stream.h:48]   --->   Operation 238 'store' <Predicate = (trunc_ln203 == 3)> <Delay = 0.00>
ST_3 : Operation 239 [1/1] (0.00ns)   --->   "store i27 %data_250_V_11, i27* %data_250_V_4" [firmware/nnet_utils/nnet_dense_stream.h:48]   --->   Operation 239 'store' <Predicate = (trunc_ln203 == 2)> <Delay = 0.00>
ST_3 : Operation 240 [1/1] (0.00ns)   --->   "store i27 %data_250_V_11, i27* %data_250_V_5" [firmware/nnet_utils/nnet_dense_stream.h:48]   --->   Operation 240 'store' <Predicate = (trunc_ln203 == 1)> <Delay = 0.00>
ST_3 : Operation 241 [1/1] (0.00ns)   --->   "store i27 %data_250_V_11, i27* %data_250_V_2" [firmware/nnet_utils/nnet_dense_stream.h:48]   --->   Operation 241 'store' <Predicate = (trunc_ln203 == 0)> <Delay = 0.00>
ST_3 : Operation 242 [1/1] (0.00ns)   --->   "br label %branch15"   --->   Operation 242 'br' <Predicate = (!icmp_ln41)> <Delay = 0.00>

State 4 <SV = 2> <Delay = 4.36>
ST_4 : Operation 243 [1/1] (0.00ns)   --->   "%data_243_V_load = load i27* %data_243_V" [firmware/nnet_utils/nnet_dense_stream.h:52]   --->   Operation 243 'load' 'data_243_V_load' <Predicate = true> <Delay = 0.00>
ST_4 : Operation 244 [1/1] (0.00ns)   --->   "%data_250_V_load = load i27* %data_250_V" [firmware/nnet_utils/nnet_dense_stream.h:52]   --->   Operation 244 'load' 'data_250_V_load' <Predicate = true> <Delay = 0.00>
ST_4 : Operation 245 [1/1] (0.00ns)   --->   "%data_243_V_1_load = load i27* %data_243_V_1" [firmware/nnet_utils/nnet_dense_stream.h:52]   --->   Operation 245 'load' 'data_243_V_1_load' <Predicate = true> <Delay = 0.00>
ST_4 : Operation 246 [1/1] (0.00ns)   --->   "%data_249_V_load = load i27* %data_249_V" [firmware/nnet_utils/nnet_dense_stream.h:52]   --->   Operation 246 'load' 'data_249_V_load' <Predicate = true> <Delay = 0.00>
ST_4 : Operation 247 [1/1] (0.00ns)   --->   "%data_247_V_load = load i27* %data_247_V" [firmware/nnet_utils/nnet_dense_stream.h:52]   --->   Operation 247 'load' 'data_247_V_load' <Predicate = true> <Delay = 0.00>
ST_4 : Operation 248 [1/1] (0.00ns)   --->   "%data_243_V_2_load = load i27* %data_243_V_2" [firmware/nnet_utils/nnet_dense_stream.h:52]   --->   Operation 248 'load' 'data_243_V_2_load' <Predicate = true> <Delay = 0.00>
ST_4 : Operation 249 [1/1] (0.00ns)   --->   "%data_247_V_1_load = load i27* %data_247_V_1" [firmware/nnet_utils/nnet_dense_stream.h:52]   --->   Operation 249 'load' 'data_247_V_1_load' <Predicate = true> <Delay = 0.00>
ST_4 : Operation 250 [1/1] (0.00ns)   --->   "%data_250_V_1_load = load i27* %data_250_V_1" [firmware/nnet_utils/nnet_dense_stream.h:52]   --->   Operation 250 'load' 'data_250_V_1_load' <Predicate = true> <Delay = 0.00>
ST_4 : Operation 251 [1/1] (0.00ns)   --->   "%data_249_V_1_load = load i27* %data_249_V_1" [firmware/nnet_utils/nnet_dense_stream.h:52]   --->   Operation 251 'load' 'data_249_V_1_load' <Predicate = true> <Delay = 0.00>
ST_4 : Operation 252 [1/1] (0.00ns)   --->   "%data_250_V_2_load = load i27* %data_250_V_2" [firmware/nnet_utils/nnet_dense_stream.h:52]   --->   Operation 252 'load' 'data_250_V_2_load' <Predicate = true> <Delay = 0.00>
ST_4 : Operation 253 [1/1] (0.00ns)   --->   "%data_249_V_2_load = load i27* %data_249_V_2" [firmware/nnet_utils/nnet_dense_stream.h:52]   --->   Operation 253 'load' 'data_249_V_2_load' <Predicate = true> <Delay = 0.00>
ST_4 : Operation 254 [1/1] (0.00ns)   --->   "%data_247_V_2_load = load i27* %data_247_V_2" [firmware/nnet_utils/nnet_dense_stream.h:52]   --->   Operation 254 'load' 'data_247_V_2_load' <Predicate = true> <Delay = 0.00>
ST_4 : Operation 255 [1/1] (0.00ns)   --->   "%data_243_V_3_load = load i27* %data_243_V_3" [firmware/nnet_utils/nnet_dense_stream.h:52]   --->   Operation 255 'load' 'data_243_V_3_load' <Predicate = true> <Delay = 0.00>
ST_4 : Operation 256 [1/1] (0.00ns)   --->   "%data_250_V_3_load = load i27* %data_250_V_3" [firmware/nnet_utils/nnet_dense_stream.h:52]   --->   Operation 256 'load' 'data_250_V_3_load' <Predicate = true> <Delay = 0.00>
ST_4 : Operation 257 [1/1] (0.00ns)   --->   "%data_249_V_3_load = load i27* %data_249_V_3" [firmware/nnet_utils/nnet_dense_stream.h:52]   --->   Operation 257 'load' 'data_249_V_3_load' <Predicate = true> <Delay = 0.00>
ST_4 : Operation 258 [1/1] (0.00ns)   --->   "%data_247_V_3_load = load i27* %data_247_V_3" [firmware/nnet_utils/nnet_dense_stream.h:52]   --->   Operation 258 'load' 'data_247_V_3_load' <Predicate = true> <Delay = 0.00>
ST_4 : Operation 259 [1/1] (0.00ns)   --->   "%data_243_V_4_load = load i27* %data_243_V_4" [firmware/nnet_utils/nnet_dense_stream.h:52]   --->   Operation 259 'load' 'data_243_V_4_load' <Predicate = true> <Delay = 0.00>
ST_4 : Operation 260 [1/1] (0.00ns)   --->   "%data_250_V_4_load = load i27* %data_250_V_4" [firmware/nnet_utils/nnet_dense_stream.h:52]   --->   Operation 260 'load' 'data_250_V_4_load' <Predicate = true> <Delay = 0.00>
ST_4 : Operation 261 [1/1] (0.00ns)   --->   "%data_249_V_4_load = load i27* %data_249_V_4" [firmware/nnet_utils/nnet_dense_stream.h:52]   --->   Operation 261 'load' 'data_249_V_4_load' <Predicate = true> <Delay = 0.00>
ST_4 : Operation 262 [1/1] (0.00ns)   --->   "%data_247_V_4_load = load i27* %data_247_V_4" [firmware/nnet_utils/nnet_dense_stream.h:52]   --->   Operation 262 'load' 'data_247_V_4_load' <Predicate = true> <Delay = 0.00>
ST_4 : Operation 263 [1/1] (0.00ns)   --->   "%data_250_V_5_load = load i27* %data_250_V_5" [firmware/nnet_utils/nnet_dense_stream.h:52]   --->   Operation 263 'load' 'data_250_V_5_load' <Predicate = true> <Delay = 0.00>
ST_4 : Operation 264 [1/1] (0.00ns)   --->   "%data_247_V_5_load = load i27* %data_247_V_5" [firmware/nnet_utils/nnet_dense_stream.h:52]   --->   Operation 264 'load' 'data_247_V_5_load' <Predicate = true> <Delay = 0.00>
ST_4 : Operation 265 [1/1] (0.00ns)   --->   "%data_249_V_5_load = load i27* %data_249_V_5" [firmware/nnet_utils/nnet_dense_stream.h:52]   --->   Operation 265 'load' 'data_249_V_5_load' <Predicate = true> <Delay = 0.00>
ST_4 : Operation 266 [1/1] (0.00ns)   --->   "%data_247_V_6_load = load i27* %data_247_V_6" [firmware/nnet_utils/nnet_dense_stream.h:52]   --->   Operation 266 'load' 'data_247_V_6_load' <Predicate = true> <Delay = 0.00>
ST_4 : Operation 267 [1/1] (0.00ns)   --->   "%data_243_V_5_load = load i27* %data_243_V_5" [firmware/nnet_utils/nnet_dense_stream.h:52]   --->   Operation 267 'load' 'data_243_V_5_load' <Predicate = true> <Delay = 0.00>
ST_4 : Operation 268 [1/1] (0.00ns)   --->   "%data_247_V_7_load = load i27* %data_247_V_7" [firmware/nnet_utils/nnet_dense_stream.h:52]   --->   Operation 268 'load' 'data_247_V_7_load' <Predicate = true> <Delay = 0.00>
ST_4 : Operation 269 [1/1] (0.00ns)   --->   "%data_249_V_6_load = load i27* %data_249_V_6" [firmware/nnet_utils/nnet_dense_stream.h:52]   --->   Operation 269 'load' 'data_249_V_6_load' <Predicate = true> <Delay = 0.00>
ST_4 : Operation 270 [1/1] (0.00ns)   --->   "%data_250_V_6_load = load i27* %data_250_V_6" [firmware/nnet_utils/nnet_dense_stream.h:52]   --->   Operation 270 'load' 'data_250_V_6_load' <Predicate = true> <Delay = 0.00>
ST_4 : Operation 271 [1/1] (0.00ns)   --->   "%data_249_V_7_load = load i27* %data_249_V_7" [firmware/nnet_utils/nnet_dense_stream.h:52]   --->   Operation 271 'load' 'data_249_V_7_load' <Predicate = true> <Delay = 0.00>
ST_4 : Operation 272 [1/1] (0.00ns)   --->   "%data_247_V_8_load = load i27* %data_247_V_8" [firmware/nnet_utils/nnet_dense_stream.h:52]   --->   Operation 272 'load' 'data_247_V_8_load' <Predicate = true> <Delay = 0.00>
ST_4 : Operation 273 [1/1] (0.00ns)   --->   "%data_250_V_7_load = load i27* %data_250_V_7" [firmware/nnet_utils/nnet_dense_stream.h:52]   --->   Operation 273 'load' 'data_250_V_7_load' <Predicate = true> <Delay = 0.00>
ST_4 : Operation 274 [1/1] (0.00ns)   --->   "%data_249_V_8_load = load i27* %data_249_V_8" [firmware/nnet_utils/nnet_dense_stream.h:52]   --->   Operation 274 'load' 'data_249_V_8_load' <Predicate = true> <Delay = 0.00>
ST_4 : Operation 275 [1/1] (0.00ns)   --->   "%data_247_V_9_load = load i27* %data_247_V_9" [firmware/nnet_utils/nnet_dense_stream.h:52]   --->   Operation 275 'load' 'data_247_V_9_load' <Predicate = true> <Delay = 0.00>
ST_4 : Operation 276 [1/1] (0.00ns)   --->   "%data_243_V_6_load = load i27* %data_243_V_6" [firmware/nnet_utils/nnet_dense_stream.h:52]   --->   Operation 276 'load' 'data_243_V_6_load' <Predicate = true> <Delay = 0.00>
ST_4 : Operation 277 [1/1] (0.00ns)   --->   "%data_243_V_7_load = load i27* %data_243_V_7" [firmware/nnet_utils/nnet_dense_stream.h:52]   --->   Operation 277 'load' 'data_243_V_7_load' <Predicate = true> <Delay = 0.00>
ST_4 : Operation 278 [1/1] (0.00ns)   --->   "%data_250_V_8_load = load i27* %data_250_V_8" [firmware/nnet_utils/nnet_dense_stream.h:52]   --->   Operation 278 'load' 'data_250_V_8_load' <Predicate = true> <Delay = 0.00>
ST_4 : Operation 279 [1/1] (0.00ns)   --->   "%data_249_V_9_load = load i27* %data_249_V_9" [firmware/nnet_utils/nnet_dense_stream.h:52]   --->   Operation 279 'load' 'data_249_V_9_load' <Predicate = true> <Delay = 0.00>
ST_4 : Operation 280 [1/1] (0.00ns)   --->   "%data_247_V_10_load = load i27* %data_247_V_10" [firmware/nnet_utils/nnet_dense_stream.h:52]   --->   Operation 280 'load' 'data_247_V_10_load' <Predicate = true> <Delay = 0.00>
ST_4 : Operation 281 [1/1] (0.00ns)   --->   "%data_247_V_11_load = load i27* %data_247_V_11" [firmware/nnet_utils/nnet_dense_stream.h:52]   --->   Operation 281 'load' 'data_247_V_11_load' <Predicate = true> <Delay = 0.00>
ST_4 : Operation 282 [1/1] (0.00ns)   --->   "%data_243_V_8_load = load i27* %data_243_V_8" [firmware/nnet_utils/nnet_dense_stream.h:52]   --->   Operation 282 'load' 'data_243_V_8_load' <Predicate = true> <Delay = 0.00>
ST_4 : Operation 283 [1/1] (0.00ns)   --->   "%data_249_V_10_load = load i27* %data_249_V_10" [firmware/nnet_utils/nnet_dense_stream.h:52]   --->   Operation 283 'load' 'data_249_V_10_load' <Predicate = true> <Delay = 0.00>
ST_4 : Operation 284 [1/1] (0.00ns)   --->   "%data_250_V_9_load = load i27* %data_250_V_9" [firmware/nnet_utils/nnet_dense_stream.h:52]   --->   Operation 284 'load' 'data_250_V_9_load' <Predicate = true> <Delay = 0.00>
ST_4 : Operation 285 [1/1] (0.00ns)   --->   "%data_249_V_11_load = load i27* %data_249_V_11" [firmware/nnet_utils/nnet_dense_stream.h:52]   --->   Operation 285 'load' 'data_249_V_11_load' <Predicate = true> <Delay = 0.00>
ST_4 : Operation 286 [1/1] (0.00ns)   --->   "%data_247_V_12_load = load i27* %data_247_V_12" [firmware/nnet_utils/nnet_dense_stream.h:52]   --->   Operation 286 'load' 'data_247_V_12_load' <Predicate = true> <Delay = 0.00>
ST_4 : Operation 287 [1/1] (0.00ns)   --->   "%data_243_V_9_load = load i27* %data_243_V_9" [firmware/nnet_utils/nnet_dense_stream.h:52]   --->   Operation 287 'load' 'data_243_V_9_load' <Predicate = true> <Delay = 0.00>
ST_4 : Operation 288 [1/1] (0.00ns)   --->   "%data_243_V_10_load = load i27* %data_243_V_10" [firmware/nnet_utils/nnet_dense_stream.h:52]   --->   Operation 288 'load' 'data_243_V_10_load' <Predicate = true> <Delay = 0.00>
ST_4 : Operation 289 [1/1] (0.00ns)   --->   "%data_247_V_13_load = load i27* %data_247_V_13" [firmware/nnet_utils/nnet_dense_stream.h:52]   --->   Operation 289 'load' 'data_247_V_13_load' <Predicate = true> <Delay = 0.00>
ST_4 : Operation 290 [1/1] (0.00ns)   --->   "%data_249_V_12_load = load i27* %data_249_V_12" [firmware/nnet_utils/nnet_dense_stream.h:52]   --->   Operation 290 'load' 'data_249_V_12_load' <Predicate = true> <Delay = 0.00>
ST_4 : Operation 291 [1/1] (0.00ns)   --->   "%data_247_V_14_load = load i27* %data_247_V_14" [firmware/nnet_utils/nnet_dense_stream.h:52]   --->   Operation 291 'load' 'data_247_V_14_load' <Predicate = true> <Delay = 0.00>
ST_4 : Operation 292 [1/1] (0.00ns)   --->   "%data_243_V_11_load = load i27* %data_243_V_11" [firmware/nnet_utils/nnet_dense_stream.h:52]   --->   Operation 292 'load' 'data_243_V_11_load' <Predicate = true> <Delay = 0.00>
ST_4 : Operation 293 [1/1] (0.00ns)   --->   "%data_247_V_15_load = load i27* %data_247_V_15" [firmware/nnet_utils/nnet_dense_stream.h:52]   --->   Operation 293 'load' 'data_247_V_15_load' <Predicate = true> <Delay = 0.00>
ST_4 : Operation 294 [1/1] (0.00ns)   --->   "%data_243_V_12_load = load i27* %data_243_V_12" [firmware/nnet_utils/nnet_dense_stream.h:52]   --->   Operation 294 'load' 'data_243_V_12_load' <Predicate = true> <Delay = 0.00>
ST_4 : Operation 295 [1/1] (0.00ns)   --->   "%data_240_V_load = load i27* %data_240_V" [firmware/nnet_utils/nnet_dense_stream.h:52]   --->   Operation 295 'load' 'data_240_V_load' <Predicate = true> <Delay = 0.00>
ST_4 : Operation 296 [1/1] (0.00ns)   --->   "%data_240_V_1_load = load i27* %data_240_V_1" [firmware/nnet_utils/nnet_dense_stream.h:52]   --->   Operation 296 'load' 'data_240_V_1_load' <Predicate = true> <Delay = 0.00>
ST_4 : Operation 297 [1/1] (0.00ns)   --->   "%data_240_V_2_load = load i27* %data_240_V_2" [firmware/nnet_utils/nnet_dense_stream.h:52]   --->   Operation 297 'load' 'data_240_V_2_load' <Predicate = true> <Delay = 0.00>
ST_4 : Operation 298 [1/1] (0.00ns)   --->   "%data_240_V_3_load = load i27* %data_240_V_3" [firmware/nnet_utils/nnet_dense_stream.h:52]   --->   Operation 298 'load' 'data_240_V_3_load' <Predicate = true> <Delay = 0.00>
ST_4 : Operation 299 [1/1] (0.00ns)   --->   "%data_240_V_4_load = load i27* %data_240_V_4" [firmware/nnet_utils/nnet_dense_stream.h:52]   --->   Operation 299 'load' 'data_240_V_4_load' <Predicate = true> <Delay = 0.00>
ST_4 : Operation 300 [1/1] (0.00ns)   --->   "%data_240_V_5_load = load i27* %data_240_V_5" [firmware/nnet_utils/nnet_dense_stream.h:52]   --->   Operation 300 'load' 'data_240_V_5_load' <Predicate = true> <Delay = 0.00>
ST_4 : Operation 301 [1/1] (0.00ns)   --->   "%data_240_V_6_load = load i27* %data_240_V_6" [firmware/nnet_utils/nnet_dense_stream.h:52]   --->   Operation 301 'load' 'data_240_V_6_load' <Predicate = true> <Delay = 0.00>
ST_4 : Operation 302 [1/1] (0.00ns)   --->   "%data_240_V_7_load = load i27* %data_240_V_7" [firmware/nnet_utils/nnet_dense_stream.h:52]   --->   Operation 302 'load' 'data_240_V_7_load' <Predicate = true> <Delay = 0.00>
ST_4 : Operation 303 [1/1] (0.00ns)   --->   "%data_240_V_8_load = load i27* %data_240_V_8" [firmware/nnet_utils/nnet_dense_stream.h:52]   --->   Operation 303 'load' 'data_240_V_8_load' <Predicate = true> <Delay = 0.00>
ST_4 : Operation 304 [1/1] (0.00ns)   --->   "%data_240_V_9_load = load i27* %data_240_V_9" [firmware/nnet_utils/nnet_dense_stream.h:52]   --->   Operation 304 'load' 'data_240_V_9_load' <Predicate = true> <Delay = 0.00>
ST_4 : Operation 305 [2/2] (4.36ns)   --->   "%call_ret = call fastcc { i27, i27, i27, i27, i27, i27, i27 } @"dense_wrapper<ap_fixed,ap_fixed<27,9,5,3,0>,config11>"(i27 %data_243_V_1_load, i27 %data_247_V_1_load, i27 %data_249_V_1_load, i27 %data_250_V_2_load, i27 %data_247_V_5_load, i27 %data_249_V_5_load, i27 %data_250_V_5_load, i27 %data_247_V_4_load, i27 %data_249_V_4_load, i27 %data_250_V_4_load, i27 %data_243_V_4_load, i27 %data_247_V_3_load, i27 %data_249_V_3_load, i27 %data_250_V_3_load, i27 %data_240_V_1_load, i27 %data_243_V_3_load, i27 %data_247_V_2_load, i27 %data_249_V_2_load, i27 %data_250_V_1_load, i27 %data_243_V_2_load, i27 %data_247_V_load, i27 %data_249_V_load, i27 %data_250_V_load, i27 %data_240_V_load, i27 %data_243_V_load, i27 %data_247_V_7_load, i27 %data_249_V_6_load, i27 %data_240_V_3_load, i27 %data_243_V_7_load, i27 %data_247_V_11_load, i27 %data_249_V_10_load, i27 %data_240_V_6_load, i27 %data_243_V_9_load, i27 %data_247_V_12_load, i27 %data_249_V_11_load, i27 %data_250_V_9_load, i27 %data_240_V_5_load, i27 %data_243_V_8_load, i27 %data_247_V_10_load, i27 %data_249_V_9_load, i27 %data_250_V_8_load, i27 %data_240_V_4_load, i27 %data_243_V_6_load, i27 %data_247_V_9_load, i27 %data_249_V_8_load, i27 %data_250_V_7_load, i27 %data_247_V_8_load, i27 %data_249_V_7_load, i27 %data_250_V_6_load, i27 %data_240_V_2_load, i27 %data_243_V_5_load, i27 %data_247_V_6_load, i27 %data_240_V_7_load, i27 %data_243_V_10_load, i27 %data_247_V_13_load, i27 %data_240_V_9_load, i27 %data_243_V_12_load, i27 %data_247_V_15_load, i27 %data_240_V_8_load, i27 %data_243_V_11_load, i27 %data_247_V_14_load, i27 %data_249_V_12_load)" [firmware/nnet_utils/nnet_dense_stream.h:52]   --->   Operation 305 'call' 'call_ret' <Predicate = true> <Delay = 4.36> <CoreType = "Generic">   --->   Core 0 '' <Latency = 0> <II = 1> <Delay = 1.00> <Generic> <Opcode : >

State 5 <SV = 3> <Delay = 3.59>
ST_5 : Operation 306 [1/2] (2.14ns)   --->   "%call_ret = call fastcc { i27, i27, i27, i27, i27, i27, i27 } @"dense_wrapper<ap_fixed,ap_fixed<27,9,5,3,0>,config11>"(i27 %data_243_V_1_load, i27 %data_247_V_1_load, i27 %data_249_V_1_load, i27 %data_250_V_2_load, i27 %data_247_V_5_load, i27 %data_249_V_5_load, i27 %data_250_V_5_load, i27 %data_247_V_4_load, i27 %data_249_V_4_load, i27 %data_250_V_4_load, i27 %data_243_V_4_load, i27 %data_247_V_3_load, i27 %data_249_V_3_load, i27 %data_250_V_3_load, i27 %data_240_V_1_load, i27 %data_243_V_3_load, i27 %data_247_V_2_load, i27 %data_249_V_2_load, i27 %data_250_V_1_load, i27 %data_243_V_2_load, i27 %data_247_V_load, i27 %data_249_V_load, i27 %data_250_V_load, i27 %data_240_V_load, i27 %data_243_V_load, i27 %data_247_V_7_load, i27 %data_249_V_6_load, i27 %data_240_V_3_load, i27 %data_243_V_7_load, i27 %data_247_V_11_load, i27 %data_249_V_10_load, i27 %data_240_V_6_load, i27 %data_243_V_9_load, i27 %data_247_V_12_load, i27 %data_249_V_11_load, i27 %data_250_V_9_load, i27 %data_240_V_5_load, i27 %data_243_V_8_load, i27 %data_247_V_10_load, i27 %data_249_V_9_load, i27 %data_250_V_8_load, i27 %data_240_V_4_load, i27 %data_243_V_6_load, i27 %data_247_V_9_load, i27 %data_249_V_8_load, i27 %data_250_V_7_load, i27 %data_247_V_8_load, i27 %data_249_V_7_load, i27 %data_250_V_6_load, i27 %data_240_V_2_load, i27 %data_243_V_5_load, i27 %data_247_V_6_load, i27 %data_240_V_7_load, i27 %data_243_V_10_load, i27 %data_247_V_13_load, i27 %data_240_V_9_load, i27 %data_243_V_12_load, i27 %data_247_V_15_load, i27 %data_240_V_8_load, i27 %data_243_V_11_load, i27 %data_247_V_14_load, i27 %data_249_V_12_load)" [firmware/nnet_utils/nnet_dense_stream.h:52]   --->   Operation 306 'call' 'call_ret' <Predicate = true> <Delay = 2.14> <CoreType = "Generic">   --->   Core 0 '' <Latency = 0> <II = 1> <Delay = 1.00> <Generic> <Opcode : >
ST_5 : Operation 307 [1/1] (0.00ns)   --->   "%tmp_data_2_V = extractvalue { i27, i27, i27, i27, i27, i27, i27 } %call_ret, 0" [firmware/nnet_utils/nnet_dense_stream.h:52]   --->   Operation 307 'extractvalue' 'tmp_data_2_V' <Predicate = true> <Delay = 0.00>
ST_5 : Operation 308 [1/1] (0.00ns)   --->   "%tmp_data_4_V = extractvalue { i27, i27, i27, i27, i27, i27, i27 } %call_ret, 1" [firmware/nnet_utils/nnet_dense_stream.h:52]   --->   Operation 308 'extractvalue' 'tmp_data_4_V' <Predicate = true> <Delay = 0.00>
ST_5 : Operation 309 [1/1] (0.00ns)   --->   "%tmp_data_6_V = extractvalue { i27, i27, i27, i27, i27, i27, i27 } %call_ret, 2" [firmware/nnet_utils/nnet_dense_stream.h:52]   --->   Operation 309 'extractvalue' 'tmp_data_6_V' <Predicate = true> <Delay = 0.00>
ST_5 : Operation 310 [1/1] (0.00ns)   --->   "%tmp_data_7_V = extractvalue { i27, i27, i27, i27, i27, i27, i27 } %call_ret, 3" [firmware/nnet_utils/nnet_dense_stream.h:52]   --->   Operation 310 'extractvalue' 'tmp_data_7_V' <Predicate = true> <Delay = 0.00>
ST_5 : Operation 311 [1/1] (0.00ns)   --->   "%tmp_data_8_V = extractvalue { i27, i27, i27, i27, i27, i27, i27 } %call_ret, 4" [firmware/nnet_utils/nnet_dense_stream.h:52]   --->   Operation 311 'extractvalue' 'tmp_data_8_V' <Predicate = true> <Delay = 0.00>
ST_5 : Operation 312 [1/1] (0.00ns)   --->   "%tmp_data_9_V = extractvalue { i27, i27, i27, i27, i27, i27, i27 } %call_ret, 5" [firmware/nnet_utils/nnet_dense_stream.h:52]   --->   Operation 312 'extractvalue' 'tmp_data_9_V' <Predicate = true> <Delay = 0.00>
ST_5 : Operation 313 [1/1] (0.00ns)   --->   "%tmp_data_10_V = extractvalue { i27, i27, i27, i27, i27, i27, i27 } %call_ret, 6" [firmware/nnet_utils/nnet_dense_stream.h:52]   --->   Operation 313 'extractvalue' 'tmp_data_10_V' <Predicate = true> <Delay = 0.00>
ST_5 : Operation 314 [1/1] (0.00ns)   --->   "call void (...)* @_ssdm_op_SpecLoopName([9 x i8]* @p_str28) nounwind" [firmware/nnet_utils/nnet_dense_stream.h:54]   --->   Operation 314 'specloopname' <Predicate = true> <Delay = 0.00>
ST_5 : Operation 315 [1/1] (1.45ns)   --->   "call void @_ssdm_op_Write.ap_fifo.volatile.i27P.i27P.i27P.i27P.i27P.i27P.i27P.i27P.i27P.i27P.i27P.i27P(i27* %res_stream_V_data_0_V, i27* %res_stream_V_data_1_V, i27* %res_stream_V_data_2_V, i27* %res_stream_V_data_3_V, i27* %res_stream_V_data_4_V, i27* %res_stream_V_data_5_V, i27* %res_stream_V_data_6_V, i27* %res_stream_V_data_7_V, i27* %res_stream_V_data_8_V, i27* %res_stream_V_data_9_V, i27* %res_stream_V_data_10_V, i27* %res_stream_V_data_11_V, i27 0, i27 0, i27 %tmp_data_2_V, i27 0, i27 %tmp_data_4_V, i27 0, i27 %tmp_data_6_V, i27 %tmp_data_7_V, i27 %tmp_data_8_V, i27 %tmp_data_9_V, i27 %tmp_data_10_V, i27 0)" [firmware/nnet_utils/nnet_dense_stream.h:64]   --->   Operation 315 'write' <Predicate = true> <Delay = 1.45> <Core = "FIFO">   --->   Core 32 'FIFO' <Latency = 0> <II = 1> <Delay = 1.45> <Storage> <Opcode : 'read' 'write' 'nbread' 'nbwrite'> <Ports = 0> <Width = 27> <Depth = 4> <FIFO>
ST_5 : Operation 316 [1/1] (0.00ns)   --->   "ret void" [firmware/nnet_utils/nnet_dense_stream.h:66]   --->   Operation 316 'ret' <Predicate = true> <Delay = 0.00>


============================================================
+ Verbose Summary: Timing violations
============================================================
Target clock period: 5ns, clock uncertainty: 0.625ns.

 <State 1>: 0.603ns
The critical path consists of the following:
	multiplexor before 'phi' operation ('i_in') with incoming values : ('i_in', firmware/nnet_utils/nnet_dense_stream.h:41) [121]  (0.603 ns)

 <State 2>: 0.707ns
The critical path consists of the following:
	'phi' operation ('i_in') with incoming values : ('i_in', firmware/nnet_utils/nnet_dense_stream.h:41) [121]  (0 ns)
	'add' operation ('i_in', firmware/nnet_utils/nnet_dense_stream.h:41) [124]  (0.707 ns)

 <State 3>: 1.46ns
The critical path consists of the following:
	fifo read on port 'data_stream_V_data_0_V' (firmware/nnet_utils/nnet_dense_stream.h:45) [131]  (1.46 ns)
	'store' operation ('store_ln48', firmware/nnet_utils/nnet_dense_stream.h:48) of variable 'data[176].V', firmware/nnet_utils/nnet_dense_stream.h:45 on local variable 'data[240].V' [140]  (0 ns)

 <State 4>: 4.37ns
The critical path consists of the following:
	'load' operation ('data_243_V_load', firmware/nnet_utils/nnet_dense_stream.h:52) on local variable 'data[243].V' [336]  (0 ns)
	'call' operation ('call_ret', firmware/nnet_utils/nnet_dense_stream.h:52) to 'dense_wrapper<ap_fixed,ap_fixed<27,9,5,3,0>,config11>' [398]  (4.37 ns)

 <State 5>: 3.6ns
The critical path consists of the following:
	'call' operation ('call_ret', firmware/nnet_utils/nnet_dense_stream.h:52) to 'dense_wrapper<ap_fixed,ap_fixed<27,9,5,3,0>,config11>' [398]  (2.14 ns)
	fifo write on port 'res_stream_V_data_0_V' (firmware/nnet_utils/nnet_dense_stream.h:64) [407]  (1.46 ns)


============================================================
+ Verbose Summary: Binding
============================================================
N/A
* FSMD analyzer results:
  - Output states:
 - Input state : 
  - Chain level:
	State 1
	State 2
	State 3
	State 4
	State 5


============================================================
+ Verbose Summary: Datapath Resource usage 
============================================================
N/A
