

================================================================
== Vivado HLS Report for 'dense_wrapper_ap_fixed_ap_fixed_27_9_5_3_0_config13_s'
================================================================
* Date:           Sat Aug  8 08:21:51 2020

* Version:        2020.1 (Build 2897737 on Wed May 27 20:21:37 MDT 2020)
* Project:        myproject_prj
* Solution:       solution1
* Product family: virtexuplus
* Target device:  xcu250-figd2104-2L-e


================================================================
== Performance Estimates
================================================================
+ Timing: 
    * Summary: 
    +--------+---------+----------+------------+
    |  Clock |  Target | Estimated| Uncertainty|
    +--------+---------+----------+------------+
    |ap_clk  | 5.00 ns | 3.157 ns |   0.62 ns  |
    +--------+---------+----------+------------+

+ Latency: 
    * Summary: 
    +---------+---------+----------+----------+-----+-----+---------+
    |  Latency (cycles) |  Latency (absolute) |  Interval | Pipeline|
    |   min   |   max   |    min   |    max   | min | max |   Type  |
    +---------+---------+----------+----------+-----+-----+---------+
    |        0|        0|   0 ns   |   0 ns   |    0|    0|   none  |
    +---------+---------+----------+----------+-----+-----+---------+

    + Detail: 
        * Instance: 
        N/A

        * Loop: 
        N/A

============================================================
+ Verbose Summary: Synthesis Manager
============================================================
InlineROM: 1
ExposeGlobal: 0
============================================================
+ Verbose Summary: CDFG Model
============================================================
IsTopModel: 0
ResetActiveHigh: 1
IsCombinational: 0
IsDatapathOnly: 0
HasWiredReturn: 1
HasMFsm: 0
HasVarLatency: 0
IsPipeline: 0
IsRtlPipelined: 0
IsInstanceOverlapped: 0
IsDontTouch: 0
HasImplIP: 0
IsGatedGlobalClock: 0


============================================================
+ Verbose Summary: Schedule
============================================================
* Number of FSM states : 1
* Pipeline : 0
* Dataflow Pipeline: 0

* FSM state transitions: 
1 --> 

* FSM state operations: 

State 1 <SV = 0> <Delay = 3.15>
ST_1 : Operation 2 [1/1] (0.00ns)   --->   "%data_10_V_read_1 = call i27 @_ssdm_op_Read.ap_auto.i27(i27 %data_10_V_read)" [firmware/nnet_utils/nnet_dense_stream.h:14]   --->   Operation 2 'read' 'data_10_V_read_1' <Predicate = true> <Delay = 0.00>
ST_1 : Operation 3 [1/1] (0.00ns)   --->   "%data_9_V_read_1 = call i27 @_ssdm_op_Read.ap_auto.i27(i27 %data_9_V_read)" [firmware/nnet_utils/nnet_dense_stream.h:14]   --->   Operation 3 'read' 'data_9_V_read_1' <Predicate = true> <Delay = 0.00>
ST_1 : Operation 4 [1/1] (0.00ns)   --->   "%data_8_V_read_1 = call i27 @_ssdm_op_Read.ap_auto.i27(i27 %data_8_V_read)" [firmware/nnet_utils/nnet_dense_stream.h:14]   --->   Operation 4 'read' 'data_8_V_read_1' <Predicate = true> <Delay = 0.00>
ST_1 : Operation 5 [1/1] (0.00ns)   --->   "%data_7_V_read_1 = call i27 @_ssdm_op_Read.ap_auto.i27(i27 %data_7_V_read)" [firmware/nnet_utils/nnet_dense_stream.h:14]   --->   Operation 5 'read' 'data_7_V_read_1' <Predicate = true> <Delay = 0.00>
ST_1 : Operation 6 [1/1] (0.00ns)   --->   "%data_6_V_read_1 = call i27 @_ssdm_op_Read.ap_auto.i27(i27 %data_6_V_read)" [firmware/nnet_utils/nnet_dense_stream.h:14]   --->   Operation 6 'read' 'data_6_V_read_1' <Predicate = true> <Delay = 0.00>
ST_1 : Operation 7 [1/1] (0.00ns)   --->   "%data_4_V_read_1 = call i27 @_ssdm_op_Read.ap_auto.i27(i27 %data_4_V_read)" [firmware/nnet_utils/nnet_dense_stream.h:14]   --->   Operation 7 'read' 'data_4_V_read_1' <Predicate = true> <Delay = 0.00>
ST_1 : Operation 8 [1/1] (0.00ns)   --->   "%data_2_V_read_1 = call i27 @_ssdm_op_Read.ap_auto.i27(i27 %data_2_V_read)" [firmware/nnet_utils/nnet_dense_stream.h:14]   --->   Operation 8 'read' 'data_2_V_read_1' <Predicate = true> <Delay = 0.00>
ST_1 : Operation 9 [1/1] (0.00ns)   --->   "%sext_ln1118 = sext i27 %data_2_V_read_1 to i32" [firmware/nnet_utils/nnet_mult.h:78->firmware/nnet_utils/nnet_dense_resource.h:77->firmware/nnet_utils/nnet_dense_resource.h:276->firmware/nnet_utils/nnet_dense_stream.h:24]   --->   Operation 9 'sext' 'sext_ln1118' <Predicate = true> <Delay = 0.00>
ST_1 : Operation 10 [1/1] (0.00ns)   --->   "%shl_ln = call i32 @_ssdm_op_BitConcatenate.i32.i27.i5(i27 %data_2_V_read_1, i5 0)" [firmware/nnet_utils/nnet_mult.h:78->firmware/nnet_utils/nnet_dense_resource.h:77->firmware/nnet_utils/nnet_dense_resource.h:276->firmware/nnet_utils/nnet_dense_stream.h:24]   --->   Operation 10 'bitconcatenate' 'shl_ln' <Predicate = true> <Delay = 0.00>
ST_1 : Operation 11 [1/1] (0.88ns)   --->   "%sub_ln1118 = sub i32 0, %shl_ln" [firmware/nnet_utils/nnet_mult.h:78->firmware/nnet_utils/nnet_dense_resource.h:77->firmware/nnet_utils/nnet_dense_resource.h:276->firmware/nnet_utils/nnet_dense_stream.h:24]   --->   Operation 11 'sub' 'sub_ln1118' <Predicate = true> <Delay = 0.88> <Core = "AddSub">   --->   Core 14 'AddSub' <Latency = 0> <II = 1> <Delay = 0.85> <FuncUnit> <Opcode : 'add' 'sub'> <InPorts = 2> <OutPorts = 1>
ST_1 : Operation 12 [1/1] (0.00ns)   --->   "%trunc_ln = call i27 @_ssdm_op_PartSelect.i27.i32.i32.i32(i32 %sub_ln1118, i32 5, i32 31)" [firmware/nnet_utils/nnet_dense_resource.h:77->firmware/nnet_utils/nnet_dense_resource.h:276->firmware/nnet_utils/nnet_dense_stream.h:24]   --->   Operation 12 'partselect' 'trunc_ln' <Predicate = true> <Delay = 0.00>
ST_1 : Operation 13 [1/1] (0.00ns)   --->   "%sext_ln1118_1 = sext i27 %data_4_V_read_1 to i32" [firmware/nnet_utils/nnet_mult.h:78->firmware/nnet_utils/nnet_dense_resource.h:77->firmware/nnet_utils/nnet_dense_resource.h:276->firmware/nnet_utils/nnet_dense_stream.h:24]   --->   Operation 13 'sext' 'sext_ln1118_1' <Predicate = true> <Delay = 0.00>
ST_1 : Operation 14 [1/1] (0.00ns)   --->   "%shl_ln1118_s = call i32 @_ssdm_op_BitConcatenate.i32.i27.i5(i27 %data_4_V_read_1, i5 0)" [firmware/nnet_utils/nnet_mult.h:78->firmware/nnet_utils/nnet_dense_resource.h:77->firmware/nnet_utils/nnet_dense_resource.h:276->firmware/nnet_utils/nnet_dense_stream.h:24]   --->   Operation 14 'bitconcatenate' 'shl_ln1118_s' <Predicate = true> <Delay = 0.00>
ST_1 : Operation 15 [1/1] (0.88ns)   --->   "%sub_ln1118_1 = sub i32 %shl_ln1118_s, %sext_ln1118_1" [firmware/nnet_utils/nnet_mult.h:78->firmware/nnet_utils/nnet_dense_resource.h:77->firmware/nnet_utils/nnet_dense_resource.h:276->firmware/nnet_utils/nnet_dense_stream.h:24]   --->   Operation 15 'sub' 'sub_ln1118_1' <Predicate = true> <Delay = 0.88> <Core = "AddSub">   --->   Core 14 'AddSub' <Latency = 0> <II = 1> <Delay = 0.85> <FuncUnit> <Opcode : 'add' 'sub'> <InPorts = 2> <OutPorts = 1>
ST_1 : Operation 16 [1/1] (0.00ns)   --->   "%trunc_ln708_s = call i27 @_ssdm_op_PartSelect.i27.i32.i32.i32(i32 %sub_ln1118_1, i32 5, i32 31)" [firmware/nnet_utils/nnet_dense_resource.h:77->firmware/nnet_utils/nnet_dense_resource.h:276->firmware/nnet_utils/nnet_dense_stream.h:24]   --->   Operation 16 'partselect' 'trunc_ln708_s' <Predicate = true> <Delay = 0.00>
ST_1 : Operation 17 [1/1] (0.00ns)   --->   "%sext_ln1118_2 = sext i27 %data_6_V_read_1 to i32" [firmware/nnet_utils/nnet_mult.h:78->firmware/nnet_utils/nnet_dense_resource.h:77->firmware/nnet_utils/nnet_dense_resource.h:276->firmware/nnet_utils/nnet_dense_stream.h:24]   --->   Operation 17 'sext' 'sext_ln1118_2' <Predicate = true> <Delay = 0.00>
ST_1 : Operation 18 [1/1] (0.00ns)   --->   "%shl_ln1118_1 = call i32 @_ssdm_op_BitConcatenate.i32.i27.i5(i27 %data_6_V_read_1, i5 0)" [firmware/nnet_utils/nnet_mult.h:78->firmware/nnet_utils/nnet_dense_resource.h:77->firmware/nnet_utils/nnet_dense_resource.h:276->firmware/nnet_utils/nnet_dense_stream.h:24]   --->   Operation 18 'bitconcatenate' 'shl_ln1118_1' <Predicate = true> <Delay = 0.00>
ST_1 : Operation 19 [1/1] (0.88ns)   --->   "%sub_ln1118_2 = sub i32 0, %shl_ln1118_1" [firmware/nnet_utils/nnet_mult.h:78->firmware/nnet_utils/nnet_dense_resource.h:77->firmware/nnet_utils/nnet_dense_resource.h:276->firmware/nnet_utils/nnet_dense_stream.h:24]   --->   Operation 19 'sub' 'sub_ln1118_2' <Predicate = true> <Delay = 0.88> <Core = "AddSub">   --->   Core 14 'AddSub' <Latency = 0> <II = 1> <Delay = 0.85> <FuncUnit> <Opcode : 'add' 'sub'> <InPorts = 2> <OutPorts = 1>
ST_1 : Operation 20 [1/1] (0.00ns)   --->   "%trunc_ln708_1 = call i27 @_ssdm_op_PartSelect.i27.i32.i32.i32(i32 %sub_ln1118_2, i32 5, i32 31)" [firmware/nnet_utils/nnet_dense_resource.h:77->firmware/nnet_utils/nnet_dense_resource.h:276->firmware/nnet_utils/nnet_dense_stream.h:24]   --->   Operation 20 'partselect' 'trunc_ln708_1' <Predicate = true> <Delay = 0.00>
ST_1 : Operation 21 [1/1] (0.00ns)   --->   "%sext_ln1118_3 = sext i27 %data_7_V_read_1 to i32" [firmware/nnet_utils/nnet_mult.h:78->firmware/nnet_utils/nnet_dense_resource.h:77->firmware/nnet_utils/nnet_dense_resource.h:276->firmware/nnet_utils/nnet_dense_stream.h:24]   --->   Operation 21 'sext' 'sext_ln1118_3' <Predicate = true> <Delay = 0.00>
ST_1 : Operation 22 [1/1] (0.00ns)   --->   "%shl_ln1118_2 = call i32 @_ssdm_op_BitConcatenate.i32.i27.i5(i27 %data_7_V_read_1, i5 0)" [firmware/nnet_utils/nnet_mult.h:78->firmware/nnet_utils/nnet_dense_resource.h:77->firmware/nnet_utils/nnet_dense_resource.h:276->firmware/nnet_utils/nnet_dense_stream.h:24]   --->   Operation 22 'bitconcatenate' 'shl_ln1118_2' <Predicate = true> <Delay = 0.00>
ST_1 : Operation 23 [1/1] (0.88ns)   --->   "%sub_ln1118_3 = sub i32 %shl_ln1118_2, %sext_ln1118_3" [firmware/nnet_utils/nnet_mult.h:78->firmware/nnet_utils/nnet_dense_resource.h:77->firmware/nnet_utils/nnet_dense_resource.h:276->firmware/nnet_utils/nnet_dense_stream.h:24]   --->   Operation 23 'sub' 'sub_ln1118_3' <Predicate = true> <Delay = 0.88> <Core = "AddSub">   --->   Core 14 'AddSub' <Latency = 0> <II = 1> <Delay = 0.85> <FuncUnit> <Opcode : 'add' 'sub'> <InPorts = 2> <OutPorts = 1>
ST_1 : Operation 24 [1/1] (0.00ns)   --->   "%trunc_ln708_2 = call i27 @_ssdm_op_PartSelect.i27.i32.i32.i32(i32 %sub_ln1118_3, i32 5, i32 31)" [firmware/nnet_utils/nnet_dense_resource.h:77->firmware/nnet_utils/nnet_dense_resource.h:276->firmware/nnet_utils/nnet_dense_stream.h:24]   --->   Operation 24 'partselect' 'trunc_ln708_2' <Predicate = true> <Delay = 0.00>
ST_1 : Operation 25 [1/1] (0.00ns)   --->   "%sext_ln1118_4 = sext i27 %data_8_V_read_1 to i32" [firmware/nnet_utils/nnet_mult.h:78->firmware/nnet_utils/nnet_dense_resource.h:77->firmware/nnet_utils/nnet_dense_resource.h:276->firmware/nnet_utils/nnet_dense_stream.h:24]   --->   Operation 25 'sext' 'sext_ln1118_4' <Predicate = true> <Delay = 0.00>
ST_1 : Operation 26 [1/1] (0.00ns)   --->   "%shl_ln1118_3 = call i32 @_ssdm_op_BitConcatenate.i32.i27.i5(i27 %data_8_V_read_1, i5 0)" [firmware/nnet_utils/nnet_mult.h:78->firmware/nnet_utils/nnet_dense_resource.h:77->firmware/nnet_utils/nnet_dense_resource.h:276->firmware/nnet_utils/nnet_dense_stream.h:24]   --->   Operation 26 'bitconcatenate' 'shl_ln1118_3' <Predicate = true> <Delay = 0.00>
ST_1 : Operation 27 [1/1] (0.88ns)   --->   "%sub_ln1118_4 = sub i32 %shl_ln1118_3, %sext_ln1118_4" [firmware/nnet_utils/nnet_mult.h:78->firmware/nnet_utils/nnet_dense_resource.h:77->firmware/nnet_utils/nnet_dense_resource.h:276->firmware/nnet_utils/nnet_dense_stream.h:24]   --->   Operation 27 'sub' 'sub_ln1118_4' <Predicate = true> <Delay = 0.88> <Core = "AddSub">   --->   Core 14 'AddSub' <Latency = 0> <II = 1> <Delay = 0.85> <FuncUnit> <Opcode : 'add' 'sub'> <InPorts = 2> <OutPorts = 1>
ST_1 : Operation 28 [1/1] (0.00ns)   --->   "%trunc_ln708_3 = call i27 @_ssdm_op_PartSelect.i27.i32.i32.i32(i32 %sub_ln1118_4, i32 5, i32 31)" [firmware/nnet_utils/nnet_dense_resource.h:77->firmware/nnet_utils/nnet_dense_resource.h:276->firmware/nnet_utils/nnet_dense_stream.h:24]   --->   Operation 28 'partselect' 'trunc_ln708_3' <Predicate = true> <Delay = 0.00>
ST_1 : Operation 29 [1/1] (0.00ns)   --->   "%sext_ln1118_5 = sext i27 %data_9_V_read_1 to i32" [firmware/nnet_utils/nnet_mult.h:78->firmware/nnet_utils/nnet_dense_resource.h:77->firmware/nnet_utils/nnet_dense_resource.h:276->firmware/nnet_utils/nnet_dense_stream.h:24]   --->   Operation 29 'sext' 'sext_ln1118_5' <Predicate = true> <Delay = 0.00>
ST_1 : Operation 30 [1/1] (0.00ns)   --->   "%shl_ln1118_4 = call i32 @_ssdm_op_BitConcatenate.i32.i27.i5(i27 %data_9_V_read_1, i5 0)" [firmware/nnet_utils/nnet_mult.h:78->firmware/nnet_utils/nnet_dense_resource.h:77->firmware/nnet_utils/nnet_dense_resource.h:276->firmware/nnet_utils/nnet_dense_stream.h:24]   --->   Operation 30 'bitconcatenate' 'shl_ln1118_4' <Predicate = true> <Delay = 0.00>
ST_1 : Operation 31 [1/1] (0.88ns)   --->   "%sub_ln1118_5 = sub i32 %shl_ln1118_4, %sext_ln1118_5" [firmware/nnet_utils/nnet_mult.h:78->firmware/nnet_utils/nnet_dense_resource.h:77->firmware/nnet_utils/nnet_dense_resource.h:276->firmware/nnet_utils/nnet_dense_stream.h:24]   --->   Operation 31 'sub' 'sub_ln1118_5' <Predicate = true> <Delay = 0.88> <Core = "AddSub">   --->   Core 14 'AddSub' <Latency = 0> <II = 1> <Delay = 0.85> <FuncUnit> <Opcode : 'add' 'sub'> <InPorts = 2> <OutPorts = 1>
ST_1 : Operation 32 [1/1] (0.00ns)   --->   "%trunc_ln708_4 = call i27 @_ssdm_op_PartSelect.i27.i32.i32.i32(i32 %sub_ln1118_5, i32 5, i32 31)" [firmware/nnet_utils/nnet_dense_resource.h:77->firmware/nnet_utils/nnet_dense_resource.h:276->firmware/nnet_utils/nnet_dense_stream.h:24]   --->   Operation 32 'partselect' 'trunc_ln708_4' <Predicate = true> <Delay = 0.00>
ST_1 : Operation 33 [1/1] (0.00ns)   --->   "%sext_ln1118_6 = sext i27 %data_10_V_read_1 to i32" [firmware/nnet_utils/nnet_mult.h:78->firmware/nnet_utils/nnet_dense_resource.h:77->firmware/nnet_utils/nnet_dense_resource.h:276->firmware/nnet_utils/nnet_dense_stream.h:24]   --->   Operation 33 'sext' 'sext_ln1118_6' <Predicate = true> <Delay = 0.00>
ST_1 : Operation 34 [1/1] (0.00ns)   --->   "%shl_ln1118_5 = call i32 @_ssdm_op_BitConcatenate.i32.i27.i5(i27 %data_10_V_read_1, i5 0)" [firmware/nnet_utils/nnet_mult.h:78->firmware/nnet_utils/nnet_dense_resource.h:77->firmware/nnet_utils/nnet_dense_resource.h:276->firmware/nnet_utils/nnet_dense_stream.h:24]   --->   Operation 34 'bitconcatenate' 'shl_ln1118_5' <Predicate = true> <Delay = 0.00>
ST_1 : Operation 35 [1/1] (0.88ns)   --->   "%sub_ln1118_6 = sub i32 %shl_ln1118_5, %sext_ln1118_6" [firmware/nnet_utils/nnet_mult.h:78->firmware/nnet_utils/nnet_dense_resource.h:77->firmware/nnet_utils/nnet_dense_resource.h:276->firmware/nnet_utils/nnet_dense_stream.h:24]   --->   Operation 35 'sub' 'sub_ln1118_6' <Predicate = true> <Delay = 0.88> <Core = "AddSub">   --->   Core 14 'AddSub' <Latency = 0> <II = 1> <Delay = 0.85> <FuncUnit> <Opcode : 'add' 'sub'> <InPorts = 2> <OutPorts = 1>
ST_1 : Operation 36 [1/1] (0.00ns)   --->   "%trunc_ln708_5 = call i27 @_ssdm_op_PartSelect.i27.i32.i32.i32(i32 %sub_ln1118_6, i32 5, i32 31)" [firmware/nnet_utils/nnet_dense_resource.h:77->firmware/nnet_utils/nnet_dense_resource.h:276->firmware/nnet_utils/nnet_dense_stream.h:24]   --->   Operation 36 'partselect' 'trunc_ln708_5' <Predicate = true> <Delay = 0.00>
ST_1 : Operation 37 [1/1] (0.85ns)   --->   "%add_ln703 = add i27 %trunc_ln708_s, %trunc_ln" [firmware/nnet_utils/nnet_dense_resource.h:77->firmware/nnet_utils/nnet_dense_resource.h:276->firmware/nnet_utils/nnet_dense_stream.h:24]   --->   Operation 37 'add' 'add_ln703' <Predicate = true> <Delay = 0.85> <Core = "AddSub">   --->   Core 14 'AddSub' <Latency = 0> <II = 1> <Delay = 0.85> <FuncUnit> <Opcode : 'add' 'sub'> <InPorts = 2> <OutPorts = 1>
ST_1 : Operation 38 [1/1] (0.00ns) (grouped into TernaryAdder)   --->   "%add_ln703_1 = add i27 %trunc_ln708_2, %trunc_ln708_1" [firmware/nnet_utils/nnet_dense_resource.h:77->firmware/nnet_utils/nnet_dense_resource.h:276->firmware/nnet_utils/nnet_dense_stream.h:24]   --->   Operation 38 'add' 'add_ln703_1' <Predicate = true> <Delay = 0.00> <Core = "TAddSub">   --->   Core 83 'TAddSub' <Latency = 0> <II = 1> <Delay = 0.35> <IPBlock> <Opcode : 'add' 'sub'> <InPorts = 3> <OutPorts = 1> <Sync> <CReg>
ST_1 : Operation 39 [1/1] (0.71ns) (root node of TernaryAdder)   --->   "%add_ln703_2 = add i27 %add_ln703, %add_ln703_1" [firmware/nnet_utils/nnet_dense_resource.h:77->firmware/nnet_utils/nnet_dense_resource.h:276->firmware/nnet_utils/nnet_dense_stream.h:24]   --->   Operation 39 'add' 'add_ln703_2' <Predicate = true> <Delay = 0.71> <Core = "TAddSub">   --->   Core 83 'TAddSub' <Latency = 0> <II = 1> <Delay = 0.35> <IPBlock> <Opcode : 'add' 'sub'> <InPorts = 3> <OutPorts = 1> <Sync> <CReg>
ST_1 : Operation 40 [1/1] (0.85ns)   --->   "%add_ln703_3 = add i27 %trunc_ln708_4, %trunc_ln708_3" [firmware/nnet_utils/nnet_dense_resource.h:77->firmware/nnet_utils/nnet_dense_resource.h:276->firmware/nnet_utils/nnet_dense_stream.h:24]   --->   Operation 40 'add' 'add_ln703_3' <Predicate = true> <Delay = 0.85> <Core = "AddSub">   --->   Core 14 'AddSub' <Latency = 0> <II = 1> <Delay = 0.85> <FuncUnit> <Opcode : 'add' 'sub'> <InPorts = 2> <OutPorts = 1>
ST_1 : Operation 41 [1/1] (0.85ns)   --->   "%add_ln703_4 = add i27 %trunc_ln708_5, 40960" [firmware/nnet_utils/nnet_dense_resource.h:77->firmware/nnet_utils/nnet_dense_resource.h:276->firmware/nnet_utils/nnet_dense_stream.h:24]   --->   Operation 41 'add' 'add_ln703_4' <Predicate = true> <Delay = 0.85> <Core = "AddSub">   --->   Core 14 'AddSub' <Latency = 0> <II = 1> <Delay = 0.85> <FuncUnit> <Opcode : 'add' 'sub'> <InPorts = 2> <OutPorts = 1>
ST_1 : Operation 42 [1/1] (0.00ns) (grouped into TernaryAdder)   --->   "%add_ln703_5 = add i27 %add_ln703_3, %add_ln703_4" [firmware/nnet_utils/nnet_dense_resource.h:77->firmware/nnet_utils/nnet_dense_resource.h:276->firmware/nnet_utils/nnet_dense_stream.h:24]   --->   Operation 42 'add' 'add_ln703_5' <Predicate = true> <Delay = 0.00> <Core = "TAddSub">   --->   Core 83 'TAddSub' <Latency = 0> <II = 1> <Delay = 0.35> <IPBlock> <Opcode : 'add' 'sub'> <InPorts = 3> <OutPorts = 1> <Sync> <CReg>
ST_1 : Operation 43 [1/1] (0.71ns) (root node of TernaryAdder)   --->   "%add_ln703_6 = add i27 %add_ln703_2, %add_ln703_5" [firmware/nnet_utils/nnet_dense_resource.h:77->firmware/nnet_utils/nnet_dense_resource.h:276->firmware/nnet_utils/nnet_dense_stream.h:24]   --->   Operation 43 'add' 'add_ln703_6' <Predicate = true> <Delay = 0.71> <Core = "TAddSub">   --->   Core 83 'TAddSub' <Latency = 0> <II = 1> <Delay = 0.35> <IPBlock> <Opcode : 'add' 'sub'> <InPorts = 3> <OutPorts = 1> <Sync> <CReg>
ST_1 : Operation 44 [1/1] (0.88ns)   --->   "%sub_ln1118_7 = sub i32 %shl_ln, %sext_ln1118" [firmware/nnet_utils/nnet_mult.h:78->firmware/nnet_utils/nnet_dense_resource.h:77->firmware/nnet_utils/nnet_dense_resource.h:276->firmware/nnet_utils/nnet_dense_stream.h:24]   --->   Operation 44 'sub' 'sub_ln1118_7' <Predicate = true> <Delay = 0.88> <Core = "AddSub">   --->   Core 14 'AddSub' <Latency = 0> <II = 1> <Delay = 0.85> <FuncUnit> <Opcode : 'add' 'sub'> <InPorts = 2> <OutPorts = 1>
ST_1 : Operation 45 [1/1] (0.00ns)   --->   "%trunc_ln708_6 = call i27 @_ssdm_op_PartSelect.i27.i32.i32.i32(i32 %sub_ln1118_7, i32 5, i32 31)" [firmware/nnet_utils/nnet_dense_resource.h:77->firmware/nnet_utils/nnet_dense_resource.h:276->firmware/nnet_utils/nnet_dense_stream.h:24]   --->   Operation 45 'partselect' 'trunc_ln708_6' <Predicate = true> <Delay = 0.00>
ST_1 : Operation 46 [1/1] (0.88ns)   --->   "%sub_ln1118_8 = sub i32 0, %shl_ln1118_s" [firmware/nnet_utils/nnet_mult.h:78->firmware/nnet_utils/nnet_dense_resource.h:77->firmware/nnet_utils/nnet_dense_resource.h:276->firmware/nnet_utils/nnet_dense_stream.h:24]   --->   Operation 46 'sub' 'sub_ln1118_8' <Predicate = true> <Delay = 0.88> <Core = "AddSub">   --->   Core 14 'AddSub' <Latency = 0> <II = 1> <Delay = 0.85> <FuncUnit> <Opcode : 'add' 'sub'> <InPorts = 2> <OutPorts = 1>
ST_1 : Operation 47 [1/1] (0.00ns)   --->   "%trunc_ln708_7 = call i27 @_ssdm_op_PartSelect.i27.i32.i32.i32(i32 %sub_ln1118_8, i32 5, i32 31)" [firmware/nnet_utils/nnet_dense_resource.h:77->firmware/nnet_utils/nnet_dense_resource.h:276->firmware/nnet_utils/nnet_dense_stream.h:24]   --->   Operation 47 'partselect' 'trunc_ln708_7' <Predicate = true> <Delay = 0.00>
ST_1 : Operation 48 [1/1] (0.88ns)   --->   "%sub_ln1118_9 = sub i32 %shl_ln1118_1, %sext_ln1118_2" [firmware/nnet_utils/nnet_mult.h:78->firmware/nnet_utils/nnet_dense_resource.h:77->firmware/nnet_utils/nnet_dense_resource.h:276->firmware/nnet_utils/nnet_dense_stream.h:24]   --->   Operation 48 'sub' 'sub_ln1118_9' <Predicate = true> <Delay = 0.88> <Core = "AddSub">   --->   Core 14 'AddSub' <Latency = 0> <II = 1> <Delay = 0.85> <FuncUnit> <Opcode : 'add' 'sub'> <InPorts = 2> <OutPorts = 1>
ST_1 : Operation 49 [1/1] (0.00ns)   --->   "%trunc_ln708_8 = call i27 @_ssdm_op_PartSelect.i27.i32.i32.i32(i32 %sub_ln1118_9, i32 5, i32 31)" [firmware/nnet_utils/nnet_dense_resource.h:77->firmware/nnet_utils/nnet_dense_resource.h:276->firmware/nnet_utils/nnet_dense_stream.h:24]   --->   Operation 49 'partselect' 'trunc_ln708_8' <Predicate = true> <Delay = 0.00>
ST_1 : Operation 50 [1/1] (0.88ns)   --->   "%sub_ln1118_10 = sub i32 0, %shl_ln1118_2" [firmware/nnet_utils/nnet_mult.h:78->firmware/nnet_utils/nnet_dense_resource.h:77->firmware/nnet_utils/nnet_dense_resource.h:276->firmware/nnet_utils/nnet_dense_stream.h:24]   --->   Operation 50 'sub' 'sub_ln1118_10' <Predicate = true> <Delay = 0.88> <Core = "AddSub">   --->   Core 14 'AddSub' <Latency = 0> <II = 1> <Delay = 0.85> <FuncUnit> <Opcode : 'add' 'sub'> <InPorts = 2> <OutPorts = 1>
ST_1 : Operation 51 [1/1] (0.00ns)   --->   "%trunc_ln708_9 = call i27 @_ssdm_op_PartSelect.i27.i32.i32.i32(i32 %sub_ln1118_10, i32 5, i32 31)" [firmware/nnet_utils/nnet_dense_resource.h:77->firmware/nnet_utils/nnet_dense_resource.h:276->firmware/nnet_utils/nnet_dense_stream.h:24]   --->   Operation 51 'partselect' 'trunc_ln708_9' <Predicate = true> <Delay = 0.00>
ST_1 : Operation 52 [1/1] (0.88ns)   --->   "%sub_ln1118_11 = sub i32 0, %shl_ln1118_3" [firmware/nnet_utils/nnet_mult.h:78->firmware/nnet_utils/nnet_dense_resource.h:77->firmware/nnet_utils/nnet_dense_resource.h:276->firmware/nnet_utils/nnet_dense_stream.h:24]   --->   Operation 52 'sub' 'sub_ln1118_11' <Predicate = true> <Delay = 0.88> <Core = "AddSub">   --->   Core 14 'AddSub' <Latency = 0> <II = 1> <Delay = 0.85> <FuncUnit> <Opcode : 'add' 'sub'> <InPorts = 2> <OutPorts = 1>
ST_1 : Operation 53 [1/1] (0.00ns)   --->   "%trunc_ln708_10 = call i27 @_ssdm_op_PartSelect.i27.i32.i32.i32(i32 %sub_ln1118_11, i32 5, i32 31)" [firmware/nnet_utils/nnet_dense_resource.h:77->firmware/nnet_utils/nnet_dense_resource.h:276->firmware/nnet_utils/nnet_dense_stream.h:24]   --->   Operation 53 'partselect' 'trunc_ln708_10' <Predicate = true> <Delay = 0.00>
ST_1 : Operation 54 [1/1] (0.88ns)   --->   "%sub_ln1118_12 = sub i32 0, %shl_ln1118_4" [firmware/nnet_utils/nnet_mult.h:78->firmware/nnet_utils/nnet_dense_resource.h:77->firmware/nnet_utils/nnet_dense_resource.h:276->firmware/nnet_utils/nnet_dense_stream.h:24]   --->   Operation 54 'sub' 'sub_ln1118_12' <Predicate = true> <Delay = 0.88> <Core = "AddSub">   --->   Core 14 'AddSub' <Latency = 0> <II = 1> <Delay = 0.85> <FuncUnit> <Opcode : 'add' 'sub'> <InPorts = 2> <OutPorts = 1>
ST_1 : Operation 55 [1/1] (0.00ns)   --->   "%trunc_ln708_11 = call i27 @_ssdm_op_PartSelect.i27.i32.i32.i32(i32 %sub_ln1118_12, i32 5, i32 31)" [firmware/nnet_utils/nnet_dense_resource.h:77->firmware/nnet_utils/nnet_dense_resource.h:276->firmware/nnet_utils/nnet_dense_stream.h:24]   --->   Operation 55 'partselect' 'trunc_ln708_11' <Predicate = true> <Delay = 0.00>
ST_1 : Operation 56 [1/1] (0.88ns)   --->   "%sub_ln1118_13 = sub i32 0, %shl_ln1118_5" [firmware/nnet_utils/nnet_mult.h:78->firmware/nnet_utils/nnet_dense_resource.h:77->firmware/nnet_utils/nnet_dense_resource.h:276->firmware/nnet_utils/nnet_dense_stream.h:24]   --->   Operation 56 'sub' 'sub_ln1118_13' <Predicate = true> <Delay = 0.88> <Core = "AddSub">   --->   Core 14 'AddSub' <Latency = 0> <II = 1> <Delay = 0.85> <FuncUnit> <Opcode : 'add' 'sub'> <InPorts = 2> <OutPorts = 1>
ST_1 : Operation 57 [1/1] (0.00ns)   --->   "%trunc_ln708_12 = call i27 @_ssdm_op_PartSelect.i27.i32.i32.i32(i32 %sub_ln1118_13, i32 5, i32 31)" [firmware/nnet_utils/nnet_dense_resource.h:77->firmware/nnet_utils/nnet_dense_resource.h:276->firmware/nnet_utils/nnet_dense_stream.h:24]   --->   Operation 57 'partselect' 'trunc_ln708_12' <Predicate = true> <Delay = 0.00>
ST_1 : Operation 58 [1/1] (0.85ns)   --->   "%add_ln703_7 = add i27 %trunc_ln708_7, %trunc_ln708_6" [firmware/nnet_utils/nnet_dense_resource.h:77->firmware/nnet_utils/nnet_dense_resource.h:276->firmware/nnet_utils/nnet_dense_stream.h:24]   --->   Operation 58 'add' 'add_ln703_7' <Predicate = true> <Delay = 0.85> <Core = "AddSub">   --->   Core 14 'AddSub' <Latency = 0> <II = 1> <Delay = 0.85> <FuncUnit> <Opcode : 'add' 'sub'> <InPorts = 2> <OutPorts = 1>
ST_1 : Operation 59 [1/1] (0.00ns) (grouped into TernaryAdder)   --->   "%add_ln703_8 = add i27 %trunc_ln708_9, %trunc_ln708_8" [firmware/nnet_utils/nnet_dense_resource.h:77->firmware/nnet_utils/nnet_dense_resource.h:276->firmware/nnet_utils/nnet_dense_stream.h:24]   --->   Operation 59 'add' 'add_ln703_8' <Predicate = true> <Delay = 0.00> <Core = "TAddSub">   --->   Core 83 'TAddSub' <Latency = 0> <II = 1> <Delay = 0.35> <IPBlock> <Opcode : 'add' 'sub'> <InPorts = 3> <OutPorts = 1> <Sync> <CReg>
ST_1 : Operation 60 [1/1] (0.71ns) (root node of TernaryAdder)   --->   "%add_ln703_9 = add i27 %add_ln703_7, %add_ln703_8" [firmware/nnet_utils/nnet_dense_resource.h:77->firmware/nnet_utils/nnet_dense_resource.h:276->firmware/nnet_utils/nnet_dense_stream.h:24]   --->   Operation 60 'add' 'add_ln703_9' <Predicate = true> <Delay = 0.71> <Core = "TAddSub">   --->   Core 83 'TAddSub' <Latency = 0> <II = 1> <Delay = 0.35> <IPBlock> <Opcode : 'add' 'sub'> <InPorts = 3> <OutPorts = 1> <Sync> <CReg>
ST_1 : Operation 61 [1/1] (0.85ns)   --->   "%add_ln703_10 = add i27 %trunc_ln708_11, %trunc_ln708_10" [firmware/nnet_utils/nnet_dense_resource.h:77->firmware/nnet_utils/nnet_dense_resource.h:276->firmware/nnet_utils/nnet_dense_stream.h:24]   --->   Operation 61 'add' 'add_ln703_10' <Predicate = true> <Delay = 0.85> <Core = "AddSub">   --->   Core 14 'AddSub' <Latency = 0> <II = 1> <Delay = 0.85> <FuncUnit> <Opcode : 'add' 'sub'> <InPorts = 2> <OutPorts = 1>
ST_1 : Operation 62 [1/1] (0.85ns)   --->   "%add_ln703_11 = add i27 %trunc_ln708_12, -40960" [firmware/nnet_utils/nnet_dense_resource.h:77->firmware/nnet_utils/nnet_dense_resource.h:276->firmware/nnet_utils/nnet_dense_stream.h:24]   --->   Operation 62 'add' 'add_ln703_11' <Predicate = true> <Delay = 0.85> <Core = "AddSub">   --->   Core 14 'AddSub' <Latency = 0> <II = 1> <Delay = 0.85> <FuncUnit> <Opcode : 'add' 'sub'> <InPorts = 2> <OutPorts = 1>
ST_1 : Operation 63 [1/1] (0.00ns) (grouped into TernaryAdder)   --->   "%add_ln703_12 = add i27 %add_ln703_10, %add_ln703_11" [firmware/nnet_utils/nnet_dense_resource.h:77->firmware/nnet_utils/nnet_dense_resource.h:276->firmware/nnet_utils/nnet_dense_stream.h:24]   --->   Operation 63 'add' 'add_ln703_12' <Predicate = true> <Delay = 0.00> <Core = "TAddSub">   --->   Core 83 'TAddSub' <Latency = 0> <II = 1> <Delay = 0.35> <IPBlock> <Opcode : 'add' 'sub'> <InPorts = 3> <OutPorts = 1> <Sync> <CReg>
ST_1 : Operation 64 [1/1] (0.71ns) (root node of TernaryAdder)   --->   "%acc_1_V = add i27 %add_ln703_9, %add_ln703_12" [firmware/nnet_utils/nnet_dense_resource.h:77->firmware/nnet_utils/nnet_dense_resource.h:276->firmware/nnet_utils/nnet_dense_stream.h:24]   --->   Operation 64 'add' 'acc_1_V' <Predicate = true> <Delay = 0.71> <Core = "TAddSub">   --->   Core 83 'TAddSub' <Latency = 0> <II = 1> <Delay = 0.35> <IPBlock> <Opcode : 'add' 'sub'> <InPorts = 3> <OutPorts = 1> <Sync> <CReg>
ST_1 : Operation 65 [1/1] (0.00ns)   --->   "%mrv = insertvalue { i27, i27 } undef, i27 %add_ln703_6, 0" [firmware/nnet_utils/nnet_dense_stream.h:26]   --->   Operation 65 'insertvalue' 'mrv' <Predicate = true> <Delay = 0.00>
ST_1 : Operation 66 [1/1] (0.00ns)   --->   "%mrv_1 = insertvalue { i27, i27 } %mrv, i27 %acc_1_V, 1" [firmware/nnet_utils/nnet_dense_stream.h:26]   --->   Operation 66 'insertvalue' 'mrv_1' <Predicate = true> <Delay = 0.00>
ST_1 : Operation 67 [1/1] (0.00ns)   --->   "ret { i27, i27 } %mrv_1" [firmware/nnet_utils/nnet_dense_stream.h:26]   --->   Operation 67 'ret' <Predicate = true> <Delay = 0.00>


============================================================
+ Verbose Summary: Binding
============================================================
STG Binding: 
---------------- STG Properties BEGIN ----------------
- Is combinational: 1
- Is one-state seq: 0
- Is datapath-only: 0
- Is pipelined: 0
- Is top level: 0
Port [ Return ] is wired: 1; IO mode=ap_ctrl_hs:ce=0
Port [ data_2_V_read]:  wired=1; compound=0; hidden=0; nouse=0; global=0; static=0; extern=0; dir=0; type=0; pingpong=0; private_global=0; IO mode=ap_none:ce=0
Port [ data_4_V_read]:  wired=1; compound=0; hidden=0; nouse=0; global=0; static=0; extern=0; dir=0; type=0; pingpong=0; private_global=0; IO mode=ap_none:ce=0
Port [ data_6_V_read]:  wired=1; compound=0; hidden=0; nouse=0; global=0; static=0; extern=0; dir=0; type=0; pingpong=0; private_global=0; IO mode=ap_none:ce=0
Port [ data_7_V_read]:  wired=1; compound=0; hidden=0; nouse=0; global=0; static=0; extern=0; dir=0; type=0; pingpong=0; private_global=0; IO mode=ap_none:ce=0
Port [ data_8_V_read]:  wired=1; compound=0; hidden=0; nouse=0; global=0; static=0; extern=0; dir=0; type=0; pingpong=0; private_global=0; IO mode=ap_none:ce=0
Port [ data_9_V_read]:  wired=1; compound=0; hidden=0; nouse=0; global=0; static=0; extern=0; dir=0; type=0; pingpong=0; private_global=0; IO mode=ap_none:ce=0
Port [ data_10_V_read]:  wired=1; compound=0; hidden=0; nouse=0; global=0; static=0; extern=0; dir=0; type=0; pingpong=0; private_global=0; IO mode=ap_none:ce=0
---------------- STG Properties END ------------------

---------------- Datapath Model BEGIN ----------------

<LifeTime>
<method=bitvector/>
data_10_V_read_1 (read          ) [ 00]
data_9_V_read_1  (read          ) [ 00]
data_8_V_read_1  (read          ) [ 00]
data_7_V_read_1  (read          ) [ 00]
data_6_V_read_1  (read          ) [ 00]
data_4_V_read_1  (read          ) [ 00]
data_2_V_read_1  (read          ) [ 00]
sext_ln1118      (sext          ) [ 00]
shl_ln           (bitconcatenate) [ 00]
sub_ln1118       (sub           ) [ 00]
trunc_ln         (partselect    ) [ 00]
sext_ln1118_1    (sext          ) [ 00]
shl_ln1118_s     (bitconcatenate) [ 00]
sub_ln1118_1     (sub           ) [ 00]
trunc_ln708_s    (partselect    ) [ 00]
sext_ln1118_2    (sext          ) [ 00]
shl_ln1118_1     (bitconcatenate) [ 00]
sub_ln1118_2     (sub           ) [ 00]
trunc_ln708_1    (partselect    ) [ 00]
sext_ln1118_3    (sext          ) [ 00]
shl_ln1118_2     (bitconcatenate) [ 00]
sub_ln1118_3     (sub           ) [ 00]
trunc_ln708_2    (partselect    ) [ 00]
sext_ln1118_4    (sext          ) [ 00]
shl_ln1118_3     (bitconcatenate) [ 00]
sub_ln1118_4     (sub           ) [ 00]
trunc_ln708_3    (partselect    ) [ 00]
sext_ln1118_5    (sext          ) [ 00]
shl_ln1118_4     (bitconcatenate) [ 00]
sub_ln1118_5     (sub           ) [ 00]
trunc_ln708_4    (partselect    ) [ 00]
sext_ln1118_6    (sext          ) [ 00]
shl_ln1118_5     (bitconcatenate) [ 00]
sub_ln1118_6     (sub           ) [ 00]
trunc_ln708_5    (partselect    ) [ 00]
add_ln703        (add           ) [ 00]
add_ln703_1      (add           ) [ 00]
add_ln703_2      (add           ) [ 00]
add_ln703_3      (add           ) [ 00]
add_ln703_4      (add           ) [ 00]
add_ln703_5      (add           ) [ 00]
add_ln703_6      (add           ) [ 00]
sub_ln1118_7     (sub           ) [ 00]
trunc_ln708_6    (partselect    ) [ 00]
sub_ln1118_8     (sub           ) [ 00]
trunc_ln708_7    (partselect    ) [ 00]
sub_ln1118_9     (sub           ) [ 00]
trunc_ln708_8    (partselect    ) [ 00]
sub_ln1118_10    (sub           ) [ 00]
trunc_ln708_9    (partselect    ) [ 00]
sub_ln1118_11    (sub           ) [ 00]
trunc_ln708_10   (partselect    ) [ 00]
sub_ln1118_12    (sub           ) [ 00]
trunc_ln708_11   (partselect    ) [ 00]
sub_ln1118_13    (sub           ) [ 00]
trunc_ln708_12   (partselect    ) [ 00]
add_ln703_7      (add           ) [ 00]
add_ln703_8      (add           ) [ 00]
add_ln703_9      (add           ) [ 00]
add_ln703_10     (add           ) [ 00]
add_ln703_11     (add           ) [ 00]
add_ln703_12     (add           ) [ 00]
acc_1_V          (add           ) [ 00]
mrv              (insertvalue   ) [ 00]
mrv_1            (insertvalue   ) [ 00]
ret_ln26         (ret           ) [ 00]
</LifeTime>

<model>

<comp_list>
<comp id="0" class="1000" name="data_2_V_read">
<pin_list>
<pin id="1" dir="1" index="0" bw="1" slack="0"/>
</pin_list>
<bind>
<StgValue><ssdm name="data_2_V_read"/></StgValue>
</bind>
</comp>

<comp id="2" class="1000" name="data_4_V_read">
<pin_list>
<pin id="3" dir="1" index="0" bw="1" slack="0"/>
</pin_list>
<bind>
<StgValue><ssdm name="data_4_V_read"/></StgValue>
</bind>
</comp>

<comp id="4" class="1000" name="data_6_V_read">
<pin_list>
<pin id="5" dir="1" index="0" bw="1" slack="0"/>
</pin_list>
<bind>
<StgValue><ssdm name="data_6_V_read"/></StgValue>
</bind>
</comp>

<comp id="6" class="1000" name="data_7_V_read">
<pin_list>
<pin id="7" dir="1" index="0" bw="1" slack="0"/>
</pin_list>
<bind>
<StgValue><ssdm name="data_7_V_read"/></StgValue>
</bind>
</comp>

<comp id="8" class="1000" name="data_8_V_read">
<pin_list>
<pin id="9" dir="1" index="0" bw="1" slack="0"/>
</pin_list>
<bind>
<StgValue><ssdm name="data_8_V_read"/></StgValue>
</bind>
</comp>

<comp id="10" class="1000" name="data_9_V_read">
<pin_list>
<pin id="11" dir="1" index="0" bw="1" slack="0"/>
</pin_list>
<bind>
<StgValue><ssdm name="data_9_V_read"/></StgValue>
</bind>
</comp>

<comp id="12" class="1000" name="data_10_V_read">
<pin_list>
<pin id="13" dir="1" index="0" bw="1" slack="0"/>
</pin_list>
<bind>
<StgValue><ssdm name="data_10_V_read"/></StgValue>
</bind>
</comp>

<comp id="14" class="1001" name="const_14">
<pin_list>
<pin id="15" dir="1" index="0" bw="1" slack="0"/>
</pin_list>
<bind>
<StgValue><ssdm name="_ssdm_op_Read.ap_auto.i27"/></StgValue>
</bind>
</comp>

<comp id="16" class="1001" name="const_16">
<pin_list>
<pin id="17" dir="1" index="0" bw="1" slack="0"/>
</pin_list>
<bind>
<StgValue><ssdm name="_ssdm_op_BitConcatenate.i32.i27.i5"/></StgValue>
</bind>
</comp>

<comp id="18" class="1001" name="const_18">
<pin_list>
<pin id="19" dir="1" index="0" bw="1" slack="0"/>
</pin_list>
<bind>
<StgValue><ssdm name=""/></StgValue>
</bind>
</comp>

<comp id="20" class="1001" name="const_20">
<pin_list>
<pin id="21" dir="1" index="0" bw="1" slack="0"/>
</pin_list>
<bind>
<StgValue><ssdm name=""/></StgValue>
</bind>
</comp>

<comp id="22" class="1001" name="const_22">
<pin_list>
<pin id="23" dir="1" index="0" bw="1" slack="0"/>
</pin_list>
<bind>
<StgValue><ssdm name="_ssdm_op_PartSelect.i27.i32.i32.i32"/></StgValue>
</bind>
</comp>

<comp id="24" class="1001" name="const_24">
<pin_list>
<pin id="25" dir="1" index="0" bw="1" slack="0"/>
</pin_list>
<bind>
<StgValue><ssdm name=""/></StgValue>
</bind>
</comp>

<comp id="26" class="1001" name="const_26">
<pin_list>
<pin id="27" dir="1" index="0" bw="1" slack="0"/>
</pin_list>
<bind>
<StgValue><ssdm name=""/></StgValue>
</bind>
</comp>

<comp id="28" class="1001" name="const_28">
<pin_list>
<pin id="29" dir="1" index="0" bw="1" slack="0"/>
</pin_list>
<bind>
<StgValue><ssdm name=""/></StgValue>
</bind>
</comp>

<comp id="30" class="1001" name="const_30">
<pin_list>
<pin id="31" dir="1" index="0" bw="1" slack="0"/>
</pin_list>
<bind>
<StgValue><ssdm name=""/></StgValue>
</bind>
</comp>

<comp id="32" class="1001" name="const_32">
<pin_list>
<pin id="33" dir="1" index="0" bw="1" slack="0"/>
</pin_list>
<bind>
<StgValue><ssdm name=""/></StgValue>
</bind>
</comp>

<comp id="34" class="1004" name="data_10_V_read_1_read_fu_34">
<pin_list>
<pin id="35" dir="0" index="0" bw="27" slack="0"/>
<pin id="36" dir="0" index="1" bw="27" slack="0"/>
<pin id="37" dir="1" index="2" bw="27" slack="0"/>
</pin_list>
<bind>
<opcode="read(1150) " fcode="read"/>
<opset="data_10_V_read_1/1 "/>
</bind>
</comp>

<comp id="40" class="1004" name="data_9_V_read_1_read_fu_40">
<pin_list>
<pin id="41" dir="0" index="0" bw="27" slack="0"/>
<pin id="42" dir="0" index="1" bw="27" slack="0"/>
<pin id="43" dir="1" index="2" bw="27" slack="0"/>
</pin_list>
<bind>
<opcode="read(1150) " fcode="read"/>
<opset="data_9_V_read_1/1 "/>
</bind>
</comp>

<comp id="46" class="1004" name="data_8_V_read_1_read_fu_46">
<pin_list>
<pin id="47" dir="0" index="0" bw="27" slack="0"/>
<pin id="48" dir="0" index="1" bw="27" slack="0"/>
<pin id="49" dir="1" index="2" bw="27" slack="0"/>
</pin_list>
<bind>
<opcode="read(1150) " fcode="read"/>
<opset="data_8_V_read_1/1 "/>
</bind>
</comp>

<comp id="52" class="1004" name="data_7_V_read_1_read_fu_52">
<pin_list>
<pin id="53" dir="0" index="0" bw="27" slack="0"/>
<pin id="54" dir="0" index="1" bw="27" slack="0"/>
<pin id="55" dir="1" index="2" bw="27" slack="0"/>
</pin_list>
<bind>
<opcode="read(1150) " fcode="read"/>
<opset="data_7_V_read_1/1 "/>
</bind>
</comp>

<comp id="58" class="1004" name="data_6_V_read_1_read_fu_58">
<pin_list>
<pin id="59" dir="0" index="0" bw="27" slack="0"/>
<pin id="60" dir="0" index="1" bw="27" slack="0"/>
<pin id="61" dir="1" index="2" bw="27" slack="0"/>
</pin_list>
<bind>
<opcode="read(1150) " fcode="read"/>
<opset="data_6_V_read_1/1 "/>
</bind>
</comp>

<comp id="64" class="1004" name="data_4_V_read_1_read_fu_64">
<pin_list>
<pin id="65" dir="0" index="0" bw="27" slack="0"/>
<pin id="66" dir="0" index="1" bw="27" slack="0"/>
<pin id="67" dir="1" index="2" bw="27" slack="0"/>
</pin_list>
<bind>
<opcode="read(1150) " fcode="read"/>
<opset="data_4_V_read_1/1 "/>
</bind>
</comp>

<comp id="70" class="1004" name="data_2_V_read_1_read_fu_70">
<pin_list>
<pin id="71" dir="0" index="0" bw="27" slack="0"/>
<pin id="72" dir="0" index="1" bw="27" slack="0"/>
<pin id="73" dir="1" index="2" bw="27" slack="0"/>
</pin_list>
<bind>
<opcode="read(1150) " fcode="read"/>
<opset="data_2_V_read_1/1 "/>
</bind>
</comp>

<comp id="76" class="1004" name="sext_ln1118_fu_76">
<pin_list>
<pin id="77" dir="0" index="0" bw="27" slack="0"/>
<pin id="78" dir="1" index="1" bw="32" slack="0"/>
</pin_list>
<bind>
<opcode="sext(35) " fcode="sext"/>
<opset="sext_ln1118/1 "/>
</bind>
</comp>

<comp id="80" class="1004" name="shl_ln_fu_80">
<pin_list>
<pin id="81" dir="0" index="0" bw="32" slack="0"/>
<pin id="82" dir="0" index="1" bw="27" slack="0"/>
<pin id="83" dir="0" index="2" bw="1" slack="0"/>
<pin id="84" dir="1" index="3" bw="32" slack="0"/>
</pin_list>
<bind>
<opcode="bitconcatenate(1004) " fcode="bitconcatenate"/>
<opset="shl_ln/1 "/>
</bind>
</comp>

<comp id="88" class="1004" name="sub_ln1118_fu_88">
<pin_list>
<pin id="89" dir="0" index="0" bw="1" slack="0"/>
<pin id="90" dir="0" index="1" bw="32" slack="0"/>
<pin id="91" dir="1" index="2" bw="32" slack="0"/>
</pin_list>
<bind>
<opcode="sub(10) " fcode="sub"/>
<opset="sub_ln1118/1 "/>
</bind>
</comp>

<comp id="94" class="1004" name="trunc_ln_fu_94">
<pin_list>
<pin id="95" dir="0" index="0" bw="27" slack="0"/>
<pin id="96" dir="0" index="1" bw="32" slack="0"/>
<pin id="97" dir="0" index="2" bw="4" slack="0"/>
<pin id="98" dir="0" index="3" bw="6" slack="0"/>
<pin id="99" dir="1" index="4" bw="27" slack="0"/>
</pin_list>
<bind>
<opcode="partselect(1002) " fcode="partselect"/>
<opset="trunc_ln/1 "/>
</bind>
</comp>

<comp id="104" class="1004" name="sext_ln1118_1_fu_104">
<pin_list>
<pin id="105" dir="0" index="0" bw="27" slack="0"/>
<pin id="106" dir="1" index="1" bw="32" slack="0"/>
</pin_list>
<bind>
<opcode="sext(35) " fcode="sext"/>
<opset="sext_ln1118_1/1 "/>
</bind>
</comp>

<comp id="108" class="1004" name="shl_ln1118_s_fu_108">
<pin_list>
<pin id="109" dir="0" index="0" bw="32" slack="0"/>
<pin id="110" dir="0" index="1" bw="27" slack="0"/>
<pin id="111" dir="0" index="2" bw="1" slack="0"/>
<pin id="112" dir="1" index="3" bw="32" slack="0"/>
</pin_list>
<bind>
<opcode="bitconcatenate(1004) " fcode="bitconcatenate"/>
<opset="shl_ln1118_s/1 "/>
</bind>
</comp>

<comp id="116" class="1004" name="sub_ln1118_1_fu_116">
<pin_list>
<pin id="117" dir="0" index="0" bw="32" slack="0"/>
<pin id="118" dir="0" index="1" bw="27" slack="0"/>
<pin id="119" dir="1" index="2" bw="32" slack="0"/>
</pin_list>
<bind>
<opcode="sub(10) " fcode="sub"/>
<opset="sub_ln1118_1/1 "/>
</bind>
</comp>

<comp id="122" class="1004" name="trunc_ln708_s_fu_122">
<pin_list>
<pin id="123" dir="0" index="0" bw="27" slack="0"/>
<pin id="124" dir="0" index="1" bw="32" slack="0"/>
<pin id="125" dir="0" index="2" bw="4" slack="0"/>
<pin id="126" dir="0" index="3" bw="6" slack="0"/>
<pin id="127" dir="1" index="4" bw="27" slack="0"/>
</pin_list>
<bind>
<opcode="partselect(1002) " fcode="partselect"/>
<opset="trunc_ln708_s/1 "/>
</bind>
</comp>

<comp id="132" class="1004" name="sext_ln1118_2_fu_132">
<pin_list>
<pin id="133" dir="0" index="0" bw="27" slack="0"/>
<pin id="134" dir="1" index="1" bw="32" slack="0"/>
</pin_list>
<bind>
<opcode="sext(35) " fcode="sext"/>
<opset="sext_ln1118_2/1 "/>
</bind>
</comp>

<comp id="136" class="1004" name="shl_ln1118_1_fu_136">
<pin_list>
<pin id="137" dir="0" index="0" bw="32" slack="0"/>
<pin id="138" dir="0" index="1" bw="27" slack="0"/>
<pin id="139" dir="0" index="2" bw="1" slack="0"/>
<pin id="140" dir="1" index="3" bw="32" slack="0"/>
</pin_list>
<bind>
<opcode="bitconcatenate(1004) " fcode="bitconcatenate"/>
<opset="shl_ln1118_1/1 "/>
</bind>
</comp>

<comp id="144" class="1004" name="sub_ln1118_2_fu_144">
<pin_list>
<pin id="145" dir="0" index="0" bw="1" slack="0"/>
<pin id="146" dir="0" index="1" bw="32" slack="0"/>
<pin id="147" dir="1" index="2" bw="32" slack="0"/>
</pin_list>
<bind>
<opcode="sub(10) " fcode="sub"/>
<opset="sub_ln1118_2/1 "/>
</bind>
</comp>

<comp id="150" class="1004" name="trunc_ln708_1_fu_150">
<pin_list>
<pin id="151" dir="0" index="0" bw="27" slack="0"/>
<pin id="152" dir="0" index="1" bw="32" slack="0"/>
<pin id="153" dir="0" index="2" bw="4" slack="0"/>
<pin id="154" dir="0" index="3" bw="6" slack="0"/>
<pin id="155" dir="1" index="4" bw="27" slack="0"/>
</pin_list>
<bind>
<opcode="partselect(1002) " fcode="partselect"/>
<opset="trunc_ln708_1/1 "/>
</bind>
</comp>

<comp id="160" class="1004" name="sext_ln1118_3_fu_160">
<pin_list>
<pin id="161" dir="0" index="0" bw="27" slack="0"/>
<pin id="162" dir="1" index="1" bw="32" slack="0"/>
</pin_list>
<bind>
<opcode="sext(35) " fcode="sext"/>
<opset="sext_ln1118_3/1 "/>
</bind>
</comp>

<comp id="164" class="1004" name="shl_ln1118_2_fu_164">
<pin_list>
<pin id="165" dir="0" index="0" bw="32" slack="0"/>
<pin id="166" dir="0" index="1" bw="27" slack="0"/>
<pin id="167" dir="0" index="2" bw="1" slack="0"/>
<pin id="168" dir="1" index="3" bw="32" slack="0"/>
</pin_list>
<bind>
<opcode="bitconcatenate(1004) " fcode="bitconcatenate"/>
<opset="shl_ln1118_2/1 "/>
</bind>
</comp>

<comp id="172" class="1004" name="sub_ln1118_3_fu_172">
<pin_list>
<pin id="173" dir="0" index="0" bw="32" slack="0"/>
<pin id="174" dir="0" index="1" bw="27" slack="0"/>
<pin id="175" dir="1" index="2" bw="32" slack="0"/>
</pin_list>
<bind>
<opcode="sub(10) " fcode="sub"/>
<opset="sub_ln1118_3/1 "/>
</bind>
</comp>

<comp id="178" class="1004" name="trunc_ln708_2_fu_178">
<pin_list>
<pin id="179" dir="0" index="0" bw="27" slack="0"/>
<pin id="180" dir="0" index="1" bw="32" slack="0"/>
<pin id="181" dir="0" index="2" bw="4" slack="0"/>
<pin id="182" dir="0" index="3" bw="6" slack="0"/>
<pin id="183" dir="1" index="4" bw="27" slack="0"/>
</pin_list>
<bind>
<opcode="partselect(1002) " fcode="partselect"/>
<opset="trunc_ln708_2/1 "/>
</bind>
</comp>

<comp id="188" class="1004" name="sext_ln1118_4_fu_188">
<pin_list>
<pin id="189" dir="0" index="0" bw="27" slack="0"/>
<pin id="190" dir="1" index="1" bw="32" slack="0"/>
</pin_list>
<bind>
<opcode="sext(35) " fcode="sext"/>
<opset="sext_ln1118_4/1 "/>
</bind>
</comp>

<comp id="192" class="1004" name="shl_ln1118_3_fu_192">
<pin_list>
<pin id="193" dir="0" index="0" bw="32" slack="0"/>
<pin id="194" dir="0" index="1" bw="27" slack="0"/>
<pin id="195" dir="0" index="2" bw="1" slack="0"/>
<pin id="196" dir="1" index="3" bw="32" slack="0"/>
</pin_list>
<bind>
<opcode="bitconcatenate(1004) " fcode="bitconcatenate"/>
<opset="shl_ln1118_3/1 "/>
</bind>
</comp>

<comp id="200" class="1004" name="sub_ln1118_4_fu_200">
<pin_list>
<pin id="201" dir="0" index="0" bw="32" slack="0"/>
<pin id="202" dir="0" index="1" bw="27" slack="0"/>
<pin id="203" dir="1" index="2" bw="32" slack="0"/>
</pin_list>
<bind>
<opcode="sub(10) " fcode="sub"/>
<opset="sub_ln1118_4/1 "/>
</bind>
</comp>

<comp id="206" class="1004" name="trunc_ln708_3_fu_206">
<pin_list>
<pin id="207" dir="0" index="0" bw="27" slack="0"/>
<pin id="208" dir="0" index="1" bw="32" slack="0"/>
<pin id="209" dir="0" index="2" bw="4" slack="0"/>
<pin id="210" dir="0" index="3" bw="6" slack="0"/>
<pin id="211" dir="1" index="4" bw="27" slack="0"/>
</pin_list>
<bind>
<opcode="partselect(1002) " fcode="partselect"/>
<opset="trunc_ln708_3/1 "/>
</bind>
</comp>

<comp id="216" class="1004" name="sext_ln1118_5_fu_216">
<pin_list>
<pin id="217" dir="0" index="0" bw="27" slack="0"/>
<pin id="218" dir="1" index="1" bw="32" slack="0"/>
</pin_list>
<bind>
<opcode="sext(35) " fcode="sext"/>
<opset="sext_ln1118_5/1 "/>
</bind>
</comp>

<comp id="220" class="1004" name="shl_ln1118_4_fu_220">
<pin_list>
<pin id="221" dir="0" index="0" bw="32" slack="0"/>
<pin id="222" dir="0" index="1" bw="27" slack="0"/>
<pin id="223" dir="0" index="2" bw="1" slack="0"/>
<pin id="224" dir="1" index="3" bw="32" slack="0"/>
</pin_list>
<bind>
<opcode="bitconcatenate(1004) " fcode="bitconcatenate"/>
<opset="shl_ln1118_4/1 "/>
</bind>
</comp>

<comp id="228" class="1004" name="sub_ln1118_5_fu_228">
<pin_list>
<pin id="229" dir="0" index="0" bw="32" slack="0"/>
<pin id="230" dir="0" index="1" bw="27" slack="0"/>
<pin id="231" dir="1" index="2" bw="32" slack="0"/>
</pin_list>
<bind>
<opcode="sub(10) " fcode="sub"/>
<opset="sub_ln1118_5/1 "/>
</bind>
</comp>

<comp id="234" class="1004" name="trunc_ln708_4_fu_234">
<pin_list>
<pin id="235" dir="0" index="0" bw="27" slack="0"/>
<pin id="236" dir="0" index="1" bw="32" slack="0"/>
<pin id="237" dir="0" index="2" bw="4" slack="0"/>
<pin id="238" dir="0" index="3" bw="6" slack="0"/>
<pin id="239" dir="1" index="4" bw="27" slack="0"/>
</pin_list>
<bind>
<opcode="partselect(1002) " fcode="partselect"/>
<opset="trunc_ln708_4/1 "/>
</bind>
</comp>

<comp id="244" class="1004" name="sext_ln1118_6_fu_244">
<pin_list>
<pin id="245" dir="0" index="0" bw="27" slack="0"/>
<pin id="246" dir="1" index="1" bw="32" slack="0"/>
</pin_list>
<bind>
<opcode="sext(35) " fcode="sext"/>
<opset="sext_ln1118_6/1 "/>
</bind>
</comp>

<comp id="248" class="1004" name="shl_ln1118_5_fu_248">
<pin_list>
<pin id="249" dir="0" index="0" bw="32" slack="0"/>
<pin id="250" dir="0" index="1" bw="27" slack="0"/>
<pin id="251" dir="0" index="2" bw="1" slack="0"/>
<pin id="252" dir="1" index="3" bw="32" slack="0"/>
</pin_list>
<bind>
<opcode="bitconcatenate(1004) " fcode="bitconcatenate"/>
<opset="shl_ln1118_5/1 "/>
</bind>
</comp>

<comp id="256" class="1004" name="sub_ln1118_6_fu_256">
<pin_list>
<pin id="257" dir="0" index="0" bw="32" slack="0"/>
<pin id="258" dir="0" index="1" bw="27" slack="0"/>
<pin id="259" dir="1" index="2" bw="32" slack="0"/>
</pin_list>
<bind>
<opcode="sub(10) " fcode="sub"/>
<opset="sub_ln1118_6/1 "/>
</bind>
</comp>

<comp id="262" class="1004" name="trunc_ln708_5_fu_262">
<pin_list>
<pin id="263" dir="0" index="0" bw="27" slack="0"/>
<pin id="264" dir="0" index="1" bw="32" slack="0"/>
<pin id="265" dir="0" index="2" bw="4" slack="0"/>
<pin id="266" dir="0" index="3" bw="6" slack="0"/>
<pin id="267" dir="1" index="4" bw="27" slack="0"/>
</pin_list>
<bind>
<opcode="partselect(1002) " fcode="partselect"/>
<opset="trunc_ln708_5/1 "/>
</bind>
</comp>

<comp id="272" class="1004" name="add_ln703_fu_272">
<pin_list>
<pin id="273" dir="0" index="0" bw="27" slack="0"/>
<pin id="274" dir="0" index="1" bw="27" slack="0"/>
<pin id="275" dir="1" index="2" bw="27" slack="0"/>
</pin_list>
<bind>
<opcode="add(8) " fcode="add"/>
<opset="add_ln703/1 "/>
</bind>
</comp>

<comp id="278" class="1004" name="add_ln703_1_fu_278">
<pin_list>
<pin id="279" dir="0" index="0" bw="27" slack="0"/>
<pin id="280" dir="0" index="1" bw="27" slack="0"/>
<pin id="281" dir="1" index="2" bw="27" slack="0"/>
</pin_list>
<bind>
<opcode="add(8) " fcode="add"/>
<opset="add_ln703_1/1 "/>
</bind>
</comp>

<comp id="284" class="1004" name="add_ln703_2_fu_284">
<pin_list>
<pin id="285" dir="0" index="0" bw="27" slack="0"/>
<pin id="286" dir="0" index="1" bw="27" slack="0"/>
<pin id="287" dir="1" index="2" bw="27" slack="0"/>
</pin_list>
<bind>
<opcode="add(8) " fcode="add"/>
<opset="add_ln703_2/1 "/>
</bind>
</comp>

<comp id="290" class="1004" name="add_ln703_3_fu_290">
<pin_list>
<pin id="291" dir="0" index="0" bw="27" slack="0"/>
<pin id="292" dir="0" index="1" bw="27" slack="0"/>
<pin id="293" dir="1" index="2" bw="27" slack="0"/>
</pin_list>
<bind>
<opcode="add(8) " fcode="add"/>
<opset="add_ln703_3/1 "/>
</bind>
</comp>

<comp id="296" class="1004" name="add_ln703_4_fu_296">
<pin_list>
<pin id="297" dir="0" index="0" bw="27" slack="0"/>
<pin id="298" dir="0" index="1" bw="17" slack="0"/>
<pin id="299" dir="1" index="2" bw="27" slack="0"/>
</pin_list>
<bind>
<opcode="add(8) " fcode="add"/>
<opset="add_ln703_4/1 "/>
</bind>
</comp>

<comp id="302" class="1004" name="add_ln703_5_fu_302">
<pin_list>
<pin id="303" dir="0" index="0" bw="27" slack="0"/>
<pin id="304" dir="0" index="1" bw="27" slack="0"/>
<pin id="305" dir="1" index="2" bw="27" slack="0"/>
</pin_list>
<bind>
<opcode="add(8) " fcode="add"/>
<opset="add_ln703_5/1 "/>
</bind>
</comp>

<comp id="308" class="1004" name="add_ln703_6_fu_308">
<pin_list>
<pin id="309" dir="0" index="0" bw="27" slack="0"/>
<pin id="310" dir="0" index="1" bw="27" slack="0"/>
<pin id="311" dir="1" index="2" bw="27" slack="0"/>
</pin_list>
<bind>
<opcode="add(8) " fcode="add"/>
<opset="add_ln703_6/1 "/>
</bind>
</comp>

<comp id="314" class="1004" name="sub_ln1118_7_fu_314">
<pin_list>
<pin id="315" dir="0" index="0" bw="32" slack="0"/>
<pin id="316" dir="0" index="1" bw="27" slack="0"/>
<pin id="317" dir="1" index="2" bw="32" slack="0"/>
</pin_list>
<bind>
<opcode="sub(10) " fcode="sub"/>
<opset="sub_ln1118_7/1 "/>
</bind>
</comp>

<comp id="320" class="1004" name="trunc_ln708_6_fu_320">
<pin_list>
<pin id="321" dir="0" index="0" bw="27" slack="0"/>
<pin id="322" dir="0" index="1" bw="32" slack="0"/>
<pin id="323" dir="0" index="2" bw="4" slack="0"/>
<pin id="324" dir="0" index="3" bw="6" slack="0"/>
<pin id="325" dir="1" index="4" bw="27" slack="0"/>
</pin_list>
<bind>
<opcode="partselect(1002) " fcode="partselect"/>
<opset="trunc_ln708_6/1 "/>
</bind>
</comp>

<comp id="330" class="1004" name="sub_ln1118_8_fu_330">
<pin_list>
<pin id="331" dir="0" index="0" bw="1" slack="0"/>
<pin id="332" dir="0" index="1" bw="32" slack="0"/>
<pin id="333" dir="1" index="2" bw="32" slack="0"/>
</pin_list>
<bind>
<opcode="sub(10) " fcode="sub"/>
<opset="sub_ln1118_8/1 "/>
</bind>
</comp>

<comp id="336" class="1004" name="trunc_ln708_7_fu_336">
<pin_list>
<pin id="337" dir="0" index="0" bw="27" slack="0"/>
<pin id="338" dir="0" index="1" bw="32" slack="0"/>
<pin id="339" dir="0" index="2" bw="4" slack="0"/>
<pin id="340" dir="0" index="3" bw="6" slack="0"/>
<pin id="341" dir="1" index="4" bw="27" slack="0"/>
</pin_list>
<bind>
<opcode="partselect(1002) " fcode="partselect"/>
<opset="trunc_ln708_7/1 "/>
</bind>
</comp>

<comp id="346" class="1004" name="sub_ln1118_9_fu_346">
<pin_list>
<pin id="347" dir="0" index="0" bw="32" slack="0"/>
<pin id="348" dir="0" index="1" bw="27" slack="0"/>
<pin id="349" dir="1" index="2" bw="32" slack="0"/>
</pin_list>
<bind>
<opcode="sub(10) " fcode="sub"/>
<opset="sub_ln1118_9/1 "/>
</bind>
</comp>

<comp id="352" class="1004" name="trunc_ln708_8_fu_352">
<pin_list>
<pin id="353" dir="0" index="0" bw="27" slack="0"/>
<pin id="354" dir="0" index="1" bw="32" slack="0"/>
<pin id="355" dir="0" index="2" bw="4" slack="0"/>
<pin id="356" dir="0" index="3" bw="6" slack="0"/>
<pin id="357" dir="1" index="4" bw="27" slack="0"/>
</pin_list>
<bind>
<opcode="partselect(1002) " fcode="partselect"/>
<opset="trunc_ln708_8/1 "/>
</bind>
</comp>

<comp id="362" class="1004" name="sub_ln1118_10_fu_362">
<pin_list>
<pin id="363" dir="0" index="0" bw="1" slack="0"/>
<pin id="364" dir="0" index="1" bw="32" slack="0"/>
<pin id="365" dir="1" index="2" bw="32" slack="0"/>
</pin_list>
<bind>
<opcode="sub(10) " fcode="sub"/>
<opset="sub_ln1118_10/1 "/>
</bind>
</comp>

<comp id="368" class="1004" name="trunc_ln708_9_fu_368">
<pin_list>
<pin id="369" dir="0" index="0" bw="27" slack="0"/>
<pin id="370" dir="0" index="1" bw="32" slack="0"/>
<pin id="371" dir="0" index="2" bw="4" slack="0"/>
<pin id="372" dir="0" index="3" bw="6" slack="0"/>
<pin id="373" dir="1" index="4" bw="27" slack="0"/>
</pin_list>
<bind>
<opcode="partselect(1002) " fcode="partselect"/>
<opset="trunc_ln708_9/1 "/>
</bind>
</comp>

<comp id="378" class="1004" name="sub_ln1118_11_fu_378">
<pin_list>
<pin id="379" dir="0" index="0" bw="1" slack="0"/>
<pin id="380" dir="0" index="1" bw="32" slack="0"/>
<pin id="381" dir="1" index="2" bw="32" slack="0"/>
</pin_list>
<bind>
<opcode="sub(10) " fcode="sub"/>
<opset="sub_ln1118_11/1 "/>
</bind>
</comp>

<comp id="384" class="1004" name="trunc_ln708_10_fu_384">
<pin_list>
<pin id="385" dir="0" index="0" bw="27" slack="0"/>
<pin id="386" dir="0" index="1" bw="32" slack="0"/>
<pin id="387" dir="0" index="2" bw="4" slack="0"/>
<pin id="388" dir="0" index="3" bw="6" slack="0"/>
<pin id="389" dir="1" index="4" bw="27" slack="0"/>
</pin_list>
<bind>
<opcode="partselect(1002) " fcode="partselect"/>
<opset="trunc_ln708_10/1 "/>
</bind>
</comp>

<comp id="394" class="1004" name="sub_ln1118_12_fu_394">
<pin_list>
<pin id="395" dir="0" index="0" bw="1" slack="0"/>
<pin id="396" dir="0" index="1" bw="32" slack="0"/>
<pin id="397" dir="1" index="2" bw="32" slack="0"/>
</pin_list>
<bind>
<opcode="sub(10) " fcode="sub"/>
<opset="sub_ln1118_12/1 "/>
</bind>
</comp>

<comp id="400" class="1004" name="trunc_ln708_11_fu_400">
<pin_list>
<pin id="401" dir="0" index="0" bw="27" slack="0"/>
<pin id="402" dir="0" index="1" bw="32" slack="0"/>
<pin id="403" dir="0" index="2" bw="4" slack="0"/>
<pin id="404" dir="0" index="3" bw="6" slack="0"/>
<pin id="405" dir="1" index="4" bw="27" slack="0"/>
</pin_list>
<bind>
<opcode="partselect(1002) " fcode="partselect"/>
<opset="trunc_ln708_11/1 "/>
</bind>
</comp>

<comp id="410" class="1004" name="sub_ln1118_13_fu_410">
<pin_list>
<pin id="411" dir="0" index="0" bw="1" slack="0"/>
<pin id="412" dir="0" index="1" bw="32" slack="0"/>
<pin id="413" dir="1" index="2" bw="32" slack="0"/>
</pin_list>
<bind>
<opcode="sub(10) " fcode="sub"/>
<opset="sub_ln1118_13/1 "/>
</bind>
</comp>

<comp id="416" class="1004" name="trunc_ln708_12_fu_416">
<pin_list>
<pin id="417" dir="0" index="0" bw="27" slack="0"/>
<pin id="418" dir="0" index="1" bw="32" slack="0"/>
<pin id="419" dir="0" index="2" bw="4" slack="0"/>
<pin id="420" dir="0" index="3" bw="6" slack="0"/>
<pin id="421" dir="1" index="4" bw="27" slack="0"/>
</pin_list>
<bind>
<opcode="partselect(1002) " fcode="partselect"/>
<opset="trunc_ln708_12/1 "/>
</bind>
</comp>

<comp id="426" class="1004" name="add_ln703_7_fu_426">
<pin_list>
<pin id="427" dir="0" index="0" bw="27" slack="0"/>
<pin id="428" dir="0" index="1" bw="27" slack="0"/>
<pin id="429" dir="1" index="2" bw="27" slack="0"/>
</pin_list>
<bind>
<opcode="add(8) " fcode="add"/>
<opset="add_ln703_7/1 "/>
</bind>
</comp>

<comp id="432" class="1004" name="add_ln703_8_fu_432">
<pin_list>
<pin id="433" dir="0" index="0" bw="27" slack="0"/>
<pin id="434" dir="0" index="1" bw="27" slack="0"/>
<pin id="435" dir="1" index="2" bw="27" slack="0"/>
</pin_list>
<bind>
<opcode="add(8) " fcode="add"/>
<opset="add_ln703_8/1 "/>
</bind>
</comp>

<comp id="438" class="1004" name="add_ln703_9_fu_438">
<pin_list>
<pin id="439" dir="0" index="0" bw="27" slack="0"/>
<pin id="440" dir="0" index="1" bw="27" slack="0"/>
<pin id="441" dir="1" index="2" bw="27" slack="0"/>
</pin_list>
<bind>
<opcode="add(8) " fcode="add"/>
<opset="add_ln703_9/1 "/>
</bind>
</comp>

<comp id="444" class="1004" name="add_ln703_10_fu_444">
<pin_list>
<pin id="445" dir="0" index="0" bw="27" slack="0"/>
<pin id="446" dir="0" index="1" bw="27" slack="0"/>
<pin id="447" dir="1" index="2" bw="27" slack="0"/>
</pin_list>
<bind>
<opcode="add(8) " fcode="add"/>
<opset="add_ln703_10/1 "/>
</bind>
</comp>

<comp id="450" class="1004" name="add_ln703_11_fu_450">
<pin_list>
<pin id="451" dir="0" index="0" bw="27" slack="0"/>
<pin id="452" dir="0" index="1" bw="17" slack="0"/>
<pin id="453" dir="1" index="2" bw="27" slack="0"/>
</pin_list>
<bind>
<opcode="add(8) " fcode="add"/>
<opset="add_ln703_11/1 "/>
</bind>
</comp>

<comp id="456" class="1004" name="add_ln703_12_fu_456">
<pin_list>
<pin id="457" dir="0" index="0" bw="27" slack="0"/>
<pin id="458" dir="0" index="1" bw="27" slack="0"/>
<pin id="459" dir="1" index="2" bw="27" slack="0"/>
</pin_list>
<bind>
<opcode="add(8) " fcode="add"/>
<opset="add_ln703_12/1 "/>
</bind>
</comp>

<comp id="462" class="1004" name="acc_1_V_fu_462">
<pin_list>
<pin id="463" dir="0" index="0" bw="27" slack="0"/>
<pin id="464" dir="0" index="1" bw="27" slack="0"/>
<pin id="465" dir="1" index="2" bw="27" slack="0"/>
</pin_list>
<bind>
<opcode="add(8) " fcode="add"/>
<opset="acc_1_V/1 "/>
</bind>
</comp>

<comp id="468" class="1004" name="mrv_fu_468">
<pin_list>
<pin id="469" dir="0" index="0" bw="54" slack="0"/>
<pin id="470" dir="0" index="1" bw="27" slack="0"/>
<pin id="471" dir="1" index="2" bw="54" slack="0"/>
</pin_list>
<bind>
<opcode="insertvalue(57) " fcode="insertvalue"/>
<opset="mrv/1 "/>
</bind>
</comp>

<comp id="474" class="1004" name="mrv_1_fu_474">
<pin_list>
<pin id="475" dir="0" index="0" bw="54" slack="0"/>
<pin id="476" dir="0" index="1" bw="27" slack="0"/>
<pin id="477" dir="1" index="2" bw="54" slack="2147483647"/>
</pin_list>
<bind>
<opcode="insertvalue(57) " fcode="insertvalue"/>
<opset="mrv_1/1 "/>
</bind>
</comp>

</comp_list>

<net_list>
<net id="38"><net_src comp="14" pin="0"/><net_sink comp="34" pin=0"/></net>

<net id="39"><net_src comp="12" pin="0"/><net_sink comp="34" pin=1"/></net>

<net id="44"><net_src comp="14" pin="0"/><net_sink comp="40" pin=0"/></net>

<net id="45"><net_src comp="10" pin="0"/><net_sink comp="40" pin=1"/></net>

<net id="50"><net_src comp="14" pin="0"/><net_sink comp="46" pin=0"/></net>

<net id="51"><net_src comp="8" pin="0"/><net_sink comp="46" pin=1"/></net>

<net id="56"><net_src comp="14" pin="0"/><net_sink comp="52" pin=0"/></net>

<net id="57"><net_src comp="6" pin="0"/><net_sink comp="52" pin=1"/></net>

<net id="62"><net_src comp="14" pin="0"/><net_sink comp="58" pin=0"/></net>

<net id="63"><net_src comp="4" pin="0"/><net_sink comp="58" pin=1"/></net>

<net id="68"><net_src comp="14" pin="0"/><net_sink comp="64" pin=0"/></net>

<net id="69"><net_src comp="2" pin="0"/><net_sink comp="64" pin=1"/></net>

<net id="74"><net_src comp="14" pin="0"/><net_sink comp="70" pin=0"/></net>

<net id="75"><net_src comp="0" pin="0"/><net_sink comp="70" pin=1"/></net>

<net id="79"><net_src comp="70" pin="2"/><net_sink comp="76" pin=0"/></net>

<net id="85"><net_src comp="16" pin="0"/><net_sink comp="80" pin=0"/></net>

<net id="86"><net_src comp="70" pin="2"/><net_sink comp="80" pin=1"/></net>

<net id="87"><net_src comp="18" pin="0"/><net_sink comp="80" pin=2"/></net>

<net id="92"><net_src comp="20" pin="0"/><net_sink comp="88" pin=0"/></net>

<net id="93"><net_src comp="80" pin="3"/><net_sink comp="88" pin=1"/></net>

<net id="100"><net_src comp="22" pin="0"/><net_sink comp="94" pin=0"/></net>

<net id="101"><net_src comp="88" pin="2"/><net_sink comp="94" pin=1"/></net>

<net id="102"><net_src comp="24" pin="0"/><net_sink comp="94" pin=2"/></net>

<net id="103"><net_src comp="26" pin="0"/><net_sink comp="94" pin=3"/></net>

<net id="107"><net_src comp="64" pin="2"/><net_sink comp="104" pin=0"/></net>

<net id="113"><net_src comp="16" pin="0"/><net_sink comp="108" pin=0"/></net>

<net id="114"><net_src comp="64" pin="2"/><net_sink comp="108" pin=1"/></net>

<net id="115"><net_src comp="18" pin="0"/><net_sink comp="108" pin=2"/></net>

<net id="120"><net_src comp="108" pin="3"/><net_sink comp="116" pin=0"/></net>

<net id="121"><net_src comp="104" pin="1"/><net_sink comp="116" pin=1"/></net>

<net id="128"><net_src comp="22" pin="0"/><net_sink comp="122" pin=0"/></net>

<net id="129"><net_src comp="116" pin="2"/><net_sink comp="122" pin=1"/></net>

<net id="130"><net_src comp="24" pin="0"/><net_sink comp="122" pin=2"/></net>

<net id="131"><net_src comp="26" pin="0"/><net_sink comp="122" pin=3"/></net>

<net id="135"><net_src comp="58" pin="2"/><net_sink comp="132" pin=0"/></net>

<net id="141"><net_src comp="16" pin="0"/><net_sink comp="136" pin=0"/></net>

<net id="142"><net_src comp="58" pin="2"/><net_sink comp="136" pin=1"/></net>

<net id="143"><net_src comp="18" pin="0"/><net_sink comp="136" pin=2"/></net>

<net id="148"><net_src comp="20" pin="0"/><net_sink comp="144" pin=0"/></net>

<net id="149"><net_src comp="136" pin="3"/><net_sink comp="144" pin=1"/></net>

<net id="156"><net_src comp="22" pin="0"/><net_sink comp="150" pin=0"/></net>

<net id="157"><net_src comp="144" pin="2"/><net_sink comp="150" pin=1"/></net>

<net id="158"><net_src comp="24" pin="0"/><net_sink comp="150" pin=2"/></net>

<net id="159"><net_src comp="26" pin="0"/><net_sink comp="150" pin=3"/></net>

<net id="163"><net_src comp="52" pin="2"/><net_sink comp="160" pin=0"/></net>

<net id="169"><net_src comp="16" pin="0"/><net_sink comp="164" pin=0"/></net>

<net id="170"><net_src comp="52" pin="2"/><net_sink comp="164" pin=1"/></net>

<net id="171"><net_src comp="18" pin="0"/><net_sink comp="164" pin=2"/></net>

<net id="176"><net_src comp="164" pin="3"/><net_sink comp="172" pin=0"/></net>

<net id="177"><net_src comp="160" pin="1"/><net_sink comp="172" pin=1"/></net>

<net id="184"><net_src comp="22" pin="0"/><net_sink comp="178" pin=0"/></net>

<net id="185"><net_src comp="172" pin="2"/><net_sink comp="178" pin=1"/></net>

<net id="186"><net_src comp="24" pin="0"/><net_sink comp="178" pin=2"/></net>

<net id="187"><net_src comp="26" pin="0"/><net_sink comp="178" pin=3"/></net>

<net id="191"><net_src comp="46" pin="2"/><net_sink comp="188" pin=0"/></net>

<net id="197"><net_src comp="16" pin="0"/><net_sink comp="192" pin=0"/></net>

<net id="198"><net_src comp="46" pin="2"/><net_sink comp="192" pin=1"/></net>

<net id="199"><net_src comp="18" pin="0"/><net_sink comp="192" pin=2"/></net>

<net id="204"><net_src comp="192" pin="3"/><net_sink comp="200" pin=0"/></net>

<net id="205"><net_src comp="188" pin="1"/><net_sink comp="200" pin=1"/></net>

<net id="212"><net_src comp="22" pin="0"/><net_sink comp="206" pin=0"/></net>

<net id="213"><net_src comp="200" pin="2"/><net_sink comp="206" pin=1"/></net>

<net id="214"><net_src comp="24" pin="0"/><net_sink comp="206" pin=2"/></net>

<net id="215"><net_src comp="26" pin="0"/><net_sink comp="206" pin=3"/></net>

<net id="219"><net_src comp="40" pin="2"/><net_sink comp="216" pin=0"/></net>

<net id="225"><net_src comp="16" pin="0"/><net_sink comp="220" pin=0"/></net>

<net id="226"><net_src comp="40" pin="2"/><net_sink comp="220" pin=1"/></net>

<net id="227"><net_src comp="18" pin="0"/><net_sink comp="220" pin=2"/></net>

<net id="232"><net_src comp="220" pin="3"/><net_sink comp="228" pin=0"/></net>

<net id="233"><net_src comp="216" pin="1"/><net_sink comp="228" pin=1"/></net>

<net id="240"><net_src comp="22" pin="0"/><net_sink comp="234" pin=0"/></net>

<net id="241"><net_src comp="228" pin="2"/><net_sink comp="234" pin=1"/></net>

<net id="242"><net_src comp="24" pin="0"/><net_sink comp="234" pin=2"/></net>

<net id="243"><net_src comp="26" pin="0"/><net_sink comp="234" pin=3"/></net>

<net id="247"><net_src comp="34" pin="2"/><net_sink comp="244" pin=0"/></net>

<net id="253"><net_src comp="16" pin="0"/><net_sink comp="248" pin=0"/></net>

<net id="254"><net_src comp="34" pin="2"/><net_sink comp="248" pin=1"/></net>

<net id="255"><net_src comp="18" pin="0"/><net_sink comp="248" pin=2"/></net>

<net id="260"><net_src comp="248" pin="3"/><net_sink comp="256" pin=0"/></net>

<net id="261"><net_src comp="244" pin="1"/><net_sink comp="256" pin=1"/></net>

<net id="268"><net_src comp="22" pin="0"/><net_sink comp="262" pin=0"/></net>

<net id="269"><net_src comp="256" pin="2"/><net_sink comp="262" pin=1"/></net>

<net id="270"><net_src comp="24" pin="0"/><net_sink comp="262" pin=2"/></net>

<net id="271"><net_src comp="26" pin="0"/><net_sink comp="262" pin=3"/></net>

<net id="276"><net_src comp="122" pin="4"/><net_sink comp="272" pin=0"/></net>

<net id="277"><net_src comp="94" pin="4"/><net_sink comp="272" pin=1"/></net>

<net id="282"><net_src comp="178" pin="4"/><net_sink comp="278" pin=0"/></net>

<net id="283"><net_src comp="150" pin="4"/><net_sink comp="278" pin=1"/></net>

<net id="288"><net_src comp="272" pin="2"/><net_sink comp="284" pin=0"/></net>

<net id="289"><net_src comp="278" pin="2"/><net_sink comp="284" pin=1"/></net>

<net id="294"><net_src comp="234" pin="4"/><net_sink comp="290" pin=0"/></net>

<net id="295"><net_src comp="206" pin="4"/><net_sink comp="290" pin=1"/></net>

<net id="300"><net_src comp="262" pin="4"/><net_sink comp="296" pin=0"/></net>

<net id="301"><net_src comp="28" pin="0"/><net_sink comp="296" pin=1"/></net>

<net id="306"><net_src comp="290" pin="2"/><net_sink comp="302" pin=0"/></net>

<net id="307"><net_src comp="296" pin="2"/><net_sink comp="302" pin=1"/></net>

<net id="312"><net_src comp="284" pin="2"/><net_sink comp="308" pin=0"/></net>

<net id="313"><net_src comp="302" pin="2"/><net_sink comp="308" pin=1"/></net>

<net id="318"><net_src comp="80" pin="3"/><net_sink comp="314" pin=0"/></net>

<net id="319"><net_src comp="76" pin="1"/><net_sink comp="314" pin=1"/></net>

<net id="326"><net_src comp="22" pin="0"/><net_sink comp="320" pin=0"/></net>

<net id="327"><net_src comp="314" pin="2"/><net_sink comp="320" pin=1"/></net>

<net id="328"><net_src comp="24" pin="0"/><net_sink comp="320" pin=2"/></net>

<net id="329"><net_src comp="26" pin="0"/><net_sink comp="320" pin=3"/></net>

<net id="334"><net_src comp="20" pin="0"/><net_sink comp="330" pin=0"/></net>

<net id="335"><net_src comp="108" pin="3"/><net_sink comp="330" pin=1"/></net>

<net id="342"><net_src comp="22" pin="0"/><net_sink comp="336" pin=0"/></net>

<net id="343"><net_src comp="330" pin="2"/><net_sink comp="336" pin=1"/></net>

<net id="344"><net_src comp="24" pin="0"/><net_sink comp="336" pin=2"/></net>

<net id="345"><net_src comp="26" pin="0"/><net_sink comp="336" pin=3"/></net>

<net id="350"><net_src comp="136" pin="3"/><net_sink comp="346" pin=0"/></net>

<net id="351"><net_src comp="132" pin="1"/><net_sink comp="346" pin=1"/></net>

<net id="358"><net_src comp="22" pin="0"/><net_sink comp="352" pin=0"/></net>

<net id="359"><net_src comp="346" pin="2"/><net_sink comp="352" pin=1"/></net>

<net id="360"><net_src comp="24" pin="0"/><net_sink comp="352" pin=2"/></net>

<net id="361"><net_src comp="26" pin="0"/><net_sink comp="352" pin=3"/></net>

<net id="366"><net_src comp="20" pin="0"/><net_sink comp="362" pin=0"/></net>

<net id="367"><net_src comp="164" pin="3"/><net_sink comp="362" pin=1"/></net>

<net id="374"><net_src comp="22" pin="0"/><net_sink comp="368" pin=0"/></net>

<net id="375"><net_src comp="362" pin="2"/><net_sink comp="368" pin=1"/></net>

<net id="376"><net_src comp="24" pin="0"/><net_sink comp="368" pin=2"/></net>

<net id="377"><net_src comp="26" pin="0"/><net_sink comp="368" pin=3"/></net>

<net id="382"><net_src comp="20" pin="0"/><net_sink comp="378" pin=0"/></net>

<net id="383"><net_src comp="192" pin="3"/><net_sink comp="378" pin=1"/></net>

<net id="390"><net_src comp="22" pin="0"/><net_sink comp="384" pin=0"/></net>

<net id="391"><net_src comp="378" pin="2"/><net_sink comp="384" pin=1"/></net>

<net id="392"><net_src comp="24" pin="0"/><net_sink comp="384" pin=2"/></net>

<net id="393"><net_src comp="26" pin="0"/><net_sink comp="384" pin=3"/></net>

<net id="398"><net_src comp="20" pin="0"/><net_sink comp="394" pin=0"/></net>

<net id="399"><net_src comp="220" pin="3"/><net_sink comp="394" pin=1"/></net>

<net id="406"><net_src comp="22" pin="0"/><net_sink comp="400" pin=0"/></net>

<net id="407"><net_src comp="394" pin="2"/><net_sink comp="400" pin=1"/></net>

<net id="408"><net_src comp="24" pin="0"/><net_sink comp="400" pin=2"/></net>

<net id="409"><net_src comp="26" pin="0"/><net_sink comp="400" pin=3"/></net>

<net id="414"><net_src comp="20" pin="0"/><net_sink comp="410" pin=0"/></net>

<net id="415"><net_src comp="248" pin="3"/><net_sink comp="410" pin=1"/></net>

<net id="422"><net_src comp="22" pin="0"/><net_sink comp="416" pin=0"/></net>

<net id="423"><net_src comp="410" pin="2"/><net_sink comp="416" pin=1"/></net>

<net id="424"><net_src comp="24" pin="0"/><net_sink comp="416" pin=2"/></net>

<net id="425"><net_src comp="26" pin="0"/><net_sink comp="416" pin=3"/></net>

<net id="430"><net_src comp="336" pin="4"/><net_sink comp="426" pin=0"/></net>

<net id="431"><net_src comp="320" pin="4"/><net_sink comp="426" pin=1"/></net>

<net id="436"><net_src comp="368" pin="4"/><net_sink comp="432" pin=0"/></net>

<net id="437"><net_src comp="352" pin="4"/><net_sink comp="432" pin=1"/></net>

<net id="442"><net_src comp="426" pin="2"/><net_sink comp="438" pin=0"/></net>

<net id="443"><net_src comp="432" pin="2"/><net_sink comp="438" pin=1"/></net>

<net id="448"><net_src comp="400" pin="4"/><net_sink comp="444" pin=0"/></net>

<net id="449"><net_src comp="384" pin="4"/><net_sink comp="444" pin=1"/></net>

<net id="454"><net_src comp="416" pin="4"/><net_sink comp="450" pin=0"/></net>

<net id="455"><net_src comp="30" pin="0"/><net_sink comp="450" pin=1"/></net>

<net id="460"><net_src comp="444" pin="2"/><net_sink comp="456" pin=0"/></net>

<net id="461"><net_src comp="450" pin="2"/><net_sink comp="456" pin=1"/></net>

<net id="466"><net_src comp="438" pin="2"/><net_sink comp="462" pin=0"/></net>

<net id="467"><net_src comp="456" pin="2"/><net_sink comp="462" pin=1"/></net>

<net id="472"><net_src comp="32" pin="0"/><net_sink comp="468" pin=0"/></net>

<net id="473"><net_src comp="308" pin="2"/><net_sink comp="468" pin=1"/></net>

<net id="478"><net_src comp="468" pin="2"/><net_sink comp="474" pin=0"/></net>

<net id="479"><net_src comp="462" pin="2"/><net_sink comp="474" pin=1"/></net>

</net_list>

</model> 
---------------- Datapath Model END ------------------

* FSMD analyzer results:
  - Output states:
 - Input state : 
	Port: dense_wrapper<ap_fixed,ap_fixed<27,9,5,3,0>,config13> : data_2_V_read | {1 }
	Port: dense_wrapper<ap_fixed,ap_fixed<27,9,5,3,0>,config13> : data_4_V_read | {1 }
	Port: dense_wrapper<ap_fixed,ap_fixed<27,9,5,3,0>,config13> : data_6_V_read | {1 }
	Port: dense_wrapper<ap_fixed,ap_fixed<27,9,5,3,0>,config13> : data_7_V_read | {1 }
	Port: dense_wrapper<ap_fixed,ap_fixed<27,9,5,3,0>,config13> : data_8_V_read | {1 }
	Port: dense_wrapper<ap_fixed,ap_fixed<27,9,5,3,0>,config13> : data_9_V_read | {1 }
	Port: dense_wrapper<ap_fixed,ap_fixed<27,9,5,3,0>,config13> : data_10_V_read | {1 }
  - Chain level:
	State 1
		sub_ln1118 : 1
		trunc_ln : 2
		sub_ln1118_1 : 1
		trunc_ln708_s : 2
		sub_ln1118_2 : 1
		trunc_ln708_1 : 2
		sub_ln1118_3 : 1
		trunc_ln708_2 : 2
		sub_ln1118_4 : 1
		trunc_ln708_3 : 2
		sub_ln1118_5 : 1
		trunc_ln708_4 : 2
		sub_ln1118_6 : 1
		trunc_ln708_5 : 2
		add_ln703 : 3
		add_ln703_1 : 3
		add_ln703_2 : 4
		add_ln703_3 : 3
		add_ln703_4 : 3
		add_ln703_5 : 4
		add_ln703_6 : 5
		sub_ln1118_7 : 1
		trunc_ln708_6 : 2
		sub_ln1118_8 : 1
		trunc_ln708_7 : 2
		sub_ln1118_9 : 1
		trunc_ln708_8 : 2
		sub_ln1118_10 : 1
		trunc_ln708_9 : 2
		sub_ln1118_11 : 1
		trunc_ln708_10 : 2
		sub_ln1118_12 : 1
		trunc_ln708_11 : 2
		sub_ln1118_13 : 1
		trunc_ln708_12 : 2
		add_ln703_7 : 3
		add_ln703_8 : 3
		add_ln703_9 : 4
		add_ln703_10 : 3
		add_ln703_11 : 3
		add_ln703_12 : 4
		acc_1_V : 5
		mrv : 6
		mrv_1 : 7
		ret_ln26 : 8


============================================================
+ Verbose Summary: Datapath Resource usage 
============================================================

* Functional unit list:
|----------|-----------------------------|---------|---------|
| Operation|       Functional Unit       |    FF   |   LUT   |
|----------|-----------------------------|---------|---------|
|          |       sub_ln1118_fu_88      |    0    |    39   |
|          |     sub_ln1118_1_fu_116     |    0    |    39   |
|          |     sub_ln1118_2_fu_144     |    0    |    39   |
|          |     sub_ln1118_3_fu_172     |    0    |    39   |
|          |     sub_ln1118_4_fu_200     |    0    |    39   |
|          |     sub_ln1118_5_fu_228     |    0    |    39   |
|    sub   |     sub_ln1118_6_fu_256     |    0    |    39   |
|          |     sub_ln1118_7_fu_314     |    0    |    39   |
|          |     sub_ln1118_8_fu_330     |    0    |    39   |
|          |     sub_ln1118_9_fu_346     |    0    |    39   |
|          |     sub_ln1118_10_fu_362    |    0    |    39   |
|          |     sub_ln1118_11_fu_378    |    0    |    39   |
|          |     sub_ln1118_12_fu_394    |    0    |    39   |
|          |     sub_ln1118_13_fu_410    |    0    |    39   |
|----------|-----------------------------|---------|---------|
|          |       add_ln703_fu_272      |    0    |    34   |
|          |      add_ln703_1_fu_278     |    0    |    27   |
|          |      add_ln703_2_fu_284     |    0    |    27   |
|          |      add_ln703_3_fu_290     |    0    |    34   |
|          |      add_ln703_4_fu_296     |    0    |    34   |
|          |      add_ln703_5_fu_302     |    0    |    27   |
|    add   |      add_ln703_6_fu_308     |    0    |    27   |
|          |      add_ln703_7_fu_426     |    0    |    34   |
|          |      add_ln703_8_fu_432     |    0    |    27   |
|          |      add_ln703_9_fu_438     |    0    |    27   |
|          |     add_ln703_10_fu_444     |    0    |    34   |
|          |     add_ln703_11_fu_450     |    0    |    34   |
|          |     add_ln703_12_fu_456     |    0    |    27   |
|          |        acc_1_V_fu_462       |    0    |    27   |
|----------|-----------------------------|---------|---------|
|          | data_10_V_read_1_read_fu_34 |    0    |    0    |
|          |  data_9_V_read_1_read_fu_40 |    0    |    0    |
|          |  data_8_V_read_1_read_fu_46 |    0    |    0    |
|   read   |  data_7_V_read_1_read_fu_52 |    0    |    0    |
|          |  data_6_V_read_1_read_fu_58 |    0    |    0    |
|          |  data_4_V_read_1_read_fu_64 |    0    |    0    |
|          |  data_2_V_read_1_read_fu_70 |    0    |    0    |
|----------|-----------------------------|---------|---------|
|          |      sext_ln1118_fu_76      |    0    |    0    |
|          |     sext_ln1118_1_fu_104    |    0    |    0    |
|          |     sext_ln1118_2_fu_132    |    0    |    0    |
|   sext   |     sext_ln1118_3_fu_160    |    0    |    0    |
|          |     sext_ln1118_4_fu_188    |    0    |    0    |
|          |     sext_ln1118_5_fu_216    |    0    |    0    |
|          |     sext_ln1118_6_fu_244    |    0    |    0    |
|----------|-----------------------------|---------|---------|
|          |         shl_ln_fu_80        |    0    |    0    |
|          |     shl_ln1118_s_fu_108     |    0    |    0    |
|          |     shl_ln1118_1_fu_136     |    0    |    0    |
|bitconcatenate|     shl_ln1118_2_fu_164     |    0    |    0    |
|          |     shl_ln1118_3_fu_192     |    0    |    0    |
|          |     shl_ln1118_4_fu_220     |    0    |    0    |
|          |     shl_ln1118_5_fu_248     |    0    |    0    |
|----------|-----------------------------|---------|---------|
|          |        trunc_ln_fu_94       |    0    |    0    |
|          |     trunc_ln708_s_fu_122    |    0    |    0    |
|          |     trunc_ln708_1_fu_150    |    0    |    0    |
|          |     trunc_ln708_2_fu_178    |    0    |    0    |
|          |     trunc_ln708_3_fu_206    |    0    |    0    |
|          |     trunc_ln708_4_fu_234    |    0    |    0    |
|partselect|     trunc_ln708_5_fu_262    |    0    |    0    |
|          |     trunc_ln708_6_fu_320    |    0    |    0    |
|          |     trunc_ln708_7_fu_336    |    0    |    0    |
|          |     trunc_ln708_8_fu_352    |    0    |    0    |
|          |     trunc_ln708_9_fu_368    |    0    |    0    |
|          |    trunc_ln708_10_fu_384    |    0    |    0    |
|          |    trunc_ln708_11_fu_400    |    0    |    0    |
|          |    trunc_ln708_12_fu_416    |    0    |    0    |
|----------|-----------------------------|---------|---------|
|insertvalue|          mrv_fu_468         |    0    |    0    |
|          |         mrv_1_fu_474        |    0    |    0    |
|----------|-----------------------------|---------|---------|
|   Total  |                             |    0    |   966   |
|----------|-----------------------------|---------|---------|

Memories:
N/A

* Register list:
N/A

* Multiplexer (MUX) list: 
|--------|------|------|------|--------|
|  Comp  |  Pin | Size |  BW  | S x BW |
|--------|------|------|------|--------|
|  Total |      |      |      |    0   |
|--------|------|------|------|--------|



* Summary:
+-----------+--------+--------+
|           |   FF   |   LUT  |
+-----------+--------+--------+
|  Function |    0   |   966  |
|   Memory  |    -   |    -   |
|Multiplexer|    -   |    -   |
|  Register |    -   |    -   |
+-----------+--------+--------+
|   Total   |    0   |   966  |
+-----------+--------+--------+
