

================================================================
== Vivado HLS Report for 'dense_wrapper_ap_fixed_ap_fixed_27_9_5_3_0_config13_s'
================================================================
* Date:           Sat Aug  8 08:21:51 2020

* Version:        2020.1 (Build 2897737 on Wed May 27 20:21:37 MDT 2020)
* Project:        myproject_prj
* Solution:       solution1
* Product family: virtexuplus
* Target device:  xcu250-figd2104-2L-e


================================================================
== Performance Estimates
================================================================
+ Timing: 
    * Summary: 
    +--------+---------+----------+------------+
    |  Clock |  Target | Estimated| Uncertainty|
    +--------+---------+----------+------------+
    |ap_clk  | 5.00 ns | 3.157 ns |   0.62 ns  |
    +--------+---------+----------+------------+

+ Latency: 
    * Summary: 
    +---------+---------+----------+----------+-----+-----+---------+
    |  Latency (cycles) |  Latency (absolute) |  Interval | Pipeline|
    |   min   |   max   |    min   |    max   | min | max |   Type  |
    +---------+---------+----------+----------+-----+-----+---------+
    |        0|        0|   0 ns   |   0 ns   |    0|    0|   none  |
    +---------+---------+----------+----------+-----+-----+---------+

    + Detail: 
        * Instance: 
        N/A

        * Loop: 
        N/A

============================================================
+ Verbose Summary: Synthesis Manager
============================================================
InlineROM: 1
ExposeGlobal: 0
============================================================
+ Verbose Summary: CDFG Model
============================================================
IsTopModel: 0
ResetActiveHigh: 1
IsCombinational: 0
IsDatapathOnly: 0
HasWiredReturn: 1
HasMFsm: 0
HasVarLatency: 0
IsPipeline: 0
IsRtlPipelined: 0
IsInstanceOverlapped: 0
IsDontTouch: 0
HasImplIP: 0
IsGatedGlobalClock: 0


============================================================
+ Verbose Summary: Schedule
============================================================
* Number of FSM states : 1
* Pipeline : 0
* Dataflow Pipeline: 0

* FSM state transitions: 
1 --> 

* FSM state operations: 

State 1 <SV = 0> <Delay = 3.15>
ST_1 : Operation 2 [1/1] (0.00ns)   --->   "%data_10_V_read_1 = call i27 @_ssdm_op_Read.ap_auto.i27(i27 %data_10_V_read)" [firmware/nnet_utils/nnet_dense_stream.h:14]   --->   Operation 2 'read' 'data_10_V_read_1' <Predicate = true> <Delay = 0.00>
ST_1 : Operation 3 [1/1] (0.00ns)   --->   "%data_9_V_read_1 = call i27 @_ssdm_op_Read.ap_auto.i27(i27 %data_9_V_read)" [firmware/nnet_utils/nnet_dense_stream.h:14]   --->   Operation 3 'read' 'data_9_V_read_1' <Predicate = true> <Delay = 0.00>
ST_1 : Operation 4 [1/1] (0.00ns)   --->   "%data_8_V_read_1 = call i27 @_ssdm_op_Read.ap_auto.i27(i27 %data_8_V_read)" [firmware/nnet_utils/nnet_dense_stream.h:14]   --->   Operation 4 'read' 'data_8_V_read_1' <Predicate = true> <Delay = 0.00>
ST_1 : Operation 5 [1/1] (0.00ns)   --->   "%data_7_V_read_1 = call i27 @_ssdm_op_Read.ap_auto.i27(i27 %data_7_V_read)" [firmware/nnet_utils/nnet_dense_stream.h:14]   --->   Operation 5 'read' 'data_7_V_read_1' <Predicate = true> <Delay = 0.00>
ST_1 : Operation 6 [1/1] (0.00ns)   --->   "%data_6_V_read_1 = call i27 @_ssdm_op_Read.ap_auto.i27(i27 %data_6_V_read)" [firmware/nnet_utils/nnet_dense_stream.h:14]   --->   Operation 6 'read' 'data_6_V_read_1' <Predicate = true> <Delay = 0.00>
ST_1 : Operation 7 [1/1] (0.00ns)   --->   "%data_4_V_read_1 = call i27 @_ssdm_op_Read.ap_auto.i27(i27 %data_4_V_read)" [firmware/nnet_utils/nnet_dense_stream.h:14]   --->   Operation 7 'read' 'data_4_V_read_1' <Predicate = true> <Delay = 0.00>
ST_1 : Operation 8 [1/1] (0.00ns)   --->   "%data_2_V_read_1 = call i27 @_ssdm_op_Read.ap_auto.i27(i27 %data_2_V_read)" [firmware/nnet_utils/nnet_dense_stream.h:14]   --->   Operation 8 'read' 'data_2_V_read_1' <Predicate = true> <Delay = 0.00>
ST_1 : Operation 9 [1/1] (0.00ns)   --->   "%sext_ln1118 = sext i27 %data_2_V_read_1 to i32" [firmware/nnet_utils/nnet_mult.h:78->firmware/nnet_utils/nnet_dense_resource.h:77->firmware/nnet_utils/nnet_dense_resource.h:276->firmware/nnet_utils/nnet_dense_stream.h:24]   --->   Operation 9 'sext' 'sext_ln1118' <Predicate = true> <Delay = 0.00>
ST_1 : Operation 10 [1/1] (0.00ns)   --->   "%shl_ln = call i32 @_ssdm_op_BitConcatenate.i32.i27.i5(i27 %data_2_V_read_1, i5 0)" [firmware/nnet_utils/nnet_mult.h:78->firmware/nnet_utils/nnet_dense_resource.h:77->firmware/nnet_utils/nnet_dense_resource.h:276->firmware/nnet_utils/nnet_dense_stream.h:24]   --->   Operation 10 'bitconcatenate' 'shl_ln' <Predicate = true> <Delay = 0.00>
ST_1 : Operation 11 [1/1] (0.88ns)   --->   "%sub_ln1118 = sub i32 0, %shl_ln" [firmware/nnet_utils/nnet_mult.h:78->firmware/nnet_utils/nnet_dense_resource.h:77->firmware/nnet_utils/nnet_dense_resource.h:276->firmware/nnet_utils/nnet_dense_stream.h:24]   --->   Operation 11 'sub' 'sub_ln1118' <Predicate = true> <Delay = 0.88> <Core = "AddSub">   --->   Core 14 'AddSub' <Latency = 0> <II = 1> <Delay = 0.85> <FuncUnit> <Opcode : 'add' 'sub'> <InPorts = 2> <OutPorts = 1>
ST_1 : Operation 12 [1/1] (0.00ns)   --->   "%trunc_ln = call i27 @_ssdm_op_PartSelect.i27.i32.i32.i32(i32 %sub_ln1118, i32 5, i32 31)" [firmware/nnet_utils/nnet_dense_resource.h:77->firmware/nnet_utils/nnet_dense_resource.h:276->firmware/nnet_utils/nnet_dense_stream.h:24]   --->   Operation 12 'partselect' 'trunc_ln' <Predicate = true> <Delay = 0.00>
ST_1 : Operation 13 [1/1] (0.00ns)   --->   "%sext_ln1118_1 = sext i27 %data_4_V_read_1 to i32" [firmware/nnet_utils/nnet_mult.h:78->firmware/nnet_utils/nnet_dense_resource.h:77->firmware/nnet_utils/nnet_dense_resource.h:276->firmware/nnet_utils/nnet_dense_stream.h:24]   --->   Operation 13 'sext' 'sext_ln1118_1' <Predicate = true> <Delay = 0.00>
ST_1 : Operation 14 [1/1] (0.00ns)   --->   "%shl_ln1118_s = call i32 @_ssdm_op_BitConcatenate.i32.i27.i5(i27 %data_4_V_read_1, i5 0)" [firmware/nnet_utils/nnet_mult.h:78->firmware/nnet_utils/nnet_dense_resource.h:77->firmware/nnet_utils/nnet_dense_resource.h:276->firmware/nnet_utils/nnet_dense_stream.h:24]   --->   Operation 14 'bitconcatenate' 'shl_ln1118_s' <Predicate = true> <Delay = 0.00>
ST_1 : Operation 15 [1/1] (0.88ns)   --->   "%sub_ln1118_1 = sub i32 %shl_ln1118_s, %sext_ln1118_1" [firmware/nnet_utils/nnet_mult.h:78->firmware/nnet_utils/nnet_dense_resource.h:77->firmware/nnet_utils/nnet_dense_resource.h:276->firmware/nnet_utils/nnet_dense_stream.h:24]   --->   Operation 15 'sub' 'sub_ln1118_1' <Predicate = true> <Delay = 0.88> <Core = "AddSub">   --->   Core 14 'AddSub' <Latency = 0> <II = 1> <Delay = 0.85> <FuncUnit> <Opcode : 'add' 'sub'> <InPorts = 2> <OutPorts = 1>
ST_1 : Operation 16 [1/1] (0.00ns)   --->   "%trunc_ln708_s = call i27 @_ssdm_op_PartSelect.i27.i32.i32.i32(i32 %sub_ln1118_1, i32 5, i32 31)" [firmware/nnet_utils/nnet_dense_resource.h:77->firmware/nnet_utils/nnet_dense_resource.h:276->firmware/nnet_utils/nnet_dense_stream.h:24]   --->   Operation 16 'partselect' 'trunc_ln708_s' <Predicate = true> <Delay = 0.00>
ST_1 : Operation 17 [1/1] (0.00ns)   --->   "%sext_ln1118_2 = sext i27 %data_6_V_read_1 to i32" [firmware/nnet_utils/nnet_mult.h:78->firmware/nnet_utils/nnet_dense_resource.h:77->firmware/nnet_utils/nnet_dense_resource.h:276->firmware/nnet_utils/nnet_dense_stream.h:24]   --->   Operation 17 'sext' 'sext_ln1118_2' <Predicate = true> <Delay = 0.00>
ST_1 : Operation 18 [1/1] (0.00ns)   --->   "%shl_ln1118_1 = call i32 @_ssdm_op_BitConcatenate.i32.i27.i5(i27 %data_6_V_read_1, i5 0)" [firmware/nnet_utils/nnet_mult.h:78->firmware/nnet_utils/nnet_dense_resource.h:77->firmware/nnet_utils/nnet_dense_resource.h:276->firmware/nnet_utils/nnet_dense_stream.h:24]   --->   Operation 18 'bitconcatenate' 'shl_ln1118_1' <Predicate = true> <Delay = 0.00>
ST_1 : Operation 19 [1/1] (0.88ns)   --->   "%sub_ln1118_2 = sub i32 0, %shl_ln1118_1" [firmware/nnet_utils/nnet_mult.h:78->firmware/nnet_utils/nnet_dense_resource.h:77->firmware/nnet_utils/nnet_dense_resource.h:276->firmware/nnet_utils/nnet_dense_stream.h:24]   --->   Operation 19 'sub' 'sub_ln1118_2' <Predicate = true> <Delay = 0.88> <Core = "AddSub">   --->   Core 14 'AddSub' <Latency = 0> <II = 1> <Delay = 0.85> <FuncUnit> <Opcode : 'add' 'sub'> <InPorts = 2> <OutPorts = 1>
ST_1 : Operation 20 [1/1] (0.00ns)   --->   "%trunc_ln708_1 = call i27 @_ssdm_op_PartSelect.i27.i32.i32.i32(i32 %sub_ln1118_2, i32 5, i32 31)" [firmware/nnet_utils/nnet_dense_resource.h:77->firmware/nnet_utils/nnet_dense_resource.h:276->firmware/nnet_utils/nnet_dense_stream.h:24]   --->   Operation 20 'partselect' 'trunc_ln708_1' <Predicate = true> <Delay = 0.00>
ST_1 : Operation 21 [1/1] (0.00ns)   --->   "%sext_ln1118_3 = sext i27 %data_7_V_read_1 to i32" [firmware/nnet_utils/nnet_mult.h:78->firmware/nnet_utils/nnet_dense_resource.h:77->firmware/nnet_utils/nnet_dense_resource.h:276->firmware/nnet_utils/nnet_dense_stream.h:24]   --->   Operation 21 'sext' 'sext_ln1118_3' <Predicate = true> <Delay = 0.00>
ST_1 : Operation 22 [1/1] (0.00ns)   --->   "%shl_ln1118_2 = call i32 @_ssdm_op_BitConcatenate.i32.i27.i5(i27 %data_7_V_read_1, i5 0)" [firmware/nnet_utils/nnet_mult.h:78->firmware/nnet_utils/nnet_dense_resource.h:77->firmware/nnet_utils/nnet_dense_resource.h:276->firmware/nnet_utils/nnet_dense_stream.h:24]   --->   Operation 22 'bitconcatenate' 'shl_ln1118_2' <Predicate = true> <Delay = 0.00>
ST_1 : Operation 23 [1/1] (0.88ns)   --->   "%sub_ln1118_3 = sub i32 %shl_ln1118_2, %sext_ln1118_3" [firmware/nnet_utils/nnet_mult.h:78->firmware/nnet_utils/nnet_dense_resource.h:77->firmware/nnet_utils/nnet_dense_resource.h:276->firmware/nnet_utils/nnet_dense_stream.h:24]   --->   Operation 23 'sub' 'sub_ln1118_3' <Predicate = true> <Delay = 0.88> <Core = "AddSub">   --->   Core 14 'AddSub' <Latency = 0> <II = 1> <Delay = 0.85> <FuncUnit> <Opcode : 'add' 'sub'> <InPorts = 2> <OutPorts = 1>
ST_1 : Operation 24 [1/1] (0.00ns)   --->   "%trunc_ln708_2 = call i27 @_ssdm_op_PartSelect.i27.i32.i32.i32(i32 %sub_ln1118_3, i32 5, i32 31)" [firmware/nnet_utils/nnet_dense_resource.h:77->firmware/nnet_utils/nnet_dense_resource.h:276->firmware/nnet_utils/nnet_dense_stream.h:24]   --->   Operation 24 'partselect' 'trunc_ln708_2' <Predicate = true> <Delay = 0.00>
ST_1 : Operation 25 [1/1] (0.00ns)   --->   "%sext_ln1118_4 = sext i27 %data_8_V_read_1 to i32" [firmware/nnet_utils/nnet_mult.h:78->firmware/nnet_utils/nnet_dense_resource.h:77->firmware/nnet_utils/nnet_dense_resource.h:276->firmware/nnet_utils/nnet_dense_stream.h:24]   --->   Operation 25 'sext' 'sext_ln1118_4' <Predicate = true> <Delay = 0.00>
ST_1 : Operation 26 [1/1] (0.00ns)   --->   "%shl_ln1118_3 = call i32 @_ssdm_op_BitConcatenate.i32.i27.i5(i27 %data_8_V_read_1, i5 0)" [firmware/nnet_utils/nnet_mult.h:78->firmware/nnet_utils/nnet_dense_resource.h:77->firmware/nnet_utils/nnet_dense_resource.h:276->firmware/nnet_utils/nnet_dense_stream.h:24]   --->   Operation 26 'bitconcatenate' 'shl_ln1118_3' <Predicate = true> <Delay = 0.00>
ST_1 : Operation 27 [1/1] (0.88ns)   --->   "%sub_ln1118_4 = sub i32 %shl_ln1118_3, %sext_ln1118_4" [firmware/nnet_utils/nnet_mult.h:78->firmware/nnet_utils/nnet_dense_resource.h:77->firmware/nnet_utils/nnet_dense_resource.h:276->firmware/nnet_utils/nnet_dense_stream.h:24]   --->   Operation 27 'sub' 'sub_ln1118_4' <Predicate = true> <Delay = 0.88> <Core = "AddSub">   --->   Core 14 'AddSub' <Latency = 0> <II = 1> <Delay = 0.85> <FuncUnit> <Opcode : 'add' 'sub'> <InPorts = 2> <OutPorts = 1>
ST_1 : Operation 28 [1/1] (0.00ns)   --->   "%trunc_ln708_3 = call i27 @_ssdm_op_PartSelect.i27.i32.i32.i32(i32 %sub_ln1118_4, i32 5, i32 31)" [firmware/nnet_utils/nnet_dense_resource.h:77->firmware/nnet_utils/nnet_dense_resource.h:276->firmware/nnet_utils/nnet_dense_stream.h:24]   --->   Operation 28 'partselect' 'trunc_ln708_3' <Predicate = true> <Delay = 0.00>
ST_1 : Operation 29 [1/1] (0.00ns)   --->   "%sext_ln1118_5 = sext i27 %data_9_V_read_1 to i32" [firmware/nnet_utils/nnet_mult.h:78->firmware/nnet_utils/nnet_dense_resource.h:77->firmware/nnet_utils/nnet_dense_resource.h:276->firmware/nnet_utils/nnet_dense_stream.h:24]   --->   Operation 29 'sext' 'sext_ln1118_5' <Predicate = true> <Delay = 0.00>
ST_1 : Operation 30 [1/1] (0.00ns)   --->   "%shl_ln1118_4 = call i32 @_ssdm_op_BitConcatenate.i32.i27.i5(i27 %data_9_V_read_1, i5 0)" [firmware/nnet_utils/nnet_mult.h:78->firmware/nnet_utils/nnet_dense_resource.h:77->firmware/nnet_utils/nnet_dense_resource.h:276->firmware/nnet_utils/nnet_dense_stream.h:24]   --->   Operation 30 'bitconcatenate' 'shl_ln1118_4' <Predicate = true> <Delay = 0.00>
ST_1 : Operation 31 [1/1] (0.88ns)   --->   "%sub_ln1118_5 = sub i32 %shl_ln1118_4, %sext_ln1118_5" [firmware/nnet_utils/nnet_mult.h:78->firmware/nnet_utils/nnet_dense_resource.h:77->firmware/nnet_utils/nnet_dense_resource.h:276->firmware/nnet_utils/nnet_dense_stream.h:24]   --->   Operation 31 'sub' 'sub_ln1118_5' <Predicate = true> <Delay = 0.88> <Core = "AddSub">   --->   Core 14 'AddSub' <Latency = 0> <II = 1> <Delay = 0.85> <FuncUnit> <Opcode : 'add' 'sub'> <InPorts = 2> <OutPorts = 1>
ST_1 : Operation 32 [1/1] (0.00ns)   --->   "%trunc_ln708_4 = call i27 @_ssdm_op_PartSelect.i27.i32.i32.i32(i32 %sub_ln1118_5, i32 5, i32 31)" [firmware/nnet_utils/nnet_dense_resource.h:77->firmware/nnet_utils/nnet_dense_resource.h:276->firmware/nnet_utils/nnet_dense_stream.h:24]   --->   Operation 32 'partselect' 'trunc_ln708_4' <Predicate = true> <Delay = 0.00>
ST_1 : Operation 33 [1/1] (0.00ns)   --->   "%sext_ln1118_6 = sext i27 %data_10_V_read_1 to i32" [firmware/nnet_utils/nnet_mult.h:78->firmware/nnet_utils/nnet_dense_resource.h:77->firmware/nnet_utils/nnet_dense_resource.h:276->firmware/nnet_utils/nnet_dense_stream.h:24]   --->   Operation 33 'sext' 'sext_ln1118_6' <Predicate = true> <Delay = 0.00>
ST_1 : Operation 34 [1/1] (0.00ns)   --->   "%shl_ln1118_5 = call i32 @_ssdm_op_BitConcatenate.i32.i27.i5(i27 %data_10_V_read_1, i5 0)" [firmware/nnet_utils/nnet_mult.h:78->firmware/nnet_utils/nnet_dense_resource.h:77->firmware/nnet_utils/nnet_dense_resource.h:276->firmware/nnet_utils/nnet_dense_stream.h:24]   --->   Operation 34 'bitconcatenate' 'shl_ln1118_5' <Predicate = true> <Delay = 0.00>
ST_1 : Operation 35 [1/1] (0.88ns)   --->   "%sub_ln1118_6 = sub i32 %shl_ln1118_5, %sext_ln1118_6" [firmware/nnet_utils/nnet_mult.h:78->firmware/nnet_utils/nnet_dense_resource.h:77->firmware/nnet_utils/nnet_dense_resource.h:276->firmware/nnet_utils/nnet_dense_stream.h:24]   --->   Operation 35 'sub' 'sub_ln1118_6' <Predicate = true> <Delay = 0.88> <Core = "AddSub">   --->   Core 14 'AddSub' <Latency = 0> <II = 1> <Delay = 0.85> <FuncUnit> <Opcode : 'add' 'sub'> <InPorts = 2> <OutPorts = 1>
ST_1 : Operation 36 [1/1] (0.00ns)   --->   "%trunc_ln708_5 = call i27 @_ssdm_op_PartSelect.i27.i32.i32.i32(i32 %sub_ln1118_6, i32 5, i32 31)" [firmware/nnet_utils/nnet_dense_resource.h:77->firmware/nnet_utils/nnet_dense_resource.h:276->firmware/nnet_utils/nnet_dense_stream.h:24]   --->   Operation 36 'partselect' 'trunc_ln708_5' <Predicate = true> <Delay = 0.00>
ST_1 : Operation 37 [1/1] (0.85ns)   --->   "%add_ln703 = add i27 %trunc_ln708_s, %trunc_ln" [firmware/nnet_utils/nnet_dense_resource.h:77->firmware/nnet_utils/nnet_dense_resource.h:276->firmware/nnet_utils/nnet_dense_stream.h:24]   --->   Operation 37 'add' 'add_ln703' <Predicate = true> <Delay = 0.85> <Core = "AddSub">   --->   Core 14 'AddSub' <Latency = 0> <II = 1> <Delay = 0.85> <FuncUnit> <Opcode : 'add' 'sub'> <InPorts = 2> <OutPorts = 1>
ST_1 : Operation 38 [1/1] (0.00ns) (grouped into TernaryAdder)   --->   "%add_ln703_1 = add i27 %trunc_ln708_2, %trunc_ln708_1" [firmware/nnet_utils/nnet_dense_resource.h:77->firmware/nnet_utils/nnet_dense_resource.h:276->firmware/nnet_utils/nnet_dense_stream.h:24]   --->   Operation 38 'add' 'add_ln703_1' <Predicate = true> <Delay = 0.00> <Core = "TAddSub">   --->   Core 83 'TAddSub' <Latency = 0> <II = 1> <Delay = 0.35> <IPBlock> <Opcode : 'add' 'sub'> <InPorts = 3> <OutPorts = 1> <Sync> <CReg>
ST_1 : Operation 39 [1/1] (0.71ns) (root node of TernaryAdder)   --->   "%add_ln703_2 = add i27 %add_ln703, %add_ln703_1" [firmware/nnet_utils/nnet_dense_resource.h:77->firmware/nnet_utils/nnet_dense_resource.h:276->firmware/nnet_utils/nnet_dense_stream.h:24]   --->   Operation 39 'add' 'add_ln703_2' <Predicate = true> <Delay = 0.71> <Core = "TAddSub">   --->   Core 83 'TAddSub' <Latency = 0> <II = 1> <Delay = 0.35> <IPBlock> <Opcode : 'add' 'sub'> <InPorts = 3> <OutPorts = 1> <Sync> <CReg>
ST_1 : Operation 40 [1/1] (0.85ns)   --->   "%add_ln703_3 = add i27 %trunc_ln708_4, %trunc_ln708_3" [firmware/nnet_utils/nnet_dense_resource.h:77->firmware/nnet_utils/nnet_dense_resource.h:276->firmware/nnet_utils/nnet_dense_stream.h:24]   --->   Operation 40 'add' 'add_ln703_3' <Predicate = true> <Delay = 0.85> <Core = "AddSub">   --->   Core 14 'AddSub' <Latency = 0> <II = 1> <Delay = 0.85> <FuncUnit> <Opcode : 'add' 'sub'> <InPorts = 2> <OutPorts = 1>
ST_1 : Operation 41 [1/1] (0.85ns)   --->   "%add_ln703_4 = add i27 %trunc_ln708_5, 40960" [firmware/nnet_utils/nnet_dense_resource.h:77->firmware/nnet_utils/nnet_dense_resource.h:276->firmware/nnet_utils/nnet_dense_stream.h:24]   --->   Operation 41 'add' 'add_ln703_4' <Predicate = true> <Delay = 0.85> <Core = "AddSub">   --->   Core 14 'AddSub' <Latency = 0> <II = 1> <Delay = 0.85> <FuncUnit> <Opcode : 'add' 'sub'> <InPorts = 2> <OutPorts = 1>
ST_1 : Operation 42 [1/1] (0.00ns) (grouped into TernaryAdder)   --->   "%add_ln703_5 = add i27 %add_ln703_3, %add_ln703_4" [firmware/nnet_utils/nnet_dense_resource.h:77->firmware/nnet_utils/nnet_dense_resource.h:276->firmware/nnet_utils/nnet_dense_stream.h:24]   --->   Operation 42 'add' 'add_ln703_5' <Predicate = true> <Delay = 0.00> <Core = "TAddSub">   --->   Core 83 'TAddSub' <Latency = 0> <II = 1> <Delay = 0.35> <IPBlock> <Opcode : 'add' 'sub'> <InPorts = 3> <OutPorts = 1> <Sync> <CReg>
ST_1 : Operation 43 [1/1] (0.71ns) (root node of TernaryAdder)   --->   "%add_ln703_6 = add i27 %add_ln703_2, %add_ln703_5" [firmware/nnet_utils/nnet_dense_resource.h:77->firmware/nnet_utils/nnet_dense_resource.h:276->firmware/nnet_utils/nnet_dense_stream.h:24]   --->   Operation 43 'add' 'add_ln703_6' <Predicate = true> <Delay = 0.71> <Core = "TAddSub">   --->   Core 83 'TAddSub' <Latency = 0> <II = 1> <Delay = 0.35> <IPBlock> <Opcode : 'add' 'sub'> <InPorts = 3> <OutPorts = 1> <Sync> <CReg>
ST_1 : Operation 44 [1/1] (0.88ns)   --->   "%sub_ln1118_7 = sub i32 %shl_ln, %sext_ln1118" [firmware/nnet_utils/nnet_mult.h:78->firmware/nnet_utils/nnet_dense_resource.h:77->firmware/nnet_utils/nnet_dense_resource.h:276->firmware/nnet_utils/nnet_dense_stream.h:24]   --->   Operation 44 'sub' 'sub_ln1118_7' <Predicate = true> <Delay = 0.88> <Core = "AddSub">   --->   Core 14 'AddSub' <Latency = 0> <II = 1> <Delay = 0.85> <FuncUnit> <Opcode : 'add' 'sub'> <InPorts = 2> <OutPorts = 1>
ST_1 : Operation 45 [1/1] (0.00ns)   --->   "%trunc_ln708_6 = call i27 @_ssdm_op_PartSelect.i27.i32.i32.i32(i32 %sub_ln1118_7, i32 5, i32 31)" [firmware/nnet_utils/nnet_dense_resource.h:77->firmware/nnet_utils/nnet_dense_resource.h:276->firmware/nnet_utils/nnet_dense_stream.h:24]   --->   Operation 45 'partselect' 'trunc_ln708_6' <Predicate = true> <Delay = 0.00>
ST_1 : Operation 46 [1/1] (0.88ns)   --->   "%sub_ln1118_8 = sub i32 0, %shl_ln1118_s" [firmware/nnet_utils/nnet_mult.h:78->firmware/nnet_utils/nnet_dense_resource.h:77->firmware/nnet_utils/nnet_dense_resource.h:276->firmware/nnet_utils/nnet_dense_stream.h:24]   --->   Operation 46 'sub' 'sub_ln1118_8' <Predicate = true> <Delay = 0.88> <Core = "AddSub">   --->   Core 14 'AddSub' <Latency = 0> <II = 1> <Delay = 0.85> <FuncUnit> <Opcode : 'add' 'sub'> <InPorts = 2> <OutPorts = 1>
ST_1 : Operation 47 [1/1] (0.00ns)   --->   "%trunc_ln708_7 = call i27 @_ssdm_op_PartSelect.i27.i32.i32.i32(i32 %sub_ln1118_8, i32 5, i32 31)" [firmware/nnet_utils/nnet_dense_resource.h:77->firmware/nnet_utils/nnet_dense_resource.h:276->firmware/nnet_utils/nnet_dense_stream.h:24]   --->   Operation 47 'partselect' 'trunc_ln708_7' <Predicate = true> <Delay = 0.00>
ST_1 : Operation 48 [1/1] (0.88ns)   --->   "%sub_ln1118_9 = sub i32 %shl_ln1118_1, %sext_ln1118_2" [firmware/nnet_utils/nnet_mult.h:78->firmware/nnet_utils/nnet_dense_resource.h:77->firmware/nnet_utils/nnet_dense_resource.h:276->firmware/nnet_utils/nnet_dense_stream.h:24]   --->   Operation 48 'sub' 'sub_ln1118_9' <Predicate = true> <Delay = 0.88> <Core = "AddSub">   --->   Core 14 'AddSub' <Latency = 0> <II = 1> <Delay = 0.85> <FuncUnit> <Opcode : 'add' 'sub'> <InPorts = 2> <OutPorts = 1>
ST_1 : Operation 49 [1/1] (0.00ns)   --->   "%trunc_ln708_8 = call i27 @_ssdm_op_PartSelect.i27.i32.i32.i32(i32 %sub_ln1118_9, i32 5, i32 31)" [firmware/nnet_utils/nnet_dense_resource.h:77->firmware/nnet_utils/nnet_dense_resource.h:276->firmware/nnet_utils/nnet_dense_stream.h:24]   --->   Operation 49 'partselect' 'trunc_ln708_8' <Predicate = true> <Delay = 0.00>
ST_1 : Operation 50 [1/1] (0.88ns)   --->   "%sub_ln1118_10 = sub i32 0, %shl_ln1118_2" [firmware/nnet_utils/nnet_mult.h:78->firmware/nnet_utils/nnet_dense_resource.h:77->firmware/nnet_utils/nnet_dense_resource.h:276->firmware/nnet_utils/nnet_dense_stream.h:24]   --->   Operation 50 'sub' 'sub_ln1118_10' <Predicate = true> <Delay = 0.88> <Core = "AddSub">   --->   Core 14 'AddSub' <Latency = 0> <II = 1> <Delay = 0.85> <FuncUnit> <Opcode : 'add' 'sub'> <InPorts = 2> <OutPorts = 1>
ST_1 : Operation 51 [1/1] (0.00ns)   --->   "%trunc_ln708_9 = call i27 @_ssdm_op_PartSelect.i27.i32.i32.i32(i32 %sub_ln1118_10, i32 5, i32 31)" [firmware/nnet_utils/nnet_dense_resource.h:77->firmware/nnet_utils/nnet_dense_resource.h:276->firmware/nnet_utils/nnet_dense_stream.h:24]   --->   Operation 51 'partselect' 'trunc_ln708_9' <Predicate = true> <Delay = 0.00>
ST_1 : Operation 52 [1/1] (0.88ns)   --->   "%sub_ln1118_11 = sub i32 0, %shl_ln1118_3" [firmware/nnet_utils/nnet_mult.h:78->firmware/nnet_utils/nnet_dense_resource.h:77->firmware/nnet_utils/nnet_dense_resource.h:276->firmware/nnet_utils/nnet_dense_stream.h:24]   --->   Operation 52 'sub' 'sub_ln1118_11' <Predicate = true> <Delay = 0.88> <Core = "AddSub">   --->   Core 14 'AddSub' <Latency = 0> <II = 1> <Delay = 0.85> <FuncUnit> <Opcode : 'add' 'sub'> <InPorts = 2> <OutPorts = 1>
ST_1 : Operation 53 [1/1] (0.00ns)   --->   "%trunc_ln708_10 = call i27 @_ssdm_op_PartSelect.i27.i32.i32.i32(i32 %sub_ln1118_11, i32 5, i32 31)" [firmware/nnet_utils/nnet_dense_resource.h:77->firmware/nnet_utils/nnet_dense_resource.h:276->firmware/nnet_utils/nnet_dense_stream.h:24]   --->   Operation 53 'partselect' 'trunc_ln708_10' <Predicate = true> <Delay = 0.00>
ST_1 : Operation 54 [1/1] (0.88ns)   --->   "%sub_ln1118_12 = sub i32 0, %shl_ln1118_4" [firmware/nnet_utils/nnet_mult.h:78->firmware/nnet_utils/nnet_dense_resource.h:77->firmware/nnet_utils/nnet_dense_resource.h:276->firmware/nnet_utils/nnet_dense_stream.h:24]   --->   Operation 54 'sub' 'sub_ln1118_12' <Predicate = true> <Delay = 0.88> <Core = "AddSub">   --->   Core 14 'AddSub' <Latency = 0> <II = 1> <Delay = 0.85> <FuncUnit> <Opcode : 'add' 'sub'> <InPorts = 2> <OutPorts = 1>
ST_1 : Operation 55 [1/1] (0.00ns)   --->   "%trunc_ln708_11 = call i27 @_ssdm_op_PartSelect.i27.i32.i32.i32(i32 %sub_ln1118_12, i32 5, i32 31)" [firmware/nnet_utils/nnet_dense_resource.h:77->firmware/nnet_utils/nnet_dense_resource.h:276->firmware/nnet_utils/nnet_dense_stream.h:24]   --->   Operation 55 'partselect' 'trunc_ln708_11' <Predicate = true> <Delay = 0.00>
ST_1 : Operation 56 [1/1] (0.88ns)   --->   "%sub_ln1118_13 = sub i32 0, %shl_ln1118_5" [firmware/nnet_utils/nnet_mult.h:78->firmware/nnet_utils/nnet_dense_resource.h:77->firmware/nnet_utils/nnet_dense_resource.h:276->firmware/nnet_utils/nnet_dense_stream.h:24]   --->   Operation 56 'sub' 'sub_ln1118_13' <Predicate = true> <Delay = 0.88> <Core = "AddSub">   --->   Core 14 'AddSub' <Latency = 0> <II = 1> <Delay = 0.85> <FuncUnit> <Opcode : 'add' 'sub'> <InPorts = 2> <OutPorts = 1>
ST_1 : Operation 57 [1/1] (0.00ns)   --->   "%trunc_ln708_12 = call i27 @_ssdm_op_PartSelect.i27.i32.i32.i32(i32 %sub_ln1118_13, i32 5, i32 31)" [firmware/nnet_utils/nnet_dense_resource.h:77->firmware/nnet_utils/nnet_dense_resource.h:276->firmware/nnet_utils/nnet_dense_stream.h:24]   --->   Operation 57 'partselect' 'trunc_ln708_12' <Predicate = true> <Delay = 0.00>
ST_1 : Operation 58 [1/1] (0.85ns)   --->   "%add_ln703_7 = add i27 %trunc_ln708_7, %trunc_ln708_6" [firmware/nnet_utils/nnet_dense_resource.h:77->firmware/nnet_utils/nnet_dense_resource.h:276->firmware/nnet_utils/nnet_dense_stream.h:24]   --->   Operation 58 'add' 'add_ln703_7' <Predicate = true> <Delay = 0.85> <Core = "AddSub">   --->   Core 14 'AddSub' <Latency = 0> <II = 1> <Delay = 0.85> <FuncUnit> <Opcode : 'add' 'sub'> <InPorts = 2> <OutPorts = 1>
ST_1 : Operation 59 [1/1] (0.00ns) (grouped into TernaryAdder)   --->   "%add_ln703_8 = add i27 %trunc_ln708_9, %trunc_ln708_8" [firmware/nnet_utils/nnet_dense_resource.h:77->firmware/nnet_utils/nnet_dense_resource.h:276->firmware/nnet_utils/nnet_dense_stream.h:24]   --->   Operation 59 'add' 'add_ln703_8' <Predicate = true> <Delay = 0.00> <Core = "TAddSub">   --->   Core 83 'TAddSub' <Latency = 0> <II = 1> <Delay = 0.35> <IPBlock> <Opcode : 'add' 'sub'> <InPorts = 3> <OutPorts = 1> <Sync> <CReg>
ST_1 : Operation 60 [1/1] (0.71ns) (root node of TernaryAdder)   --->   "%add_ln703_9 = add i27 %add_ln703_7, %add_ln703_8" [firmware/nnet_utils/nnet_dense_resource.h:77->firmware/nnet_utils/nnet_dense_resource.h:276->firmware/nnet_utils/nnet_dense_stream.h:24]   --->   Operation 60 'add' 'add_ln703_9' <Predicate = true> <Delay = 0.71> <Core = "TAddSub">   --->   Core 83 'TAddSub' <Latency = 0> <II = 1> <Delay = 0.35> <IPBlock> <Opcode : 'add' 'sub'> <InPorts = 3> <OutPorts = 1> <Sync> <CReg>
ST_1 : Operation 61 [1/1] (0.85ns)   --->   "%add_ln703_10 = add i27 %trunc_ln708_11, %trunc_ln708_10" [firmware/nnet_utils/nnet_dense_resource.h:77->firmware/nnet_utils/nnet_dense_resource.h:276->firmware/nnet_utils/nnet_dense_stream.h:24]   --->   Operation 61 'add' 'add_ln703_10' <Predicate = true> <Delay = 0.85> <Core = "AddSub">   --->   Core 14 'AddSub' <Latency = 0> <II = 1> <Delay = 0.85> <FuncUnit> <Opcode : 'add' 'sub'> <InPorts = 2> <OutPorts = 1>
ST_1 : Operation 62 [1/1] (0.85ns)   --->   "%add_ln703_11 = add i27 %trunc_ln708_12, -40960" [firmware/nnet_utils/nnet_dense_resource.h:77->firmware/nnet_utils/nnet_dense_resource.h:276->firmware/nnet_utils/nnet_dense_stream.h:24]   --->   Operation 62 'add' 'add_ln703_11' <Predicate = true> <Delay = 0.85> <Core = "AddSub">   --->   Core 14 'AddSub' <Latency = 0> <II = 1> <Delay = 0.85> <FuncUnit> <Opcode : 'add' 'sub'> <InPorts = 2> <OutPorts = 1>
ST_1 : Operation 63 [1/1] (0.00ns) (grouped into TernaryAdder)   --->   "%add_ln703_12 = add i27 %add_ln703_10, %add_ln703_11" [firmware/nnet_utils/nnet_dense_resource.h:77->firmware/nnet_utils/nnet_dense_resource.h:276->firmware/nnet_utils/nnet_dense_stream.h:24]   --->   Operation 63 'add' 'add_ln703_12' <Predicate = true> <Delay = 0.00> <Core = "TAddSub">   --->   Core 83 'TAddSub' <Latency = 0> <II = 1> <Delay = 0.35> <IPBlock> <Opcode : 'add' 'sub'> <InPorts = 3> <OutPorts = 1> <Sync> <CReg>
ST_1 : Operation 64 [1/1] (0.71ns) (root node of TernaryAdder)   --->   "%acc_1_V = add i27 %add_ln703_9, %add_ln703_12" [firmware/nnet_utils/nnet_dense_resource.h:77->firmware/nnet_utils/nnet_dense_resource.h:276->firmware/nnet_utils/nnet_dense_stream.h:24]   --->   Operation 64 'add' 'acc_1_V' <Predicate = true> <Delay = 0.71> <Core = "TAddSub">   --->   Core 83 'TAddSub' <Latency = 0> <II = 1> <Delay = 0.35> <IPBlock> <Opcode : 'add' 'sub'> <InPorts = 3> <OutPorts = 1> <Sync> <CReg>
ST_1 : Operation 65 [1/1] (0.00ns)   --->   "%mrv = insertvalue { i27, i27 } undef, i27 %add_ln703_6, 0" [firmware/nnet_utils/nnet_dense_stream.h:26]   --->   Operation 65 'insertvalue' 'mrv' <Predicate = true> <Delay = 0.00>
ST_1 : Operation 66 [1/1] (0.00ns)   --->   "%mrv_1 = insertvalue { i27, i27 } %mrv, i27 %acc_1_V, 1" [firmware/nnet_utils/nnet_dense_stream.h:26]   --->   Operation 66 'insertvalue' 'mrv_1' <Predicate = true> <Delay = 0.00>
ST_1 : Operation 67 [1/1] (0.00ns)   --->   "ret { i27, i27 } %mrv_1" [firmware/nnet_utils/nnet_dense_stream.h:26]   --->   Operation 67 'ret' <Predicate = true> <Delay = 0.00>


============================================================
+ Verbose Summary: Timing violations
============================================================
Target clock period: 5ns, clock uncertainty: 0.625ns.

 <State 1>: 3.16ns
The critical path consists of the following:
	wire read on port 'data_4_V_read' (firmware/nnet_utils/nnet_dense_stream.h:14) [13]  (0 ns)
	'sub' operation ('sub_ln1118_1', firmware/nnet_utils/nnet_mult.h:78->firmware/nnet_utils/nnet_dense_resource.h:77->firmware/nnet_utils/nnet_dense_resource.h:276->firmware/nnet_utils/nnet_dense_stream.h:24) [21]  (0.88 ns)
	'add' operation ('add_ln703', firmware/nnet_utils/nnet_dense_resource.h:77->firmware/nnet_utils/nnet_dense_resource.h:276->firmware/nnet_utils/nnet_dense_stream.h:24) [43]  (0.85 ns)
	'add' operation ('add_ln703_2', firmware/nnet_utils/nnet_dense_resource.h:77->firmware/nnet_utils/nnet_dense_resource.h:276->firmware/nnet_utils/nnet_dense_stream.h:24) [45]  (0.714 ns)
	'add' operation ('res[0].V', firmware/nnet_utils/nnet_dense_resource.h:77->firmware/nnet_utils/nnet_dense_resource.h:276->firmware/nnet_utils/nnet_dense_stream.h:24) [49]  (0.714 ns)


============================================================
+ Verbose Summary: Binding
============================================================
N/A
* FSMD analyzer results:
  - Output states:
 - Input state : 
  - Chain level:
	State 1


============================================================
+ Verbose Summary: Datapath Resource usage 
============================================================
N/A
