

================================================================
== Vivado HLS Report for 'linear_array_array_ap_fixed_8u_linear_config5_s'
================================================================
* Date:           Sat Aug  8 08:21:29 2020

* Version:        2020.1 (Build 2897737 on Wed May 27 20:21:37 MDT 2020)
* Project:        myproject_prj
* Solution:       solution1
* Product family: virtexuplus
* Target device:  xcu250-figd2104-2L-e


================================================================
== Performance Estimates
================================================================
+ Timing: 
    * Summary: 
    +--------+---------+----------+------------+
    |  Clock |  Target | Estimated| Uncertainty|
    +--------+---------+----------+------------+
    |ap_clk  | 5.00 ns | 2.916 ns |   0.62 ns  |
    +--------+---------+----------+------------+

+ Latency: 
    * Summary: 
    +---------+---------+-----------+-----------+------+------+---------+
    |  Latency (cycles) |   Latency (absolute)  |   Interval  | Pipeline|
    |   min   |   max   |    min    |    max    |  min |  max |   Type  |
    +---------+---------+-----------+-----------+------+------+---------+
    |     2050|     2050| 10.250 us | 10.250 us |  2050|  2050|   none  |
    +---------+---------+-----------+-----------+------+------+---------+

    + Detail: 
        * Instance: 
        N/A

        * Loop: 
        +-----------------+---------+---------+----------+-----------+-----------+------+----------+
        |                 |  Latency (cycles) | Iteration|  Initiation Interval  | Trip |          |
        |    Loop Name    |   min   |   max   |  Latency |  achieved |   target  | Count| Pipelined|
        +-----------------+---------+---------+----------+-----------+-----------+------+----------+
        |- LinearActLoop  |     2048|     2048|         2|          1|          1|  2048|    yes   |
        +-----------------+---------+---------+----------+-----------+-----------+------+----------+

============================================================
+ Verbose Summary: Synthesis Manager
============================================================
InlineROM: 1
ExposeGlobal: 0
============================================================
+ Verbose Summary: CDFG Model
============================================================
IsTopModel: 0
ResetActiveHigh: 1
IsCombinational: 2
IsDatapathOnly: 0
HasWiredReturn: 1
HasMFsm: 0
HasVarLatency: 1
IsPipeline: 0
IsRtlPipelined: 0
IsInstanceOverlapped: 0
IsDontTouch: 0
HasImplIP: 0
IsGatedGlobalClock: 0

+ Individual pipeline summary: 
  * Pipeline-0: initiation interval (II) = 1, depth = 2


============================================================
+ Verbose Summary: Schedule
============================================================
* Number of FSM states : 4
* Pipeline : 1
  Pipeline-0 : II = 1, D = 2, States = { 2 3 }
* Dataflow Pipeline: 0

* FSM state transitions: 
1 --> 2 
2 --> 4 3 
3 --> 2 
4 --> 

* FSM state operations: 

State 1 <SV = 0> <Delay = 0.60>
ST_1 : Operation 5 [1/1] (0.00ns)   --->   "call void (...)* @_ssdm_op_SpecInterface(i27* %res_V_data_7_V, [8 x i8]* @ap_fifo_str, i32 0, i32 0, [1 x i8]* @p_str, i32 0, i32 0, [1 x i8]* @p_str, [1 x i8]* @p_str, [1 x i8]* @p_str, i32 2, i32 2, i32 16, i32 16, [1 x i8]* @p_str, [1 x i8]* @p_str)"   --->   Operation 5 'specinterface' <Predicate = true> <Delay = 0.00>
ST_1 : Operation 6 [1/1] (0.00ns)   --->   "call void (...)* @_ssdm_op_SpecInterface(i27* %res_V_data_6_V, [8 x i8]* @ap_fifo_str, i32 0, i32 0, [1 x i8]* @p_str, i32 0, i32 0, [1 x i8]* @p_str, [1 x i8]* @p_str, [1 x i8]* @p_str, i32 2, i32 2, i32 16, i32 16, [1 x i8]* @p_str, [1 x i8]* @p_str)"   --->   Operation 6 'specinterface' <Predicate = true> <Delay = 0.00>
ST_1 : Operation 7 [1/1] (0.00ns)   --->   "call void (...)* @_ssdm_op_SpecInterface(i27* %res_V_data_5_V, [8 x i8]* @ap_fifo_str, i32 0, i32 0, [1 x i8]* @p_str, i32 0, i32 0, [1 x i8]* @p_str, [1 x i8]* @p_str, [1 x i8]* @p_str, i32 2, i32 2, i32 16, i32 16, [1 x i8]* @p_str, [1 x i8]* @p_str)"   --->   Operation 7 'specinterface' <Predicate = true> <Delay = 0.00>
ST_1 : Operation 8 [1/1] (0.00ns)   --->   "call void (...)* @_ssdm_op_SpecInterface(i27* %res_V_data_4_V, [8 x i8]* @ap_fifo_str, i32 0, i32 0, [1 x i8]* @p_str, i32 0, i32 0, [1 x i8]* @p_str, [1 x i8]* @p_str, [1 x i8]* @p_str, i32 2, i32 2, i32 16, i32 16, [1 x i8]* @p_str, [1 x i8]* @p_str)"   --->   Operation 8 'specinterface' <Predicate = true> <Delay = 0.00>
ST_1 : Operation 9 [1/1] (0.00ns)   --->   "call void (...)* @_ssdm_op_SpecInterface(i27* %res_V_data_3_V, [8 x i8]* @ap_fifo_str, i32 0, i32 0, [1 x i8]* @p_str, i32 0, i32 0, [1 x i8]* @p_str, [1 x i8]* @p_str, [1 x i8]* @p_str, i32 2, i32 2, i32 16, i32 16, [1 x i8]* @p_str, [1 x i8]* @p_str)"   --->   Operation 9 'specinterface' <Predicate = true> <Delay = 0.00>
ST_1 : Operation 10 [1/1] (0.00ns)   --->   "call void (...)* @_ssdm_op_SpecInterface(i27* %res_V_data_2_V, [8 x i8]* @ap_fifo_str, i32 0, i32 0, [1 x i8]* @p_str, i32 0, i32 0, [1 x i8]* @p_str, [1 x i8]* @p_str, [1 x i8]* @p_str, i32 2, i32 2, i32 16, i32 16, [1 x i8]* @p_str, [1 x i8]* @p_str)"   --->   Operation 10 'specinterface' <Predicate = true> <Delay = 0.00>
ST_1 : Operation 11 [1/1] (0.00ns)   --->   "call void (...)* @_ssdm_op_SpecInterface(i27* %res_V_data_1_V, [8 x i8]* @ap_fifo_str, i32 0, i32 0, [1 x i8]* @p_str, i32 0, i32 0, [1 x i8]* @p_str, [1 x i8]* @p_str, [1 x i8]* @p_str, i32 2, i32 2, i32 16, i32 16, [1 x i8]* @p_str, [1 x i8]* @p_str)"   --->   Operation 11 'specinterface' <Predicate = true> <Delay = 0.00>
ST_1 : Operation 12 [1/1] (0.00ns)   --->   "call void (...)* @_ssdm_op_SpecInterface(i27* %res_V_data_0_V, [8 x i8]* @ap_fifo_str, i32 0, i32 0, [1 x i8]* @p_str, i32 0, i32 0, [1 x i8]* @p_str, [1 x i8]* @p_str, [1 x i8]* @p_str, i32 2, i32 2, i32 16, i32 16, [1 x i8]* @p_str, [1 x i8]* @p_str)"   --->   Operation 12 'specinterface' <Predicate = true> <Delay = 0.00>
ST_1 : Operation 13 [1/1] (0.00ns)   --->   "call void (...)* @_ssdm_op_SpecInterface(i27* %data_V_data_7_V, [8 x i8]* @ap_fifo_str, i32 0, i32 0, [1 x i8]* @p_str, i32 0, i32 0, [1 x i8]* @p_str, [1 x i8]* @p_str, [1 x i8]* @p_str, i32 2, i32 2, i32 16, i32 16, [1 x i8]* @p_str, [1 x i8]* @p_str)"   --->   Operation 13 'specinterface' <Predicate = true> <Delay = 0.00>
ST_1 : Operation 14 [1/1] (0.00ns)   --->   "call void (...)* @_ssdm_op_SpecInterface(i27* %data_V_data_6_V, [8 x i8]* @ap_fifo_str, i32 0, i32 0, [1 x i8]* @p_str, i32 0, i32 0, [1 x i8]* @p_str, [1 x i8]* @p_str, [1 x i8]* @p_str, i32 2, i32 2, i32 16, i32 16, [1 x i8]* @p_str, [1 x i8]* @p_str)"   --->   Operation 14 'specinterface' <Predicate = true> <Delay = 0.00>
ST_1 : Operation 15 [1/1] (0.00ns)   --->   "call void (...)* @_ssdm_op_SpecInterface(i27* %data_V_data_5_V, [8 x i8]* @ap_fifo_str, i32 0, i32 0, [1 x i8]* @p_str, i32 0, i32 0, [1 x i8]* @p_str, [1 x i8]* @p_str, [1 x i8]* @p_str, i32 2, i32 2, i32 16, i32 16, [1 x i8]* @p_str, [1 x i8]* @p_str)"   --->   Operation 15 'specinterface' <Predicate = true> <Delay = 0.00>
ST_1 : Operation 16 [1/1] (0.00ns)   --->   "call void (...)* @_ssdm_op_SpecInterface(i27* %data_V_data_4_V, [8 x i8]* @ap_fifo_str, i32 0, i32 0, [1 x i8]* @p_str, i32 0, i32 0, [1 x i8]* @p_str, [1 x i8]* @p_str, [1 x i8]* @p_str, i32 2, i32 2, i32 16, i32 16, [1 x i8]* @p_str, [1 x i8]* @p_str)"   --->   Operation 16 'specinterface' <Predicate = true> <Delay = 0.00>
ST_1 : Operation 17 [1/1] (0.00ns)   --->   "call void (...)* @_ssdm_op_SpecInterface(i27* %data_V_data_3_V, [8 x i8]* @ap_fifo_str, i32 0, i32 0, [1 x i8]* @p_str, i32 0, i32 0, [1 x i8]* @p_str, [1 x i8]* @p_str, [1 x i8]* @p_str, i32 2, i32 2, i32 16, i32 16, [1 x i8]* @p_str, [1 x i8]* @p_str)"   --->   Operation 17 'specinterface' <Predicate = true> <Delay = 0.00>
ST_1 : Operation 18 [1/1] (0.00ns)   --->   "call void (...)* @_ssdm_op_SpecInterface(i27* %data_V_data_2_V, [8 x i8]* @ap_fifo_str, i32 0, i32 0, [1 x i8]* @p_str, i32 0, i32 0, [1 x i8]* @p_str, [1 x i8]* @p_str, [1 x i8]* @p_str, i32 2, i32 2, i32 16, i32 16, [1 x i8]* @p_str, [1 x i8]* @p_str)"   --->   Operation 18 'specinterface' <Predicate = true> <Delay = 0.00>
ST_1 : Operation 19 [1/1] (0.00ns)   --->   "call void (...)* @_ssdm_op_SpecInterface(i27* %data_V_data_1_V, [8 x i8]* @ap_fifo_str, i32 0, i32 0, [1 x i8]* @p_str, i32 0, i32 0, [1 x i8]* @p_str, [1 x i8]* @p_str, [1 x i8]* @p_str, i32 2, i32 2, i32 16, i32 16, [1 x i8]* @p_str, [1 x i8]* @p_str)"   --->   Operation 19 'specinterface' <Predicate = true> <Delay = 0.00>
ST_1 : Operation 20 [1/1] (0.00ns)   --->   "call void (...)* @_ssdm_op_SpecInterface(i27* %data_V_data_0_V, [8 x i8]* @ap_fifo_str, i32 0, i32 0, [1 x i8]* @p_str, i32 0, i32 0, [1 x i8]* @p_str, [1 x i8]* @p_str, [1 x i8]* @p_str, i32 2, i32 2, i32 16, i32 16, [1 x i8]* @p_str, [1 x i8]* @p_str)"   --->   Operation 20 'specinterface' <Predicate = true> <Delay = 0.00>
ST_1 : Operation 21 [1/1] (0.60ns)   --->   "br label %1" [firmware/nnet_utils/nnet_activation_stream.h:38]   --->   Operation 21 'br' <Predicate = true> <Delay = 0.60>

State 2 <SV = 1> <Delay = 0.74>
ST_2 : Operation 22 [1/1] (0.00ns)   --->   "%i_0 = phi i12 [ 0, %0 ], [ %i, %LinearActLoop ]"   --->   Operation 22 'phi' 'i_0' <Predicate = true> <Delay = 0.00>
ST_2 : Operation 23 [1/1] (0.62ns)   --->   "%icmp_ln38 = icmp eq i12 %i_0, -2048" [firmware/nnet_utils/nnet_activation_stream.h:38]   --->   Operation 23 'icmp' 'icmp_ln38' <Predicate = true> <Delay = 0.62> <Core = "Cmp">   --->   Core 25 'Cmp' <Latency = 0> <II = 1> <Delay = 0.62> <FuncUnit> <Opcode : 'icmp'> <InPorts = 2> <OutPorts = 1>
ST_2 : Operation 24 [1/1] (0.00ns)   --->   "%empty = call i32 (...)* @_ssdm_op_SpecLoopTripCount(i64 2048, i64 2048, i64 2048)"   --->   Operation 24 'speclooptripcount' 'empty' <Predicate = true> <Delay = 0.00>
ST_2 : Operation 25 [1/1] (0.74ns)   --->   "%i = add i12 %i_0, 1" [firmware/nnet_utils/nnet_activation_stream.h:38]   --->   Operation 25 'add' 'i' <Predicate = true> <Delay = 0.74> <Core = "AddSub">   --->   Core 14 'AddSub' <Latency = 0> <II = 1> <Delay = 0.74> <FuncUnit> <Opcode : 'add' 'sub'> <InPorts = 2> <OutPorts = 1>
ST_2 : Operation 26 [1/1] (0.00ns)   --->   "br i1 %icmp_ln38, label %2, label %LinearActLoop" [firmware/nnet_utils/nnet_activation_stream.h:38]   --->   Operation 26 'br' <Predicate = true> <Delay = 0.00>

State 3 <SV = 2> <Delay = 2.91>
ST_3 : Operation 27 [1/1] (0.00ns)   --->   "call void (...)* @_ssdm_op_SpecLoopName([14 x i8]* @p_str23) nounwind" [firmware/nnet_utils/nnet_activation_stream.h:38]   --->   Operation 27 'specloopname' <Predicate = (!icmp_ln38)> <Delay = 0.00>
ST_3 : Operation 28 [1/1] (0.00ns)   --->   "%tmp = call i32 (...)* @_ssdm_op_SpecRegionBegin([14 x i8]* @p_str23)" [firmware/nnet_utils/nnet_activation_stream.h:38]   --->   Operation 28 'specregionbegin' 'tmp' <Predicate = (!icmp_ln38)> <Delay = 0.00>
ST_3 : Operation 29 [1/1] (0.00ns)   --->   "call void (...)* @_ssdm_op_SpecPipeline(i32 -1, i32 1, i32 1, i32 0, [1 x i8]* @p_str12) nounwind" [firmware/nnet_utils/nnet_activation_stream.h:39]   --->   Operation 29 'specpipeline' <Predicate = (!icmp_ln38)> <Delay = 0.00>
ST_3 : Operation 30 [1/1] (1.45ns)   --->   "%empty_142 = call { i27, i27, i27, i27, i27, i27, i27, i27 } @_ssdm_op_Read.ap_fifo.volatile.i27P.i27P.i27P.i27P.i27P.i27P.i27P.i27P(i27* %data_V_data_0_V, i27* %data_V_data_1_V, i27* %data_V_data_2_V, i27* %data_V_data_3_V, i27* %data_V_data_4_V, i27* %data_V_data_5_V, i27* %data_V_data_6_V, i27* %data_V_data_7_V)" [firmware/nnet_utils/nnet_activation_stream.h:41]   --->   Operation 30 'read' 'empty_142' <Predicate = (!icmp_ln38)> <Delay = 1.45> <Core = "FIFO">   --->   Core 32 'FIFO' <Latency = 0> <II = 1> <Delay = 1.45> <Storage> <Opcode : 'read' 'write' 'nbread' 'nbwrite'> <Ports = 0> <Width = 27> <Depth = 4> <FIFO>
ST_3 : Operation 31 [1/1] (0.00ns)   --->   "%tmp_data_0_V = extractvalue { i27, i27, i27, i27, i27, i27, i27, i27 } %empty_142, 0" [firmware/nnet_utils/nnet_activation_stream.h:41]   --->   Operation 31 'extractvalue' 'tmp_data_0_V' <Predicate = (!icmp_ln38)> <Delay = 0.00>
ST_3 : Operation 32 [1/1] (0.00ns)   --->   "%tmp_data_1_V = extractvalue { i27, i27, i27, i27, i27, i27, i27, i27 } %empty_142, 1" [firmware/nnet_utils/nnet_activation_stream.h:41]   --->   Operation 32 'extractvalue' 'tmp_data_1_V' <Predicate = (!icmp_ln38)> <Delay = 0.00>
ST_3 : Operation 33 [1/1] (0.00ns)   --->   "%tmp_data_2_V = extractvalue { i27, i27, i27, i27, i27, i27, i27, i27 } %empty_142, 2" [firmware/nnet_utils/nnet_activation_stream.h:41]   --->   Operation 33 'extractvalue' 'tmp_data_2_V' <Predicate = (!icmp_ln38)> <Delay = 0.00>
ST_3 : Operation 34 [1/1] (0.00ns)   --->   "%tmp_data_3_V = extractvalue { i27, i27, i27, i27, i27, i27, i27, i27 } %empty_142, 3" [firmware/nnet_utils/nnet_activation_stream.h:41]   --->   Operation 34 'extractvalue' 'tmp_data_3_V' <Predicate = (!icmp_ln38)> <Delay = 0.00>
ST_3 : Operation 35 [1/1] (0.00ns)   --->   "%tmp_data_4_V = extractvalue { i27, i27, i27, i27, i27, i27, i27, i27 } %empty_142, 4" [firmware/nnet_utils/nnet_activation_stream.h:41]   --->   Operation 35 'extractvalue' 'tmp_data_4_V' <Predicate = (!icmp_ln38)> <Delay = 0.00>
ST_3 : Operation 36 [1/1] (0.00ns)   --->   "%tmp_data_5_V = extractvalue { i27, i27, i27, i27, i27, i27, i27, i27 } %empty_142, 5" [firmware/nnet_utils/nnet_activation_stream.h:41]   --->   Operation 36 'extractvalue' 'tmp_data_5_V' <Predicate = (!icmp_ln38)> <Delay = 0.00>
ST_3 : Operation 37 [1/1] (0.00ns)   --->   "%tmp_data_6_V = extractvalue { i27, i27, i27, i27, i27, i27, i27, i27 } %empty_142, 6" [firmware/nnet_utils/nnet_activation_stream.h:41]   --->   Operation 37 'extractvalue' 'tmp_data_6_V' <Predicate = (!icmp_ln38)> <Delay = 0.00>
ST_3 : Operation 38 [1/1] (0.00ns)   --->   "%tmp_data_7_V = extractvalue { i27, i27, i27, i27, i27, i27, i27, i27 } %empty_142, 7" [firmware/nnet_utils/nnet_activation_stream.h:41]   --->   Operation 38 'extractvalue' 'tmp_data_7_V' <Predicate = (!icmp_ln38)> <Delay = 0.00>
ST_3 : Operation 39 [1/1] (1.45ns)   --->   "call void @_ssdm_op_Write.ap_fifo.volatile.i27P.i27P.i27P.i27P.i27P.i27P.i27P.i27P(i27* %res_V_data_0_V, i27* %res_V_data_1_V, i27* %res_V_data_2_V, i27* %res_V_data_3_V, i27* %res_V_data_4_V, i27* %res_V_data_5_V, i27* %res_V_data_6_V, i27* %res_V_data_7_V, i27 %tmp_data_0_V, i27 %tmp_data_1_V, i27 %tmp_data_2_V, i27 %tmp_data_3_V, i27 %tmp_data_4_V, i27 %tmp_data_5_V, i27 %tmp_data_6_V, i27 %tmp_data_7_V)" [firmware/nnet_utils/nnet_activation_stream.h:50]   --->   Operation 39 'write' <Predicate = (!icmp_ln38)> <Delay = 1.45> <Core = "FIFO">   --->   Core 32 'FIFO' <Latency = 0> <II = 1> <Delay = 1.45> <Storage> <Opcode : 'read' 'write' 'nbread' 'nbwrite'> <Ports = 0> <Width = 27> <Depth = 4> <FIFO>
ST_3 : Operation 40 [1/1] (0.00ns)   --->   "%empty_143 = call i32 (...)* @_ssdm_op_SpecRegionEnd([14 x i8]* @p_str23, i32 %tmp)" [firmware/nnet_utils/nnet_activation_stream.h:51]   --->   Operation 40 'specregionend' 'empty_143' <Predicate = (!icmp_ln38)> <Delay = 0.00>
ST_3 : Operation 41 [1/1] (0.00ns)   --->   "br label %1" [firmware/nnet_utils/nnet_activation_stream.h:38]   --->   Operation 41 'br' <Predicate = (!icmp_ln38)> <Delay = 0.00>

State 4 <SV = 2> <Delay = 0.00>
ST_4 : Operation 42 [1/1] (0.00ns)   --->   "ret void" [firmware/nnet_utils/nnet_activation_stream.h:52]   --->   Operation 42 'ret' <Predicate = true> <Delay = 0.00>


============================================================
+ Verbose Summary: Timing violations
============================================================
Target clock period: 5ns, clock uncertainty: 0.625ns.

 <State 1>: 0.603ns
The critical path consists of the following:
	multiplexor before 'phi' operation ('i') with incoming values : ('i', firmware/nnet_utils/nnet_activation_stream.h:38) [35]  (0.603 ns)

 <State 2>: 0.745ns
The critical path consists of the following:
	'phi' operation ('i') with incoming values : ('i', firmware/nnet_utils/nnet_activation_stream.h:38) [35]  (0 ns)
	'add' operation ('i', firmware/nnet_utils/nnet_activation_stream.h:38) [38]  (0.745 ns)

 <State 3>: 2.92ns
The critical path consists of the following:
	fifo read on port 'data_V_data_0_V' (firmware/nnet_utils/nnet_activation_stream.h:41) [44]  (1.46 ns)
	fifo write on port 'res_V_data_0_V' (firmware/nnet_utils/nnet_activation_stream.h:50) [53]  (1.46 ns)

 <State 4>: 0ns
The critical path consists of the following:


============================================================
+ Verbose Summary: Binding
============================================================
N/A
* FSMD analyzer results:
  - Output states:
 - Input state : 
  - Chain level:
	State 1
	State 2
	State 3
	State 4


============================================================
+ Verbose Summary: Datapath Resource usage 
============================================================
N/A
