

================================================================
== Vivado HLS Report for 'linear_array_array_ap_fixed_8u_linear_config5_s'
================================================================
* Date:           Sat Aug  8 08:22:32 2020

* Version:        2020.1 (Build 2897737 on Wed May 27 20:21:37 MDT 2020)
* Project:        myproject_prj
* Solution:       solution1
* Product family: virtexuplus
* Target device:  xcu250-figd2104-2L-e


================================================================
== Performance Estimates
================================================================
+ Timing: 
    * Summary: 
    +--------+---------+----------+------------+
    |  Clock |  Target | Estimated| Uncertainty|
    +--------+---------+----------+------------+
    |ap_clk  | 5.00 ns | 2.916 ns |   0.62 ns  |
    +--------+---------+----------+------------+

+ Latency: 
    * Summary: 
    +---------+---------+-----------+-----------+------+------+---------+
    |  Latency (cycles) |   Latency (absolute)  |   Interval  | Pipeline|
    |   min   |   max   |    min    |    max    |  min |  max |   Type  |
    +---------+---------+-----------+-----------+------+------+---------+
    |     2050|     2050| 10.250 us | 10.250 us |  2050|  2050|   none  |
    +---------+---------+-----------+-----------+------+------+---------+

    + Detail: 
        * Instance: 
        N/A

        * Loop: 
        +-----------------+---------+---------+----------+-----------+-----------+------+----------+
        |                 |  Latency (cycles) | Iteration|  Initiation Interval  | Trip |          |
        |    Loop Name    |   min   |   max   |  Latency |  achieved |   target  | Count| Pipelined|
        +-----------------+---------+---------+----------+-----------+-----------+------+----------+
        |- LinearActLoop  |     2048|     2048|         2|          1|          1|  2048|    yes   |
        +-----------------+---------+---------+----------+-----------+-----------+------+----------+



================================================================
== Utilization Estimates
================================================================
* Summary: 
+---------------------+---------+-------+---------+---------+------+
|         Name        | BRAM_18K| DSP48E|    FF   |   LUT   | URAM |
+---------------------+---------+-------+---------+---------+------+
|DSP                  |        -|      -|        -|        -|     -|
|Expression           |        -|      -|        0|       46|     -|
|FIFO                 |        -|      -|        -|        -|     -|
|Instance             |        -|      -|        -|        -|     -|
|Memory               |        -|      -|        -|        -|     -|
|Multiplexer          |        -|      -|        -|      207|     -|
|Register             |        -|      -|       20|        -|     -|
+---------------------+---------+-------+---------+---------+------+
|Total                |        0|      0|       20|      253|     0|
+---------------------+---------+-------+---------+---------+------+
|Available SLR        |     1344|   3072|   864000|   432000|   320|
+---------------------+---------+-------+---------+---------+------+
|Utilization SLR (%)  |        0|      0|    ~0   |    ~0   |     0|
+---------------------+---------+-------+---------+---------+------+
|Available            |     5376|  12288|  3456000|  1728000|  1280|
+---------------------+---------+-------+---------+---------+------+
|Utilization (%)      |        0|      0|    ~0   |    ~0   |     0|
+---------------------+---------+-------+---------+---------+------+

+ Detail: 
    * Instance: 
    N/A

    * DSP48E: 
    N/A

    * Memory: 
    N/A

    * FIFO: 
    N/A

    * Expression: 
    +----------------------------------+----------+-------+---+----+------------+------------+
    |           Variable Name          | Operation| DSP48E| FF| LUT| Bitwidth P0| Bitwidth P1|
    +----------------------------------+----------+-------+---+----+------------+------------+
    |i_fu_139_p2                       |     +    |      0|  0|  19|          12|           1|
    |ap_block_pp0_stage0_01001         |    and   |      0|  0|   2|           1|           1|
    |io_acc_block_signal_op30          |    and   |      0|  0|   2|           1|           1|
    |io_acc_block_signal_op39          |    and   |      0|  0|   2|           1|           1|
    |icmp_ln38_fu_133_p2               |   icmp   |      0|  0|  13|          12|          13|
    |ap_block_state1                   |    or    |      0|  0|   2|           1|           1|
    |ap_block_state3_pp0_stage0_iter1  |    or    |      0|  0|   2|           1|           1|
    |ap_enable_pp0                     |    xor   |      0|  0|   2|           1|           2|
    |ap_enable_reg_pp0_iter1           |    xor   |      0|  0|   2|           2|           1|
    +----------------------------------+----------+-------+---+----+------------+------------+
    |Total                             |          |      0|  0|  46|          32|          22|
    +----------------------------------+----------+-------+---+----+------------+------------+

    * Multiplexer: 
    +-------------------------+----+-----------+-----+-----------+
    |           Name          | LUT| Input Size| Bits| Total Bits|
    +-------------------------+----+-----------+-----+-----------+
    |ap_NS_fsm                |  21|          4|    1|          4|
    |ap_done                  |   9|          2|    1|          2|
    |ap_enable_reg_pp0_iter1  |  15|          3|    1|          3|
    |data_V_data_0_V_blk_n    |   9|          2|    1|          2|
    |data_V_data_1_V_blk_n    |   9|          2|    1|          2|
    |data_V_data_2_V_blk_n    |   9|          2|    1|          2|
    |data_V_data_3_V_blk_n    |   9|          2|    1|          2|
    |data_V_data_4_V_blk_n    |   9|          2|    1|          2|
    |data_V_data_5_V_blk_n    |   9|          2|    1|          2|
    |data_V_data_6_V_blk_n    |   9|          2|    1|          2|
    |data_V_data_7_V_blk_n    |   9|          2|    1|          2|
    |i_0_reg_122              |   9|          2|   12|         24|
    |real_start               |   9|          2|    1|          2|
    |res_V_data_0_V_blk_n     |   9|          2|    1|          2|
    |res_V_data_1_V_blk_n     |   9|          2|    1|          2|
    |res_V_data_2_V_blk_n     |   9|          2|    1|          2|
    |res_V_data_3_V_blk_n     |   9|          2|    1|          2|
    |res_V_data_4_V_blk_n     |   9|          2|    1|          2|
    |res_V_data_5_V_blk_n     |   9|          2|    1|          2|
    |res_V_data_6_V_blk_n     |   9|          2|    1|          2|
    |res_V_data_7_V_blk_n     |   9|          2|    1|          2|
    +-------------------------+----+-----------+-----+-----------+
    |Total                    | 207|         45|   32|         67|
    +-------------------------+----+-----------+-----+-----------+

    * Register: 
    +-------------------------+----+----+-----+-----------+
    |           Name          | FF | LUT| Bits| Const Bits|
    +-------------------------+----+----+-----+-----------+
    |ap_CS_fsm                |   3|   0|    3|          0|
    |ap_done_reg              |   1|   0|    1|          0|
    |ap_enable_reg_pp0_iter0  |   1|   0|    1|          0|
    |ap_enable_reg_pp0_iter1  |   1|   0|    1|          0|
    |i_0_reg_122              |  12|   0|   12|          0|
    |icmp_ln38_reg_185        |   1|   0|    1|          0|
    |start_once_reg           |   1|   0|    1|          0|
    +-------------------------+----+----+-----+-----------+
    |Total                    |  20|   0|   20|          0|
    +-------------------------+----+----+-----+-----------+



================================================================
== Interface
================================================================
* Summary: 
+-------------------------+-----+-----+------------+-------------------------------------------------+--------------+
|        RTL Ports        | Dir | Bits|  Protocol  |                  Source Object                  |    C Type    |
+-------------------------+-----+-----+------------+-------------------------------------------------+--------------+
|ap_clk                   |  in |    1| ap_ctrl_hs | linear<array,array<ap_fixed,8u>,linear_config5> | return value |
|ap_rst                   |  in |    1| ap_ctrl_hs | linear<array,array<ap_fixed,8u>,linear_config5> | return value |
|ap_start                 |  in |    1| ap_ctrl_hs | linear<array,array<ap_fixed,8u>,linear_config5> | return value |
|start_full_n             |  in |    1| ap_ctrl_hs | linear<array,array<ap_fixed,8u>,linear_config5> | return value |
|ap_done                  | out |    1| ap_ctrl_hs | linear<array,array<ap_fixed,8u>,linear_config5> | return value |
|ap_continue              |  in |    1| ap_ctrl_hs | linear<array,array<ap_fixed,8u>,linear_config5> | return value |
|ap_idle                  | out |    1| ap_ctrl_hs | linear<array,array<ap_fixed,8u>,linear_config5> | return value |
|ap_ready                 | out |    1| ap_ctrl_hs | linear<array,array<ap_fixed,8u>,linear_config5> | return value |
|start_out                | out |    1| ap_ctrl_hs | linear<array,array<ap_fixed,8u>,linear_config5> | return value |
|start_write              | out |    1| ap_ctrl_hs | linear<array,array<ap_fixed,8u>,linear_config5> | return value |
|data_V_data_0_V_dout     |  in |   27|   ap_fifo  |                 data_V_data_0_V                 |    pointer   |
|data_V_data_0_V_empty_n  |  in |    1|   ap_fifo  |                 data_V_data_0_V                 |    pointer   |
|data_V_data_0_V_read     | out |    1|   ap_fifo  |                 data_V_data_0_V                 |    pointer   |
|data_V_data_1_V_dout     |  in |   27|   ap_fifo  |                 data_V_data_1_V                 |    pointer   |
|data_V_data_1_V_empty_n  |  in |    1|   ap_fifo  |                 data_V_data_1_V                 |    pointer   |
|data_V_data_1_V_read     | out |    1|   ap_fifo  |                 data_V_data_1_V                 |    pointer   |
|data_V_data_2_V_dout     |  in |   27|   ap_fifo  |                 data_V_data_2_V                 |    pointer   |
|data_V_data_2_V_empty_n  |  in |    1|   ap_fifo  |                 data_V_data_2_V                 |    pointer   |
|data_V_data_2_V_read     | out |    1|   ap_fifo  |                 data_V_data_2_V                 |    pointer   |
|data_V_data_3_V_dout     |  in |   27|   ap_fifo  |                 data_V_data_3_V                 |    pointer   |
|data_V_data_3_V_empty_n  |  in |    1|   ap_fifo  |                 data_V_data_3_V                 |    pointer   |
|data_V_data_3_V_read     | out |    1|   ap_fifo  |                 data_V_data_3_V                 |    pointer   |
|data_V_data_4_V_dout     |  in |   27|   ap_fifo  |                 data_V_data_4_V                 |    pointer   |
|data_V_data_4_V_empty_n  |  in |    1|   ap_fifo  |                 data_V_data_4_V                 |    pointer   |
|data_V_data_4_V_read     | out |    1|   ap_fifo  |                 data_V_data_4_V                 |    pointer   |
|data_V_data_5_V_dout     |  in |   27|   ap_fifo  |                 data_V_data_5_V                 |    pointer   |
|data_V_data_5_V_empty_n  |  in |    1|   ap_fifo  |                 data_V_data_5_V                 |    pointer   |
|data_V_data_5_V_read     | out |    1|   ap_fifo  |                 data_V_data_5_V                 |    pointer   |
|data_V_data_6_V_dout     |  in |   27|   ap_fifo  |                 data_V_data_6_V                 |    pointer   |
|data_V_data_6_V_empty_n  |  in |    1|   ap_fifo  |                 data_V_data_6_V                 |    pointer   |
|data_V_data_6_V_read     | out |    1|   ap_fifo  |                 data_V_data_6_V                 |    pointer   |
|data_V_data_7_V_dout     |  in |   27|   ap_fifo  |                 data_V_data_7_V                 |    pointer   |
|data_V_data_7_V_empty_n  |  in |    1|   ap_fifo  |                 data_V_data_7_V                 |    pointer   |
|data_V_data_7_V_read     | out |    1|   ap_fifo  |                 data_V_data_7_V                 |    pointer   |
|res_V_data_0_V_din       | out |   27|   ap_fifo  |                  res_V_data_0_V                 |    pointer   |
|res_V_data_0_V_full_n    |  in |    1|   ap_fifo  |                  res_V_data_0_V                 |    pointer   |
|res_V_data_0_V_write     | out |    1|   ap_fifo  |                  res_V_data_0_V                 |    pointer   |
|res_V_data_1_V_din       | out |   27|   ap_fifo  |                  res_V_data_1_V                 |    pointer   |
|res_V_data_1_V_full_n    |  in |    1|   ap_fifo  |                  res_V_data_1_V                 |    pointer   |
|res_V_data_1_V_write     | out |    1|   ap_fifo  |                  res_V_data_1_V                 |    pointer   |
|res_V_data_2_V_din       | out |   27|   ap_fifo  |                  res_V_data_2_V                 |    pointer   |
|res_V_data_2_V_full_n    |  in |    1|   ap_fifo  |                  res_V_data_2_V                 |    pointer   |
|res_V_data_2_V_write     | out |    1|   ap_fifo  |                  res_V_data_2_V                 |    pointer   |
|res_V_data_3_V_din       | out |   27|   ap_fifo  |                  res_V_data_3_V                 |    pointer   |
|res_V_data_3_V_full_n    |  in |    1|   ap_fifo  |                  res_V_data_3_V                 |    pointer   |
|res_V_data_3_V_write     | out |    1|   ap_fifo  |                  res_V_data_3_V                 |    pointer   |
|res_V_data_4_V_din       | out |   27|   ap_fifo  |                  res_V_data_4_V                 |    pointer   |
|res_V_data_4_V_full_n    |  in |    1|   ap_fifo  |                  res_V_data_4_V                 |    pointer   |
|res_V_data_4_V_write     | out |    1|   ap_fifo  |                  res_V_data_4_V                 |    pointer   |
|res_V_data_5_V_din       | out |   27|   ap_fifo  |                  res_V_data_5_V                 |    pointer   |
|res_V_data_5_V_full_n    |  in |    1|   ap_fifo  |                  res_V_data_5_V                 |    pointer   |
|res_V_data_5_V_write     | out |    1|   ap_fifo  |                  res_V_data_5_V                 |    pointer   |
|res_V_data_6_V_din       | out |   27|   ap_fifo  |                  res_V_data_6_V                 |    pointer   |
|res_V_data_6_V_full_n    |  in |    1|   ap_fifo  |                  res_V_data_6_V                 |    pointer   |
|res_V_data_6_V_write     | out |    1|   ap_fifo  |                  res_V_data_6_V                 |    pointer   |
|res_V_data_7_V_din       | out |   27|   ap_fifo  |                  res_V_data_7_V                 |    pointer   |
|res_V_data_7_V_full_n    |  in |    1|   ap_fifo  |                  res_V_data_7_V                 |    pointer   |
|res_V_data_7_V_write     | out |    1|   ap_fifo  |                  res_V_data_7_V                 |    pointer   |
+-------------------------+-----+-----+------------+-------------------------------------------------+--------------+

============================================================
+ Verbose Summary: Synthesis Manager
============================================================
InlineROM: 1
ExposeGlobal: 0
============================================================
+ Verbose Summary: CDFG Model
============================================================
IsTopModel: 0
ResetActiveHigh: 1
IsCombinational: 2
IsDatapathOnly: 0
HasWiredReturn: 1
HasMFsm: 0
HasVarLatency: 1
IsPipeline: 0
IsRtlPipelined: 0
IsInstanceOverlapped: 0
IsDontTouch: 0
HasImplIP: 0
IsGatedGlobalClock: 0

+ Individual pipeline summary: 
  * Pipeline-0: initiation interval (II) = 1, depth = 2


============================================================
+ Verbose Summary: Schedule
============================================================
* Number of FSM states : 4
* Pipeline : 1
  Pipeline-0 : II = 1, D = 2, States = { 2 3 }
* Dataflow Pipeline: 0

* FSM state transitions: 
1 --> 2 
2 --> 4 3 
3 --> 2 
4 --> 

* FSM state operations: 

State 1 <SV = 0> <Delay = 0.60>
ST_1 : Operation 5 [1/1] (0.00ns)   --->   "call void (...)* @_ssdm_op_SpecInterface(i27* %res_V_data_7_V, [8 x i8]* @ap_fifo_str, i32 0, i32 0, [1 x i8]* @p_str, i32 0, i32 0, [1 x i8]* @p_str, [1 x i8]* @p_str, [1 x i8]* @p_str, i32 2, i32 2, i32 16, i32 16, [1 x i8]* @p_str, [1 x i8]* @p_str)"   --->   Operation 5 'specinterface' <Predicate = true> <Delay = 0.00>
ST_1 : Operation 6 [1/1] (0.00ns)   --->   "call void (...)* @_ssdm_op_SpecInterface(i27* %res_V_data_6_V, [8 x i8]* @ap_fifo_str, i32 0, i32 0, [1 x i8]* @p_str, i32 0, i32 0, [1 x i8]* @p_str, [1 x i8]* @p_str, [1 x i8]* @p_str, i32 2, i32 2, i32 16, i32 16, [1 x i8]* @p_str, [1 x i8]* @p_str)"   --->   Operation 6 'specinterface' <Predicate = true> <Delay = 0.00>
ST_1 : Operation 7 [1/1] (0.00ns)   --->   "call void (...)* @_ssdm_op_SpecInterface(i27* %res_V_data_5_V, [8 x i8]* @ap_fifo_str, i32 0, i32 0, [1 x i8]* @p_str, i32 0, i32 0, [1 x i8]* @p_str, [1 x i8]* @p_str, [1 x i8]* @p_str, i32 2, i32 2, i32 16, i32 16, [1 x i8]* @p_str, [1 x i8]* @p_str)"   --->   Operation 7 'specinterface' <Predicate = true> <Delay = 0.00>
ST_1 : Operation 8 [1/1] (0.00ns)   --->   "call void (...)* @_ssdm_op_SpecInterface(i27* %res_V_data_4_V, [8 x i8]* @ap_fifo_str, i32 0, i32 0, [1 x i8]* @p_str, i32 0, i32 0, [1 x i8]* @p_str, [1 x i8]* @p_str, [1 x i8]* @p_str, i32 2, i32 2, i32 16, i32 16, [1 x i8]* @p_str, [1 x i8]* @p_str)"   --->   Operation 8 'specinterface' <Predicate = true> <Delay = 0.00>
ST_1 : Operation 9 [1/1] (0.00ns)   --->   "call void (...)* @_ssdm_op_SpecInterface(i27* %res_V_data_3_V, [8 x i8]* @ap_fifo_str, i32 0, i32 0, [1 x i8]* @p_str, i32 0, i32 0, [1 x i8]* @p_str, [1 x i8]* @p_str, [1 x i8]* @p_str, i32 2, i32 2, i32 16, i32 16, [1 x i8]* @p_str, [1 x i8]* @p_str)"   --->   Operation 9 'specinterface' <Predicate = true> <Delay = 0.00>
ST_1 : Operation 10 [1/1] (0.00ns)   --->   "call void (...)* @_ssdm_op_SpecInterface(i27* %res_V_data_2_V, [8 x i8]* @ap_fifo_str, i32 0, i32 0, [1 x i8]* @p_str, i32 0, i32 0, [1 x i8]* @p_str, [1 x i8]* @p_str, [1 x i8]* @p_str, i32 2, i32 2, i32 16, i32 16, [1 x i8]* @p_str, [1 x i8]* @p_str)"   --->   Operation 10 'specinterface' <Predicate = true> <Delay = 0.00>
ST_1 : Operation 11 [1/1] (0.00ns)   --->   "call void (...)* @_ssdm_op_SpecInterface(i27* %res_V_data_1_V, [8 x i8]* @ap_fifo_str, i32 0, i32 0, [1 x i8]* @p_str, i32 0, i32 0, [1 x i8]* @p_str, [1 x i8]* @p_str, [1 x i8]* @p_str, i32 2, i32 2, i32 16, i32 16, [1 x i8]* @p_str, [1 x i8]* @p_str)"   --->   Operation 11 'specinterface' <Predicate = true> <Delay = 0.00>
ST_1 : Operation 12 [1/1] (0.00ns)   --->   "call void (...)* @_ssdm_op_SpecInterface(i27* %res_V_data_0_V, [8 x i8]* @ap_fifo_str, i32 0, i32 0, [1 x i8]* @p_str, i32 0, i32 0, [1 x i8]* @p_str, [1 x i8]* @p_str, [1 x i8]* @p_str, i32 2, i32 2, i32 16, i32 16, [1 x i8]* @p_str, [1 x i8]* @p_str)"   --->   Operation 12 'specinterface' <Predicate = true> <Delay = 0.00>
ST_1 : Operation 13 [1/1] (0.00ns)   --->   "call void (...)* @_ssdm_op_SpecInterface(i27* %data_V_data_7_V, [8 x i8]* @ap_fifo_str, i32 0, i32 0, [1 x i8]* @p_str, i32 0, i32 0, [1 x i8]* @p_str, [1 x i8]* @p_str, [1 x i8]* @p_str, i32 2, i32 2, i32 16, i32 16, [1 x i8]* @p_str, [1 x i8]* @p_str)"   --->   Operation 13 'specinterface' <Predicate = true> <Delay = 0.00>
ST_1 : Operation 14 [1/1] (0.00ns)   --->   "call void (...)* @_ssdm_op_SpecInterface(i27* %data_V_data_6_V, [8 x i8]* @ap_fifo_str, i32 0, i32 0, [1 x i8]* @p_str, i32 0, i32 0, [1 x i8]* @p_str, [1 x i8]* @p_str, [1 x i8]* @p_str, i32 2, i32 2, i32 16, i32 16, [1 x i8]* @p_str, [1 x i8]* @p_str)"   --->   Operation 14 'specinterface' <Predicate = true> <Delay = 0.00>
ST_1 : Operation 15 [1/1] (0.00ns)   --->   "call void (...)* @_ssdm_op_SpecInterface(i27* %data_V_data_5_V, [8 x i8]* @ap_fifo_str, i32 0, i32 0, [1 x i8]* @p_str, i32 0, i32 0, [1 x i8]* @p_str, [1 x i8]* @p_str, [1 x i8]* @p_str, i32 2, i32 2, i32 16, i32 16, [1 x i8]* @p_str, [1 x i8]* @p_str)"   --->   Operation 15 'specinterface' <Predicate = true> <Delay = 0.00>
ST_1 : Operation 16 [1/1] (0.00ns)   --->   "call void (...)* @_ssdm_op_SpecInterface(i27* %data_V_data_4_V, [8 x i8]* @ap_fifo_str, i32 0, i32 0, [1 x i8]* @p_str, i32 0, i32 0, [1 x i8]* @p_str, [1 x i8]* @p_str, [1 x i8]* @p_str, i32 2, i32 2, i32 16, i32 16, [1 x i8]* @p_str, [1 x i8]* @p_str)"   --->   Operation 16 'specinterface' <Predicate = true> <Delay = 0.00>
ST_1 : Operation 17 [1/1] (0.00ns)   --->   "call void (...)* @_ssdm_op_SpecInterface(i27* %data_V_data_3_V, [8 x i8]* @ap_fifo_str, i32 0, i32 0, [1 x i8]* @p_str, i32 0, i32 0, [1 x i8]* @p_str, [1 x i8]* @p_str, [1 x i8]* @p_str, i32 2, i32 2, i32 16, i32 16, [1 x i8]* @p_str, [1 x i8]* @p_str)"   --->   Operation 17 'specinterface' <Predicate = true> <Delay = 0.00>
ST_1 : Operation 18 [1/1] (0.00ns)   --->   "call void (...)* @_ssdm_op_SpecInterface(i27* %data_V_data_2_V, [8 x i8]* @ap_fifo_str, i32 0, i32 0, [1 x i8]* @p_str, i32 0, i32 0, [1 x i8]* @p_str, [1 x i8]* @p_str, [1 x i8]* @p_str, i32 2, i32 2, i32 16, i32 16, [1 x i8]* @p_str, [1 x i8]* @p_str)"   --->   Operation 18 'specinterface' <Predicate = true> <Delay = 0.00>
ST_1 : Operation 19 [1/1] (0.00ns)   --->   "call void (...)* @_ssdm_op_SpecInterface(i27* %data_V_data_1_V, [8 x i8]* @ap_fifo_str, i32 0, i32 0, [1 x i8]* @p_str, i32 0, i32 0, [1 x i8]* @p_str, [1 x i8]* @p_str, [1 x i8]* @p_str, i32 2, i32 2, i32 16, i32 16, [1 x i8]* @p_str, [1 x i8]* @p_str)"   --->   Operation 19 'specinterface' <Predicate = true> <Delay = 0.00>
ST_1 : Operation 20 [1/1] (0.00ns)   --->   "call void (...)* @_ssdm_op_SpecInterface(i27* %data_V_data_0_V, [8 x i8]* @ap_fifo_str, i32 0, i32 0, [1 x i8]* @p_str, i32 0, i32 0, [1 x i8]* @p_str, [1 x i8]* @p_str, [1 x i8]* @p_str, i32 2, i32 2, i32 16, i32 16, [1 x i8]* @p_str, [1 x i8]* @p_str)"   --->   Operation 20 'specinterface' <Predicate = true> <Delay = 0.00>
ST_1 : Operation 21 [1/1] (0.60ns)   --->   "br label %1" [firmware/nnet_utils/nnet_activation_stream.h:38]   --->   Operation 21 'br' <Predicate = true> <Delay = 0.60>

State 2 <SV = 1> <Delay = 0.74>
ST_2 : Operation 22 [1/1] (0.00ns)   --->   "%i_0 = phi i12 [ 0, %0 ], [ %i, %LinearActLoop ]"   --->   Operation 22 'phi' 'i_0' <Predicate = true> <Delay = 0.00>
ST_2 : Operation 23 [1/1] (0.62ns)   --->   "%icmp_ln38 = icmp eq i12 %i_0, -2048" [firmware/nnet_utils/nnet_activation_stream.h:38]   --->   Operation 23 'icmp' 'icmp_ln38' <Predicate = true> <Delay = 0.62> <Core = "Cmp">   --->   Core 25 'Cmp' <Latency = 0> <II = 1> <Delay = 0.64> <FuncUnit> <Opcode : 'icmp'> <InPorts = 2> <OutPorts = 1>
ST_2 : Operation 24 [1/1] (0.00ns)   --->   "%empty = call i32 (...)* @_ssdm_op_SpecLoopTripCount(i64 2048, i64 2048, i64 2048)"   --->   Operation 24 'speclooptripcount' 'empty' <Predicate = true> <Delay = 0.00>
ST_2 : Operation 25 [1/1] (0.74ns)   --->   "%i = add i12 %i_0, 1" [firmware/nnet_utils/nnet_activation_stream.h:38]   --->   Operation 25 'add' 'i' <Predicate = true> <Delay = 0.74> <Core = "AddSub">   --->   Core 14 'AddSub' <Latency = 0> <II = 1> <Delay = 0.74> <FuncUnit> <Opcode : 'add' 'sub'> <InPorts = 2> <OutPorts = 1>
ST_2 : Operation 26 [1/1] (0.00ns)   --->   "br i1 %icmp_ln38, label %2, label %LinearActLoop" [firmware/nnet_utils/nnet_activation_stream.h:38]   --->   Operation 26 'br' <Predicate = true> <Delay = 0.00>

State 3 <SV = 2> <Delay = 2.91>
ST_3 : Operation 27 [1/1] (0.00ns)   --->   "call void (...)* @_ssdm_op_SpecLoopName([14 x i8]* @p_str23) nounwind" [firmware/nnet_utils/nnet_activation_stream.h:38]   --->   Operation 27 'specloopname' <Predicate = (!icmp_ln38)> <Delay = 0.00>
ST_3 : Operation 28 [1/1] (0.00ns)   --->   "%tmp = call i32 (...)* @_ssdm_op_SpecRegionBegin([14 x i8]* @p_str23)" [firmware/nnet_utils/nnet_activation_stream.h:38]   --->   Operation 28 'specregionbegin' 'tmp' <Predicate = (!icmp_ln38)> <Delay = 0.00>
ST_3 : Operation 29 [1/1] (0.00ns)   --->   "call void (...)* @_ssdm_op_SpecPipeline(i32 -1, i32 1, i32 1, i32 0, [1 x i8]* @p_str12) nounwind" [firmware/nnet_utils/nnet_activation_stream.h:39]   --->   Operation 29 'specpipeline' <Predicate = (!icmp_ln38)> <Delay = 0.00>
ST_3 : Operation 30 [1/1] (1.45ns)   --->   "%empty_142 = call { i27, i27, i27, i27, i27, i27, i27, i27 } @_ssdm_op_Read.ap_fifo.volatile.i27P.i27P.i27P.i27P.i27P.i27P.i27P.i27P(i27* %data_V_data_0_V, i27* %data_V_data_1_V, i27* %data_V_data_2_V, i27* %data_V_data_3_V, i27* %data_V_data_4_V, i27* %data_V_data_5_V, i27* %data_V_data_6_V, i27* %data_V_data_7_V)" [firmware/nnet_utils/nnet_activation_stream.h:41]   --->   Operation 30 'read' 'empty_142' <Predicate = (!icmp_ln38)> <Delay = 1.45> <Core = "FIFO">   --->   Core 32 'FIFO' <Latency = 0> <II = 1> <Delay = 1.45> <Storage> <Opcode : 'read' 'write' 'nbread' 'nbwrite'> <Ports = 0> <Width = 1> <Depth = 4> <FIFO>
ST_3 : Operation 31 [1/1] (0.00ns)   --->   "%tmp_data_0_V = extractvalue { i27, i27, i27, i27, i27, i27, i27, i27 } %empty_142, 0" [firmware/nnet_utils/nnet_activation_stream.h:41]   --->   Operation 31 'extractvalue' 'tmp_data_0_V' <Predicate = (!icmp_ln38)> <Delay = 0.00>
ST_3 : Operation 32 [1/1] (0.00ns)   --->   "%tmp_data_1_V = extractvalue { i27, i27, i27, i27, i27, i27, i27, i27 } %empty_142, 1" [firmware/nnet_utils/nnet_activation_stream.h:41]   --->   Operation 32 'extractvalue' 'tmp_data_1_V' <Predicate = (!icmp_ln38)> <Delay = 0.00>
ST_3 : Operation 33 [1/1] (0.00ns)   --->   "%tmp_data_2_V = extractvalue { i27, i27, i27, i27, i27, i27, i27, i27 } %empty_142, 2" [firmware/nnet_utils/nnet_activation_stream.h:41]   --->   Operation 33 'extractvalue' 'tmp_data_2_V' <Predicate = (!icmp_ln38)> <Delay = 0.00>
ST_3 : Operation 34 [1/1] (0.00ns)   --->   "%tmp_data_3_V = extractvalue { i27, i27, i27, i27, i27, i27, i27, i27 } %empty_142, 3" [firmware/nnet_utils/nnet_activation_stream.h:41]   --->   Operation 34 'extractvalue' 'tmp_data_3_V' <Predicate = (!icmp_ln38)> <Delay = 0.00>
ST_3 : Operation 35 [1/1] (0.00ns)   --->   "%tmp_data_4_V = extractvalue { i27, i27, i27, i27, i27, i27, i27, i27 } %empty_142, 4" [firmware/nnet_utils/nnet_activation_stream.h:41]   --->   Operation 35 'extractvalue' 'tmp_data_4_V' <Predicate = (!icmp_ln38)> <Delay = 0.00>
ST_3 : Operation 36 [1/1] (0.00ns)   --->   "%tmp_data_5_V = extractvalue { i27, i27, i27, i27, i27, i27, i27, i27 } %empty_142, 5" [firmware/nnet_utils/nnet_activation_stream.h:41]   --->   Operation 36 'extractvalue' 'tmp_data_5_V' <Predicate = (!icmp_ln38)> <Delay = 0.00>
ST_3 : Operation 37 [1/1] (0.00ns)   --->   "%tmp_data_6_V = extractvalue { i27, i27, i27, i27, i27, i27, i27, i27 } %empty_142, 6" [firmware/nnet_utils/nnet_activation_stream.h:41]   --->   Operation 37 'extractvalue' 'tmp_data_6_V' <Predicate = (!icmp_ln38)> <Delay = 0.00>
ST_3 : Operation 38 [1/1] (0.00ns)   --->   "%tmp_data_7_V = extractvalue { i27, i27, i27, i27, i27, i27, i27, i27 } %empty_142, 7" [firmware/nnet_utils/nnet_activation_stream.h:41]   --->   Operation 38 'extractvalue' 'tmp_data_7_V' <Predicate = (!icmp_ln38)> <Delay = 0.00>
ST_3 : Operation 39 [1/1] (1.45ns)   --->   "call void @_ssdm_op_Write.ap_fifo.volatile.i27P.i27P.i27P.i27P.i27P.i27P.i27P.i27P(i27* %res_V_data_0_V, i27* %res_V_data_1_V, i27* %res_V_data_2_V, i27* %res_V_data_3_V, i27* %res_V_data_4_V, i27* %res_V_data_5_V, i27* %res_V_data_6_V, i27* %res_V_data_7_V, i27 %tmp_data_0_V, i27 %tmp_data_1_V, i27 %tmp_data_2_V, i27 %tmp_data_3_V, i27 %tmp_data_4_V, i27 %tmp_data_5_V, i27 %tmp_data_6_V, i27 %tmp_data_7_V)" [firmware/nnet_utils/nnet_activation_stream.h:50]   --->   Operation 39 'write' <Predicate = (!icmp_ln38)> <Delay = 1.45> <Core = "FIFO">   --->   Core 32 'FIFO' <Latency = 0> <II = 1> <Delay = 1.45> <Storage> <Opcode : 'read' 'write' 'nbread' 'nbwrite'> <Ports = 0> <Width = 1> <Depth = 4> <FIFO>
ST_3 : Operation 40 [1/1] (0.00ns)   --->   "%empty_143 = call i32 (...)* @_ssdm_op_SpecRegionEnd([14 x i8]* @p_str23, i32 %tmp)" [firmware/nnet_utils/nnet_activation_stream.h:51]   --->   Operation 40 'specregionend' 'empty_143' <Predicate = (!icmp_ln38)> <Delay = 0.00>
ST_3 : Operation 41 [1/1] (0.00ns)   --->   "br label %1" [firmware/nnet_utils/nnet_activation_stream.h:38]   --->   Operation 41 'br' <Predicate = (!icmp_ln38)> <Delay = 0.00>

State 4 <SV = 2> <Delay = 0.00>
ST_4 : Operation 42 [1/1] (0.00ns)   --->   "ret void" [firmware/nnet_utils/nnet_activation_stream.h:52]   --->   Operation 42 'ret' <Predicate = true> <Delay = 0.00>


============================================================
+ Verbose Summary: Binding
============================================================
STG Binding: 
---------------- STG Properties BEGIN ----------------
- Is combinational: 0
- Is one-state seq: 0
- Is datapath-only: 0
- Is pipelined: 0
- Is top level: 0
Port [ Return ] is wired: 1; IO mode=ap_ctrl_hs:ce=0
Port [ data_V_data_0_V]:  wired=1; compound=1; hidden=0; nouse=0; global=0; static=0; extern=0; dir=0; type=3; pingpong=0; private_global=0; IO mode=ap_fifo:ce=0
Port [ data_V_data_1_V]:  wired=1; compound=1; hidden=0; nouse=0; global=0; static=0; extern=0; dir=0; type=3; pingpong=0; private_global=0; IO mode=ap_fifo:ce=0
Port [ data_V_data_2_V]:  wired=1; compound=1; hidden=0; nouse=0; global=0; static=0; extern=0; dir=0; type=3; pingpong=0; private_global=0; IO mode=ap_fifo:ce=0
Port [ data_V_data_3_V]:  wired=1; compound=1; hidden=0; nouse=0; global=0; static=0; extern=0; dir=0; type=3; pingpong=0; private_global=0; IO mode=ap_fifo:ce=0
Port [ data_V_data_4_V]:  wired=1; compound=1; hidden=0; nouse=0; global=0; static=0; extern=0; dir=0; type=3; pingpong=0; private_global=0; IO mode=ap_fifo:ce=0
Port [ data_V_data_5_V]:  wired=1; compound=1; hidden=0; nouse=0; global=0; static=0; extern=0; dir=0; type=3; pingpong=0; private_global=0; IO mode=ap_fifo:ce=0
Port [ data_V_data_6_V]:  wired=1; compound=1; hidden=0; nouse=0; global=0; static=0; extern=0; dir=0; type=3; pingpong=0; private_global=0; IO mode=ap_fifo:ce=0
Port [ data_V_data_7_V]:  wired=1; compound=1; hidden=0; nouse=0; global=0; static=0; extern=0; dir=0; type=3; pingpong=0; private_global=0; IO mode=ap_fifo:ce=0
Port [ res_V_data_0_V]:  wired=1; compound=1; hidden=0; nouse=0; global=0; static=0; extern=0; dir=1; type=3; pingpong=0; private_global=0; IO mode=ap_fifo:ce=0
Port [ res_V_data_1_V]:  wired=1; compound=1; hidden=0; nouse=0; global=0; static=0; extern=0; dir=1; type=3; pingpong=0; private_global=0; IO mode=ap_fifo:ce=0
Port [ res_V_data_2_V]:  wired=1; compound=1; hidden=0; nouse=0; global=0; static=0; extern=0; dir=1; type=3; pingpong=0; private_global=0; IO mode=ap_fifo:ce=0
Port [ res_V_data_3_V]:  wired=1; compound=1; hidden=0; nouse=0; global=0; static=0; extern=0; dir=1; type=3; pingpong=0; private_global=0; IO mode=ap_fifo:ce=0
Port [ res_V_data_4_V]:  wired=1; compound=1; hidden=0; nouse=0; global=0; static=0; extern=0; dir=1; type=3; pingpong=0; private_global=0; IO mode=ap_fifo:ce=0
Port [ res_V_data_5_V]:  wired=1; compound=1; hidden=0; nouse=0; global=0; static=0; extern=0; dir=1; type=3; pingpong=0; private_global=0; IO mode=ap_fifo:ce=0
Port [ res_V_data_6_V]:  wired=1; compound=1; hidden=0; nouse=0; global=0; static=0; extern=0; dir=1; type=3; pingpong=0; private_global=0; IO mode=ap_fifo:ce=0
Port [ res_V_data_7_V]:  wired=1; compound=1; hidden=0; nouse=0; global=0; static=0; extern=0; dir=1; type=3; pingpong=0; private_global=0; IO mode=ap_fifo:ce=0
---------------- STG Properties END ------------------

---------------- Datapath Model BEGIN ----------------

<LifeTime>
<method=bitvector/>
specinterface_ln0 (specinterface    ) [ 00000]
specinterface_ln0 (specinterface    ) [ 00000]
specinterface_ln0 (specinterface    ) [ 00000]
specinterface_ln0 (specinterface    ) [ 00000]
specinterface_ln0 (specinterface    ) [ 00000]
specinterface_ln0 (specinterface    ) [ 00000]
specinterface_ln0 (specinterface    ) [ 00000]
specinterface_ln0 (specinterface    ) [ 00000]
specinterface_ln0 (specinterface    ) [ 00000]
specinterface_ln0 (specinterface    ) [ 00000]
specinterface_ln0 (specinterface    ) [ 00000]
specinterface_ln0 (specinterface    ) [ 00000]
specinterface_ln0 (specinterface    ) [ 00000]
specinterface_ln0 (specinterface    ) [ 00000]
specinterface_ln0 (specinterface    ) [ 00000]
specinterface_ln0 (specinterface    ) [ 00000]
br_ln38           (br               ) [ 01110]
i_0               (phi              ) [ 00100]
icmp_ln38         (icmp             ) [ 00110]
empty             (speclooptripcount) [ 00000]
i                 (add              ) [ 01110]
br_ln38           (br               ) [ 00000]
specloopname_ln38 (specloopname     ) [ 00000]
tmp               (specregionbegin  ) [ 00000]
specpipeline_ln39 (specpipeline     ) [ 00000]
empty_142         (read             ) [ 00000]
tmp_data_0_V      (extractvalue     ) [ 00000]
tmp_data_1_V      (extractvalue     ) [ 00000]
tmp_data_2_V      (extractvalue     ) [ 00000]
tmp_data_3_V      (extractvalue     ) [ 00000]
tmp_data_4_V      (extractvalue     ) [ 00000]
tmp_data_5_V      (extractvalue     ) [ 00000]
tmp_data_6_V      (extractvalue     ) [ 00000]
tmp_data_7_V      (extractvalue     ) [ 00000]
write_ln50        (write            ) [ 00000]
empty_143         (specregionend    ) [ 00000]
br_ln38           (br               ) [ 01110]
ret_ln52          (ret              ) [ 00000]
</LifeTime>

<model>

<comp_list>
<comp id="0" class="1000" name="data_V_data_0_V">
<pin_list>
<pin id="1" dir="1" index="0" bw="1" slack="0"/>
</pin_list>
<bind>
<StgValue><ssdm name="data_V_data_0_V"/></StgValue>
</bind>
</comp>

<comp id="2" class="1000" name="data_V_data_1_V">
<pin_list>
<pin id="3" dir="1" index="0" bw="1" slack="0"/>
</pin_list>
<bind>
<StgValue><ssdm name="data_V_data_1_V"/></StgValue>
</bind>
</comp>

<comp id="4" class="1000" name="data_V_data_2_V">
<pin_list>
<pin id="5" dir="1" index="0" bw="1" slack="0"/>
</pin_list>
<bind>
<StgValue><ssdm name="data_V_data_2_V"/></StgValue>
</bind>
</comp>

<comp id="6" class="1000" name="data_V_data_3_V">
<pin_list>
<pin id="7" dir="1" index="0" bw="1" slack="0"/>
</pin_list>
<bind>
<StgValue><ssdm name="data_V_data_3_V"/></StgValue>
</bind>
</comp>

<comp id="8" class="1000" name="data_V_data_4_V">
<pin_list>
<pin id="9" dir="1" index="0" bw="1" slack="0"/>
</pin_list>
<bind>
<StgValue><ssdm name="data_V_data_4_V"/></StgValue>
</bind>
</comp>

<comp id="10" class="1000" name="data_V_data_5_V">
<pin_list>
<pin id="11" dir="1" index="0" bw="1" slack="0"/>
</pin_list>
<bind>
<StgValue><ssdm name="data_V_data_5_V"/></StgValue>
</bind>
</comp>

<comp id="12" class="1000" name="data_V_data_6_V">
<pin_list>
<pin id="13" dir="1" index="0" bw="1" slack="0"/>
</pin_list>
<bind>
<StgValue><ssdm name="data_V_data_6_V"/></StgValue>
</bind>
</comp>

<comp id="14" class="1000" name="data_V_data_7_V">
<pin_list>
<pin id="15" dir="1" index="0" bw="1" slack="0"/>
</pin_list>
<bind>
<StgValue><ssdm name="data_V_data_7_V"/></StgValue>
</bind>
</comp>

<comp id="16" class="1000" name="res_V_data_0_V">
<pin_list>
<pin id="17" dir="1" index="0" bw="1" slack="0"/>
</pin_list>
<bind>
<StgValue><ssdm name="res_V_data_0_V"/></StgValue>
</bind>
</comp>

<comp id="18" class="1000" name="res_V_data_1_V">
<pin_list>
<pin id="19" dir="1" index="0" bw="1" slack="0"/>
</pin_list>
<bind>
<StgValue><ssdm name="res_V_data_1_V"/></StgValue>
</bind>
</comp>

<comp id="20" class="1000" name="res_V_data_2_V">
<pin_list>
<pin id="21" dir="1" index="0" bw="1" slack="0"/>
</pin_list>
<bind>
<StgValue><ssdm name="res_V_data_2_V"/></StgValue>
</bind>
</comp>

<comp id="22" class="1000" name="res_V_data_3_V">
<pin_list>
<pin id="23" dir="1" index="0" bw="1" slack="0"/>
</pin_list>
<bind>
<StgValue><ssdm name="res_V_data_3_V"/></StgValue>
</bind>
</comp>

<comp id="24" class="1000" name="res_V_data_4_V">
<pin_list>
<pin id="25" dir="1" index="0" bw="1" slack="0"/>
</pin_list>
<bind>
<StgValue><ssdm name="res_V_data_4_V"/></StgValue>
</bind>
</comp>

<comp id="26" class="1000" name="res_V_data_5_V">
<pin_list>
<pin id="27" dir="1" index="0" bw="1" slack="0"/>
</pin_list>
<bind>
<StgValue><ssdm name="res_V_data_5_V"/></StgValue>
</bind>
</comp>

<comp id="28" class="1000" name="res_V_data_6_V">
<pin_list>
<pin id="29" dir="1" index="0" bw="1" slack="0"/>
</pin_list>
<bind>
<StgValue><ssdm name="res_V_data_6_V"/></StgValue>
</bind>
</comp>

<comp id="30" class="1000" name="res_V_data_7_V">
<pin_list>
<pin id="31" dir="1" index="0" bw="1" slack="0"/>
</pin_list>
<bind>
<StgValue><ssdm name="res_V_data_7_V"/></StgValue>
</bind>
</comp>

<comp id="32" class="1001" name="const_32">
<pin_list>
<pin id="33" dir="1" index="0" bw="1" slack="2147483647"/>
</pin_list>
<bind>
<StgValue><ssdm name="_ssdm_op_SpecInterface"/></StgValue>
</bind>
</comp>

<comp id="34" class="1001" name="const_34">
<pin_list>
<pin id="35" dir="1" index="0" bw="1" slack="2147483647"/>
</pin_list>
<bind>
<StgValue><ssdm name="ap_fifo_str"/></StgValue>
</bind>
</comp>

<comp id="36" class="1001" name="const_36">
<pin_list>
<pin id="37" dir="1" index="0" bw="1" slack="2147483647"/>
</pin_list>
<bind>
<StgValue><ssdm name=""/></StgValue>
</bind>
</comp>

<comp id="38" class="1001" name="const_38">
<pin_list>
<pin id="39" dir="1" index="0" bw="1" slack="2147483647"/>
</pin_list>
<bind>
<StgValue><ssdm name="p_str"/></StgValue>
</bind>
</comp>

<comp id="40" class="1001" name="const_40">
<pin_list>
<pin id="41" dir="1" index="0" bw="1" slack="2147483647"/>
</pin_list>
<bind>
<StgValue><ssdm name=""/></StgValue>
</bind>
</comp>

<comp id="42" class="1001" name="const_42">
<pin_list>
<pin id="43" dir="1" index="0" bw="1" slack="2147483647"/>
</pin_list>
<bind>
<StgValue><ssdm name=""/></StgValue>
</bind>
</comp>

<comp id="44" class="1001" name="const_44">
<pin_list>
<pin id="45" dir="1" index="0" bw="1" slack="1"/>
</pin_list>
<bind>
<StgValue><ssdm name=""/></StgValue>
</bind>
</comp>

<comp id="46" class="1001" name="const_46">
<pin_list>
<pin id="47" dir="1" index="0" bw="1" slack="0"/>
</pin_list>
<bind>
<StgValue><ssdm name=""/></StgValue>
</bind>
</comp>

<comp id="48" class="1001" name="const_48">
<pin_list>
<pin id="49" dir="1" index="0" bw="1" slack="2147483647"/>
</pin_list>
<bind>
<StgValue><ssdm name="_ssdm_op_SpecLoopTripCount"/></StgValue>
</bind>
</comp>

<comp id="50" class="1001" name="const_50">
<pin_list>
<pin id="51" dir="1" index="0" bw="1" slack="2147483647"/>
</pin_list>
<bind>
<StgValue><ssdm name=""/></StgValue>
</bind>
</comp>

<comp id="52" class="1001" name="const_52">
<pin_list>
<pin id="53" dir="1" index="0" bw="1" slack="0"/>
</pin_list>
<bind>
<StgValue><ssdm name=""/></StgValue>
</bind>
</comp>

<comp id="54" class="1001" name="const_54">
<pin_list>
<pin id="55" dir="1" index="0" bw="1" slack="2147483647"/>
</pin_list>
<bind>
<StgValue><ssdm name="_ssdm_op_SpecLoopName"/></StgValue>
</bind>
</comp>

<comp id="56" class="1001" name="const_56">
<pin_list>
<pin id="57" dir="1" index="0" bw="1" slack="2147483647"/>
</pin_list>
<bind>
<StgValue><ssdm name="p_str23"/></StgValue>
</bind>
</comp>

<comp id="58" class="1001" name="const_58">
<pin_list>
<pin id="59" dir="1" index="0" bw="1" slack="2147483647"/>
</pin_list>
<bind>
<StgValue><ssdm name="_ssdm_op_SpecRegionBegin"/></StgValue>
</bind>
</comp>

<comp id="60" class="1001" name="const_60">
<pin_list>
<pin id="61" dir="1" index="0" bw="1" slack="2147483647"/>
</pin_list>
<bind>
<StgValue><ssdm name="_ssdm_op_SpecPipeline"/></StgValue>
</bind>
</comp>

<comp id="62" class="1001" name="const_62">
<pin_list>
<pin id="63" dir="1" index="0" bw="1" slack="2147483647"/>
</pin_list>
<bind>
<StgValue><ssdm name=""/></StgValue>
</bind>
</comp>

<comp id="64" class="1001" name="const_64">
<pin_list>
<pin id="65" dir="1" index="0" bw="1" slack="2147483647"/>
</pin_list>
<bind>
<StgValue><ssdm name=""/></StgValue>
</bind>
</comp>

<comp id="66" class="1001" name="const_66">
<pin_list>
<pin id="67" dir="1" index="0" bw="1" slack="2147483647"/>
</pin_list>
<bind>
<StgValue><ssdm name="p_str12"/></StgValue>
</bind>
</comp>

<comp id="68" class="1001" name="const_68">
<pin_list>
<pin id="69" dir="1" index="0" bw="1" slack="0"/>
</pin_list>
<bind>
<StgValue><ssdm name="_ssdm_op_Read.ap_fifo.volatile.i27P.i27P.i27P.i27P.i27P.i27P.i27P.i27P"/></StgValue>
</bind>
</comp>

<comp id="70" class="1001" name="const_70">
<pin_list>
<pin id="71" dir="1" index="0" bw="1" slack="0"/>
</pin_list>
<bind>
<StgValue><ssdm name="_ssdm_op_Write.ap_fifo.volatile.i27P.i27P.i27P.i27P.i27P.i27P.i27P.i27P"/></StgValue>
</bind>
</comp>

<comp id="72" class="1001" name="const_72">
<pin_list>
<pin id="73" dir="1" index="0" bw="1" slack="2147483647"/>
</pin_list>
<bind>
<StgValue><ssdm name="_ssdm_op_SpecRegionEnd"/></StgValue>
</bind>
</comp>

<comp id="74" class="1004" name="empty_142_read_fu_74">
<pin_list>
<pin id="75" dir="0" index="0" bw="216" slack="0"/>
<pin id="76" dir="0" index="1" bw="27" slack="0"/>
<pin id="77" dir="0" index="2" bw="27" slack="0"/>
<pin id="78" dir="0" index="3" bw="27" slack="0"/>
<pin id="79" dir="0" index="4" bw="27" slack="0"/>
<pin id="80" dir="0" index="5" bw="27" slack="0"/>
<pin id="81" dir="0" index="6" bw="27" slack="0"/>
<pin id="82" dir="0" index="7" bw="27" slack="0"/>
<pin id="83" dir="0" index="8" bw="27" slack="0"/>
<pin id="84" dir="1" index="9" bw="216" slack="0"/>
</pin_list>
<bind>
<opcode="read(1150) " fcode="read"/>
<opset="empty_142/3 "/>
</bind>
</comp>

<comp id="94" class="1004" name="write_ln50_write_fu_94">
<pin_list>
<pin id="95" dir="0" index="0" bw="0" slack="0"/>
<pin id="96" dir="0" index="1" bw="27" slack="0"/>
<pin id="97" dir="0" index="2" bw="27" slack="0"/>
<pin id="98" dir="0" index="3" bw="27" slack="0"/>
<pin id="99" dir="0" index="4" bw="27" slack="0"/>
<pin id="100" dir="0" index="5" bw="27" slack="0"/>
<pin id="101" dir="0" index="6" bw="27" slack="0"/>
<pin id="102" dir="0" index="7" bw="27" slack="0"/>
<pin id="103" dir="0" index="8" bw="27" slack="0"/>
<pin id="104" dir="0" index="9" bw="27" slack="0"/>
<pin id="105" dir="0" index="10" bw="27" slack="0"/>
<pin id="106" dir="0" index="11" bw="27" slack="0"/>
<pin id="107" dir="0" index="12" bw="27" slack="0"/>
<pin id="108" dir="0" index="13" bw="27" slack="0"/>
<pin id="109" dir="0" index="14" bw="27" slack="0"/>
<pin id="110" dir="0" index="15" bw="27" slack="0"/>
<pin id="111" dir="0" index="16" bw="27" slack="0"/>
<pin id="112" dir="1" index="17" bw="0" slack="2147483647"/>
</pin_list>
<bind>
<opcode="write(1151) " fcode="write"/>
<opset="write_ln50/3 "/>
</bind>
</comp>

<comp id="122" class="1005" name="i_0_reg_122">
<pin_list>
<pin id="123" dir="0" index="0" bw="12" slack="1"/>
<pin id="124" dir="1" index="1" bw="12" slack="1"/>
</pin_list>
<bind>
<opset="i_0 (phireg) "/>
</bind>
</comp>

<comp id="126" class="1004" name="i_0_phi_fu_126">
<pin_list>
<pin id="127" dir="0" index="0" bw="1" slack="1"/>
<pin id="128" dir="0" index="1" bw="0" slack="2147483647"/>
<pin id="129" dir="0" index="2" bw="12" slack="0"/>
<pin id="130" dir="0" index="3" bw="0" slack="2147483647"/>
<pin id="131" dir="1" index="4" bw="12" slack="0"/>
</pin_list>
<bind>
<opcode="phi(47) " fcode="phi"/>
<opset="i_0/2 "/>
</bind>
</comp>

<comp id="133" class="1004" name="icmp_ln38_fu_133">
<pin_list>
<pin id="134" dir="0" index="0" bw="12" slack="0"/>
<pin id="135" dir="0" index="1" bw="12" slack="0"/>
<pin id="136" dir="1" index="2" bw="1" slack="1"/>
</pin_list>
<bind>
<opcode="icmp(45) " fcode="icmp"/>
<opset="icmp_ln38/2 "/>
</bind>
</comp>

<comp id="139" class="1004" name="i_fu_139">
<pin_list>
<pin id="140" dir="0" index="0" bw="12" slack="0"/>
<pin id="141" dir="0" index="1" bw="1" slack="0"/>
<pin id="142" dir="1" index="2" bw="12" slack="0"/>
</pin_list>
<bind>
<opcode="add(8) " fcode="add"/>
<opset="i/2 "/>
</bind>
</comp>

<comp id="145" class="1004" name="tmp_data_0_V_fu_145">
<pin_list>
<pin id="146" dir="0" index="0" bw="216" slack="0"/>
<pin id="147" dir="1" index="1" bw="27" slack="0"/>
</pin_list>
<bind>
<opcode="extractvalue(56) " fcode="extractvalue"/>
<opset="tmp_data_0_V/3 "/>
</bind>
</comp>

<comp id="150" class="1004" name="tmp_data_1_V_fu_150">
<pin_list>
<pin id="151" dir="0" index="0" bw="216" slack="0"/>
<pin id="152" dir="1" index="1" bw="27" slack="0"/>
</pin_list>
<bind>
<opcode="extractvalue(56) " fcode="extractvalue"/>
<opset="tmp_data_1_V/3 "/>
</bind>
</comp>

<comp id="155" class="1004" name="tmp_data_2_V_fu_155">
<pin_list>
<pin id="156" dir="0" index="0" bw="216" slack="0"/>
<pin id="157" dir="1" index="1" bw="27" slack="0"/>
</pin_list>
<bind>
<opcode="extractvalue(56) " fcode="extractvalue"/>
<opset="tmp_data_2_V/3 "/>
</bind>
</comp>

<comp id="160" class="1004" name="tmp_data_3_V_fu_160">
<pin_list>
<pin id="161" dir="0" index="0" bw="216" slack="0"/>
<pin id="162" dir="1" index="1" bw="27" slack="0"/>
</pin_list>
<bind>
<opcode="extractvalue(56) " fcode="extractvalue"/>
<opset="tmp_data_3_V/3 "/>
</bind>
</comp>

<comp id="165" class="1004" name="tmp_data_4_V_fu_165">
<pin_list>
<pin id="166" dir="0" index="0" bw="216" slack="0"/>
<pin id="167" dir="1" index="1" bw="27" slack="0"/>
</pin_list>
<bind>
<opcode="extractvalue(56) " fcode="extractvalue"/>
<opset="tmp_data_4_V/3 "/>
</bind>
</comp>

<comp id="170" class="1004" name="tmp_data_5_V_fu_170">
<pin_list>
<pin id="171" dir="0" index="0" bw="216" slack="0"/>
<pin id="172" dir="1" index="1" bw="27" slack="0"/>
</pin_list>
<bind>
<opcode="extractvalue(56) " fcode="extractvalue"/>
<opset="tmp_data_5_V/3 "/>
</bind>
</comp>

<comp id="175" class="1004" name="tmp_data_6_V_fu_175">
<pin_list>
<pin id="176" dir="0" index="0" bw="216" slack="0"/>
<pin id="177" dir="1" index="1" bw="27" slack="0"/>
</pin_list>
<bind>
<opcode="extractvalue(56) " fcode="extractvalue"/>
<opset="tmp_data_6_V/3 "/>
</bind>
</comp>

<comp id="180" class="1004" name="tmp_data_7_V_fu_180">
<pin_list>
<pin id="181" dir="0" index="0" bw="216" slack="0"/>
<pin id="182" dir="1" index="1" bw="27" slack="0"/>
</pin_list>
<bind>
<opcode="extractvalue(56) " fcode="extractvalue"/>
<opset="tmp_data_7_V/3 "/>
</bind>
</comp>

<comp id="185" class="1005" name="icmp_ln38_reg_185">
<pin_list>
<pin id="186" dir="0" index="0" bw="1" slack="1"/>
<pin id="187" dir="1" index="1" bw="1" slack="2147483647"/>
</pin_list>
<bind>
<opset="icmp_ln38 "/>
</bind>
</comp>

<comp id="189" class="1005" name="i_reg_189">
<pin_list>
<pin id="190" dir="0" index="0" bw="12" slack="0"/>
<pin id="191" dir="1" index="1" bw="12" slack="0"/>
</pin_list>
<bind>
<opset="i "/>
</bind>
</comp>

</comp_list>

<net_list>
<net id="85"><net_src comp="68" pin="0"/><net_sink comp="74" pin=0"/></net>

<net id="86"><net_src comp="0" pin="0"/><net_sink comp="74" pin=1"/></net>

<net id="87"><net_src comp="2" pin="0"/><net_sink comp="74" pin=2"/></net>

<net id="88"><net_src comp="4" pin="0"/><net_sink comp="74" pin=3"/></net>

<net id="89"><net_src comp="6" pin="0"/><net_sink comp="74" pin=4"/></net>

<net id="90"><net_src comp="8" pin="0"/><net_sink comp="74" pin=5"/></net>

<net id="91"><net_src comp="10" pin="0"/><net_sink comp="74" pin=6"/></net>

<net id="92"><net_src comp="12" pin="0"/><net_sink comp="74" pin=7"/></net>

<net id="93"><net_src comp="14" pin="0"/><net_sink comp="74" pin=8"/></net>

<net id="113"><net_src comp="70" pin="0"/><net_sink comp="94" pin=0"/></net>

<net id="114"><net_src comp="16" pin="0"/><net_sink comp="94" pin=1"/></net>

<net id="115"><net_src comp="18" pin="0"/><net_sink comp="94" pin=2"/></net>

<net id="116"><net_src comp="20" pin="0"/><net_sink comp="94" pin=3"/></net>

<net id="117"><net_src comp="22" pin="0"/><net_sink comp="94" pin=4"/></net>

<net id="118"><net_src comp="24" pin="0"/><net_sink comp="94" pin=5"/></net>

<net id="119"><net_src comp="26" pin="0"/><net_sink comp="94" pin=6"/></net>

<net id="120"><net_src comp="28" pin="0"/><net_sink comp="94" pin=7"/></net>

<net id="121"><net_src comp="30" pin="0"/><net_sink comp="94" pin=8"/></net>

<net id="125"><net_src comp="44" pin="0"/><net_sink comp="122" pin=0"/></net>

<net id="132"><net_src comp="122" pin="1"/><net_sink comp="126" pin=0"/></net>

<net id="137"><net_src comp="126" pin="4"/><net_sink comp="133" pin=0"/></net>

<net id="138"><net_src comp="46" pin="0"/><net_sink comp="133" pin=1"/></net>

<net id="143"><net_src comp="126" pin="4"/><net_sink comp="139" pin=0"/></net>

<net id="144"><net_src comp="52" pin="0"/><net_sink comp="139" pin=1"/></net>

<net id="148"><net_src comp="74" pin="9"/><net_sink comp="145" pin=0"/></net>

<net id="149"><net_src comp="145" pin="1"/><net_sink comp="94" pin=9"/></net>

<net id="153"><net_src comp="74" pin="9"/><net_sink comp="150" pin=0"/></net>

<net id="154"><net_src comp="150" pin="1"/><net_sink comp="94" pin=10"/></net>

<net id="158"><net_src comp="74" pin="9"/><net_sink comp="155" pin=0"/></net>

<net id="159"><net_src comp="155" pin="1"/><net_sink comp="94" pin=11"/></net>

<net id="163"><net_src comp="74" pin="9"/><net_sink comp="160" pin=0"/></net>

<net id="164"><net_src comp="160" pin="1"/><net_sink comp="94" pin=12"/></net>

<net id="168"><net_src comp="74" pin="9"/><net_sink comp="165" pin=0"/></net>

<net id="169"><net_src comp="165" pin="1"/><net_sink comp="94" pin=13"/></net>

<net id="173"><net_src comp="74" pin="9"/><net_sink comp="170" pin=0"/></net>

<net id="174"><net_src comp="170" pin="1"/><net_sink comp="94" pin=14"/></net>

<net id="178"><net_src comp="74" pin="9"/><net_sink comp="175" pin=0"/></net>

<net id="179"><net_src comp="175" pin="1"/><net_sink comp="94" pin=15"/></net>

<net id="183"><net_src comp="74" pin="9"/><net_sink comp="180" pin=0"/></net>

<net id="184"><net_src comp="180" pin="1"/><net_sink comp="94" pin=16"/></net>

<net id="188"><net_src comp="133" pin="2"/><net_sink comp="185" pin=0"/></net>

<net id="192"><net_src comp="139" pin="2"/><net_sink comp="189" pin=0"/></net>

<net id="193"><net_src comp="189" pin="1"/><net_sink comp="126" pin=2"/></net>

</net_list>

</model> 
---------------- Datapath Model END ------------------

* FSMD analyzer results:
  - Output states:
	Port: res_V_data_0_V | {3 }
	Port: res_V_data_1_V | {3 }
	Port: res_V_data_2_V | {3 }
	Port: res_V_data_3_V | {3 }
	Port: res_V_data_4_V | {3 }
	Port: res_V_data_5_V | {3 }
	Port: res_V_data_6_V | {3 }
	Port: res_V_data_7_V | {3 }
 - Input state : 
	Port: linear<array,array<ap_fixed,8u>,linear_config5> : data_V_data_0_V | {3 }
	Port: linear<array,array<ap_fixed,8u>,linear_config5> : data_V_data_1_V | {3 }
	Port: linear<array,array<ap_fixed,8u>,linear_config5> : data_V_data_2_V | {3 }
	Port: linear<array,array<ap_fixed,8u>,linear_config5> : data_V_data_3_V | {3 }
	Port: linear<array,array<ap_fixed,8u>,linear_config5> : data_V_data_4_V | {3 }
	Port: linear<array,array<ap_fixed,8u>,linear_config5> : data_V_data_5_V | {3 }
	Port: linear<array,array<ap_fixed,8u>,linear_config5> : data_V_data_6_V | {3 }
	Port: linear<array,array<ap_fixed,8u>,linear_config5> : data_V_data_7_V | {3 }
  - Chain level:
	State 1
	State 2
		icmp_ln38 : 1
		i : 1
		br_ln38 : 2
	State 3
		write_ln50 : 1
		empty_143 : 1
	State 4


============================================================
+ Verbose Summary: Datapath Resource usage 
============================================================

* Functional unit list:
|----------|------------------------|---------|---------|
| Operation|     Functional Unit    |    FF   |   LUT   |
|----------|------------------------|---------|---------|
|    add   |        i_fu_139        |    0    |    19   |
|----------|------------------------|---------|---------|
|   icmp   |    icmp_ln38_fu_133    |    0    |    13   |
|----------|------------------------|---------|---------|
|   read   |  empty_142_read_fu_74  |    0    |    0    |
|----------|------------------------|---------|---------|
|   write  | write_ln50_write_fu_94 |    0    |    0    |
|----------|------------------------|---------|---------|
|          |   tmp_data_0_V_fu_145  |    0    |    0    |
|          |   tmp_data_1_V_fu_150  |    0    |    0    |
|          |   tmp_data_2_V_fu_155  |    0    |    0    |
|extractvalue|   tmp_data_3_V_fu_160  |    0    |    0    |
|          |   tmp_data_4_V_fu_165  |    0    |    0    |
|          |   tmp_data_5_V_fu_170  |    0    |    0    |
|          |   tmp_data_6_V_fu_175  |    0    |    0    |
|          |   tmp_data_7_V_fu_180  |    0    |    0    |
|----------|------------------------|---------|---------|
|   Total  |                        |    0    |    32   |
|----------|------------------------|---------|---------|

Memories:
N/A

* Register list:
+-----------------+--------+
|                 |   FF   |
+-----------------+--------+
|   i_0_reg_122   |   12   |
|    i_reg_189    |   12   |
|icmp_ln38_reg_185|    1   |
+-----------------+--------+
|      Total      |   25   |
+-----------------+--------+

* Multiplexer (MUX) list: 
|--------|------|------|------|--------|
|  Comp  |  Pin | Size |  BW  | S x BW |
|--------|------|------|------|--------|
|  Total |      |      |      |    0   |
|--------|------|------|------|--------|



* Summary:
+-----------+--------+--------+
|           |   FF   |   LUT  |
+-----------+--------+--------+
|  Function |    0   |   32   |
|   Memory  |    -   |    -   |
|Multiplexer|    -   |    -   |
|  Register |   25   |    -   |
+-----------+--------+--------+
|   Total   |   25   |   32   |
+-----------+--------+--------+
