

================================================================
== Vivado HLS Report for 'reduce_ap_fixed_8_Op_max_ap_fixed_27_9_4_0_0_s'
================================================================
* Date:           Sat Aug  8 08:21:30 2020

* Version:        2020.1 (Build 2897737 on Wed May 27 20:21:37 MDT 2020)
* Project:        myproject_prj
* Solution:       solution1
* Product family: virtexuplus
* Target device:  xcu250-figd2104-2L-e


================================================================
== Performance Estimates
================================================================
+ Timing: 
    * Summary: 
    +--------+---------+----------+------------+
    |  Clock |  Target | Estimated| Uncertainty|
    +--------+---------+----------+------------+
    |ap_clk  | 5.00 ns | 3.406 ns |   0.62 ns  |
    +--------+---------+----------+------------+

+ Latency: 
    * Summary: 
    +---------+---------+----------+----------+-----+-----+----------+
    |  Latency (cycles) |  Latency (absolute) |  Interval | Pipeline |
    |   min   |   max   |    min   |    max   | min | max |   Type   |
    +---------+---------+----------+----------+-----+-----+----------+
    |        0|        0|   0 ns   |   0 ns   |    1|    1| function |
    +---------+---------+----------+----------+-----+-----+----------+

    + Detail: 
        * Instance: 
        N/A

        * Loop: 
        N/A

============================================================
+ Verbose Summary: Synthesis Manager
============================================================
InlineROM: 1
ExposeGlobal: 0
============================================================
+ Verbose Summary: CDFG Model
============================================================
IsTopModel: 0
ResetActiveHigh: 1
IsCombinational: 0
IsDatapathOnly: 0
HasWiredReturn: 1
HasMFsm: 2
HasVarLatency: 0
IsPipeline: 1
IsRtlPipelined: 0
IsInstanceOverlapped: 0
IsDontTouch: 0
HasImplIP: 0
IsGatedGlobalClock: 0

+ Individual pipeline summary: 
  * Pipeline-0: initiation interval (II) = 1, depth = 1


============================================================
+ Verbose Summary: Schedule
============================================================
* Number of FSM states : 1
* Pipeline : 1
  Pipeline-0 : II = 1, D = 1, States = { 1 }
* Dataflow Pipeline: 0

* FSM state transitions: 
1 --> 

* FSM state operations: 

State 1 <SV = 0> <Delay = 3.40>
ST_1 : Operation 2 [1/1] (0.00ns)   --->   "%x_7_V_read_1 = call i27 @_ssdm_op_Read.ap_auto.i27(i27 %x_7_V_read)" [firmware/nnet_utils/nnet_common.h:45]   --->   Operation 2 'read' 'x_7_V_read_1' <Predicate = true> <Delay = 0.00>
ST_1 : Operation 3 [1/1] (0.00ns)   --->   "%x_6_V_read_1 = call i27 @_ssdm_op_Read.ap_auto.i27(i27 %x_6_V_read)" [firmware/nnet_utils/nnet_common.h:45]   --->   Operation 3 'read' 'x_6_V_read_1' <Predicate = true> <Delay = 0.00>
ST_1 : Operation 4 [1/1] (0.00ns)   --->   "%x_5_V_read_1 = call i27 @_ssdm_op_Read.ap_auto.i27(i27 %x_5_V_read)" [firmware/nnet_utils/nnet_common.h:45]   --->   Operation 4 'read' 'x_5_V_read_1' <Predicate = true> <Delay = 0.00>
ST_1 : Operation 5 [1/1] (0.00ns)   --->   "%x_4_V_read_1 = call i27 @_ssdm_op_Read.ap_auto.i27(i27 %x_4_V_read)" [firmware/nnet_utils/nnet_common.h:45]   --->   Operation 5 'read' 'x_4_V_read_1' <Predicate = true> <Delay = 0.00>
ST_1 : Operation 6 [1/1] (0.00ns)   --->   "%x_3_V_read_1 = call i27 @_ssdm_op_Read.ap_auto.i27(i27 %x_3_V_read)" [firmware/nnet_utils/nnet_common.h:45]   --->   Operation 6 'read' 'x_3_V_read_1' <Predicate = true> <Delay = 0.00>
ST_1 : Operation 7 [1/1] (0.00ns)   --->   "%x_2_V_read_1 = call i27 @_ssdm_op_Read.ap_auto.i27(i27 %x_2_V_read)" [firmware/nnet_utils/nnet_common.h:45]   --->   Operation 7 'read' 'x_2_V_read_1' <Predicate = true> <Delay = 0.00>
ST_1 : Operation 8 [1/1] (0.00ns)   --->   "%x_1_V_read_1 = call i27 @_ssdm_op_Read.ap_auto.i27(i27 %x_1_V_read)" [firmware/nnet_utils/nnet_common.h:45]   --->   Operation 8 'read' 'x_1_V_read_1' <Predicate = true> <Delay = 0.00>
ST_1 : Operation 9 [1/1] (0.00ns)   --->   "%x_0_V_read_1 = call i27 @_ssdm_op_Read.ap_auto.i27(i27 %x_0_V_read)" [firmware/nnet_utils/nnet_common.h:45]   --->   Operation 9 'read' 'x_0_V_read_1' <Predicate = true> <Delay = 0.00>
ST_1 : Operation 10 [1/1] (0.80ns)   --->   "%icmp_ln1496 = icmp slt i27 %x_0_V_read_1, %x_1_V_read_1" [firmware/nnet_utils/nnet_common.h:86->firmware/nnet_utils/nnet_common.h:53->firmware/nnet_utils/nnet_common.h:55->firmware/nnet_utils/nnet_common.h:55]   --->   Operation 10 'icmp' 'icmp_ln1496' <Predicate = true> <Delay = 0.80> <Core = "Cmp">   --->   Core 25 'Cmp' <Latency = 0> <II = 1> <Delay = 0.80> <FuncUnit> <Opcode : 'icmp'> <InPorts = 2> <OutPorts = 1>
ST_1 : Operation 11 [1/1] (0.33ns)   --->   "%select_ln86 = select i1 %icmp_ln1496, i27 %x_1_V_read_1, i27 %x_0_V_read_1" [firmware/nnet_utils/nnet_common.h:86->firmware/nnet_utils/nnet_common.h:53->firmware/nnet_utils/nnet_common.h:55->firmware/nnet_utils/nnet_common.h:55]   --->   Operation 11 'select' 'select_ln86' <Predicate = true> <Delay = 0.33> <Core = "Sel">   --->   Core 26 'Sel' <Latency = 0> <II = 1> <Delay = 0.33> <FuncUnit> <Opcode : 'select'> <InPorts = 3> <OutPorts = 1>
ST_1 : Operation 12 [1/1] (0.80ns)   --->   "%icmp_ln1496_1 = icmp slt i27 %x_2_V_read_1, %x_3_V_read_1" [firmware/nnet_utils/nnet_common.h:86->firmware/nnet_utils/nnet_common.h:53->firmware/nnet_utils/nnet_common.h:55->firmware/nnet_utils/nnet_common.h:55]   --->   Operation 12 'icmp' 'icmp_ln1496_1' <Predicate = true> <Delay = 0.80> <Core = "Cmp">   --->   Core 25 'Cmp' <Latency = 0> <II = 1> <Delay = 0.80> <FuncUnit> <Opcode : 'icmp'> <InPorts = 2> <OutPorts = 1>
ST_1 : Operation 13 [1/1] (0.33ns)   --->   "%select_ln86_1 = select i1 %icmp_ln1496_1, i27 %x_3_V_read_1, i27 %x_2_V_read_1" [firmware/nnet_utils/nnet_common.h:86->firmware/nnet_utils/nnet_common.h:53->firmware/nnet_utils/nnet_common.h:55->firmware/nnet_utils/nnet_common.h:55]   --->   Operation 13 'select' 'select_ln86_1' <Predicate = true> <Delay = 0.33> <Core = "Sel">   --->   Core 26 'Sel' <Latency = 0> <II = 1> <Delay = 0.33> <FuncUnit> <Opcode : 'select'> <InPorts = 3> <OutPorts = 1>
ST_1 : Operation 14 [1/1] (0.80ns)   --->   "%icmp_ln1496_2 = icmp slt i27 %select_ln86, %select_ln86_1" [firmware/nnet_utils/nnet_common.h:86->firmware/nnet_utils/nnet_common.h:55->firmware/nnet_utils/nnet_common.h:55]   --->   Operation 14 'icmp' 'icmp_ln1496_2' <Predicate = true> <Delay = 0.80> <Core = "Cmp">   --->   Core 25 'Cmp' <Latency = 0> <II = 1> <Delay = 0.80> <FuncUnit> <Opcode : 'icmp'> <InPorts = 2> <OutPorts = 1>
ST_1 : Operation 15 [1/1] (0.33ns)   --->   "%select_ln86_2 = select i1 %icmp_ln1496_2, i27 %select_ln86_1, i27 %select_ln86" [firmware/nnet_utils/nnet_common.h:86->firmware/nnet_utils/nnet_common.h:55->firmware/nnet_utils/nnet_common.h:55]   --->   Operation 15 'select' 'select_ln86_2' <Predicate = true> <Delay = 0.33> <Core = "Sel">   --->   Core 26 'Sel' <Latency = 0> <II = 1> <Delay = 0.33> <FuncUnit> <Opcode : 'select'> <InPorts = 3> <OutPorts = 1>
ST_1 : Operation 16 [1/1] (0.80ns)   --->   "%icmp_ln1496_3 = icmp slt i27 %x_4_V_read_1, %x_5_V_read_1" [firmware/nnet_utils/nnet_common.h:86->firmware/nnet_utils/nnet_common.h:53->firmware/nnet_utils/nnet_common.h:55->firmware/nnet_utils/nnet_common.h:55]   --->   Operation 16 'icmp' 'icmp_ln1496_3' <Predicate = true> <Delay = 0.80> <Core = "Cmp">   --->   Core 25 'Cmp' <Latency = 0> <II = 1> <Delay = 0.80> <FuncUnit> <Opcode : 'icmp'> <InPorts = 2> <OutPorts = 1>
ST_1 : Operation 17 [1/1] (0.33ns)   --->   "%select_ln86_3 = select i1 %icmp_ln1496_3, i27 %x_5_V_read_1, i27 %x_4_V_read_1" [firmware/nnet_utils/nnet_common.h:86->firmware/nnet_utils/nnet_common.h:53->firmware/nnet_utils/nnet_common.h:55->firmware/nnet_utils/nnet_common.h:55]   --->   Operation 17 'select' 'select_ln86_3' <Predicate = true> <Delay = 0.33> <Core = "Sel">   --->   Core 26 'Sel' <Latency = 0> <II = 1> <Delay = 0.33> <FuncUnit> <Opcode : 'select'> <InPorts = 3> <OutPorts = 1>
ST_1 : Operation 18 [1/1] (0.80ns)   --->   "%icmp_ln1496_4 = icmp slt i27 %x_6_V_read_1, %x_7_V_read_1" [firmware/nnet_utils/nnet_common.h:86->firmware/nnet_utils/nnet_common.h:53->firmware/nnet_utils/nnet_common.h:55->firmware/nnet_utils/nnet_common.h:55]   --->   Operation 18 'icmp' 'icmp_ln1496_4' <Predicate = true> <Delay = 0.80> <Core = "Cmp">   --->   Core 25 'Cmp' <Latency = 0> <II = 1> <Delay = 0.80> <FuncUnit> <Opcode : 'icmp'> <InPorts = 2> <OutPorts = 1>
ST_1 : Operation 19 [1/1] (0.33ns)   --->   "%select_ln86_4 = select i1 %icmp_ln1496_4, i27 %x_7_V_read_1, i27 %x_6_V_read_1" [firmware/nnet_utils/nnet_common.h:86->firmware/nnet_utils/nnet_common.h:53->firmware/nnet_utils/nnet_common.h:55->firmware/nnet_utils/nnet_common.h:55]   --->   Operation 19 'select' 'select_ln86_4' <Predicate = true> <Delay = 0.33> <Core = "Sel">   --->   Core 26 'Sel' <Latency = 0> <II = 1> <Delay = 0.33> <FuncUnit> <Opcode : 'select'> <InPorts = 3> <OutPorts = 1>
ST_1 : Operation 20 [1/1] (0.80ns)   --->   "%icmp_ln1496_5 = icmp slt i27 %select_ln86_3, %select_ln86_4" [firmware/nnet_utils/nnet_common.h:86->firmware/nnet_utils/nnet_common.h:55->firmware/nnet_utils/nnet_common.h:55]   --->   Operation 20 'icmp' 'icmp_ln1496_5' <Predicate = true> <Delay = 0.80> <Core = "Cmp">   --->   Core 25 'Cmp' <Latency = 0> <II = 1> <Delay = 0.80> <FuncUnit> <Opcode : 'icmp'> <InPorts = 2> <OutPorts = 1>
ST_1 : Operation 21 [1/1] (0.33ns)   --->   "%select_ln86_5 = select i1 %icmp_ln1496_5, i27 %select_ln86_4, i27 %select_ln86_3" [firmware/nnet_utils/nnet_common.h:86->firmware/nnet_utils/nnet_common.h:55->firmware/nnet_utils/nnet_common.h:55]   --->   Operation 21 'select' 'select_ln86_5' <Predicate = true> <Delay = 0.33> <Core = "Sel">   --->   Core 26 'Sel' <Latency = 0> <II = 1> <Delay = 0.33> <FuncUnit> <Opcode : 'select'> <InPorts = 3> <OutPorts = 1>
ST_1 : Operation 22 [1/1] (0.80ns)   --->   "%icmp_ln1496_6 = icmp slt i27 %select_ln86_2, %select_ln86_5" [firmware/nnet_utils/nnet_common.h:86->firmware/nnet_utils/nnet_common.h:55]   --->   Operation 22 'icmp' 'icmp_ln1496_6' <Predicate = true> <Delay = 0.80> <Core = "Cmp">   --->   Core 25 'Cmp' <Latency = 0> <II = 1> <Delay = 0.80> <FuncUnit> <Opcode : 'icmp'> <InPorts = 2> <OutPorts = 1>
ST_1 : Operation 23 [1/1] (0.33ns)   --->   "%select_ln86_6 = select i1 %icmp_ln1496_6, i27 %select_ln86_5, i27 %select_ln86_2" [firmware/nnet_utils/nnet_common.h:86->firmware/nnet_utils/nnet_common.h:55]   --->   Operation 23 'select' 'select_ln86_6' <Predicate = true> <Delay = 0.33> <Core = "Sel">   --->   Core 26 'Sel' <Latency = 0> <II = 1> <Delay = 0.33> <FuncUnit> <Opcode : 'select'> <InPorts = 3> <OutPorts = 1>
ST_1 : Operation 24 [1/1] (0.00ns)   --->   "ret i27 %select_ln86_6" [firmware/nnet_utils/nnet_common.h:55]   --->   Operation 24 'ret' <Predicate = true> <Delay = 0.00>


============================================================
+ Verbose Summary: Binding
============================================================
STG Binding: 
---------------- STG Properties BEGIN ----------------
- Is combinational: 1
- Is one-state seq: 0
- Is datapath-only: 0
- Is pipelined: 1
- Is top level: 0
Port [ Return ] is wired: 1; IO mode=ap_ctrl_hs:ce=0
Port [ x_0_V_read]:  wired=1; compound=0; hidden=0; nouse=0; global=0; static=0; extern=0; dir=0; type=0; pingpong=0; private_global=0; IO mode=ap_none:ce=0
Port [ x_1_V_read]:  wired=1; compound=0; hidden=0; nouse=0; global=0; static=0; extern=0; dir=0; type=0; pingpong=0; private_global=0; IO mode=ap_none:ce=0
Port [ x_2_V_read]:  wired=1; compound=0; hidden=0; nouse=0; global=0; static=0; extern=0; dir=0; type=0; pingpong=0; private_global=0; IO mode=ap_none:ce=0
Port [ x_3_V_read]:  wired=1; compound=0; hidden=0; nouse=0; global=0; static=0; extern=0; dir=0; type=0; pingpong=0; private_global=0; IO mode=ap_none:ce=0
Port [ x_4_V_read]:  wired=1; compound=0; hidden=0; nouse=0; global=0; static=0; extern=0; dir=0; type=0; pingpong=0; private_global=0; IO mode=ap_none:ce=0
Port [ x_5_V_read]:  wired=1; compound=0; hidden=0; nouse=0; global=0; static=0; extern=0; dir=0; type=0; pingpong=0; private_global=0; IO mode=ap_none:ce=0
Port [ x_6_V_read]:  wired=1; compound=0; hidden=0; nouse=0; global=0; static=0; extern=0; dir=0; type=0; pingpong=0; private_global=0; IO mode=ap_none:ce=0
Port [ x_7_V_read]:  wired=1; compound=0; hidden=0; nouse=0; global=0; static=0; extern=0; dir=0; type=0; pingpong=0; private_global=0; IO mode=ap_none:ce=0
---------------- STG Properties END ------------------

---------------- Datapath Model BEGIN ----------------

<LifeTime>
<method=bitvector/>
x_7_V_read_1  (read  ) [ 00]
x_6_V_read_1  (read  ) [ 00]
x_5_V_read_1  (read  ) [ 00]
x_4_V_read_1  (read  ) [ 00]
x_3_V_read_1  (read  ) [ 00]
x_2_V_read_1  (read  ) [ 00]
x_1_V_read_1  (read  ) [ 00]
x_0_V_read_1  (read  ) [ 00]
icmp_ln1496   (icmp  ) [ 00]
select_ln86   (select) [ 00]
icmp_ln1496_1 (icmp  ) [ 00]
select_ln86_1 (select) [ 00]
icmp_ln1496_2 (icmp  ) [ 00]
select_ln86_2 (select) [ 00]
icmp_ln1496_3 (icmp  ) [ 00]
select_ln86_3 (select) [ 00]
icmp_ln1496_4 (icmp  ) [ 00]
select_ln86_4 (select) [ 00]
icmp_ln1496_5 (icmp  ) [ 00]
select_ln86_5 (select) [ 00]
icmp_ln1496_6 (icmp  ) [ 00]
select_ln86_6 (select) [ 00]
ret_ln55      (ret   ) [ 00]
</LifeTime>

<model>

<comp_list>
<comp id="0" class="1000" name="x_0_V_read">
<pin_list>
<pin id="1" dir="1" index="0" bw="1" slack="0"/>
</pin_list>
<bind>
<StgValue><ssdm name="x_0_V_read"/></StgValue>
</bind>
</comp>

<comp id="2" class="1000" name="x_1_V_read">
<pin_list>
<pin id="3" dir="1" index="0" bw="1" slack="0"/>
</pin_list>
<bind>
<StgValue><ssdm name="x_1_V_read"/></StgValue>
</bind>
</comp>

<comp id="4" class="1000" name="x_2_V_read">
<pin_list>
<pin id="5" dir="1" index="0" bw="1" slack="0"/>
</pin_list>
<bind>
<StgValue><ssdm name="x_2_V_read"/></StgValue>
</bind>
</comp>

<comp id="6" class="1000" name="x_3_V_read">
<pin_list>
<pin id="7" dir="1" index="0" bw="1" slack="0"/>
</pin_list>
<bind>
<StgValue><ssdm name="x_3_V_read"/></StgValue>
</bind>
</comp>

<comp id="8" class="1000" name="x_4_V_read">
<pin_list>
<pin id="9" dir="1" index="0" bw="1" slack="0"/>
</pin_list>
<bind>
<StgValue><ssdm name="x_4_V_read"/></StgValue>
</bind>
</comp>

<comp id="10" class="1000" name="x_5_V_read">
<pin_list>
<pin id="11" dir="1" index="0" bw="1" slack="0"/>
</pin_list>
<bind>
<StgValue><ssdm name="x_5_V_read"/></StgValue>
</bind>
</comp>

<comp id="12" class="1000" name="x_6_V_read">
<pin_list>
<pin id="13" dir="1" index="0" bw="1" slack="0"/>
</pin_list>
<bind>
<StgValue><ssdm name="x_6_V_read"/></StgValue>
</bind>
</comp>

<comp id="14" class="1000" name="x_7_V_read">
<pin_list>
<pin id="15" dir="1" index="0" bw="1" slack="0"/>
</pin_list>
<bind>
<StgValue><ssdm name="x_7_V_read"/></StgValue>
</bind>
</comp>

<comp id="16" class="1001" name="const_16">
<pin_list>
<pin id="17" dir="1" index="0" bw="1" slack="0"/>
</pin_list>
<bind>
<StgValue><ssdm name="_ssdm_op_Read.ap_auto.i27"/></StgValue>
</bind>
</comp>

<comp id="18" class="1004" name="x_7_V_read_1_read_fu_18">
<pin_list>
<pin id="19" dir="0" index="0" bw="27" slack="0"/>
<pin id="20" dir="0" index="1" bw="27" slack="0"/>
<pin id="21" dir="1" index="2" bw="27" slack="0"/>
</pin_list>
<bind>
<opcode="read(1150) " fcode="read"/>
<opset="x_7_V_read_1/1 "/>
</bind>
</comp>

<comp id="24" class="1004" name="x_6_V_read_1_read_fu_24">
<pin_list>
<pin id="25" dir="0" index="0" bw="27" slack="0"/>
<pin id="26" dir="0" index="1" bw="27" slack="0"/>
<pin id="27" dir="1" index="2" bw="27" slack="0"/>
</pin_list>
<bind>
<opcode="read(1150) " fcode="read"/>
<opset="x_6_V_read_1/1 "/>
</bind>
</comp>

<comp id="30" class="1004" name="x_5_V_read_1_read_fu_30">
<pin_list>
<pin id="31" dir="0" index="0" bw="27" slack="0"/>
<pin id="32" dir="0" index="1" bw="27" slack="0"/>
<pin id="33" dir="1" index="2" bw="27" slack="0"/>
</pin_list>
<bind>
<opcode="read(1150) " fcode="read"/>
<opset="x_5_V_read_1/1 "/>
</bind>
</comp>

<comp id="36" class="1004" name="x_4_V_read_1_read_fu_36">
<pin_list>
<pin id="37" dir="0" index="0" bw="27" slack="0"/>
<pin id="38" dir="0" index="1" bw="27" slack="0"/>
<pin id="39" dir="1" index="2" bw="27" slack="0"/>
</pin_list>
<bind>
<opcode="read(1150) " fcode="read"/>
<opset="x_4_V_read_1/1 "/>
</bind>
</comp>

<comp id="42" class="1004" name="x_3_V_read_1_read_fu_42">
<pin_list>
<pin id="43" dir="0" index="0" bw="27" slack="0"/>
<pin id="44" dir="0" index="1" bw="27" slack="0"/>
<pin id="45" dir="1" index="2" bw="27" slack="0"/>
</pin_list>
<bind>
<opcode="read(1150) " fcode="read"/>
<opset="x_3_V_read_1/1 "/>
</bind>
</comp>

<comp id="48" class="1004" name="x_2_V_read_1_read_fu_48">
<pin_list>
<pin id="49" dir="0" index="0" bw="27" slack="0"/>
<pin id="50" dir="0" index="1" bw="27" slack="0"/>
<pin id="51" dir="1" index="2" bw="27" slack="0"/>
</pin_list>
<bind>
<opcode="read(1150) " fcode="read"/>
<opset="x_2_V_read_1/1 "/>
</bind>
</comp>

<comp id="54" class="1004" name="x_1_V_read_1_read_fu_54">
<pin_list>
<pin id="55" dir="0" index="0" bw="27" slack="0"/>
<pin id="56" dir="0" index="1" bw="27" slack="0"/>
<pin id="57" dir="1" index="2" bw="27" slack="0"/>
</pin_list>
<bind>
<opcode="read(1150) " fcode="read"/>
<opset="x_1_V_read_1/1 "/>
</bind>
</comp>

<comp id="60" class="1004" name="x_0_V_read_1_read_fu_60">
<pin_list>
<pin id="61" dir="0" index="0" bw="27" slack="0"/>
<pin id="62" dir="0" index="1" bw="27" slack="0"/>
<pin id="63" dir="1" index="2" bw="27" slack="0"/>
</pin_list>
<bind>
<opcode="read(1150) " fcode="read"/>
<opset="x_0_V_read_1/1 "/>
</bind>
</comp>

<comp id="66" class="1004" name="icmp_ln1496_fu_66">
<pin_list>
<pin id="67" dir="0" index="0" bw="27" slack="0"/>
<pin id="68" dir="0" index="1" bw="27" slack="0"/>
<pin id="69" dir="1" index="2" bw="1" slack="0"/>
</pin_list>
<bind>
<opcode="icmp(45) " fcode="icmp"/>
<opset="icmp_ln1496/1 "/>
</bind>
</comp>

<comp id="72" class="1004" name="select_ln86_fu_72">
<pin_list>
<pin id="73" dir="0" index="0" bw="1" slack="0"/>
<pin id="74" dir="0" index="1" bw="27" slack="0"/>
<pin id="75" dir="0" index="2" bw="27" slack="0"/>
<pin id="76" dir="1" index="3" bw="27" slack="0"/>
</pin_list>
<bind>
<opcode="select(49) " fcode="select"/>
<opset="select_ln86/1 "/>
</bind>
</comp>

<comp id="80" class="1004" name="icmp_ln1496_1_fu_80">
<pin_list>
<pin id="81" dir="0" index="0" bw="27" slack="0"/>
<pin id="82" dir="0" index="1" bw="27" slack="0"/>
<pin id="83" dir="1" index="2" bw="1" slack="0"/>
</pin_list>
<bind>
<opcode="icmp(45) " fcode="icmp"/>
<opset="icmp_ln1496_1/1 "/>
</bind>
</comp>

<comp id="86" class="1004" name="select_ln86_1_fu_86">
<pin_list>
<pin id="87" dir="0" index="0" bw="1" slack="0"/>
<pin id="88" dir="0" index="1" bw="27" slack="0"/>
<pin id="89" dir="0" index="2" bw="27" slack="0"/>
<pin id="90" dir="1" index="3" bw="27" slack="0"/>
</pin_list>
<bind>
<opcode="select(49) " fcode="select"/>
<opset="select_ln86_1/1 "/>
</bind>
</comp>

<comp id="94" class="1004" name="icmp_ln1496_2_fu_94">
<pin_list>
<pin id="95" dir="0" index="0" bw="27" slack="0"/>
<pin id="96" dir="0" index="1" bw="27" slack="0"/>
<pin id="97" dir="1" index="2" bw="1" slack="0"/>
</pin_list>
<bind>
<opcode="icmp(45) " fcode="icmp"/>
<opset="icmp_ln1496_2/1 "/>
</bind>
</comp>

<comp id="100" class="1004" name="select_ln86_2_fu_100">
<pin_list>
<pin id="101" dir="0" index="0" bw="1" slack="0"/>
<pin id="102" dir="0" index="1" bw="27" slack="0"/>
<pin id="103" dir="0" index="2" bw="27" slack="0"/>
<pin id="104" dir="1" index="3" bw="27" slack="0"/>
</pin_list>
<bind>
<opcode="select(49) " fcode="select"/>
<opset="select_ln86_2/1 "/>
</bind>
</comp>

<comp id="108" class="1004" name="icmp_ln1496_3_fu_108">
<pin_list>
<pin id="109" dir="0" index="0" bw="27" slack="0"/>
<pin id="110" dir="0" index="1" bw="27" slack="0"/>
<pin id="111" dir="1" index="2" bw="1" slack="0"/>
</pin_list>
<bind>
<opcode="icmp(45) " fcode="icmp"/>
<opset="icmp_ln1496_3/1 "/>
</bind>
</comp>

<comp id="114" class="1004" name="select_ln86_3_fu_114">
<pin_list>
<pin id="115" dir="0" index="0" bw="1" slack="0"/>
<pin id="116" dir="0" index="1" bw="27" slack="0"/>
<pin id="117" dir="0" index="2" bw="27" slack="0"/>
<pin id="118" dir="1" index="3" bw="27" slack="0"/>
</pin_list>
<bind>
<opcode="select(49) " fcode="select"/>
<opset="select_ln86_3/1 "/>
</bind>
</comp>

<comp id="122" class="1004" name="icmp_ln1496_4_fu_122">
<pin_list>
<pin id="123" dir="0" index="0" bw="27" slack="0"/>
<pin id="124" dir="0" index="1" bw="27" slack="0"/>
<pin id="125" dir="1" index="2" bw="1" slack="0"/>
</pin_list>
<bind>
<opcode="icmp(45) " fcode="icmp"/>
<opset="icmp_ln1496_4/1 "/>
</bind>
</comp>

<comp id="128" class="1004" name="select_ln86_4_fu_128">
<pin_list>
<pin id="129" dir="0" index="0" bw="1" slack="0"/>
<pin id="130" dir="0" index="1" bw="27" slack="0"/>
<pin id="131" dir="0" index="2" bw="27" slack="0"/>
<pin id="132" dir="1" index="3" bw="27" slack="0"/>
</pin_list>
<bind>
<opcode="select(49) " fcode="select"/>
<opset="select_ln86_4/1 "/>
</bind>
</comp>

<comp id="136" class="1004" name="icmp_ln1496_5_fu_136">
<pin_list>
<pin id="137" dir="0" index="0" bw="27" slack="0"/>
<pin id="138" dir="0" index="1" bw="27" slack="0"/>
<pin id="139" dir="1" index="2" bw="1" slack="0"/>
</pin_list>
<bind>
<opcode="icmp(45) " fcode="icmp"/>
<opset="icmp_ln1496_5/1 "/>
</bind>
</comp>

<comp id="142" class="1004" name="select_ln86_5_fu_142">
<pin_list>
<pin id="143" dir="0" index="0" bw="1" slack="0"/>
<pin id="144" dir="0" index="1" bw="27" slack="0"/>
<pin id="145" dir="0" index="2" bw="27" slack="0"/>
<pin id="146" dir="1" index="3" bw="27" slack="0"/>
</pin_list>
<bind>
<opcode="select(49) " fcode="select"/>
<opset="select_ln86_5/1 "/>
</bind>
</comp>

<comp id="150" class="1004" name="icmp_ln1496_6_fu_150">
<pin_list>
<pin id="151" dir="0" index="0" bw="27" slack="0"/>
<pin id="152" dir="0" index="1" bw="27" slack="0"/>
<pin id="153" dir="1" index="2" bw="1" slack="0"/>
</pin_list>
<bind>
<opcode="icmp(45) " fcode="icmp"/>
<opset="icmp_ln1496_6/1 "/>
</bind>
</comp>

<comp id="156" class="1004" name="select_ln86_6_fu_156">
<pin_list>
<pin id="157" dir="0" index="0" bw="1" slack="0"/>
<pin id="158" dir="0" index="1" bw="27" slack="0"/>
<pin id="159" dir="0" index="2" bw="27" slack="0"/>
<pin id="160" dir="1" index="3" bw="27" slack="2147483647"/>
</pin_list>
<bind>
<opcode="select(49) " fcode="select"/>
<opset="select_ln86_6/1 "/>
</bind>
</comp>

</comp_list>

<net_list>
<net id="22"><net_src comp="16" pin="0"/><net_sink comp="18" pin=0"/></net>

<net id="23"><net_src comp="14" pin="0"/><net_sink comp="18" pin=1"/></net>

<net id="28"><net_src comp="16" pin="0"/><net_sink comp="24" pin=0"/></net>

<net id="29"><net_src comp="12" pin="0"/><net_sink comp="24" pin=1"/></net>

<net id="34"><net_src comp="16" pin="0"/><net_sink comp="30" pin=0"/></net>

<net id="35"><net_src comp="10" pin="0"/><net_sink comp="30" pin=1"/></net>

<net id="40"><net_src comp="16" pin="0"/><net_sink comp="36" pin=0"/></net>

<net id="41"><net_src comp="8" pin="0"/><net_sink comp="36" pin=1"/></net>

<net id="46"><net_src comp="16" pin="0"/><net_sink comp="42" pin=0"/></net>

<net id="47"><net_src comp="6" pin="0"/><net_sink comp="42" pin=1"/></net>

<net id="52"><net_src comp="16" pin="0"/><net_sink comp="48" pin=0"/></net>

<net id="53"><net_src comp="4" pin="0"/><net_sink comp="48" pin=1"/></net>

<net id="58"><net_src comp="16" pin="0"/><net_sink comp="54" pin=0"/></net>

<net id="59"><net_src comp="2" pin="0"/><net_sink comp="54" pin=1"/></net>

<net id="64"><net_src comp="16" pin="0"/><net_sink comp="60" pin=0"/></net>

<net id="65"><net_src comp="0" pin="0"/><net_sink comp="60" pin=1"/></net>

<net id="70"><net_src comp="60" pin="2"/><net_sink comp="66" pin=0"/></net>

<net id="71"><net_src comp="54" pin="2"/><net_sink comp="66" pin=1"/></net>

<net id="77"><net_src comp="66" pin="2"/><net_sink comp="72" pin=0"/></net>

<net id="78"><net_src comp="54" pin="2"/><net_sink comp="72" pin=1"/></net>

<net id="79"><net_src comp="60" pin="2"/><net_sink comp="72" pin=2"/></net>

<net id="84"><net_src comp="48" pin="2"/><net_sink comp="80" pin=0"/></net>

<net id="85"><net_src comp="42" pin="2"/><net_sink comp="80" pin=1"/></net>

<net id="91"><net_src comp="80" pin="2"/><net_sink comp="86" pin=0"/></net>

<net id="92"><net_src comp="42" pin="2"/><net_sink comp="86" pin=1"/></net>

<net id="93"><net_src comp="48" pin="2"/><net_sink comp="86" pin=2"/></net>

<net id="98"><net_src comp="72" pin="3"/><net_sink comp="94" pin=0"/></net>

<net id="99"><net_src comp="86" pin="3"/><net_sink comp="94" pin=1"/></net>

<net id="105"><net_src comp="94" pin="2"/><net_sink comp="100" pin=0"/></net>

<net id="106"><net_src comp="86" pin="3"/><net_sink comp="100" pin=1"/></net>

<net id="107"><net_src comp="72" pin="3"/><net_sink comp="100" pin=2"/></net>

<net id="112"><net_src comp="36" pin="2"/><net_sink comp="108" pin=0"/></net>

<net id="113"><net_src comp="30" pin="2"/><net_sink comp="108" pin=1"/></net>

<net id="119"><net_src comp="108" pin="2"/><net_sink comp="114" pin=0"/></net>

<net id="120"><net_src comp="30" pin="2"/><net_sink comp="114" pin=1"/></net>

<net id="121"><net_src comp="36" pin="2"/><net_sink comp="114" pin=2"/></net>

<net id="126"><net_src comp="24" pin="2"/><net_sink comp="122" pin=0"/></net>

<net id="127"><net_src comp="18" pin="2"/><net_sink comp="122" pin=1"/></net>

<net id="133"><net_src comp="122" pin="2"/><net_sink comp="128" pin=0"/></net>

<net id="134"><net_src comp="18" pin="2"/><net_sink comp="128" pin=1"/></net>

<net id="135"><net_src comp="24" pin="2"/><net_sink comp="128" pin=2"/></net>

<net id="140"><net_src comp="114" pin="3"/><net_sink comp="136" pin=0"/></net>

<net id="141"><net_src comp="128" pin="3"/><net_sink comp="136" pin=1"/></net>

<net id="147"><net_src comp="136" pin="2"/><net_sink comp="142" pin=0"/></net>

<net id="148"><net_src comp="128" pin="3"/><net_sink comp="142" pin=1"/></net>

<net id="149"><net_src comp="114" pin="3"/><net_sink comp="142" pin=2"/></net>

<net id="154"><net_src comp="100" pin="3"/><net_sink comp="150" pin=0"/></net>

<net id="155"><net_src comp="142" pin="3"/><net_sink comp="150" pin=1"/></net>

<net id="161"><net_src comp="150" pin="2"/><net_sink comp="156" pin=0"/></net>

<net id="162"><net_src comp="142" pin="3"/><net_sink comp="156" pin=1"/></net>

<net id="163"><net_src comp="100" pin="3"/><net_sink comp="156" pin=2"/></net>

</net_list>

</model> 
---------------- Datapath Model END ------------------

* FSMD analyzer results:
  - Output states:
 - Input state : 
	Port: reduce<ap_fixed,8,Op_max<ap_fixed<27,9,4,0,0>>> : x_0_V_read | {1 }
	Port: reduce<ap_fixed,8,Op_max<ap_fixed<27,9,4,0,0>>> : x_1_V_read | {1 }
	Port: reduce<ap_fixed,8,Op_max<ap_fixed<27,9,4,0,0>>> : x_2_V_read | {1 }
	Port: reduce<ap_fixed,8,Op_max<ap_fixed<27,9,4,0,0>>> : x_3_V_read | {1 }
	Port: reduce<ap_fixed,8,Op_max<ap_fixed<27,9,4,0,0>>> : x_4_V_read | {1 }
	Port: reduce<ap_fixed,8,Op_max<ap_fixed<27,9,4,0,0>>> : x_5_V_read | {1 }
	Port: reduce<ap_fixed,8,Op_max<ap_fixed<27,9,4,0,0>>> : x_6_V_read | {1 }
	Port: reduce<ap_fixed,8,Op_max<ap_fixed<27,9,4,0,0>>> : x_7_V_read | {1 }
  - Chain level:
	State 1
		select_ln86 : 1
		select_ln86_1 : 1
		icmp_ln1496_2 : 2
		select_ln86_2 : 3
		select_ln86_3 : 1
		select_ln86_4 : 1
		icmp_ln1496_5 : 2
		select_ln86_5 : 3
		icmp_ln1496_6 : 4
		select_ln86_6 : 5
		ret_ln55 : 6


============================================================
+ Verbose Summary: Datapath Resource usage 
============================================================

* Functional unit list:
|----------|-------------------------|---------|---------|
| Operation|     Functional Unit     |    FF   |   LUT   |
|----------|-------------------------|---------|---------|
|          |    select_ln86_fu_72    |    0    |    27   |
|          |   select_ln86_1_fu_86   |    0    |    27   |
|          |   select_ln86_2_fu_100  |    0    |    27   |
|  select  |   select_ln86_3_fu_114  |    0    |    27   |
|          |   select_ln86_4_fu_128  |    0    |    27   |
|          |   select_ln86_5_fu_142  |    0    |    27   |
|          |   select_ln86_6_fu_156  |    0    |    27   |
|----------|-------------------------|---------|---------|
|          |    icmp_ln1496_fu_66    |    0    |    20   |
|          |   icmp_ln1496_1_fu_80   |    0    |    20   |
|          |   icmp_ln1496_2_fu_94   |    0    |    20   |
|   icmp   |   icmp_ln1496_3_fu_108  |    0    |    20   |
|          |   icmp_ln1496_4_fu_122  |    0    |    20   |
|          |   icmp_ln1496_5_fu_136  |    0    |    20   |
|          |   icmp_ln1496_6_fu_150  |    0    |    20   |
|----------|-------------------------|---------|---------|
|          | x_7_V_read_1_read_fu_18 |    0    |    0    |
|          | x_6_V_read_1_read_fu_24 |    0    |    0    |
|          | x_5_V_read_1_read_fu_30 |    0    |    0    |
|   read   | x_4_V_read_1_read_fu_36 |    0    |    0    |
|          | x_3_V_read_1_read_fu_42 |    0    |    0    |
|          | x_2_V_read_1_read_fu_48 |    0    |    0    |
|          | x_1_V_read_1_read_fu_54 |    0    |    0    |
|          | x_0_V_read_1_read_fu_60 |    0    |    0    |
|----------|-------------------------|---------|---------|
|   Total  |                         |    0    |   329   |
|----------|-------------------------|---------|---------|

Memories:
N/A

* Register list:
N/A

* Multiplexer (MUX) list: 
|--------|------|------|------|--------|
|  Comp  |  Pin | Size |  BW  | S x BW |
|--------|------|------|------|--------|
|  Total |      |      |      |    0   |
|--------|------|------|------|--------|



* Summary:
+-----------+--------+--------+
|           |   FF   |   LUT  |
+-----------+--------+--------+
|  Function |    0   |   329  |
|   Memory  |    -   |    -   |
|Multiplexer|    -   |    -   |
|  Register |    -   |    -   |
+-----------+--------+--------+
|   Total   |    0   |   329  |
+-----------+--------+--------+
